                              1 ;--------------------------------------------------------
                              2 ; File Created by SDCC : free open source ANSI-C Compiler
                              3 ; Version 3.6.8 #9946 (Mac OS X x86_64)
                              4 ;--------------------------------------------------------
                              5 	.module level3
                              6 	.optsdcc -mz80
                              7 	
                              8 ;--------------------------------------------------------
                              9 ; Public variables in this module
                             10 ;--------------------------------------------------------
                             11 	.globl _level3
                             12 ;--------------------------------------------------------
                             13 ; special function registers
                             14 ;--------------------------------------------------------
                             15 ;--------------------------------------------------------
                             16 ; ram data
                             17 ;--------------------------------------------------------
                             18 	.area _DATA
                             19 ;--------------------------------------------------------
                             20 ; ram data
                             21 ;--------------------------------------------------------
                             22 	.area _INITIALIZED
                             23 ;--------------------------------------------------------
                             24 ; absolute external ram data
                             25 ;--------------------------------------------------------
                             26 	.area _DABS (ABS)
                             27 ;--------------------------------------------------------
                             28 ; global & static initialisations
                             29 ;--------------------------------------------------------
                             30 	.area _HOME
                             31 	.area _GSINIT
                             32 	.area _GSFINAL
                             33 	.area _GSINIT
                             34 ;--------------------------------------------------------
                             35 ; Home
                             36 ;--------------------------------------------------------
                             37 	.area _HOME
                             38 	.area _HOME
                             39 ;--------------------------------------------------------
                             40 ; code
                             41 ;--------------------------------------------------------
                             42 	.area _CODE
                             43 	.area _CODE
   0000                      44 _level3:
   0000 0C                   45 	.db #0x0c	; 12
   0001 0C                   46 	.db #0x0c	; 12
   0002 0C                   47 	.db #0x0c	; 12
   0003 0C                   48 	.db #0x0c	; 12
   0004 0C                   49 	.db #0x0c	; 12
   0005 0C                   50 	.db #0x0c	; 12
   0006 0C                   51 	.db #0x0c	; 12
   0007 0C                   52 	.db #0x0c	; 12
   0008 0C                   53 	.db #0x0c	; 12
   0009 0D                   54 	.db #0x0d	; 13
   000A 0C                   55 	.db #0x0c	; 12
   000B 0C                   56 	.db #0x0c	; 12
   000C 0D                   57 	.db #0x0d	; 13
   000D 0C                   58 	.db #0x0c	; 12
   000E 0D                   59 	.db #0x0d	; 13
   000F 0C                   60 	.db #0x0c	; 12
   0010 0D                   61 	.db #0x0d	; 13
   0011 0C                   62 	.db #0x0c	; 12
   0012 0C                   63 	.db #0x0c	; 12
   0013 0D                   64 	.db #0x0d	; 13
   0014 0C                   65 	.db #0x0c	; 12
   0015 0D                   66 	.db #0x0d	; 13
   0016 0D                   67 	.db #0x0d	; 13
   0017 0D                   68 	.db #0x0d	; 13
   0018 0C                   69 	.db #0x0c	; 12
   0019 0D                   70 	.db #0x0d	; 13
   001A 0D                   71 	.db #0x0d	; 13
   001B 0D                   72 	.db #0x0d	; 13
   001C 0C                   73 	.db #0x0c	; 12
   001D 0D                   74 	.db #0x0d	; 13
   001E 0C                   75 	.db #0x0c	; 12
   001F 0D                   76 	.db #0x0d	; 13
   0020 0D                   77 	.db #0x0d	; 13
   0021 0C                   78 	.db #0x0c	; 12
   0022 0C                   79 	.db #0x0c	; 12
   0023 0C                   80 	.db #0x0c	; 12
   0024 0C                   81 	.db #0x0c	; 12
   0025 0C                   82 	.db #0x0c	; 12
   0026 0C                   83 	.db #0x0c	; 12
   0027 0C                   84 	.db #0x0c	; 12
   0028 0C                   85 	.db #0x0c	; 12
   0029 0C                   86 	.db #0x0c	; 12
   002A 0C                   87 	.db #0x0c	; 12
   002B 0C                   88 	.db #0x0c	; 12
   002C 0C                   89 	.db #0x0c	; 12
   002D 0C                   90 	.db #0x0c	; 12
   002E 0C                   91 	.db #0x0c	; 12
   002F 0C                   92 	.db #0x0c	; 12
   0030 0C                   93 	.db #0x0c	; 12
   0031 0D                   94 	.db #0x0d	; 13
   0032 0C                   95 	.db #0x0c	; 12
   0033 0C                   96 	.db #0x0c	; 12
   0034 0D                   97 	.db #0x0d	; 13
   0035 0C                   98 	.db #0x0c	; 12
   0036 0D                   99 	.db #0x0d	; 13
   0037 0C                  100 	.db #0x0c	; 12
   0038 0D                  101 	.db #0x0d	; 13
   0039 0D                  102 	.db #0x0d	; 13
   003A 0C                  103 	.db #0x0c	; 12
   003B 0D                  104 	.db #0x0d	; 13
   003C 0C                  105 	.db #0x0c	; 12
   003D 0D                  106 	.db #0x0d	; 13
   003E 0C                  107 	.db #0x0c	; 12
   003F 0D                  108 	.db #0x0d	; 13
   0040 0C                  109 	.db #0x0c	; 12
   0041 0C                  110 	.db #0x0c	; 12
   0042 0D                  111 	.db #0x0d	; 13
   0043 0C                  112 	.db #0x0c	; 12
   0044 0C                  113 	.db #0x0c	; 12
   0045 0D                  114 	.db #0x0d	; 13
   0046 0C                  115 	.db #0x0c	; 12
   0047 0D                  116 	.db #0x0d	; 13
   0048 0C                  117 	.db #0x0c	; 12
   0049 0C                  118 	.db #0x0c	; 12
   004A 0C                  119 	.db #0x0c	; 12
   004B 0C                  120 	.db #0x0c	; 12
   004C 0C                  121 	.db #0x0c	; 12
   004D 0C                  122 	.db #0x0c	; 12
   004E 0C                  123 	.db #0x0c	; 12
   004F 0C                  124 	.db #0x0c	; 12
   0050 0C                  125 	.db #0x0c	; 12
   0051 0C                  126 	.db #0x0c	; 12
   0052 0C                  127 	.db #0x0c	; 12
   0053 0C                  128 	.db #0x0c	; 12
   0054 0C                  129 	.db #0x0c	; 12
   0055 0C                  130 	.db #0x0c	; 12
   0056 0C                  131 	.db #0x0c	; 12
   0057 0C                  132 	.db #0x0c	; 12
   0058 0C                  133 	.db #0x0c	; 12
   0059 0D                  134 	.db #0x0d	; 13
   005A 0C                  135 	.db #0x0c	; 12
   005B 0C                  136 	.db #0x0c	; 12
   005C 0D                  137 	.db #0x0d	; 13
   005D 0C                  138 	.db #0x0c	; 12
   005E 0D                  139 	.db #0x0d	; 13
   005F 0C                  140 	.db #0x0c	; 12
   0060 0D                  141 	.db #0x0d	; 13
   0061 0C                  142 	.db #0x0c	; 12
   0062 0D                  143 	.db #0x0d	; 13
   0063 0D                  144 	.db #0x0d	; 13
   0064 0C                  145 	.db #0x0c	; 12
   0065 0D                  146 	.db #0x0d	; 13
   0066 0D                  147 	.db #0x0d	; 13
   0067 0D                  148 	.db #0x0d	; 13
   0068 0C                  149 	.db #0x0c	; 12
   0069 0C                  150 	.db #0x0c	; 12
   006A 0D                  151 	.db #0x0d	; 13
   006B 0C                  152 	.db #0x0c	; 12
   006C 0C                  153 	.db #0x0c	; 12
   006D 0D                  154 	.db #0x0d	; 13
   006E 0C                  155 	.db #0x0c	; 12
   006F 0D                  156 	.db #0x0d	; 13
   0070 0C                  157 	.db #0x0c	; 12
   0071 0C                  158 	.db #0x0c	; 12
   0072 0C                  159 	.db #0x0c	; 12
   0073 0C                  160 	.db #0x0c	; 12
   0074 0C                  161 	.db #0x0c	; 12
   0075 0C                  162 	.db #0x0c	; 12
   0076 0C                  163 	.db #0x0c	; 12
   0077 0C                  164 	.db #0x0c	; 12
   0078 0F                  165 	.db #0x0f	; 15
   0079 0F                  166 	.db #0x0f	; 15
   007A 0F                  167 	.db #0x0f	; 15
   007B 0F                  168 	.db #0x0f	; 15
   007C 0F                  169 	.db #0x0f	; 15
   007D 0F                  170 	.db #0x0f	; 15
   007E 0F                  171 	.db #0x0f	; 15
   007F 0F                  172 	.db #0x0f	; 15
   0080 0C                  173 	.db #0x0c	; 12
   0081 0D                  174 	.db #0x0d	; 13
   0082 0D                  175 	.db #0x0d	; 13
   0083 0C                  176 	.db #0x0c	; 12
   0084 0D                  177 	.db #0x0d	; 13
   0085 0D                  178 	.db #0x0d	; 13
   0086 0D                  179 	.db #0x0d	; 13
   0087 0C                  180 	.db #0x0c	; 12
   0088 0D                  181 	.db #0x0d	; 13
   0089 0C                  182 	.db #0x0c	; 12
   008A 0C                  183 	.db #0x0c	; 12
   008B 0D                  184 	.db #0x0d	; 13
   008C 0C                  185 	.db #0x0c	; 12
   008D 0D                  186 	.db #0x0d	; 13
   008E 0C                  187 	.db #0x0c	; 12
   008F 0D                  188 	.db #0x0d	; 13
   0090 0C                  189 	.db #0x0c	; 12
   0091 0C                  190 	.db #0x0c	; 12
   0092 0D                  191 	.db #0x0d	; 13
   0093 0C                  192 	.db #0x0c	; 12
   0094 0C                  193 	.db #0x0c	; 12
   0095 0D                  194 	.db #0x0d	; 13
   0096 0C                  195 	.db #0x0c	; 12
   0097 0D                  196 	.db #0x0d	; 13
   0098 0D                  197 	.db #0x0d	; 13
   0099 0E                  198 	.db #0x0e	; 14
   009A 0E                  199 	.db #0x0e	; 14
   009B 0E                  200 	.db #0x0e	; 14
   009C 0E                  201 	.db #0x0e	; 14
   009D 0E                  202 	.db #0x0e	; 14
   009E 0E                  203 	.db #0x0e	; 14
   009F 0E                  204 	.db #0x0e	; 14
   00A0 0D                  205 	.db #0x0d	; 13
   00A1 0D                  206 	.db #0x0d	; 13
   00A2 0D                  207 	.db #0x0d	; 13
   00A3 0D                  208 	.db #0x0d	; 13
   00A4 0D                  209 	.db #0x0d	; 13
   00A5 0D                  210 	.db #0x0d	; 13
   00A6 0D                  211 	.db #0x0d	; 13
   00A7 0D                  212 	.db #0x0d	; 13
   00A8 0D                  213 	.db #0x0d	; 13
   00A9 0D                  214 	.db #0x0d	; 13
   00AA 0D                  215 	.db #0x0d	; 13
   00AB 0D                  216 	.db #0x0d	; 13
   00AC 0D                  217 	.db #0x0d	; 13
   00AD 0D                  218 	.db #0x0d	; 13
   00AE 0D                  219 	.db #0x0d	; 13
   00AF 0D                  220 	.db #0x0d	; 13
   00B0 0D                  221 	.db #0x0d	; 13
   00B1 0D                  222 	.db #0x0d	; 13
   00B2 0D                  223 	.db #0x0d	; 13
   00B3 0D                  224 	.db #0x0d	; 13
   00B4 0D                  225 	.db #0x0d	; 13
   00B5 0D                  226 	.db #0x0d	; 13
   00B6 0D                  227 	.db #0x0d	; 13
   00B7 0D                  228 	.db #0x0d	; 13
   00B8 0D                  229 	.db #0x0d	; 13
   00B9 0D                  230 	.db #0x0d	; 13
   00BA 0D                  231 	.db #0x0d	; 13
   00BB 0D                  232 	.db #0x0d	; 13
   00BC 0D                  233 	.db #0x0d	; 13
   00BD 0D                  234 	.db #0x0d	; 13
   00BE 0D                  235 	.db #0x0d	; 13
   00BF 0D                  236 	.db #0x0d	; 13
   00C0 0D                  237 	.db #0x0d	; 13
   00C1 0D                  238 	.db #0x0d	; 13
   00C2 0D                  239 	.db #0x0d	; 13
   00C3 0D                  240 	.db #0x0d	; 13
   00C4 0D                  241 	.db #0x0d	; 13
   00C5 0D                  242 	.db #0x0d	; 13
   00C6 0D                  243 	.db #0x0d	; 13
   00C7 0D                  244 	.db #0x0d	; 13
   00C8 06                  245 	.db #0x06	; 6
   00C9 06                  246 	.db #0x06	; 6
   00CA 06                  247 	.db #0x06	; 6
   00CB 06                  248 	.db #0x06	; 6
   00CC 06                  249 	.db #0x06	; 6
   00CD 06                  250 	.db #0x06	; 6
   00CE 06                  251 	.db #0x06	; 6
   00CF 06                  252 	.db #0x06	; 6
   00D0 06                  253 	.db #0x06	; 6
   00D1 06                  254 	.db #0x06	; 6
   00D2 06                  255 	.db #0x06	; 6
   00D3 06                  256 	.db #0x06	; 6
   00D4 06                  257 	.db #0x06	; 6
   00D5 06                  258 	.db #0x06	; 6
   00D6 06                  259 	.db #0x06	; 6
   00D7 06                  260 	.db #0x06	; 6
   00D8 06                  261 	.db #0x06	; 6
   00D9 06                  262 	.db #0x06	; 6
   00DA 06                  263 	.db #0x06	; 6
   00DB 06                  264 	.db #0x06	; 6
   00DC 06                  265 	.db #0x06	; 6
   00DD 06                  266 	.db #0x06	; 6
   00DE 06                  267 	.db #0x06	; 6
   00DF 06                  268 	.db #0x06	; 6
   00E0 06                  269 	.db #0x06	; 6
   00E1 06                  270 	.db #0x06	; 6
   00E2 06                  271 	.db #0x06	; 6
   00E3 06                  272 	.db #0x06	; 6
   00E4 06                  273 	.db #0x06	; 6
   00E5 06                  274 	.db #0x06	; 6
   00E6 06                  275 	.db #0x06	; 6
   00E7 06                  276 	.db #0x06	; 6
   00E8 06                  277 	.db #0x06	; 6
   00E9 06                  278 	.db #0x06	; 6
   00EA 06                  279 	.db #0x06	; 6
   00EB 06                  280 	.db #0x06	; 6
   00EC 06                  281 	.db #0x06	; 6
   00ED 06                  282 	.db #0x06	; 6
   00EE 06                  283 	.db #0x06	; 6
   00EF 06                  284 	.db #0x06	; 6
   00F0 06                  285 	.db #0x06	; 6
   00F1 06                  286 	.db #0x06	; 6
   00F2 06                  287 	.db #0x06	; 6
   00F3 06                  288 	.db #0x06	; 6
   00F4 06                  289 	.db #0x06	; 6
   00F5 06                  290 	.db #0x06	; 6
   00F6 06                  291 	.db #0x06	; 6
   00F7 06                  292 	.db #0x06	; 6
   00F8 06                  293 	.db #0x06	; 6
   00F9 06                  294 	.db #0x06	; 6
   00FA 06                  295 	.db #0x06	; 6
   00FB 06                  296 	.db #0x06	; 6
   00FC 06                  297 	.db #0x06	; 6
   00FD 06                  298 	.db #0x06	; 6
   00FE 06                  299 	.db #0x06	; 6
   00FF 06                  300 	.db #0x06	; 6
   0100 06                  301 	.db #0x06	; 6
   0101 06                  302 	.db #0x06	; 6
   0102 06                  303 	.db #0x06	; 6
   0103 06                  304 	.db #0x06	; 6
   0104 06                  305 	.db #0x06	; 6
   0105 06                  306 	.db #0x06	; 6
   0106 06                  307 	.db #0x06	; 6
   0107 06                  308 	.db #0x06	; 6
   0108 06                  309 	.db #0x06	; 6
   0109 06                  310 	.db #0x06	; 6
   010A 06                  311 	.db #0x06	; 6
   010B 06                  312 	.db #0x06	; 6
   010C 06                  313 	.db #0x06	; 6
   010D 06                  314 	.db #0x06	; 6
   010E 06                  315 	.db #0x06	; 6
   010F 06                  316 	.db #0x06	; 6
   0110 06                  317 	.db #0x06	; 6
   0111 06                  318 	.db #0x06	; 6
   0112 06                  319 	.db #0x06	; 6
   0113 06                  320 	.db #0x06	; 6
   0114 06                  321 	.db #0x06	; 6
   0115 06                  322 	.db #0x06	; 6
   0116 06                  323 	.db #0x06	; 6
   0117 06                  324 	.db #0x06	; 6
   0118 00                  325 	.db #0x00	; 0
   0119 00                  326 	.db #0x00	; 0
   011A 00                  327 	.db #0x00	; 0
   011B 00                  328 	.db #0x00	; 0
   011C 00                  329 	.db #0x00	; 0
   011D 00                  330 	.db #0x00	; 0
   011E 00                  331 	.db #0x00	; 0
   011F 00                  332 	.db #0x00	; 0
   0120 00                  333 	.db #0x00	; 0
   0121 00                  334 	.db #0x00	; 0
   0122 00                  335 	.db #0x00	; 0
   0123 00                  336 	.db #0x00	; 0
   0124 00                  337 	.db #0x00	; 0
   0125 00                  338 	.db #0x00	; 0
   0126 00                  339 	.db #0x00	; 0
   0127 00                  340 	.db #0x00	; 0
   0128 00                  341 	.db #0x00	; 0
   0129 00                  342 	.db #0x00	; 0
   012A 00                  343 	.db #0x00	; 0
   012B 00                  344 	.db #0x00	; 0
   012C 00                  345 	.db #0x00	; 0
   012D 00                  346 	.db #0x00	; 0
   012E 00                  347 	.db #0x00	; 0
   012F 00                  348 	.db #0x00	; 0
   0130 00                  349 	.db #0x00	; 0
   0131 00                  350 	.db #0x00	; 0
   0132 00                  351 	.db #0x00	; 0
   0133 00                  352 	.db #0x00	; 0
   0134 00                  353 	.db #0x00	; 0
   0135 00                  354 	.db #0x00	; 0
   0136 00                  355 	.db #0x00	; 0
   0137 00                  356 	.db #0x00	; 0
   0138 00                  357 	.db #0x00	; 0
   0139 00                  358 	.db #0x00	; 0
   013A 00                  359 	.db #0x00	; 0
   013B 00                  360 	.db #0x00	; 0
   013C 00                  361 	.db #0x00	; 0
   013D 00                  362 	.db #0x00	; 0
   013E 00                  363 	.db #0x00	; 0
   013F 00                  364 	.db #0x00	; 0
   0140 00                  365 	.db #0x00	; 0
   0141 00                  366 	.db #0x00	; 0
   0142 00                  367 	.db #0x00	; 0
   0143 00                  368 	.db #0x00	; 0
   0144 00                  369 	.db #0x00	; 0
   0145 00                  370 	.db #0x00	; 0
   0146 00                  371 	.db #0x00	; 0
   0147 00                  372 	.db #0x00	; 0
   0148 00                  373 	.db #0x00	; 0
   0149 00                  374 	.db #0x00	; 0
   014A 00                  375 	.db #0x00	; 0
   014B 00                  376 	.db #0x00	; 0
   014C 00                  377 	.db #0x00	; 0
   014D 00                  378 	.db #0x00	; 0
   014E 00                  379 	.db #0x00	; 0
   014F 00                  380 	.db #0x00	; 0
   0150 00                  381 	.db #0x00	; 0
   0151 00                  382 	.db #0x00	; 0
   0152 00                  383 	.db #0x00	; 0
   0153 00                  384 	.db #0x00	; 0
   0154 00                  385 	.db #0x00	; 0
   0155 00                  386 	.db #0x00	; 0
   0156 00                  387 	.db #0x00	; 0
   0157 00                  388 	.db #0x00	; 0
   0158 00                  389 	.db #0x00	; 0
   0159 00                  390 	.db #0x00	; 0
   015A 00                  391 	.db #0x00	; 0
   015B 00                  392 	.db #0x00	; 0
   015C 00                  393 	.db #0x00	; 0
   015D 00                  394 	.db #0x00	; 0
   015E 00                  395 	.db #0x00	; 0
   015F 00                  396 	.db #0x00	; 0
   0160 00                  397 	.db #0x00	; 0
   0161 00                  398 	.db #0x00	; 0
   0162 00                  399 	.db #0x00	; 0
   0163 00                  400 	.db #0x00	; 0
   0164 00                  401 	.db #0x00	; 0
   0165 00                  402 	.db #0x00	; 0
   0166 00                  403 	.db #0x00	; 0
   0167 00                  404 	.db #0x00	; 0
   0168 00                  405 	.db #0x00	; 0
   0169 00                  406 	.db #0x00	; 0
   016A 00                  407 	.db #0x00	; 0
   016B 00                  408 	.db #0x00	; 0
   016C 00                  409 	.db #0x00	; 0
   016D 00                  410 	.db #0x00	; 0
   016E 00                  411 	.db #0x00	; 0
   016F 00                  412 	.db #0x00	; 0
   0170 00                  413 	.db #0x00	; 0
   0171 00                  414 	.db #0x00	; 0
   0172 00                  415 	.db #0x00	; 0
   0173 00                  416 	.db #0x00	; 0
   0174 00                  417 	.db #0x00	; 0
   0175 00                  418 	.db #0x00	; 0
   0176 00                  419 	.db #0x00	; 0
   0177 00                  420 	.db #0x00	; 0
   0178 00                  421 	.db #0x00	; 0
   0179 00                  422 	.db #0x00	; 0
   017A 00                  423 	.db #0x00	; 0
   017B 00                  424 	.db #0x00	; 0
   017C 00                  425 	.db #0x00	; 0
   017D 00                  426 	.db #0x00	; 0
   017E 00                  427 	.db #0x00	; 0
   017F 00                  428 	.db #0x00	; 0
   0180 00                  429 	.db #0x00	; 0
   0181 00                  430 	.db #0x00	; 0
   0182 00                  431 	.db #0x00	; 0
   0183 00                  432 	.db #0x00	; 0
   0184 00                  433 	.db #0x00	; 0
   0185 00                  434 	.db #0x00	; 0
   0186 00                  435 	.db #0x00	; 0
   0187 00                  436 	.db #0x00	; 0
   0188 00                  437 	.db #0x00	; 0
   0189 00                  438 	.db #0x00	; 0
   018A 00                  439 	.db #0x00	; 0
   018B 00                  440 	.db #0x00	; 0
   018C 00                  441 	.db #0x00	; 0
   018D 00                  442 	.db #0x00	; 0
   018E 00                  443 	.db #0x00	; 0
   018F 00                  444 	.db #0x00	; 0
   0190 00                  445 	.db #0x00	; 0
   0191 00                  446 	.db #0x00	; 0
   0192 00                  447 	.db #0x00	; 0
   0193 00                  448 	.db #0x00	; 0
   0194 00                  449 	.db #0x00	; 0
   0195 00                  450 	.db #0x00	; 0
   0196 00                  451 	.db #0x00	; 0
   0197 00                  452 	.db #0x00	; 0
   0198 00                  453 	.db #0x00	; 0
   0199 00                  454 	.db #0x00	; 0
   019A 00                  455 	.db #0x00	; 0
   019B 00                  456 	.db #0x00	; 0
   019C 00                  457 	.db #0x00	; 0
   019D 00                  458 	.db #0x00	; 0
   019E 00                  459 	.db #0x00	; 0
   019F 00                  460 	.db #0x00	; 0
   01A0 00                  461 	.db #0x00	; 0
   01A1 00                  462 	.db #0x00	; 0
   01A2 00                  463 	.db #0x00	; 0
   01A3 00                  464 	.db #0x00	; 0
   01A4 00                  465 	.db #0x00	; 0
   01A5 00                  466 	.db #0x00	; 0
   01A6 00                  467 	.db #0x00	; 0
   01A7 00                  468 	.db #0x00	; 0
   01A8 00                  469 	.db #0x00	; 0
   01A9 00                  470 	.db #0x00	; 0
   01AA 00                  471 	.db #0x00	; 0
   01AB 00                  472 	.db #0x00	; 0
   01AC 00                  473 	.db #0x00	; 0
   01AD 00                  474 	.db #0x00	; 0
   01AE 00                  475 	.db #0x00	; 0
   01AF 00                  476 	.db #0x00	; 0
   01B0 00                  477 	.db #0x00	; 0
   01B1 00                  478 	.db #0x00	; 0
   01B2 00                  479 	.db #0x00	; 0
   01B3 00                  480 	.db #0x00	; 0
   01B4 00                  481 	.db #0x00	; 0
   01B5 00                  482 	.db #0x00	; 0
   01B6 00                  483 	.db #0x00	; 0
   01B7 00                  484 	.db #0x00	; 0
   01B8 00                  485 	.db #0x00	; 0
   01B9 00                  486 	.db #0x00	; 0
   01BA 00                  487 	.db #0x00	; 0
   01BB 00                  488 	.db #0x00	; 0
   01BC 00                  489 	.db #0x00	; 0
   01BD 00                  490 	.db #0x00	; 0
   01BE 00                  491 	.db #0x00	; 0
   01BF 00                  492 	.db #0x00	; 0
   01C0 00                  493 	.db #0x00	; 0
   01C1 00                  494 	.db #0x00	; 0
   01C2 00                  495 	.db #0x00	; 0
   01C3 00                  496 	.db #0x00	; 0
   01C4 00                  497 	.db #0x00	; 0
   01C5 00                  498 	.db #0x00	; 0
   01C6 00                  499 	.db #0x00	; 0
   01C7 00                  500 	.db #0x00	; 0
   01C8 00                  501 	.db #0x00	; 0
   01C9 00                  502 	.db #0x00	; 0
   01CA 00                  503 	.db #0x00	; 0
   01CB 00                  504 	.db #0x00	; 0
   01CC 00                  505 	.db #0x00	; 0
   01CD 00                  506 	.db #0x00	; 0
   01CE 00                  507 	.db #0x00	; 0
   01CF 00                  508 	.db #0x00	; 0
   01D0 00                  509 	.db #0x00	; 0
   01D1 00                  510 	.db #0x00	; 0
   01D2 00                  511 	.db #0x00	; 0
   01D3 00                  512 	.db #0x00	; 0
   01D4 00                  513 	.db #0x00	; 0
   01D5 00                  514 	.db #0x00	; 0
   01D6 00                  515 	.db #0x00	; 0
   01D7 00                  516 	.db #0x00	; 0
   01D8 00                  517 	.db #0x00	; 0
   01D9 00                  518 	.db #0x00	; 0
   01DA 00                  519 	.db #0x00	; 0
   01DB 00                  520 	.db #0x00	; 0
   01DC 00                  521 	.db #0x00	; 0
   01DD 00                  522 	.db #0x00	; 0
   01DE 00                  523 	.db #0x00	; 0
   01DF 00                  524 	.db #0x00	; 0
   01E0 00                  525 	.db #0x00	; 0
   01E1 00                  526 	.db #0x00	; 0
   01E2 00                  527 	.db #0x00	; 0
   01E3 00                  528 	.db #0x00	; 0
   01E4 00                  529 	.db #0x00	; 0
   01E5 00                  530 	.db #0x00	; 0
   01E6 00                  531 	.db #0x00	; 0
   01E7 00                  532 	.db #0x00	; 0
   01E8 00                  533 	.db #0x00	; 0
   01E9 00                  534 	.db #0x00	; 0
   01EA 00                  535 	.db #0x00	; 0
   01EB 00                  536 	.db #0x00	; 0
   01EC 00                  537 	.db #0x00	; 0
   01ED 00                  538 	.db #0x00	; 0
   01EE 00                  539 	.db #0x00	; 0
   01EF 00                  540 	.db #0x00	; 0
   01F0 00                  541 	.db #0x00	; 0
   01F1 00                  542 	.db #0x00	; 0
   01F2 00                  543 	.db #0x00	; 0
   01F3 00                  544 	.db #0x00	; 0
   01F4 00                  545 	.db #0x00	; 0
   01F5 00                  546 	.db #0x00	; 0
   01F6 00                  547 	.db #0x00	; 0
   01F7 00                  548 	.db #0x00	; 0
   01F8 00                  549 	.db #0x00	; 0
   01F9 00                  550 	.db #0x00	; 0
   01FA 00                  551 	.db #0x00	; 0
   01FB 00                  552 	.db #0x00	; 0
   01FC 00                  553 	.db #0x00	; 0
   01FD 00                  554 	.db #0x00	; 0
   01FE 00                  555 	.db #0x00	; 0
   01FF 00                  556 	.db #0x00	; 0
   0200 00                  557 	.db #0x00	; 0
   0201 00                  558 	.db #0x00	; 0
   0202 00                  559 	.db #0x00	; 0
   0203 00                  560 	.db #0x00	; 0
   0204 00                  561 	.db #0x00	; 0
   0205 00                  562 	.db #0x00	; 0
   0206 00                  563 	.db #0x00	; 0
   0207 00                  564 	.db #0x00	; 0
   0208 00                  565 	.db #0x00	; 0
   0209 00                  566 	.db #0x00	; 0
   020A 00                  567 	.db #0x00	; 0
   020B 00                  568 	.db #0x00	; 0
   020C 00                  569 	.db #0x00	; 0
   020D 00                  570 	.db #0x00	; 0
   020E 00                  571 	.db #0x00	; 0
   020F 00                  572 	.db #0x00	; 0
   0210 00                  573 	.db #0x00	; 0
   0211 00                  574 	.db #0x00	; 0
   0212 00                  575 	.db #0x00	; 0
   0213 00                  576 	.db #0x00	; 0
   0214 00                  577 	.db #0x00	; 0
   0215 00                  578 	.db #0x00	; 0
   0216 00                  579 	.db #0x00	; 0
   0217 00                  580 	.db #0x00	; 0
   0218 00                  581 	.db #0x00	; 0
   0219 00                  582 	.db #0x00	; 0
   021A 00                  583 	.db #0x00	; 0
   021B 00                  584 	.db #0x00	; 0
   021C 00                  585 	.db #0x00	; 0
   021D 00                  586 	.db #0x00	; 0
   021E 00                  587 	.db #0x00	; 0
   021F 00                  588 	.db #0x00	; 0
   0220 00                  589 	.db #0x00	; 0
   0221 00                  590 	.db #0x00	; 0
   0222 00                  591 	.db #0x00	; 0
   0223 00                  592 	.db #0x00	; 0
   0224 00                  593 	.db #0x00	; 0
   0225 00                  594 	.db #0x00	; 0
   0226 00                  595 	.db #0x00	; 0
   0227 00                  596 	.db #0x00	; 0
   0228 00                  597 	.db #0x00	; 0
   0229 00                  598 	.db #0x00	; 0
   022A 00                  599 	.db #0x00	; 0
   022B 00                  600 	.db #0x00	; 0
   022C 00                  601 	.db #0x00	; 0
   022D 00                  602 	.db #0x00	; 0
   022E 00                  603 	.db #0x00	; 0
   022F 00                  604 	.db #0x00	; 0
   0230 00                  605 	.db #0x00	; 0
   0231 00                  606 	.db #0x00	; 0
   0232 00                  607 	.db #0x00	; 0
   0233 00                  608 	.db #0x00	; 0
   0234 00                  609 	.db #0x00	; 0
   0235 00                  610 	.db #0x00	; 0
   0236 00                  611 	.db #0x00	; 0
   0237 00                  612 	.db #0x00	; 0
   0238 00                  613 	.db #0x00	; 0
   0239 00                  614 	.db #0x00	; 0
   023A 00                  615 	.db #0x00	; 0
   023B 00                  616 	.db #0x00	; 0
   023C 00                  617 	.db #0x00	; 0
   023D 00                  618 	.db #0x00	; 0
   023E 00                  619 	.db #0x00	; 0
   023F 00                  620 	.db #0x00	; 0
   0240 00                  621 	.db #0x00	; 0
   0241 00                  622 	.db #0x00	; 0
   0242 00                  623 	.db #0x00	; 0
   0243 00                  624 	.db #0x00	; 0
   0244 00                  625 	.db #0x00	; 0
   0245 00                  626 	.db #0x00	; 0
   0246 00                  627 	.db #0x00	; 0
   0247 00                  628 	.db #0x00	; 0
   0248 00                  629 	.db #0x00	; 0
   0249 00                  630 	.db #0x00	; 0
   024A 00                  631 	.db #0x00	; 0
   024B 00                  632 	.db #0x00	; 0
   024C 00                  633 	.db #0x00	; 0
   024D 00                  634 	.db #0x00	; 0
   024E 00                  635 	.db #0x00	; 0
   024F 00                  636 	.db #0x00	; 0
   0250 00                  637 	.db #0x00	; 0
   0251 00                  638 	.db #0x00	; 0
   0252 00                  639 	.db #0x00	; 0
   0253 00                  640 	.db #0x00	; 0
   0254 00                  641 	.db #0x00	; 0
   0255 00                  642 	.db #0x00	; 0
   0256 00                  643 	.db #0x00	; 0
   0257 00                  644 	.db #0x00	; 0
   0258 00                  645 	.db #0x00	; 0
   0259 00                  646 	.db #0x00	; 0
   025A 00                  647 	.db #0x00	; 0
   025B 00                  648 	.db #0x00	; 0
   025C 00                  649 	.db #0x00	; 0
   025D 00                  650 	.db #0x00	; 0
   025E 00                  651 	.db #0x00	; 0
   025F 00                  652 	.db #0x00	; 0
   0260 00                  653 	.db #0x00	; 0
   0261 00                  654 	.db #0x00	; 0
   0262 00                  655 	.db #0x00	; 0
   0263 00                  656 	.db #0x00	; 0
   0264 00                  657 	.db #0x00	; 0
   0265 00                  658 	.db #0x00	; 0
   0266 00                  659 	.db #0x00	; 0
   0267 00                  660 	.db #0x00	; 0
   0268 00                  661 	.db #0x00	; 0
   0269 00                  662 	.db #0x00	; 0
   026A 00                  663 	.db #0x00	; 0
   026B 00                  664 	.db #0x00	; 0
   026C 00                  665 	.db #0x00	; 0
   026D 00                  666 	.db #0x00	; 0
   026E 00                  667 	.db #0x00	; 0
   026F 00                  668 	.db #0x00	; 0
   0270 00                  669 	.db #0x00	; 0
   0271 00                  670 	.db #0x00	; 0
   0272 00                  671 	.db #0x00	; 0
   0273 00                  672 	.db #0x00	; 0
   0274 00                  673 	.db #0x00	; 0
   0275 00                  674 	.db #0x00	; 0
   0276 00                  675 	.db #0x00	; 0
   0277 00                  676 	.db #0x00	; 0
   0278 00                  677 	.db #0x00	; 0
   0279 00                  678 	.db #0x00	; 0
   027A 00                  679 	.db #0x00	; 0
   027B 00                  680 	.db #0x00	; 0
   027C 00                  681 	.db #0x00	; 0
   027D 00                  682 	.db #0x00	; 0
   027E 00                  683 	.db #0x00	; 0
   027F 00                  684 	.db #0x00	; 0
   0280 00                  685 	.db #0x00	; 0
   0281 00                  686 	.db #0x00	; 0
   0282 00                  687 	.db #0x00	; 0
   0283 00                  688 	.db #0x00	; 0
   0284 00                  689 	.db #0x00	; 0
   0285 00                  690 	.db #0x00	; 0
   0286 00                  691 	.db #0x00	; 0
   0287 00                  692 	.db #0x00	; 0
   0288 00                  693 	.db #0x00	; 0
   0289 00                  694 	.db #0x00	; 0
   028A 00                  695 	.db #0x00	; 0
   028B 00                  696 	.db #0x00	; 0
   028C 00                  697 	.db #0x00	; 0
   028D 00                  698 	.db #0x00	; 0
   028E 00                  699 	.db #0x00	; 0
   028F 00                  700 	.db #0x00	; 0
   0290 00                  701 	.db #0x00	; 0
   0291 00                  702 	.db #0x00	; 0
   0292 00                  703 	.db #0x00	; 0
   0293 00                  704 	.db #0x00	; 0
   0294 00                  705 	.db #0x00	; 0
   0295 00                  706 	.db #0x00	; 0
   0296 00                  707 	.db #0x00	; 0
   0297 00                  708 	.db #0x00	; 0
   0298 00                  709 	.db #0x00	; 0
   0299 00                  710 	.db #0x00	; 0
   029A 00                  711 	.db #0x00	; 0
   029B 00                  712 	.db #0x00	; 0
   029C 00                  713 	.db #0x00	; 0
   029D 00                  714 	.db #0x00	; 0
   029E 00                  715 	.db #0x00	; 0
   029F 00                  716 	.db #0x00	; 0
   02A0 00                  717 	.db #0x00	; 0
   02A1 00                  718 	.db #0x00	; 0
   02A2 00                  719 	.db #0x00	; 0
   02A3 00                  720 	.db #0x00	; 0
   02A4 00                  721 	.db #0x00	; 0
   02A5 00                  722 	.db #0x00	; 0
   02A6 00                  723 	.db #0x00	; 0
   02A7 00                  724 	.db #0x00	; 0
   02A8 00                  725 	.db #0x00	; 0
   02A9 00                  726 	.db #0x00	; 0
   02AA 00                  727 	.db #0x00	; 0
   02AB 00                  728 	.db #0x00	; 0
   02AC 00                  729 	.db #0x00	; 0
   02AD 00                  730 	.db #0x00	; 0
   02AE 00                  731 	.db #0x00	; 0
   02AF 00                  732 	.db #0x00	; 0
   02B0 00                  733 	.db #0x00	; 0
   02B1 00                  734 	.db #0x00	; 0
   02B2 00                  735 	.db #0x00	; 0
   02B3 00                  736 	.db #0x00	; 0
   02B4 00                  737 	.db #0x00	; 0
   02B5 00                  738 	.db #0x00	; 0
   02B6 00                  739 	.db #0x00	; 0
   02B7 00                  740 	.db #0x00	; 0
   02B8 00                  741 	.db #0x00	; 0
   02B9 00                  742 	.db #0x00	; 0
   02BA 00                  743 	.db #0x00	; 0
   02BB 00                  744 	.db #0x00	; 0
   02BC 00                  745 	.db #0x00	; 0
   02BD 00                  746 	.db #0x00	; 0
   02BE 00                  747 	.db #0x00	; 0
   02BF 00                  748 	.db #0x00	; 0
   02C0 00                  749 	.db #0x00	; 0
   02C1 00                  750 	.db #0x00	; 0
   02C2 00                  751 	.db #0x00	; 0
   02C3 00                  752 	.db #0x00	; 0
   02C4 00                  753 	.db #0x00	; 0
   02C5 00                  754 	.db #0x00	; 0
   02C6 00                  755 	.db #0x00	; 0
   02C7 00                  756 	.db #0x00	; 0
   02C8 00                  757 	.db #0x00	; 0
   02C9 00                  758 	.db #0x00	; 0
   02CA 00                  759 	.db #0x00	; 0
   02CB 00                  760 	.db #0x00	; 0
   02CC 00                  761 	.db #0x00	; 0
   02CD 00                  762 	.db #0x00	; 0
   02CE 00                  763 	.db #0x00	; 0
   02CF 00                  764 	.db #0x00	; 0
   02D0 00                  765 	.db #0x00	; 0
   02D1 00                  766 	.db #0x00	; 0
   02D2 00                  767 	.db #0x00	; 0
   02D3 00                  768 	.db #0x00	; 0
   02D4 00                  769 	.db #0x00	; 0
   02D5 00                  770 	.db #0x00	; 0
   02D6 00                  771 	.db #0x00	; 0
   02D7 00                  772 	.db #0x00	; 0
   02D8 00                  773 	.db #0x00	; 0
   02D9 00                  774 	.db #0x00	; 0
   02DA 00                  775 	.db #0x00	; 0
   02DB 00                  776 	.db #0x00	; 0
   02DC 00                  777 	.db #0x00	; 0
   02DD 00                  778 	.db #0x00	; 0
   02DE 00                  779 	.db #0x00	; 0
   02DF 00                  780 	.db #0x00	; 0
   02E0 00                  781 	.db #0x00	; 0
   02E1 00                  782 	.db #0x00	; 0
   02E2 00                  783 	.db #0x00	; 0
   02E3 00                  784 	.db #0x00	; 0
   02E4 00                  785 	.db #0x00	; 0
   02E5 00                  786 	.db #0x00	; 0
   02E6 00                  787 	.db #0x00	; 0
   02E7 00                  788 	.db #0x00	; 0
   02E8 00                  789 	.db #0x00	; 0
   02E9 00                  790 	.db #0x00	; 0
   02EA 00                  791 	.db #0x00	; 0
   02EB 00                  792 	.db #0x00	; 0
   02EC 00                  793 	.db #0x00	; 0
   02ED 00                  794 	.db #0x00	; 0
   02EE 00                  795 	.db #0x00	; 0
   02EF 00                  796 	.db #0x00	; 0
   02F0 00                  797 	.db #0x00	; 0
   02F1 00                  798 	.db #0x00	; 0
   02F2 00                  799 	.db #0x00	; 0
   02F3 00                  800 	.db #0x00	; 0
   02F4 00                  801 	.db #0x00	; 0
   02F5 00                  802 	.db #0x00	; 0
   02F6 00                  803 	.db #0x00	; 0
   02F7 00                  804 	.db #0x00	; 0
   02F8 00                  805 	.db #0x00	; 0
   02F9 00                  806 	.db #0x00	; 0
   02FA 00                  807 	.db #0x00	; 0
   02FB 00                  808 	.db #0x00	; 0
   02FC 00                  809 	.db #0x00	; 0
   02FD 00                  810 	.db #0x00	; 0
   02FE 00                  811 	.db #0x00	; 0
   02FF 00                  812 	.db #0x00	; 0
   0300 00                  813 	.db #0x00	; 0
   0301 00                  814 	.db #0x00	; 0
   0302 00                  815 	.db #0x00	; 0
   0303 00                  816 	.db #0x00	; 0
   0304 00                  817 	.db #0x00	; 0
   0305 00                  818 	.db #0x00	; 0
   0306 00                  819 	.db #0x00	; 0
   0307 00                  820 	.db #0x00	; 0
   0308 00                  821 	.db #0x00	; 0
   0309 00                  822 	.db #0x00	; 0
   030A 00                  823 	.db #0x00	; 0
   030B 00                  824 	.db #0x00	; 0
   030C 00                  825 	.db #0x00	; 0
   030D 00                  826 	.db #0x00	; 0
   030E 00                  827 	.db #0x00	; 0
   030F 00                  828 	.db #0x00	; 0
   0310 00                  829 	.db #0x00	; 0
   0311 00                  830 	.db #0x00	; 0
   0312 00                  831 	.db #0x00	; 0
   0313 00                  832 	.db #0x00	; 0
   0314 00                  833 	.db #0x00	; 0
   0315 00                  834 	.db #0x00	; 0
   0316 00                  835 	.db #0x00	; 0
   0317 00                  836 	.db #0x00	; 0
   0318 00                  837 	.db #0x00	; 0
   0319 00                  838 	.db #0x00	; 0
   031A 00                  839 	.db #0x00	; 0
   031B 00                  840 	.db #0x00	; 0
   031C 00                  841 	.db #0x00	; 0
   031D 00                  842 	.db #0x00	; 0
   031E 00                  843 	.db #0x00	; 0
   031F 00                  844 	.db #0x00	; 0
   0320 01                  845 	.db #0x01	; 1
   0321 09                  846 	.db #0x09	; 9
   0322 02                  847 	.db #0x02	; 2
   0323 01                  848 	.db #0x01	; 1
   0324 09                  849 	.db #0x09	; 9
   0325 02                  850 	.db #0x02	; 2
   0326 01                  851 	.db #0x01	; 1
   0327 09                  852 	.db #0x09	; 9
   0328 02                  853 	.db #0x02	; 2
   0329 01                  854 	.db #0x01	; 1
   032A 09                  855 	.db #0x09	; 9
   032B 02                  856 	.db #0x02	; 2
   032C 01                  857 	.db #0x01	; 1
   032D 09                  858 	.db #0x09	; 9
   032E 02                  859 	.db #0x02	; 2
   032F 01                  860 	.db #0x01	; 1
   0330 09                  861 	.db #0x09	; 9
   0331 02                  862 	.db #0x02	; 2
   0332 01                  863 	.db #0x01	; 1
   0333 09                  864 	.db #0x09	; 9
   0334 02                  865 	.db #0x02	; 2
   0335 00                  866 	.db #0x00	; 0
   0336 00                  867 	.db #0x00	; 0
   0337 00                  868 	.db #0x00	; 0
   0338 00                  869 	.db #0x00	; 0
   0339 00                  870 	.db #0x00	; 0
   033A 00                  871 	.db #0x00	; 0
   033B 00                  872 	.db #0x00	; 0
   033C 00                  873 	.db #0x00	; 0
   033D 00                  874 	.db #0x00	; 0
   033E 00                  875 	.db #0x00	; 0
   033F 00                  876 	.db #0x00	; 0
   0340 00                  877 	.db #0x00	; 0
   0341 00                  878 	.db #0x00	; 0
   0342 00                  879 	.db #0x00	; 0
   0343 00                  880 	.db #0x00	; 0
   0344 00                  881 	.db #0x00	; 0
   0345 00                  882 	.db #0x00	; 0
   0346 00                  883 	.db #0x00	; 0
   0347 00                  884 	.db #0x00	; 0
   0348 0A                  885 	.db #0x0a	; 10
   0349 05                  886 	.db #0x05	; 5
   034A 10                  887 	.db #0x10	; 16
   034B 0A                  888 	.db #0x0a	; 10
   034C 05                  889 	.db #0x05	; 5
   034D 10                  890 	.db #0x10	; 16
   034E 0A                  891 	.db #0x0a	; 10
   034F 05                  892 	.db #0x05	; 5
   0350 10                  893 	.db #0x10	; 16
   0351 0A                  894 	.db #0x0a	; 10
   0352 05                  895 	.db #0x05	; 5
   0353 10                  896 	.db #0x10	; 16
   0354 0A                  897 	.db #0x0a	; 10
   0355 05                  898 	.db #0x05	; 5
   0356 10                  899 	.db #0x10	; 16
   0357 0A                  900 	.db #0x0a	; 10
   0358 05                  901 	.db #0x05	; 5
   0359 10                  902 	.db #0x10	; 16
   035A 0A                  903 	.db #0x0a	; 10
   035B 05                  904 	.db #0x05	; 5
   035C 10                  905 	.db #0x10	; 16
   035D 00                  906 	.db #0x00	; 0
   035E 00                  907 	.db #0x00	; 0
   035F 00                  908 	.db #0x00	; 0
   0360 00                  909 	.db #0x00	; 0
   0361 00                  910 	.db #0x00	; 0
   0362 00                  911 	.db #0x00	; 0
   0363 00                  912 	.db #0x00	; 0
   0364 00                  913 	.db #0x00	; 0
   0365 00                  914 	.db #0x00	; 0
   0366 00                  915 	.db #0x00	; 0
   0367 00                  916 	.db #0x00	; 0
   0368 00                  917 	.db #0x00	; 0
   0369 00                  918 	.db #0x00	; 0
   036A 00                  919 	.db #0x00	; 0
   036B 00                  920 	.db #0x00	; 0
   036C 00                  921 	.db #0x00	; 0
   036D 00                  922 	.db #0x00	; 0
   036E 00                  923 	.db #0x00	; 0
   036F 00                  924 	.db #0x00	; 0
   0370 04                  925 	.db #0x04	; 4
   0371 08                  926 	.db #0x08	; 8
   0372 03                  927 	.db #0x03	; 3
   0373 04                  928 	.db #0x04	; 4
   0374 08                  929 	.db #0x08	; 8
   0375 03                  930 	.db #0x03	; 3
   0376 04                  931 	.db #0x04	; 4
   0377 08                  932 	.db #0x08	; 8
   0378 03                  933 	.db #0x03	; 3
   0379 04                  934 	.db #0x04	; 4
   037A 08                  935 	.db #0x08	; 8
   037B 03                  936 	.db #0x03	; 3
   037C 04                  937 	.db #0x04	; 4
   037D 08                  938 	.db #0x08	; 8
   037E 03                  939 	.db #0x03	; 3
   037F 04                  940 	.db #0x04	; 4
   0380 08                  941 	.db #0x08	; 8
   0381 03                  942 	.db #0x03	; 3
   0382 04                  943 	.db #0x04	; 4
   0383 08                  944 	.db #0x08	; 8
   0384 03                  945 	.db #0x03	; 3
   0385 00                  946 	.db #0x00	; 0
   0386 00                  947 	.db #0x00	; 0
   0387 00                  948 	.db #0x00	; 0
   0388 00                  949 	.db #0x00	; 0
   0389 00                  950 	.db #0x00	; 0
   038A 00                  951 	.db #0x00	; 0
   038B 00                  952 	.db #0x00	; 0
   038C 00                  953 	.db #0x00	; 0
   038D 00                  954 	.db #0x00	; 0
   038E 00                  955 	.db #0x00	; 0
   038F 00                  956 	.db #0x00	; 0
   0390 00                  957 	.db #0x00	; 0
   0391 00                  958 	.db #0x00	; 0
   0392 00                  959 	.db #0x00	; 0
   0393 00                  960 	.db #0x00	; 0
   0394 00                  961 	.db #0x00	; 0
   0395 00                  962 	.db #0x00	; 0
   0396 00                  963 	.db #0x00	; 0
   0397 00                  964 	.db #0x00	; 0
   0398 00                  965 	.db #0x00	; 0
   0399 00                  966 	.db #0x00	; 0
   039A 00                  967 	.db #0x00	; 0
   039B 00                  968 	.db #0x00	; 0
   039C 00                  969 	.db #0x00	; 0
   039D 00                  970 	.db #0x00	; 0
   039E 00                  971 	.db #0x00	; 0
   039F 00                  972 	.db #0x00	; 0
   03A0 00                  973 	.db #0x00	; 0
   03A1 00                  974 	.db #0x00	; 0
   03A2 00                  975 	.db #0x00	; 0
   03A3 00                  976 	.db #0x00	; 0
   03A4 00                  977 	.db #0x00	; 0
   03A5 00                  978 	.db #0x00	; 0
   03A6 00                  979 	.db #0x00	; 0
   03A7 00                  980 	.db #0x00	; 0
   03A8 00                  981 	.db #0x00	; 0
   03A9 00                  982 	.db #0x00	; 0
   03AA 00                  983 	.db #0x00	; 0
   03AB 00                  984 	.db #0x00	; 0
   03AC 00                  985 	.db #0x00	; 0
   03AD 00                  986 	.db #0x00	; 0
   03AE 00                  987 	.db #0x00	; 0
   03AF 00                  988 	.db #0x00	; 0
   03B0 00                  989 	.db #0x00	; 0
   03B1 00                  990 	.db #0x00	; 0
   03B2 00                  991 	.db #0x00	; 0
   03B3 00                  992 	.db #0x00	; 0
   03B4 00                  993 	.db #0x00	; 0
   03B5 00                  994 	.db #0x00	; 0
   03B6 00                  995 	.db #0x00	; 0
   03B7 00                  996 	.db #0x00	; 0
   03B8 00                  997 	.db #0x00	; 0
   03B9 00                  998 	.db #0x00	; 0
   03BA 00                  999 	.db #0x00	; 0
   03BB 00                 1000 	.db #0x00	; 0
   03BC 00                 1001 	.db #0x00	; 0
   03BD 00                 1002 	.db #0x00	; 0
   03BE 00                 1003 	.db #0x00	; 0
   03BF 00                 1004 	.db #0x00	; 0
   03C0 00                 1005 	.db #0x00	; 0
   03C1 00                 1006 	.db #0x00	; 0
   03C2 00                 1007 	.db #0x00	; 0
   03C3 00                 1008 	.db #0x00	; 0
   03C4 00                 1009 	.db #0x00	; 0
   03C5 00                 1010 	.db #0x00	; 0
   03C6 00                 1011 	.db #0x00	; 0
   03C7 00                 1012 	.db #0x00	; 0
   03C8 00                 1013 	.db #0x00	; 0
   03C9 00                 1014 	.db #0x00	; 0
   03CA 00                 1015 	.db #0x00	; 0
   03CB 00                 1016 	.db #0x00	; 0
   03CC 00                 1017 	.db #0x00	; 0
   03CD 00                 1018 	.db #0x00	; 0
   03CE 00                 1019 	.db #0x00	; 0
   03CF 00                 1020 	.db #0x00	; 0
   03D0 00                 1021 	.db #0x00	; 0
   03D1 00                 1022 	.db #0x00	; 0
   03D2 00                 1023 	.db #0x00	; 0
   03D3 00                 1024 	.db #0x00	; 0
   03D4 00                 1025 	.db #0x00	; 0
   03D5 00                 1026 	.db #0x00	; 0
   03D6 00                 1027 	.db #0x00	; 0
   03D7 00                 1028 	.db #0x00	; 0
   03D8 00                 1029 	.db #0x00	; 0
   03D9 00                 1030 	.db #0x00	; 0
   03DA 00                 1031 	.db #0x00	; 0
   03DB 00                 1032 	.db #0x00	; 0
   03DC 00                 1033 	.db #0x00	; 0
   03DD 00                 1034 	.db #0x00	; 0
   03DE 00                 1035 	.db #0x00	; 0
   03DF 00                 1036 	.db #0x00	; 0
   03E0 00                 1037 	.db #0x00	; 0
   03E1 00                 1038 	.db #0x00	; 0
   03E2 00                 1039 	.db #0x00	; 0
   03E3 00                 1040 	.db #0x00	; 0
   03E4 00                 1041 	.db #0x00	; 0
   03E5 00                 1042 	.db #0x00	; 0
   03E6 00                 1043 	.db #0x00	; 0
   03E7 00                 1044 	.db #0x00	; 0
   03E8 00                 1045 	.db #0x00	; 0
   03E9 00                 1046 	.db #0x00	; 0
   03EA 00                 1047 	.db #0x00	; 0
   03EB 00                 1048 	.db #0x00	; 0
   03EC 00                 1049 	.db #0x00	; 0
   03ED 00                 1050 	.db #0x00	; 0
   03EE 00                 1051 	.db #0x00	; 0
   03EF 00                 1052 	.db #0x00	; 0
   03F0 00                 1053 	.db #0x00	; 0
   03F1 00                 1054 	.db #0x00	; 0
   03F2 00                 1055 	.db #0x00	; 0
   03F3 00                 1056 	.db #0x00	; 0
   03F4 00                 1057 	.db #0x00	; 0
   03F5 00                 1058 	.db #0x00	; 0
   03F6 00                 1059 	.db #0x00	; 0
   03F7 00                 1060 	.db #0x00	; 0
   03F8 00                 1061 	.db #0x00	; 0
   03F9 00                 1062 	.db #0x00	; 0
   03FA 00                 1063 	.db #0x00	; 0
   03FB 00                 1064 	.db #0x00	; 0
   03FC 00                 1065 	.db #0x00	; 0
   03FD 00                 1066 	.db #0x00	; 0
   03FE 00                 1067 	.db #0x00	; 0
   03FF 00                 1068 	.db #0x00	; 0
   0400 00                 1069 	.db #0x00	; 0
   0401 01                 1070 	.db #0x01	; 1
   0402 09                 1071 	.db #0x09	; 9
   0403 02                 1072 	.db #0x02	; 2
   0404 01                 1073 	.db #0x01	; 1
   0405 09                 1074 	.db #0x09	; 9
   0406 02                 1075 	.db #0x02	; 2
   0407 00                 1076 	.db #0x00	; 0
   0408 00                 1077 	.db #0x00	; 0
   0409 00                 1078 	.db #0x00	; 0
   040A 00                 1079 	.db #0x00	; 0
   040B 00                 1080 	.db #0x00	; 0
   040C 00                 1081 	.db #0x00	; 0
   040D 00                 1082 	.db #0x00	; 0
   040E 00                 1083 	.db #0x00	; 0
   040F 00                 1084 	.db #0x00	; 0
   0410 00                 1085 	.db #0x00	; 0
   0411 00                 1086 	.db #0x00	; 0
   0412 00                 1087 	.db #0x00	; 0
   0413 00                 1088 	.db #0x00	; 0
   0414 00                 1089 	.db #0x00	; 0
   0415 00                 1090 	.db #0x00	; 0
   0416 00                 1091 	.db #0x00	; 0
   0417 00                 1092 	.db #0x00	; 0
   0418 00                 1093 	.db #0x00	; 0
   0419 00                 1094 	.db #0x00	; 0
   041A 00                 1095 	.db #0x00	; 0
   041B 00                 1096 	.db #0x00	; 0
   041C 00                 1097 	.db #0x00	; 0
   041D 00                 1098 	.db #0x00	; 0
   041E 00                 1099 	.db #0x00	; 0
   041F 00                 1100 	.db #0x00	; 0
   0420 00                 1101 	.db #0x00	; 0
   0421 00                 1102 	.db #0x00	; 0
   0422 00                 1103 	.db #0x00	; 0
   0423 00                 1104 	.db #0x00	; 0
   0424 00                 1105 	.db #0x00	; 0
   0425 00                 1106 	.db #0x00	; 0
   0426 00                 1107 	.db #0x00	; 0
   0427 00                 1108 	.db #0x00	; 0
   0428 00                 1109 	.db #0x00	; 0
   0429 0A                 1110 	.db #0x0a	; 10
   042A 05                 1111 	.db #0x05	; 5
   042B 10                 1112 	.db #0x10	; 16
   042C 0A                 1113 	.db #0x0a	; 10
   042D 05                 1114 	.db #0x05	; 5
   042E 10                 1115 	.db #0x10	; 16
   042F 00                 1116 	.db #0x00	; 0
   0430 00                 1117 	.db #0x00	; 0
   0431 00                 1118 	.db #0x00	; 0
   0432 00                 1119 	.db #0x00	; 0
   0433 00                 1120 	.db #0x00	; 0
   0434 00                 1121 	.db #0x00	; 0
   0435 00                 1122 	.db #0x00	; 0
   0436 00                 1123 	.db #0x00	; 0
   0437 00                 1124 	.db #0x00	; 0
   0438 00                 1125 	.db #0x00	; 0
   0439 00                 1126 	.db #0x00	; 0
   043A 00                 1127 	.db #0x00	; 0
   043B 00                 1128 	.db #0x00	; 0
   043C 00                 1129 	.db #0x00	; 0
   043D 00                 1130 	.db #0x00	; 0
   043E 00                 1131 	.db #0x00	; 0
   043F 00                 1132 	.db #0x00	; 0
   0440 00                 1133 	.db #0x00	; 0
   0441 00                 1134 	.db #0x00	; 0
   0442 00                 1135 	.db #0x00	; 0
   0443 00                 1136 	.db #0x00	; 0
   0444 00                 1137 	.db #0x00	; 0
   0445 00                 1138 	.db #0x00	; 0
   0446 00                 1139 	.db #0x00	; 0
   0447 00                 1140 	.db #0x00	; 0
   0448 00                 1141 	.db #0x00	; 0
   0449 00                 1142 	.db #0x00	; 0
   044A 00                 1143 	.db #0x00	; 0
   044B 00                 1144 	.db #0x00	; 0
   044C 00                 1145 	.db #0x00	; 0
   044D 00                 1146 	.db #0x00	; 0
   044E 00                 1147 	.db #0x00	; 0
   044F 00                 1148 	.db #0x00	; 0
   0450 00                 1149 	.db #0x00	; 0
   0451 04                 1150 	.db #0x04	; 4
   0452 08                 1151 	.db #0x08	; 8
   0453 03                 1152 	.db #0x03	; 3
   0454 04                 1153 	.db #0x04	; 4
   0455 08                 1154 	.db #0x08	; 8
   0456 03                 1155 	.db #0x03	; 3
   0457 00                 1156 	.db #0x00	; 0
   0458 00                 1157 	.db #0x00	; 0
   0459 00                 1158 	.db #0x00	; 0
   045A 00                 1159 	.db #0x00	; 0
   045B 00                 1160 	.db #0x00	; 0
   045C 00                 1161 	.db #0x00	; 0
   045D 00                 1162 	.db #0x00	; 0
   045E 00                 1163 	.db #0x00	; 0
   045F 00                 1164 	.db #0x00	; 0
   0460 00                 1165 	.db #0x00	; 0
   0461 00                 1166 	.db #0x00	; 0
   0462 00                 1167 	.db #0x00	; 0
   0463 00                 1168 	.db #0x00	; 0
   0464 00                 1169 	.db #0x00	; 0
   0465 00                 1170 	.db #0x00	; 0
   0466 00                 1171 	.db #0x00	; 0
   0467 00                 1172 	.db #0x00	; 0
   0468 00                 1173 	.db #0x00	; 0
   0469 00                 1174 	.db #0x00	; 0
   046A 00                 1175 	.db #0x00	; 0
   046B 00                 1176 	.db #0x00	; 0
   046C 00                 1177 	.db #0x00	; 0
   046D 00                 1178 	.db #0x00	; 0
   046E 00                 1179 	.db #0x00	; 0
   046F 00                 1180 	.db #0x00	; 0
   0470 00                 1181 	.db #0x00	; 0
   0471 00                 1182 	.db #0x00	; 0
   0472 00                 1183 	.db #0x00	; 0
   0473 00                 1184 	.db #0x00	; 0
   0474 00                 1185 	.db #0x00	; 0
   0475 00                 1186 	.db #0x00	; 0
   0476 00                 1187 	.db #0x00	; 0
   0477 00                 1188 	.db #0x00	; 0
   0478 00                 1189 	.db #0x00	; 0
   0479 00                 1190 	.db #0x00	; 0
   047A 00                 1191 	.db #0x00	; 0
   047B 00                 1192 	.db #0x00	; 0
   047C 00                 1193 	.db #0x00	; 0
   047D 00                 1194 	.db #0x00	; 0
   047E 00                 1195 	.db #0x00	; 0
   047F 00                 1196 	.db #0x00	; 0
   0480 00                 1197 	.db #0x00	; 0
   0481 00                 1198 	.db #0x00	; 0
   0482 00                 1199 	.db #0x00	; 0
   0483 00                 1200 	.db #0x00	; 0
   0484 00                 1201 	.db #0x00	; 0
   0485 00                 1202 	.db #0x00	; 0
   0486 00                 1203 	.db #0x00	; 0
   0487 00                 1204 	.db #0x00	; 0
   0488 00                 1205 	.db #0x00	; 0
   0489 00                 1206 	.db #0x00	; 0
   048A 00                 1207 	.db #0x00	; 0
   048B 00                 1208 	.db #0x00	; 0
   048C 00                 1209 	.db #0x00	; 0
   048D 00                 1210 	.db #0x00	; 0
   048E 00                 1211 	.db #0x00	; 0
   048F 00                 1212 	.db #0x00	; 0
   0490 00                 1213 	.db #0x00	; 0
   0491 00                 1214 	.db #0x00	; 0
   0492 00                 1215 	.db #0x00	; 0
   0493 00                 1216 	.db #0x00	; 0
   0494 00                 1217 	.db #0x00	; 0
   0495 00                 1218 	.db #0x00	; 0
   0496 00                 1219 	.db #0x00	; 0
   0497 00                 1220 	.db #0x00	; 0
   0498 00                 1221 	.db #0x00	; 0
   0499 00                 1222 	.db #0x00	; 0
   049A 00                 1223 	.db #0x00	; 0
   049B 00                 1224 	.db #0x00	; 0
   049C 00                 1225 	.db #0x00	; 0
   049D 00                 1226 	.db #0x00	; 0
   049E 00                 1227 	.db #0x00	; 0
   049F 00                 1228 	.db #0x00	; 0
   04A0 00                 1229 	.db #0x00	; 0
   04A1 00                 1230 	.db #0x00	; 0
   04A2 00                 1231 	.db #0x00	; 0
   04A3 00                 1232 	.db #0x00	; 0
   04A4 00                 1233 	.db #0x00	; 0
   04A5 00                 1234 	.db #0x00	; 0
   04A6 00                 1235 	.db #0x00	; 0
   04A7 00                 1236 	.db #0x00	; 0
   04A8 00                 1237 	.db #0x00	; 0
   04A9 00                 1238 	.db #0x00	; 0
   04AA 00                 1239 	.db #0x00	; 0
   04AB 00                 1240 	.db #0x00	; 0
   04AC 00                 1241 	.db #0x00	; 0
   04AD 00                 1242 	.db #0x00	; 0
   04AE 00                 1243 	.db #0x00	; 0
   04AF 00                 1244 	.db #0x00	; 0
   04B0 00                 1245 	.db #0x00	; 0
   04B1 00                 1246 	.db #0x00	; 0
   04B2 00                 1247 	.db #0x00	; 0
   04B3 00                 1248 	.db #0x00	; 0
   04B4 00                 1249 	.db #0x00	; 0
   04B5 00                 1250 	.db #0x00	; 0
   04B6 00                 1251 	.db #0x00	; 0
   04B7 00                 1252 	.db #0x00	; 0
   04B8 00                 1253 	.db #0x00	; 0
   04B9 00                 1254 	.db #0x00	; 0
   04BA 00                 1255 	.db #0x00	; 0
   04BB 00                 1256 	.db #0x00	; 0
   04BC 00                 1257 	.db #0x00	; 0
   04BD 00                 1258 	.db #0x00	; 0
   04BE 00                 1259 	.db #0x00	; 0
   04BF 00                 1260 	.db #0x00	; 0
   04C0 00                 1261 	.db #0x00	; 0
   04C1 00                 1262 	.db #0x00	; 0
   04C2 00                 1263 	.db #0x00	; 0
   04C3 00                 1264 	.db #0x00	; 0
   04C4 00                 1265 	.db #0x00	; 0
   04C5 00                 1266 	.db #0x00	; 0
   04C6 00                 1267 	.db #0x00	; 0
   04C7 00                 1268 	.db #0x00	; 0
   04C8 00                 1269 	.db #0x00	; 0
   04C9 00                 1270 	.db #0x00	; 0
   04CA 00                 1271 	.db #0x00	; 0
   04CB 00                 1272 	.db #0x00	; 0
   04CC 00                 1273 	.db #0x00	; 0
   04CD 00                 1274 	.db #0x00	; 0
   04CE 00                 1275 	.db #0x00	; 0
   04CF 00                 1276 	.db #0x00	; 0
   04D0 00                 1277 	.db #0x00	; 0
   04D1 00                 1278 	.db #0x00	; 0
   04D2 00                 1279 	.db #0x00	; 0
   04D3 00                 1280 	.db #0x00	; 0
   04D4 00                 1281 	.db #0x00	; 0
   04D5 00                 1282 	.db #0x00	; 0
   04D6 00                 1283 	.db #0x00	; 0
   04D7 00                 1284 	.db #0x00	; 0
   04D8 00                 1285 	.db #0x00	; 0
   04D9 00                 1286 	.db #0x00	; 0
   04DA 00                 1287 	.db #0x00	; 0
   04DB 00                 1288 	.db #0x00	; 0
   04DC 00                 1289 	.db #0x00	; 0
   04DD 00                 1290 	.db #0x00	; 0
   04DE 00                 1291 	.db #0x00	; 0
   04DF 00                 1292 	.db #0x00	; 0
   04E0 00                 1293 	.db #0x00	; 0
   04E1 00                 1294 	.db #0x00	; 0
   04E2 00                 1295 	.db #0x00	; 0
   04E3 00                 1296 	.db #0x00	; 0
   04E4 00                 1297 	.db #0x00	; 0
   04E5 00                 1298 	.db #0x00	; 0
   04E6 00                 1299 	.db #0x00	; 0
   04E7 00                 1300 	.db #0x00	; 0
   04E8 00                 1301 	.db #0x00	; 0
   04E9 00                 1302 	.db #0x00	; 0
   04EA 00                 1303 	.db #0x00	; 0
   04EB 00                 1304 	.db #0x00	; 0
   04EC 00                 1305 	.db #0x00	; 0
   04ED 00                 1306 	.db #0x00	; 0
   04EE 00                 1307 	.db #0x00	; 0
   04EF 00                 1308 	.db #0x00	; 0
   04F0 00                 1309 	.db #0x00	; 0
   04F1 00                 1310 	.db #0x00	; 0
   04F2 00                 1311 	.db #0x00	; 0
   04F3 00                 1312 	.db #0x00	; 0
   04F4 00                 1313 	.db #0x00	; 0
   04F5 00                 1314 	.db #0x00	; 0
   04F6 00                 1315 	.db #0x00	; 0
   04F7 00                 1316 	.db #0x00	; 0
   04F8 00                 1317 	.db #0x00	; 0
   04F9 00                 1318 	.db #0x00	; 0
   04FA 00                 1319 	.db #0x00	; 0
   04FB 00                 1320 	.db #0x00	; 0
   04FC 00                 1321 	.db #0x00	; 0
   04FD 00                 1322 	.db #0x00	; 0
   04FE 00                 1323 	.db #0x00	; 0
   04FF 00                 1324 	.db #0x00	; 0
   0500 00                 1325 	.db #0x00	; 0
   0501 00                 1326 	.db #0x00	; 0
   0502 00                 1327 	.db #0x00	; 0
   0503 00                 1328 	.db #0x00	; 0
   0504 00                 1329 	.db #0x00	; 0
   0505 00                 1330 	.db #0x00	; 0
   0506 00                 1331 	.db #0x00	; 0
   0507 00                 1332 	.db #0x00	; 0
   0508 00                 1333 	.db #0x00	; 0
   0509 00                 1334 	.db #0x00	; 0
   050A 00                 1335 	.db #0x00	; 0
   050B 00                 1336 	.db #0x00	; 0
   050C 00                 1337 	.db #0x00	; 0
   050D 01                 1338 	.db #0x01	; 1
   050E 09                 1339 	.db #0x09	; 9
   050F 02                 1340 	.db #0x02	; 2
   0510 01                 1341 	.db #0x01	; 1
   0511 09                 1342 	.db #0x09	; 9
   0512 02                 1343 	.db #0x02	; 2
   0513 01                 1344 	.db #0x01	; 1
   0514 09                 1345 	.db #0x09	; 9
   0515 02                 1346 	.db #0x02	; 2
   0516 00                 1347 	.db #0x00	; 0
   0517 00                 1348 	.db #0x00	; 0
   0518 00                 1349 	.db #0x00	; 0
   0519 00                 1350 	.db #0x00	; 0
   051A 00                 1351 	.db #0x00	; 0
   051B 00                 1352 	.db #0x00	; 0
   051C 00                 1353 	.db #0x00	; 0
   051D 00                 1354 	.db #0x00	; 0
   051E 00                 1355 	.db #0x00	; 0
   051F 00                 1356 	.db #0x00	; 0
   0520 00                 1357 	.db #0x00	; 0
   0521 00                 1358 	.db #0x00	; 0
   0522 00                 1359 	.db #0x00	; 0
   0523 00                 1360 	.db #0x00	; 0
   0524 00                 1361 	.db #0x00	; 0
   0525 00                 1362 	.db #0x00	; 0
   0526 00                 1363 	.db #0x00	; 0
   0527 00                 1364 	.db #0x00	; 0
   0528 00                 1365 	.db #0x00	; 0
   0529 00                 1366 	.db #0x00	; 0
   052A 00                 1367 	.db #0x00	; 0
   052B 00                 1368 	.db #0x00	; 0
   052C 00                 1369 	.db #0x00	; 0
   052D 00                 1370 	.db #0x00	; 0
   052E 00                 1371 	.db #0x00	; 0
   052F 00                 1372 	.db #0x00	; 0
   0530 00                 1373 	.db #0x00	; 0
   0531 00                 1374 	.db #0x00	; 0
   0532 00                 1375 	.db #0x00	; 0
   0533 00                 1376 	.db #0x00	; 0
   0534 00                 1377 	.db #0x00	; 0
   0535 0A                 1378 	.db #0x0a	; 10
   0536 05                 1379 	.db #0x05	; 5
   0537 10                 1380 	.db #0x10	; 16
   0538 0A                 1381 	.db #0x0a	; 10
   0539 05                 1382 	.db #0x05	; 5
   053A 10                 1383 	.db #0x10	; 16
   053B 0A                 1384 	.db #0x0a	; 10
   053C 05                 1385 	.db #0x05	; 5
   053D 10                 1386 	.db #0x10	; 16
   053E 00                 1387 	.db #0x00	; 0
   053F 00                 1388 	.db #0x00	; 0
   0540 00                 1389 	.db #0x00	; 0
   0541 00                 1390 	.db #0x00	; 0
   0542 00                 1391 	.db #0x00	; 0
   0543 00                 1392 	.db #0x00	; 0
   0544 00                 1393 	.db #0x00	; 0
   0545 00                 1394 	.db #0x00	; 0
   0546 00                 1395 	.db #0x00	; 0
   0547 00                 1396 	.db #0x00	; 0
   0548 00                 1397 	.db #0x00	; 0
   0549 00                 1398 	.db #0x00	; 0
   054A 00                 1399 	.db #0x00	; 0
   054B 00                 1400 	.db #0x00	; 0
   054C 00                 1401 	.db #0x00	; 0
   054D 00                 1402 	.db #0x00	; 0
   054E 00                 1403 	.db #0x00	; 0
   054F 00                 1404 	.db #0x00	; 0
   0550 00                 1405 	.db #0x00	; 0
   0551 00                 1406 	.db #0x00	; 0
   0552 00                 1407 	.db #0x00	; 0
   0553 00                 1408 	.db #0x00	; 0
   0554 00                 1409 	.db #0x00	; 0
   0555 00                 1410 	.db #0x00	; 0
   0556 00                 1411 	.db #0x00	; 0
   0557 00                 1412 	.db #0x00	; 0
   0558 00                 1413 	.db #0x00	; 0
   0559 00                 1414 	.db #0x00	; 0
   055A 00                 1415 	.db #0x00	; 0
   055B 00                 1416 	.db #0x00	; 0
   055C 00                 1417 	.db #0x00	; 0
   055D 04                 1418 	.db #0x04	; 4
   055E 08                 1419 	.db #0x08	; 8
   055F 03                 1420 	.db #0x03	; 3
   0560 04                 1421 	.db #0x04	; 4
   0561 08                 1422 	.db #0x08	; 8
   0562 03                 1423 	.db #0x03	; 3
   0563 04                 1424 	.db #0x04	; 4
   0564 08                 1425 	.db #0x08	; 8
   0565 03                 1426 	.db #0x03	; 3
   0566 00                 1427 	.db #0x00	; 0
   0567 00                 1428 	.db #0x00	; 0
   0568 00                 1429 	.db #0x00	; 0
   0569 00                 1430 	.db #0x00	; 0
   056A 00                 1431 	.db #0x00	; 0
   056B 00                 1432 	.db #0x00	; 0
   056C 00                 1433 	.db #0x00	; 0
   056D 00                 1434 	.db #0x00	; 0
   056E 00                 1435 	.db #0x00	; 0
   056F 00                 1436 	.db #0x00	; 0
   0570 00                 1437 	.db #0x00	; 0
   0571 00                 1438 	.db #0x00	; 0
   0572 00                 1439 	.db #0x00	; 0
   0573 00                 1440 	.db #0x00	; 0
   0574 00                 1441 	.db #0x00	; 0
   0575 00                 1442 	.db #0x00	; 0
   0576 00                 1443 	.db #0x00	; 0
   0577 00                 1444 	.db #0x00	; 0
   0578 00                 1445 	.db #0x00	; 0
   0579 00                 1446 	.db #0x00	; 0
   057A 00                 1447 	.db #0x00	; 0
   057B 00                 1448 	.db #0x00	; 0
   057C 00                 1449 	.db #0x00	; 0
   057D 00                 1450 	.db #0x00	; 0
   057E 00                 1451 	.db #0x00	; 0
   057F 00                 1452 	.db #0x00	; 0
   0580 00                 1453 	.db #0x00	; 0
   0581 00                 1454 	.db #0x00	; 0
   0582 00                 1455 	.db #0x00	; 0
   0583 00                 1456 	.db #0x00	; 0
   0584 00                 1457 	.db #0x00	; 0
   0585 00                 1458 	.db #0x00	; 0
   0586 00                 1459 	.db #0x00	; 0
   0587 00                 1460 	.db #0x00	; 0
   0588 00                 1461 	.db #0x00	; 0
   0589 00                 1462 	.db #0x00	; 0
   058A 00                 1463 	.db #0x00	; 0
   058B 00                 1464 	.db #0x00	; 0
   058C 00                 1465 	.db #0x00	; 0
   058D 00                 1466 	.db #0x00	; 0
   058E 00                 1467 	.db #0x00	; 0
   058F 00                 1468 	.db #0x00	; 0
   0590 00                 1469 	.db #0x00	; 0
   0591 00                 1470 	.db #0x00	; 0
   0592 00                 1471 	.db #0x00	; 0
   0593 00                 1472 	.db #0x00	; 0
   0594 00                 1473 	.db #0x00	; 0
   0595 00                 1474 	.db #0x00	; 0
   0596 00                 1475 	.db #0x00	; 0
   0597 00                 1476 	.db #0x00	; 0
   0598 00                 1477 	.db #0x00	; 0
   0599 00                 1478 	.db #0x00	; 0
   059A 00                 1479 	.db #0x00	; 0
   059B 00                 1480 	.db #0x00	; 0
   059C 00                 1481 	.db #0x00	; 0
   059D 00                 1482 	.db #0x00	; 0
   059E 00                 1483 	.db #0x00	; 0
   059F 00                 1484 	.db #0x00	; 0
   05A0 00                 1485 	.db #0x00	; 0
   05A1 00                 1486 	.db #0x00	; 0
   05A2 00                 1487 	.db #0x00	; 0
   05A3 00                 1488 	.db #0x00	; 0
   05A4 00                 1489 	.db #0x00	; 0
   05A5 00                 1490 	.db #0x00	; 0
   05A6 00                 1491 	.db #0x00	; 0
   05A7 00                 1492 	.db #0x00	; 0
   05A8 00                 1493 	.db #0x00	; 0
   05A9 00                 1494 	.db #0x00	; 0
   05AA 00                 1495 	.db #0x00	; 0
   05AB 00                 1496 	.db #0x00	; 0
   05AC 00                 1497 	.db #0x00	; 0
   05AD 00                 1498 	.db #0x00	; 0
   05AE 00                 1499 	.db #0x00	; 0
   05AF 00                 1500 	.db #0x00	; 0
   05B0 00                 1501 	.db #0x00	; 0
   05B1 00                 1502 	.db #0x00	; 0
   05B2 00                 1503 	.db #0x00	; 0
   05B3 00                 1504 	.db #0x00	; 0
   05B4 00                 1505 	.db #0x00	; 0
   05B5 00                 1506 	.db #0x00	; 0
   05B6 00                 1507 	.db #0x00	; 0
   05B7 00                 1508 	.db #0x00	; 0
   05B8 00                 1509 	.db #0x00	; 0
   05B9 00                 1510 	.db #0x00	; 0
   05BA 00                 1511 	.db #0x00	; 0
   05BB 00                 1512 	.db #0x00	; 0
   05BC 00                 1513 	.db #0x00	; 0
   05BD 00                 1514 	.db #0x00	; 0
   05BE 00                 1515 	.db #0x00	; 0
   05BF 00                 1516 	.db #0x00	; 0
   05C0 00                 1517 	.db #0x00	; 0
   05C1 00                 1518 	.db #0x00	; 0
   05C2 00                 1519 	.db #0x00	; 0
   05C3 00                 1520 	.db #0x00	; 0
   05C4 00                 1521 	.db #0x00	; 0
   05C5 00                 1522 	.db #0x00	; 0
   05C6 00                 1523 	.db #0x00	; 0
   05C7 00                 1524 	.db #0x00	; 0
   05C8 00                 1525 	.db #0x00	; 0
   05C9 00                 1526 	.db #0x00	; 0
   05CA 00                 1527 	.db #0x00	; 0
   05CB 00                 1528 	.db #0x00	; 0
   05CC 00                 1529 	.db #0x00	; 0
   05CD 00                 1530 	.db #0x00	; 0
   05CE 00                 1531 	.db #0x00	; 0
   05CF 00                 1532 	.db #0x00	; 0
   05D0 00                 1533 	.db #0x00	; 0
   05D1 00                 1534 	.db #0x00	; 0
   05D2 00                 1535 	.db #0x00	; 0
   05D3 00                 1536 	.db #0x00	; 0
   05D4 00                 1537 	.db #0x00	; 0
   05D5 00                 1538 	.db #0x00	; 0
   05D6 00                 1539 	.db #0x00	; 0
   05D7 00                 1540 	.db #0x00	; 0
   05D8 00                 1541 	.db #0x00	; 0
   05D9 00                 1542 	.db #0x00	; 0
   05DA 00                 1543 	.db #0x00	; 0
   05DB 00                 1544 	.db #0x00	; 0
   05DC 00                 1545 	.db #0x00	; 0
   05DD 00                 1546 	.db #0x00	; 0
   05DE 00                 1547 	.db #0x00	; 0
   05DF 00                 1548 	.db #0x00	; 0
   05E0 00                 1549 	.db #0x00	; 0
   05E1 00                 1550 	.db #0x00	; 0
   05E2 00                 1551 	.db #0x00	; 0
   05E3 00                 1552 	.db #0x00	; 0
   05E4 00                 1553 	.db #0x00	; 0
   05E5 00                 1554 	.db #0x00	; 0
   05E6 00                 1555 	.db #0x00	; 0
   05E7 00                 1556 	.db #0x00	; 0
   05E8 00                 1557 	.db #0x00	; 0
   05E9 00                 1558 	.db #0x00	; 0
   05EA 00                 1559 	.db #0x00	; 0
   05EB 00                 1560 	.db #0x00	; 0
   05EC 00                 1561 	.db #0x00	; 0
   05ED 00                 1562 	.db #0x00	; 0
   05EE 00                 1563 	.db #0x00	; 0
   05EF 00                 1564 	.db #0x00	; 0
   05F0 00                 1565 	.db #0x00	; 0
   05F1 00                 1566 	.db #0x00	; 0
   05F2 00                 1567 	.db #0x00	; 0
   05F3 00                 1568 	.db #0x00	; 0
   05F4 00                 1569 	.db #0x00	; 0
   05F5 00                 1570 	.db #0x00	; 0
   05F6 00                 1571 	.db #0x00	; 0
   05F7 00                 1572 	.db #0x00	; 0
   05F8 00                 1573 	.db #0x00	; 0
   05F9 00                 1574 	.db #0x00	; 0
   05FA 00                 1575 	.db #0x00	; 0
   05FB 00                 1576 	.db #0x00	; 0
   05FC 00                 1577 	.db #0x00	; 0
   05FD 00                 1578 	.db #0x00	; 0
   05FE 00                 1579 	.db #0x00	; 0
   05FF 00                 1580 	.db #0x00	; 0
   0600 00                 1581 	.db #0x00	; 0
   0601 00                 1582 	.db #0x00	; 0
   0602 00                 1583 	.db #0x00	; 0
   0603 00                 1584 	.db #0x00	; 0
   0604 00                 1585 	.db #0x00	; 0
   0605 00                 1586 	.db #0x00	; 0
   0606 00                 1587 	.db #0x00	; 0
   0607 00                 1588 	.db #0x00	; 0
   0608 00                 1589 	.db #0x00	; 0
   0609 01                 1590 	.db #0x01	; 1
   060A 09                 1591 	.db #0x09	; 9
   060B 02                 1592 	.db #0x02	; 2
   060C 01                 1593 	.db #0x01	; 1
   060D 09                 1594 	.db #0x09	; 9
   060E 02                 1595 	.db #0x02	; 2
   060F 01                 1596 	.db #0x01	; 1
   0610 09                 1597 	.db #0x09	; 9
   0611 02                 1598 	.db #0x02	; 2
   0612 01                 1599 	.db #0x01	; 1
   0613 09                 1600 	.db #0x09	; 9
   0614 02                 1601 	.db #0x02	; 2
   0615 01                 1602 	.db #0x01	; 1
   0616 09                 1603 	.db #0x09	; 9
   0617 02                 1604 	.db #0x02	; 2
   0618 00                 1605 	.db #0x00	; 0
   0619 00                 1606 	.db #0x00	; 0
   061A 00                 1607 	.db #0x00	; 0
   061B 00                 1608 	.db #0x00	; 0
   061C 00                 1609 	.db #0x00	; 0
   061D 00                 1610 	.db #0x00	; 0
   061E 00                 1611 	.db #0x00	; 0
   061F 00                 1612 	.db #0x00	; 0
   0620 00                 1613 	.db #0x00	; 0
   0621 00                 1614 	.db #0x00	; 0
   0622 00                 1615 	.db #0x00	; 0
   0623 00                 1616 	.db #0x00	; 0
   0624 00                 1617 	.db #0x00	; 0
   0625 00                 1618 	.db #0x00	; 0
   0626 00                 1619 	.db #0x00	; 0
   0627 00                 1620 	.db #0x00	; 0
   0628 00                 1621 	.db #0x00	; 0
   0629 00                 1622 	.db #0x00	; 0
   062A 00                 1623 	.db #0x00	; 0
   062B 00                 1624 	.db #0x00	; 0
   062C 00                 1625 	.db #0x00	; 0
   062D 00                 1626 	.db #0x00	; 0
   062E 00                 1627 	.db #0x00	; 0
   062F 00                 1628 	.db #0x00	; 0
   0630 00                 1629 	.db #0x00	; 0
   0631 0A                 1630 	.db #0x0a	; 10
   0632 05                 1631 	.db #0x05	; 5
   0633 10                 1632 	.db #0x10	; 16
   0634 0A                 1633 	.db #0x0a	; 10
   0635 05                 1634 	.db #0x05	; 5
   0636 10                 1635 	.db #0x10	; 16
   0637 0A                 1636 	.db #0x0a	; 10
   0638 05                 1637 	.db #0x05	; 5
   0639 10                 1638 	.db #0x10	; 16
   063A 0A                 1639 	.db #0x0a	; 10
   063B 05                 1640 	.db #0x05	; 5
   063C 10                 1641 	.db #0x10	; 16
   063D 0A                 1642 	.db #0x0a	; 10
   063E 05                 1643 	.db #0x05	; 5
   063F 10                 1644 	.db #0x10	; 16
   0640 00                 1645 	.db #0x00	; 0
   0641 00                 1646 	.db #0x00	; 0
   0642 00                 1647 	.db #0x00	; 0
   0643 00                 1648 	.db #0x00	; 0
   0644 00                 1649 	.db #0x00	; 0
   0645 00                 1650 	.db #0x00	; 0
   0646 00                 1651 	.db #0x00	; 0
   0647 00                 1652 	.db #0x00	; 0
   0648 00                 1653 	.db #0x00	; 0
   0649 00                 1654 	.db #0x00	; 0
   064A 00                 1655 	.db #0x00	; 0
   064B 00                 1656 	.db #0x00	; 0
   064C 00                 1657 	.db #0x00	; 0
   064D 00                 1658 	.db #0x00	; 0
   064E 00                 1659 	.db #0x00	; 0
   064F 00                 1660 	.db #0x00	; 0
   0650 00                 1661 	.db #0x00	; 0
   0651 00                 1662 	.db #0x00	; 0
   0652 00                 1663 	.db #0x00	; 0
   0653 00                 1664 	.db #0x00	; 0
   0654 00                 1665 	.db #0x00	; 0
   0655 00                 1666 	.db #0x00	; 0
   0656 00                 1667 	.db #0x00	; 0
   0657 00                 1668 	.db #0x00	; 0
   0658 00                 1669 	.db #0x00	; 0
   0659 04                 1670 	.db #0x04	; 4
   065A 08                 1671 	.db #0x08	; 8
   065B 03                 1672 	.db #0x03	; 3
   065C 04                 1673 	.db #0x04	; 4
   065D 08                 1674 	.db #0x08	; 8
   065E 03                 1675 	.db #0x03	; 3
   065F 04                 1676 	.db #0x04	; 4
   0660 08                 1677 	.db #0x08	; 8
   0661 03                 1678 	.db #0x03	; 3
   0662 04                 1679 	.db #0x04	; 4
   0663 08                 1680 	.db #0x08	; 8
   0664 03                 1681 	.db #0x03	; 3
   0665 04                 1682 	.db #0x04	; 4
   0666 08                 1683 	.db #0x08	; 8
   0667 03                 1684 	.db #0x03	; 3
   0668 00                 1685 	.db #0x00	; 0
   0669 00                 1686 	.db #0x00	; 0
   066A 00                 1687 	.db #0x00	; 0
   066B 00                 1688 	.db #0x00	; 0
   066C 00                 1689 	.db #0x00	; 0
   066D 00                 1690 	.db #0x00	; 0
   066E 00                 1691 	.db #0x00	; 0
   066F 00                 1692 	.db #0x00	; 0
   0670 00                 1693 	.db #0x00	; 0
   0671 00                 1694 	.db #0x00	; 0
   0672 00                 1695 	.db #0x00	; 0
   0673 00                 1696 	.db #0x00	; 0
   0674 00                 1697 	.db #0x00	; 0
   0675 00                 1698 	.db #0x00	; 0
   0676 00                 1699 	.db #0x00	; 0
   0677 00                 1700 	.db #0x00	; 0
   0678 00                 1701 	.db #0x00	; 0
   0679 00                 1702 	.db #0x00	; 0
   067A 00                 1703 	.db #0x00	; 0
   067B 00                 1704 	.db #0x00	; 0
   067C 00                 1705 	.db #0x00	; 0
   067D 00                 1706 	.db #0x00	; 0
   067E 00                 1707 	.db #0x00	; 0
   067F 00                 1708 	.db #0x00	; 0
   0680 00                 1709 	.db #0x00	; 0
   0681 00                 1710 	.db #0x00	; 0
   0682 00                 1711 	.db #0x00	; 0
   0683 00                 1712 	.db #0x00	; 0
   0684 00                 1713 	.db #0x00	; 0
   0685 00                 1714 	.db #0x00	; 0
   0686 00                 1715 	.db #0x00	; 0
   0687 00                 1716 	.db #0x00	; 0
   0688 00                 1717 	.db #0x00	; 0
   0689 00                 1718 	.db #0x00	; 0
   068A 00                 1719 	.db #0x00	; 0
   068B 00                 1720 	.db #0x00	; 0
   068C 00                 1721 	.db #0x00	; 0
   068D 00                 1722 	.db #0x00	; 0
   068E 00                 1723 	.db #0x00	; 0
   068F 00                 1724 	.db #0x00	; 0
   0690 00                 1725 	.db #0x00	; 0
   0691 00                 1726 	.db #0x00	; 0
   0692 00                 1727 	.db #0x00	; 0
   0693 00                 1728 	.db #0x00	; 0
   0694 00                 1729 	.db #0x00	; 0
   0695 00                 1730 	.db #0x00	; 0
   0696 00                 1731 	.db #0x00	; 0
   0697 00                 1732 	.db #0x00	; 0
   0698 00                 1733 	.db #0x00	; 0
   0699 00                 1734 	.db #0x00	; 0
   069A 00                 1735 	.db #0x00	; 0
   069B 00                 1736 	.db #0x00	; 0
   069C 00                 1737 	.db #0x00	; 0
   069D 00                 1738 	.db #0x00	; 0
   069E 00                 1739 	.db #0x00	; 0
   069F 00                 1740 	.db #0x00	; 0
   06A0 00                 1741 	.db #0x00	; 0
   06A1 00                 1742 	.db #0x00	; 0
   06A2 00                 1743 	.db #0x00	; 0
   06A3 00                 1744 	.db #0x00	; 0
   06A4 00                 1745 	.db #0x00	; 0
   06A5 00                 1746 	.db #0x00	; 0
   06A6 00                 1747 	.db #0x00	; 0
   06A7 00                 1748 	.db #0x00	; 0
   06A8 00                 1749 	.db #0x00	; 0
   06A9 00                 1750 	.db #0x00	; 0
   06AA 00                 1751 	.db #0x00	; 0
   06AB 00                 1752 	.db #0x00	; 0
   06AC 00                 1753 	.db #0x00	; 0
   06AD 00                 1754 	.db #0x00	; 0
   06AE 00                 1755 	.db #0x00	; 0
   06AF 00                 1756 	.db #0x00	; 0
   06B0 00                 1757 	.db #0x00	; 0
   06B1 00                 1758 	.db #0x00	; 0
   06B2 00                 1759 	.db #0x00	; 0
   06B3 00                 1760 	.db #0x00	; 0
   06B4 00                 1761 	.db #0x00	; 0
   06B5 00                 1762 	.db #0x00	; 0
   06B6 00                 1763 	.db #0x00	; 0
   06B7 00                 1764 	.db #0x00	; 0
   06B8 00                 1765 	.db #0x00	; 0
   06B9 00                 1766 	.db #0x00	; 0
   06BA 00                 1767 	.db #0x00	; 0
   06BB 00                 1768 	.db #0x00	; 0
   06BC 00                 1769 	.db #0x00	; 0
   06BD 00                 1770 	.db #0x00	; 0
   06BE 00                 1771 	.db #0x00	; 0
   06BF 00                 1772 	.db #0x00	; 0
   06C0 00                 1773 	.db #0x00	; 0
   06C1 00                 1774 	.db #0x00	; 0
   06C2 00                 1775 	.db #0x00	; 0
   06C3 00                 1776 	.db #0x00	; 0
   06C4 00                 1777 	.db #0x00	; 0
   06C5 00                 1778 	.db #0x00	; 0
   06C6 00                 1779 	.db #0x00	; 0
   06C7 00                 1780 	.db #0x00	; 0
   06C8 00                 1781 	.db #0x00	; 0
   06C9 00                 1782 	.db #0x00	; 0
   06CA 00                 1783 	.db #0x00	; 0
   06CB 00                 1784 	.db #0x00	; 0
   06CC 00                 1785 	.db #0x00	; 0
   06CD 00                 1786 	.db #0x00	; 0
   06CE 00                 1787 	.db #0x00	; 0
   06CF 00                 1788 	.db #0x00	; 0
   06D0 00                 1789 	.db #0x00	; 0
   06D1 00                 1790 	.db #0x00	; 0
   06D2 00                 1791 	.db #0x00	; 0
   06D3 00                 1792 	.db #0x00	; 0
   06D4 00                 1793 	.db #0x00	; 0
   06D5 00                 1794 	.db #0x00	; 0
   06D6 00                 1795 	.db #0x00	; 0
   06D7 00                 1796 	.db #0x00	; 0
   06D8 00                 1797 	.db #0x00	; 0
   06D9 00                 1798 	.db #0x00	; 0
   06DA 00                 1799 	.db #0x00	; 0
   06DB 00                 1800 	.db #0x00	; 0
   06DC 00                 1801 	.db #0x00	; 0
   06DD 00                 1802 	.db #0x00	; 0
   06DE 00                 1803 	.db #0x00	; 0
   06DF 00                 1804 	.db #0x00	; 0
   06E0 00                 1805 	.db #0x00	; 0
   06E1 00                 1806 	.db #0x00	; 0
   06E2 00                 1807 	.db #0x00	; 0
   06E3 00                 1808 	.db #0x00	; 0
   06E4 00                 1809 	.db #0x00	; 0
   06E5 00                 1810 	.db #0x00	; 0
   06E6 00                 1811 	.db #0x00	; 0
   06E7 00                 1812 	.db #0x00	; 0
   06E8 00                 1813 	.db #0x00	; 0
   06E9 00                 1814 	.db #0x00	; 0
   06EA 00                 1815 	.db #0x00	; 0
   06EB 00                 1816 	.db #0x00	; 0
   06EC 00                 1817 	.db #0x00	; 0
   06ED 00                 1818 	.db #0x00	; 0
   06EE 00                 1819 	.db #0x00	; 0
   06EF 00                 1820 	.db #0x00	; 0
   06F0 00                 1821 	.db #0x00	; 0
   06F1 00                 1822 	.db #0x00	; 0
   06F2 00                 1823 	.db #0x00	; 0
   06F3 00                 1824 	.db #0x00	; 0
   06F4 00                 1825 	.db #0x00	; 0
   06F5 00                 1826 	.db #0x00	; 0
   06F6 00                 1827 	.db #0x00	; 0
   06F7 00                 1828 	.db #0x00	; 0
   06F8 00                 1829 	.db #0x00	; 0
   06F9 00                 1830 	.db #0x00	; 0
   06FA 00                 1831 	.db #0x00	; 0
   06FB 00                 1832 	.db #0x00	; 0
   06FC 00                 1833 	.db #0x00	; 0
   06FD 00                 1834 	.db #0x00	; 0
   06FE 00                 1835 	.db #0x00	; 0
   06FF 00                 1836 	.db #0x00	; 0
   0700 00                 1837 	.db #0x00	; 0
   0701 00                 1838 	.db #0x00	; 0
   0702 00                 1839 	.db #0x00	; 0
   0703 00                 1840 	.db #0x00	; 0
   0704 00                 1841 	.db #0x00	; 0
   0705 00                 1842 	.db #0x00	; 0
   0706 00                 1843 	.db #0x00	; 0
   0707 00                 1844 	.db #0x00	; 0
   0708 00                 1845 	.db #0x00	; 0
   0709 00                 1846 	.db #0x00	; 0
   070A 00                 1847 	.db #0x00	; 0
   070B 00                 1848 	.db #0x00	; 0
   070C 00                 1849 	.db #0x00	; 0
   070D 00                 1850 	.db #0x00	; 0
   070E 00                 1851 	.db #0x00	; 0
   070F 00                 1852 	.db #0x00	; 0
   0710 00                 1853 	.db #0x00	; 0
   0711 00                 1854 	.db #0x00	; 0
   0712 00                 1855 	.db #0x00	; 0
   0713 00                 1856 	.db #0x00	; 0
   0714 00                 1857 	.db #0x00	; 0
   0715 00                 1858 	.db #0x00	; 0
   0716 00                 1859 	.db #0x00	; 0
   0717 00                 1860 	.db #0x00	; 0
   0718 00                 1861 	.db #0x00	; 0
   0719 00                 1862 	.db #0x00	; 0
   071A 00                 1863 	.db #0x00	; 0
   071B 00                 1864 	.db #0x00	; 0
   071C 00                 1865 	.db #0x00	; 0
   071D 00                 1866 	.db #0x00	; 0
   071E 00                 1867 	.db #0x00	; 0
   071F 00                 1868 	.db #0x00	; 0
   0720 00                 1869 	.db #0x00	; 0
   0721 00                 1870 	.db #0x00	; 0
   0722 00                 1871 	.db #0x00	; 0
   0723 00                 1872 	.db #0x00	; 0
   0724 00                 1873 	.db #0x00	; 0
   0725 00                 1874 	.db #0x00	; 0
   0726 00                 1875 	.db #0x00	; 0
   0727 00                 1876 	.db #0x00	; 0
   0728 00                 1877 	.db #0x00	; 0
   0729 00                 1878 	.db #0x00	; 0
   072A 00                 1879 	.db #0x00	; 0
   072B 00                 1880 	.db #0x00	; 0
   072C 00                 1881 	.db #0x00	; 0
   072D 00                 1882 	.db #0x00	; 0
   072E 00                 1883 	.db #0x00	; 0
   072F 00                 1884 	.db #0x00	; 0
   0730 01                 1885 	.db #0x01	; 1
   0731 09                 1886 	.db #0x09	; 9
   0732 02                 1887 	.db #0x02	; 2
   0733 01                 1888 	.db #0x01	; 1
   0734 09                 1889 	.db #0x09	; 9
   0735 02                 1890 	.db #0x02	; 2
   0736 01                 1891 	.db #0x01	; 1
   0737 09                 1892 	.db #0x09	; 9
   0738 02                 1893 	.db #0x02	; 2
   0739 01                 1894 	.db #0x01	; 1
   073A 09                 1895 	.db #0x09	; 9
   073B 02                 1896 	.db #0x02	; 2
   073C 01                 1897 	.db #0x01	; 1
   073D 09                 1898 	.db #0x09	; 9
   073E 02                 1899 	.db #0x02	; 2
   073F 01                 1900 	.db #0x01	; 1
   0740 09                 1901 	.db #0x09	; 9
   0741 02                 1902 	.db #0x02	; 2
   0742 01                 1903 	.db #0x01	; 1
   0743 09                 1904 	.db #0x09	; 9
   0744 02                 1905 	.db #0x02	; 2
   0745 01                 1906 	.db #0x01	; 1
   0746 09                 1907 	.db #0x09	; 9
   0747 02                 1908 	.db #0x02	; 2
   0748 01                 1909 	.db #0x01	; 1
   0749 09                 1910 	.db #0x09	; 9
   074A 02                 1911 	.db #0x02	; 2
   074B 01                 1912 	.db #0x01	; 1
   074C 09                 1913 	.db #0x09	; 9
   074D 02                 1914 	.db #0x02	; 2
   074E 01                 1915 	.db #0x01	; 1
   074F 09                 1916 	.db #0x09	; 9
   0750 02                 1917 	.db #0x02	; 2
   0751 01                 1918 	.db #0x01	; 1
   0752 09                 1919 	.db #0x09	; 9
   0753 02                 1920 	.db #0x02	; 2
   0754 01                 1921 	.db #0x01	; 1
   0755 09                 1922 	.db #0x09	; 9
   0756 02                 1923 	.db #0x02	; 2
   0757 01                 1924 	.db #0x01	; 1
   0758 0A                 1925 	.db #0x0a	; 10
   0759 05                 1926 	.db #0x05	; 5
   075A 10                 1927 	.db #0x10	; 16
   075B 0A                 1928 	.db #0x0a	; 10
   075C 05                 1929 	.db #0x05	; 5
   075D 10                 1930 	.db #0x10	; 16
   075E 0A                 1931 	.db #0x0a	; 10
   075F 05                 1932 	.db #0x05	; 5
   0760 10                 1933 	.db #0x10	; 16
   0761 0A                 1934 	.db #0x0a	; 10
   0762 05                 1935 	.db #0x05	; 5
   0763 10                 1936 	.db #0x10	; 16
   0764 0A                 1937 	.db #0x0a	; 10
   0765 05                 1938 	.db #0x05	; 5
   0766 10                 1939 	.db #0x10	; 16
   0767 0A                 1940 	.db #0x0a	; 10
   0768 05                 1941 	.db #0x05	; 5
   0769 10                 1942 	.db #0x10	; 16
   076A 0A                 1943 	.db #0x0a	; 10
   076B 05                 1944 	.db #0x05	; 5
   076C 10                 1945 	.db #0x10	; 16
   076D 0A                 1946 	.db #0x0a	; 10
   076E 05                 1947 	.db #0x05	; 5
   076F 10                 1948 	.db #0x10	; 16
   0770 0A                 1949 	.db #0x0a	; 10
   0771 05                 1950 	.db #0x05	; 5
   0772 10                 1951 	.db #0x10	; 16
   0773 0A                 1952 	.db #0x0a	; 10
   0774 05                 1953 	.db #0x05	; 5
   0775 10                 1954 	.db #0x10	; 16
   0776 0A                 1955 	.db #0x0a	; 10
   0777 05                 1956 	.db #0x05	; 5
   0778 10                 1957 	.db #0x10	; 16
   0779 0A                 1958 	.db #0x0a	; 10
   077A 05                 1959 	.db #0x05	; 5
   077B 10                 1960 	.db #0x10	; 16
   077C 0A                 1961 	.db #0x0a	; 10
   077D 05                 1962 	.db #0x05	; 5
   077E 10                 1963 	.db #0x10	; 16
   077F 0A                 1964 	.db #0x0a	; 10
   0780 04                 1965 	.db #0x04	; 4
   0781 08                 1966 	.db #0x08	; 8
   0782 03                 1967 	.db #0x03	; 3
   0783 04                 1968 	.db #0x04	; 4
   0784 08                 1969 	.db #0x08	; 8
   0785 03                 1970 	.db #0x03	; 3
   0786 04                 1971 	.db #0x04	; 4
   0787 08                 1972 	.db #0x08	; 8
   0788 03                 1973 	.db #0x03	; 3
   0789 04                 1974 	.db #0x04	; 4
   078A 08                 1975 	.db #0x08	; 8
   078B 03                 1976 	.db #0x03	; 3
   078C 04                 1977 	.db #0x04	; 4
   078D 08                 1978 	.db #0x08	; 8
   078E 03                 1979 	.db #0x03	; 3
   078F 04                 1980 	.db #0x04	; 4
   0790 08                 1981 	.db #0x08	; 8
   0791 03                 1982 	.db #0x03	; 3
   0792 04                 1983 	.db #0x04	; 4
   0793 08                 1984 	.db #0x08	; 8
   0794 03                 1985 	.db #0x03	; 3
   0795 04                 1986 	.db #0x04	; 4
   0796 08                 1987 	.db #0x08	; 8
   0797 03                 1988 	.db #0x03	; 3
   0798 04                 1989 	.db #0x04	; 4
   0799 08                 1990 	.db #0x08	; 8
   079A 03                 1991 	.db #0x03	; 3
   079B 04                 1992 	.db #0x04	; 4
   079C 08                 1993 	.db #0x08	; 8
   079D 03                 1994 	.db #0x03	; 3
   079E 04                 1995 	.db #0x04	; 4
   079F 08                 1996 	.db #0x08	; 8
   07A0 03                 1997 	.db #0x03	; 3
   07A1 04                 1998 	.db #0x04	; 4
   07A2 08                 1999 	.db #0x08	; 8
   07A3 03                 2000 	.db #0x03	; 3
   07A4 04                 2001 	.db #0x04	; 4
   07A5 08                 2002 	.db #0x08	; 8
   07A6 03                 2003 	.db #0x03	; 3
   07A7 04                 2004 	.db #0x04	; 4
   07A8 00                 2005 	.db #0x00	; 0
   07A9 00                 2006 	.db #0x00	; 0
   07AA 00                 2007 	.db #0x00	; 0
   07AB 00                 2008 	.db #0x00	; 0
   07AC 00                 2009 	.db #0x00	; 0
   07AD 00                 2010 	.db #0x00	; 0
   07AE 00                 2011 	.db #0x00	; 0
   07AF 00                 2012 	.db #0x00	; 0
   07B0 00                 2013 	.db #0x00	; 0
   07B1 00                 2014 	.db #0x00	; 0
   07B2 00                 2015 	.db #0x00	; 0
   07B3 00                 2016 	.db #0x00	; 0
   07B4 00                 2017 	.db #0x00	; 0
   07B5 00                 2018 	.db #0x00	; 0
   07B6 00                 2019 	.db #0x00	; 0
   07B7 00                 2020 	.db #0x00	; 0
   07B8 00                 2021 	.db #0x00	; 0
   07B9 00                 2022 	.db #0x00	; 0
   07BA 00                 2023 	.db #0x00	; 0
   07BB 00                 2024 	.db #0x00	; 0
   07BC 00                 2025 	.db #0x00	; 0
   07BD 00                 2026 	.db #0x00	; 0
   07BE 00                 2027 	.db #0x00	; 0
   07BF 00                 2028 	.db #0x00	; 0
   07C0 00                 2029 	.db #0x00	; 0
   07C1 00                 2030 	.db #0x00	; 0
   07C2 00                 2031 	.db #0x00	; 0
   07C3 00                 2032 	.db #0x00	; 0
   07C4 00                 2033 	.db #0x00	; 0
   07C5 00                 2034 	.db #0x00	; 0
   07C6 00                 2035 	.db #0x00	; 0
   07C7 00                 2036 	.db #0x00	; 0
   07C8 00                 2037 	.db #0x00	; 0
   07C9 00                 2038 	.db #0x00	; 0
   07CA 00                 2039 	.db #0x00	; 0
   07CB 00                 2040 	.db #0x00	; 0
   07CC 00                 2041 	.db #0x00	; 0
   07CD 00                 2042 	.db #0x00	; 0
   07CE 00                 2043 	.db #0x00	; 0
   07CF 00                 2044 	.db #0x00	; 0
                           2045 	.area _INITIALIZER
                           2046 	.area _CABS (ABS)
