                              1 ;--------------------------------------------------------
                              2 ; File Created by SDCC : free open source ANSI-C Compiler
                              3 ; Version 3.6.8 #9946 (Mac OS X x86_64)
                              4 ;--------------------------------------------------------
                              5 	.module bala
                              6 	.optsdcc -mz80
                              7 	
                              8 ;--------------------------------------------------------
                              9 ; Public variables in this module
                             10 ;--------------------------------------------------------
                             11 	.globl _bala_sp
                             12 	.globl _bala_pal
                             13 ;--------------------------------------------------------
                             14 ; special function registers
                             15 ;--------------------------------------------------------
                             16 ;--------------------------------------------------------
                             17 ; ram data
                             18 ;--------------------------------------------------------
                             19 	.area _DATA
                             20 ;--------------------------------------------------------
                             21 ; ram data
                             22 ;--------------------------------------------------------
                             23 	.area _INITIALIZED
                             24 ;--------------------------------------------------------
                             25 ; absolute external ram data
                             26 ;--------------------------------------------------------
                             27 	.area _DABS (ABS)
                             28 ;--------------------------------------------------------
                             29 ; global & static initialisations
                             30 ;--------------------------------------------------------
                             31 	.area _HOME
                             32 	.area _GSINIT
                             33 	.area _GSFINAL
                             34 	.area _GSINIT
                             35 ;--------------------------------------------------------
                             36 ; Home
                             37 ;--------------------------------------------------------
                             38 	.area _HOME
                             39 	.area _HOME
                             40 ;--------------------------------------------------------
                             41 ; code
                             42 ;--------------------------------------------------------
                             43 	.area _CODE
                             44 	.area _CODE
   0000                      45 _bala_pal:
   0000 54                   46 	.db #0x54	; 84	'T'
   0001 44                   47 	.db #0x44	; 68	'D'
   0002 55                   48 	.db #0x55	; 85	'U'
   0003 5C                   49 	.db #0x5c	; 92
   0004 58                   50 	.db #0x58	; 88	'X'
   0005 5D                   51 	.db #0x5d	; 93
   0006 4C                   52 	.db #0x4c	; 76	'L'
   0007 45                   53 	.db #0x45	; 69	'E'
   0008 4D                   54 	.db #0x4d	; 77	'M'
   0009 5E                   55 	.db #0x5e	; 94
   000A 40                   56 	.db #0x40	; 64
   000B 5F                   57 	.db #0x5f	; 95
   000C 4E                   58 	.db #0x4e	; 78	'N'
   000D 47                   59 	.db #0x47	; 71	'G'
   000E 4F                   60 	.db #0x4f	; 79	'O'
   000F 53                   61 	.db #0x53	; 83	'S'
   0010                      62 _bala_sp:
   0010 00                   63 	.db #0x00	; 0
   0011 00                   64 	.db #0x00	; 0
   0012 0F                   65 	.db #0x0f	; 15
   0013 00                   66 	.db #0x00	; 0
   0014 00                   67 	.db #0x00	; 0
   0015 00                   68 	.db #0x00	; 0
   0016 00                   69 	.db #0x00	; 0
   0017 0F                   70 	.db #0x0f	; 15
   0018 00                   71 	.db #0x00	; 0
   0019 00                   72 	.db #0x00	; 0
   001A 00                   73 	.db #0x00	; 0
   001B 05                   74 	.db #0x05	; 5
   001C 33                   75 	.db #0x33	; 51	'3'
   001D 0A                   76 	.db #0x0a	; 10
   001E 00                   77 	.db #0x00	; 0
   001F 00                   78 	.db #0x00	; 0
   0020 1B                   79 	.db #0x1b	; 27
   0021 33                   80 	.db #0x33	; 51	'3'
   0022 27                   81 	.db #0x27	; 39
   0023 00                   82 	.db #0x00	; 0
   0024 00                   83 	.db #0x00	; 0
   0025 11                   84 	.db #0x11	; 17
   0026 33                   85 	.db #0x33	; 51	'3'
   0027 22                   86 	.db #0x22	; 34
   0028 00                   87 	.db #0x00	; 0
   0029 05                   88 	.db #0x05	; 5
   002A 22                   89 	.db #0x22	; 34
   002B 00                   90 	.db #0x00	; 0
   002C 11                   91 	.db #0x11	; 17
   002D 0A                   92 	.db #0x0a	; 10
   002E 05                   93 	.db #0x05	; 5
   002F 33                   94 	.db #0x33	; 51	'3'
   0030 33                   95 	.db #0x33	; 51	'3'
   0031 33                   96 	.db #0x33	; 51	'3'
   0032 0A                   97 	.db #0x0a	; 10
   0033 05                   98 	.db #0x05	; 5
   0034 33                   99 	.db #0x33	; 51	'3'
   0035 33                  100 	.db #0x33	; 51	'3'
   0036 33                  101 	.db #0x33	; 51	'3'
   0037 0A                  102 	.db #0x0a	; 10
   0038 05                  103 	.db #0x05	; 5
   0039 33                  104 	.db #0x33	; 51	'3'
   003A 33                  105 	.db #0x33	; 51	'3'
   003B 33                  106 	.db #0x33	; 51	'3'
   003C 0A                  107 	.db #0x0a	; 10
   003D 00                  108 	.db #0x00	; 0
   003E 1B                  109 	.db #0x1b	; 27
   003F 33                  110 	.db #0x33	; 51	'3'
   0040 27                  111 	.db #0x27	; 39
   0041 00                  112 	.db #0x00	; 0
   0042 05                  113 	.db #0x05	; 5
   0043 0F                  114 	.db #0x0f	; 15
   0044 0F                  115 	.db #0x0f	; 15
   0045 0F                  116 	.db #0x0f	; 15
   0046 0A                  117 	.db #0x0a	; 10
   0047 00                  118 	.db #0x00	; 0
   0048 00                  119 	.db #0x00	; 0
   0049 00                  120 	.db #0x00	; 0
   004A 00                  121 	.db #0x00	; 0
   004B 00                  122 	.db #0x00	; 0
                            123 	.area _INITIALIZER
                            124 	.area _CABS (ABS)
