                              1 ;--------------------------------------------------------
                              2 ; File Created by SDCC : free open source ANSI-C Compiler
                              3 ; Version 3.6.8 #9946 (Mac OS X x86_64)
                              4 ;--------------------------------------------------------
                              5 	.module disparo
                              6 	.optsdcc -mz80
                              7 	
                              8 ;--------------------------------------------------------
                              9 ; Public variables in this module
                             10 ;--------------------------------------------------------
                             11 	.globl _disparo_sp_1
                             12 	.globl _disparo_sp_0
                             13 	.globl _disparo_pal
                             14 ;--------------------------------------------------------
                             15 ; special function registers
                             16 ;--------------------------------------------------------
                             17 ;--------------------------------------------------------
                             18 ; ram data
                             19 ;--------------------------------------------------------
                             20 	.area _DATA
                             21 ;--------------------------------------------------------
                             22 ; ram data
                             23 ;--------------------------------------------------------
                             24 	.area _INITIALIZED
                             25 ;--------------------------------------------------------
                             26 ; absolute external ram data
                             27 ;--------------------------------------------------------
                             28 	.area _DABS (ABS)
                             29 ;--------------------------------------------------------
                             30 ; global & static initialisations
                             31 ;--------------------------------------------------------
                             32 	.area _HOME
                             33 	.area _GSINIT
                             34 	.area _GSFINAL
                             35 	.area _GSINIT
                             36 ;--------------------------------------------------------
                             37 ; Home
                             38 ;--------------------------------------------------------
                             39 	.area _HOME
                             40 	.area _HOME
                             41 ;--------------------------------------------------------
                             42 ; code
                             43 ;--------------------------------------------------------
                             44 	.area _CODE
                             45 	.area _CODE
   0000                      46 _disparo_pal:
   0000 54                   47 	.db #0x54	; 84	'T'
   0001 44                   48 	.db #0x44	; 68	'D'
   0002 55                   49 	.db #0x55	; 85	'U'
   0003 5C                   50 	.db #0x5c	; 92
   0004 58                   51 	.db #0x58	; 88	'X'
   0005 5D                   52 	.db #0x5d	; 93
   0006 4C                   53 	.db #0x4c	; 76	'L'
   0007 45                   54 	.db #0x45	; 69	'E'
   0008 4D                   55 	.db #0x4d	; 77	'M'
   0009 5E                   56 	.db #0x5e	; 94
   000A 40                   57 	.db #0x40	; 64
   000B 5F                   58 	.db #0x5f	; 95
   000C 4E                   59 	.db #0x4e	; 78	'N'
   000D 47                   60 	.db #0x47	; 71	'G'
   000E 4F                   61 	.db #0x4f	; 79	'O'
   000F 53                   62 	.db #0x53	; 83	'S'
   0010                      63 _disparo_sp_0:
   0010 00                   64 	.db #0x00	; 0
   0011 00                   65 	.db #0x00	; 0
   0012 00                   66 	.db #0x00	; 0
   0013 00                   67 	.db #0x00	; 0
   0014 33                   68 	.db #0x33	; 51	'3'
   0015 33                   69 	.db #0x33	; 51	'3'
   0016 22                   70 	.db #0x22	; 34
   0017 00                   71 	.db #0x00	; 0
   0018 36                   72 	.db #0x36	; 54	'6'
   0019 3C                   73 	.db #0x3c	; 60
   001A 28                   74 	.db #0x28	; 40
   001B 00                   75 	.db #0x00	; 0
   001C 36                   76 	.db #0x36	; 54	'6'
   001D 3C                   77 	.db #0x3c	; 60
   001E 28                   78 	.db #0x28	; 40
   001F 00                   79 	.db #0x00	; 0
   0020 33                   80 	.db #0x33	; 51	'3'
   0021 33                   81 	.db #0x33	; 51	'3'
   0022 22                   82 	.db #0x22	; 34
   0023 00                   83 	.db #0x00	; 0
   0024 00                   84 	.db #0x00	; 0
   0025 00                   85 	.db #0x00	; 0
   0026 00                   86 	.db #0x00	; 0
   0027 00                   87 	.db #0x00	; 0
   0028                      88 _disparo_sp_1:
   0028 00                   89 	.db #0x00	; 0
   0029 00                   90 	.db #0x00	; 0
   002A 00                   91 	.db #0x00	; 0
   002B 00                   92 	.db #0x00	; 0
   002C 00                   93 	.db #0x00	; 0
   002D 11                   94 	.db #0x11	; 17
   002E 33                   95 	.db #0x33	; 51	'3'
   002F 33                   96 	.db #0x33	; 51	'3'
   0030 00                   97 	.db #0x00	; 0
   0031 14                   98 	.db #0x14	; 20
   0032 3C                   99 	.db #0x3c	; 60
   0033 39                  100 	.db #0x39	; 57	'9'
   0034 00                  101 	.db #0x00	; 0
   0035 14                  102 	.db #0x14	; 20
   0036 3C                  103 	.db #0x3c	; 60
   0037 39                  104 	.db #0x39	; 57	'9'
   0038 00                  105 	.db #0x00	; 0
   0039 11                  106 	.db #0x11	; 17
   003A 33                  107 	.db #0x33	; 51	'3'
   003B 33                  108 	.db #0x33	; 51	'3'
   003C 00                  109 	.db #0x00	; 0
   003D 00                  110 	.db #0x00	; 0
   003E 00                  111 	.db #0x00	; 0
   003F 00                  112 	.db #0x00	; 0
                            113 	.area _INITIALIZER
                            114 	.area _CABS (ABS)
