                              1 ;--------------------------------------------------------
                              2 ; File Created by SDCC : free open source ANSI-C Compiler
                              3 ; Version 3.6.8 #9946 (Mac OS X x86_64)
                              4 ;--------------------------------------------------------
                              5 	.module fondo1
                              6 	.optsdcc -mz80
                              7 	
                              8 ;--------------------------------------------------------
                              9 ; Public variables in this module
                             10 ;--------------------------------------------------------
                             11 	.globl _fondo1_sp
                             12 	.globl _fondo1_pal
                             13 ;--------------------------------------------------------
                             14 ; special function registers
                             15 ;--------------------------------------------------------
                             16 ;--------------------------------------------------------
                             17 ; ram data
                             18 ;--------------------------------------------------------
                             19 	.area _DATA
                             20 ;--------------------------------------------------------
                             21 ; ram data
                             22 ;--------------------------------------------------------
                             23 	.area _INITIALIZED
                             24 ;--------------------------------------------------------
                             25 ; absolute external ram data
                             26 ;--------------------------------------------------------
                             27 	.area _DABS (ABS)
                             28 ;--------------------------------------------------------
                             29 ; global & static initialisations
                             30 ;--------------------------------------------------------
                             31 	.area _HOME
                             32 	.area _GSINIT
                             33 	.area _GSFINAL
                             34 	.area _GSINIT
                             35 ;--------------------------------------------------------
                             36 ; Home
                             37 ;--------------------------------------------------------
                             38 	.area _HOME
                             39 	.area _HOME
                             40 ;--------------------------------------------------------
                             41 ; code
                             42 ;--------------------------------------------------------
                             43 	.area _CODE
                             44 	.area _CODE
   0000                      45 _fondo1_pal:
   0000 54                   46 	.db #0x54	; 84	'T'
   0001 44                   47 	.db #0x44	; 68	'D'
   0002 55                   48 	.db #0x55	; 85	'U'
   0003 5C                   49 	.db #0x5c	; 92
   0004 58                   50 	.db #0x58	; 88	'X'
   0005 5D                   51 	.db #0x5d	; 93
   0006 4C                   52 	.db #0x4c	; 76	'L'
   0007 45                   53 	.db #0x45	; 69	'E'
   0008 4D                   54 	.db #0x4d	; 77	'M'
   0009 5E                   55 	.db #0x5e	; 94
   000A 40                   56 	.db #0x40	; 64
   000B 5F                   57 	.db #0x5f	; 95
   000C 4E                   58 	.db #0x4e	; 78	'N'
   000D 47                   59 	.db #0x47	; 71	'G'
   000E 4F                   60 	.db #0x4f	; 79	'O'
   000F 53                   61 	.db #0x53	; 83	'S'
   0010                      62 _fondo1_sp:
   0010 00                   63 	.db #0x00	; 0
   0011 00                   64 	.db #0x00	; 0
   0012 00                   65 	.db #0x00	; 0
   0013 00                   66 	.db #0x00	; 0
   0014 00                   67 	.db #0x00	; 0
   0015 00                   68 	.db #0x00	; 0
   0016 00                   69 	.db #0x00	; 0
   0017 00                   70 	.db #0x00	; 0
   0018 00                   71 	.db #0x00	; 0
   0019 00                   72 	.db #0x00	; 0
   001A 00                   73 	.db #0x00	; 0
   001B 00                   74 	.db #0x00	; 0
   001C 00                   75 	.db #0x00	; 0
   001D 00                   76 	.db #0x00	; 0
   001E 00                   77 	.db #0x00	; 0
   001F 00                   78 	.db #0x00	; 0
   0020 00                   79 	.db #0x00	; 0
   0021 00                   80 	.db #0x00	; 0
   0022 00                   81 	.db #0x00	; 0
   0023 00                   82 	.db #0x00	; 0
   0024 00                   83 	.db #0x00	; 0
   0025 00                   84 	.db #0x00	; 0
   0026 00                   85 	.db #0x00	; 0
   0027 00                   86 	.db #0x00	; 0
   0028 00                   87 	.db #0x00	; 0
   0029 00                   88 	.db #0x00	; 0
   002A 00                   89 	.db #0x00	; 0
   002B 00                   90 	.db #0x00	; 0
   002C 00                   91 	.db #0x00	; 0
   002D 00                   92 	.db #0x00	; 0
   002E 00                   93 	.db #0x00	; 0
   002F 00                   94 	.db #0x00	; 0
   0030 00                   95 	.db #0x00	; 0
   0031 00                   96 	.db #0x00	; 0
   0032 00                   97 	.db #0x00	; 0
   0033 00                   98 	.db #0x00	; 0
   0034 00                   99 	.db #0x00	; 0
   0035 00                  100 	.db #0x00	; 0
   0036 00                  101 	.db #0x00	; 0
   0037 00                  102 	.db #0x00	; 0
   0038 00                  103 	.db #0x00	; 0
   0039 00                  104 	.db #0x00	; 0
   003A 00                  105 	.db #0x00	; 0
   003B 00                  106 	.db #0x00	; 0
   003C 00                  107 	.db #0x00	; 0
   003D 00                  108 	.db #0x00	; 0
   003E 00                  109 	.db #0x00	; 0
   003F 00                  110 	.db #0x00	; 0
   0040 00                  111 	.db #0x00	; 0
   0041 00                  112 	.db #0x00	; 0
   0042 00                  113 	.db #0x00	; 0
   0043 00                  114 	.db #0x00	; 0
   0044 00                  115 	.db #0x00	; 0
   0045 00                  116 	.db #0x00	; 0
   0046 00                  117 	.db #0x00	; 0
   0047 00                  118 	.db #0x00	; 0
   0048 00                  119 	.db #0x00	; 0
   0049 00                  120 	.db #0x00	; 0
   004A 00                  121 	.db #0x00	; 0
   004B 00                  122 	.db #0x00	; 0
   004C 00                  123 	.db #0x00	; 0
   004D 00                  124 	.db #0x00	; 0
   004E 00                  125 	.db #0x00	; 0
   004F 00                  126 	.db #0x00	; 0
   0050 00                  127 	.db #0x00	; 0
   0051 00                  128 	.db #0x00	; 0
   0052 00                  129 	.db #0x00	; 0
   0053 00                  130 	.db #0x00	; 0
   0054 00                  131 	.db #0x00	; 0
   0055 00                  132 	.db #0x00	; 0
   0056 00                  133 	.db #0x00	; 0
   0057 00                  134 	.db #0x00	; 0
   0058 00                  135 	.db #0x00	; 0
   0059 00                  136 	.db #0x00	; 0
   005A 00                  137 	.db #0x00	; 0
   005B 00                  138 	.db #0x00	; 0
   005C 00                  139 	.db #0x00	; 0
   005D 00                  140 	.db #0x00	; 0
   005E 00                  141 	.db #0x00	; 0
   005F 00                  142 	.db #0x00	; 0
   0060 00                  143 	.db #0x00	; 0
   0061 00                  144 	.db #0x00	; 0
   0062 00                  145 	.db #0x00	; 0
   0063 00                  146 	.db #0x00	; 0
   0064 00                  147 	.db #0x00	; 0
   0065 00                  148 	.db #0x00	; 0
   0066 00                  149 	.db #0x00	; 0
   0067 00                  150 	.db #0x00	; 0
   0068 00                  151 	.db #0x00	; 0
   0069 00                  152 	.db #0x00	; 0
   006A 00                  153 	.db #0x00	; 0
   006B 00                  154 	.db #0x00	; 0
   006C 00                  155 	.db #0x00	; 0
   006D 00                  156 	.db #0x00	; 0
   006E 00                  157 	.db #0x00	; 0
   006F 00                  158 	.db #0x00	; 0
   0070 00                  159 	.db #0x00	; 0
   0071 00                  160 	.db #0x00	; 0
   0072 00                  161 	.db #0x00	; 0
   0073 00                  162 	.db #0x00	; 0
   0074 00                  163 	.db #0x00	; 0
   0075 00                  164 	.db #0x00	; 0
   0076 00                  165 	.db #0x00	; 0
   0077 00                  166 	.db #0x00	; 0
   0078 00                  167 	.db #0x00	; 0
   0079 00                  168 	.db #0x00	; 0
   007A 00                  169 	.db #0x00	; 0
   007B 00                  170 	.db #0x00	; 0
   007C 00                  171 	.db #0x00	; 0
   007D 00                  172 	.db #0x00	; 0
   007E 00                  173 	.db #0x00	; 0
   007F 00                  174 	.db #0x00	; 0
   0080 00                  175 	.db #0x00	; 0
   0081 00                  176 	.db #0x00	; 0
   0082 00                  177 	.db #0x00	; 0
   0083 00                  178 	.db #0x00	; 0
   0084 00                  179 	.db #0x00	; 0
   0085 00                  180 	.db #0x00	; 0
   0086 00                  181 	.db #0x00	; 0
   0087 00                  182 	.db #0x00	; 0
   0088 00                  183 	.db #0x00	; 0
   0089 00                  184 	.db #0x00	; 0
   008A 00                  185 	.db #0x00	; 0
   008B 00                  186 	.db #0x00	; 0
   008C 00                  187 	.db #0x00	; 0
   008D 00                  188 	.db #0x00	; 0
   008E 00                  189 	.db #0x00	; 0
   008F 00                  190 	.db #0x00	; 0
   0090 00                  191 	.db #0x00	; 0
   0091 00                  192 	.db #0x00	; 0
   0092 00                  193 	.db #0x00	; 0
   0093 00                  194 	.db #0x00	; 0
   0094 00                  195 	.db #0x00	; 0
   0095 00                  196 	.db #0x00	; 0
   0096 00                  197 	.db #0x00	; 0
   0097 00                  198 	.db #0x00	; 0
   0098 00                  199 	.db #0x00	; 0
   0099 00                  200 	.db #0x00	; 0
   009A 00                  201 	.db #0x00	; 0
   009B 00                  202 	.db #0x00	; 0
   009C 00                  203 	.db #0x00	; 0
   009D 00                  204 	.db #0x00	; 0
   009E 00                  205 	.db #0x00	; 0
   009F 00                  206 	.db #0x00	; 0
   00A0 00                  207 	.db #0x00	; 0
   00A1 00                  208 	.db #0x00	; 0
   00A2 00                  209 	.db #0x00	; 0
   00A3 00                  210 	.db #0x00	; 0
   00A4 00                  211 	.db #0x00	; 0
   00A5 00                  212 	.db #0x00	; 0
   00A6 00                  213 	.db #0x00	; 0
   00A7 00                  214 	.db #0x00	; 0
   00A8 00                  215 	.db #0x00	; 0
   00A9 00                  216 	.db #0x00	; 0
   00AA 00                  217 	.db #0x00	; 0
   00AB 00                  218 	.db #0x00	; 0
   00AC 00                  219 	.db #0x00	; 0
   00AD 00                  220 	.db #0x00	; 0
   00AE 00                  221 	.db #0x00	; 0
   00AF 00                  222 	.db #0x00	; 0
                            223 	.area _INITIALIZER
                            224 	.area _CABS (ABS)
