                              1 ;--------------------------------------------------------
                              2 ; File Created by SDCC : free open source ANSI-C Compiler
                              3 ; Version 3.6.8 #9946 (Mac OS X x86_64)
                              4 ;--------------------------------------------------------
                              5 	.module GameOver
                              6 	.optsdcc -mz80
                              7 	
                              8 ;--------------------------------------------------------
                              9 ; Public variables in this module
                             10 ;--------------------------------------------------------
                             11 	.globl _GameOver_sp
                             12 	.globl _GameOver_pal
                             13 ;--------------------------------------------------------
                             14 ; special function registers
                             15 ;--------------------------------------------------------
                             16 ;--------------------------------------------------------
                             17 ; ram data
                             18 ;--------------------------------------------------------
                             19 	.area _DATA
                             20 ;--------------------------------------------------------
                             21 ; ram data
                             22 ;--------------------------------------------------------
                             23 	.area _INITIALIZED
                             24 ;--------------------------------------------------------
                             25 ; absolute external ram data
                             26 ;--------------------------------------------------------
                             27 	.area _DABS (ABS)
                             28 ;--------------------------------------------------------
                             29 ; global & static initialisations
                             30 ;--------------------------------------------------------
                             31 	.area _HOME
                             32 	.area _GSINIT
                             33 	.area _GSFINAL
                             34 	.area _GSINIT
                             35 ;--------------------------------------------------------
                             36 ; Home
                             37 ;--------------------------------------------------------
                             38 	.area _HOME
                             39 	.area _HOME
                             40 ;--------------------------------------------------------
                             41 ; code
                             42 ;--------------------------------------------------------
                             43 	.area _CODE
                             44 	.area _CODE
   0000                      45 _GameOver_pal:
   0000 54                   46 	.db #0x54	; 84	'T'
   0001 44                   47 	.db #0x44	; 68	'D'
   0002 55                   48 	.db #0x55	; 85	'U'
   0003 5C                   49 	.db #0x5c	; 92
   0004 58                   50 	.db #0x58	; 88	'X'
   0005 5D                   51 	.db #0x5d	; 93
   0006 4C                   52 	.db #0x4c	; 76	'L'
   0007 45                   53 	.db #0x45	; 69	'E'
   0008 4D                   54 	.db #0x4d	; 77	'M'
   0009 5E                   55 	.db #0x5e	; 94
   000A 40                   56 	.db #0x40	; 64
   000B 5F                   57 	.db #0x5f	; 95
   000C 4E                   58 	.db #0x4e	; 78	'N'
   000D 47                   59 	.db #0x47	; 71	'G'
   000E 4F                   60 	.db #0x4f	; 79	'O'
   000F 53                   61 	.db #0x53	; 83	'S'
   0010                      62 _GameOver_sp:
   0010 00                   63 	.db #0x00	; 0
   0011 00                   64 	.db #0x00	; 0
   0012 00                   65 	.db #0x00	; 0
   0013 00                   66 	.db #0x00	; 0
   0014 00                   67 	.db #0x00	; 0
   0015 10                   68 	.db #0x10	; 16
   0016 30                   69 	.db #0x30	; 48	'0'
   0017 30                   70 	.db #0x30	; 48	'0'
   0018 20                   71 	.db #0x20	; 32
   0019 00                   72 	.db #0x00	; 0
   001A 00                   73 	.db #0x00	; 0
   001B 30                   74 	.db #0x30	; 48	'0'
   001C 30                   75 	.db #0x30	; 48	'0'
   001D 20                   76 	.db #0x20	; 32
   001E 00                   77 	.db #0x00	; 0
   001F 00                   78 	.db #0x00	; 0
   0020 30                   79 	.db #0x30	; 48	'0'
   0021 20                   80 	.db #0x20	; 32
   0022 10                   81 	.db #0x10	; 16
   0023 30                   82 	.db #0x30	; 48	'0'
   0024 00                   83 	.db #0x00	; 0
   0025 10                   84 	.db #0x10	; 16
   0026 30                   85 	.db #0x30	; 48	'0'
   0027 30                   86 	.db #0x30	; 48	'0'
   0028 30                   87 	.db #0x30	; 48	'0'
   0029 00                   88 	.db #0x00	; 0
   002A 00                   89 	.db #0x00	; 0
   002B 00                   90 	.db #0x00	; 0
   002C 00                   91 	.db #0x00	; 0
   002D 00                   92 	.db #0x00	; 0
   002E 00                   93 	.db #0x00	; 0
   002F 00                   94 	.db #0x00	; 0
   0030 00                   95 	.db #0x00	; 0
   0031 00                   96 	.db #0x00	; 0
   0032 00                   97 	.db #0x00	; 0
   0033 30                   98 	.db #0x30	; 48	'0'
   0034 0F                   99 	.db #0x0f	; 15
   0035 0F                  100 	.db #0x0f	; 15
   0036 20                  101 	.db #0x20	; 32
   0037 00                  102 	.db #0x00	; 0
   0038 10                  103 	.db #0x10	; 16
   0039 25                  104 	.db #0x25	; 37
   003A 0F                  105 	.db #0x0f	; 15
   003B 30                  106 	.db #0x30	; 48	'0'
   003C 00                  107 	.db #0x00	; 0
   003D 10                  108 	.db #0x10	; 16
   003E 25                  109 	.db #0x25	; 37
   003F 1A                  110 	.db #0x1a	; 26
   0040 25                  111 	.db #0x25	; 37
   0041 1A                  112 	.db #0x1a	; 26
   0042 20                  113 	.db #0x20	; 32
   0043 10                  114 	.db #0x10	; 16
   0044 0F                  115 	.db #0x0f	; 15
   0045 0F                  116 	.db #0x0f	; 15
   0046 1A                  117 	.db #0x1a	; 26
   0047 00                  118 	.db #0x00	; 0
   0048 00                  119 	.db #0x00	; 0
   0049 00                  120 	.db #0x00	; 0
   004A 00                  121 	.db #0x00	; 0
   004B 00                  122 	.db #0x00	; 0
   004C 00                  123 	.db #0x00	; 0
   004D 00                  124 	.db #0x00	; 0
   004E 00                  125 	.db #0x00	; 0
   004F 00                  126 	.db #0x00	; 0
   0050 00                  127 	.db #0x00	; 0
   0051 25                  128 	.db #0x25	; 37
   0052 0F                  129 	.db #0x0f	; 15
   0053 0F                  130 	.db #0x0f	; 15
   0054 20                  131 	.db #0x20	; 32
   0055 00                  132 	.db #0x00	; 0
   0056 10                  133 	.db #0x10	; 16
   0057 0F                  134 	.db #0x0f	; 15
   0058 0F                  135 	.db #0x0f	; 15
   0059 1A                  136 	.db #0x1a	; 26
   005A 00                  137 	.db #0x00	; 0
   005B 10                  138 	.db #0x10	; 16
   005C 0F                  139 	.db #0x0f	; 15
   005D 0F                  140 	.db #0x0f	; 15
   005E 0F                  141 	.db #0x0f	; 15
   005F 0F                  142 	.db #0x0f	; 15
   0060 20                  143 	.db #0x20	; 32
   0061 10                  144 	.db #0x10	; 16
   0062 0F                  145 	.db #0x0f	; 15
   0063 30                  146 	.db #0x30	; 48	'0'
   0064 30                  147 	.db #0x30	; 48	'0'
   0065 00                  148 	.db #0x00	; 0
   0066 00                  149 	.db #0x00	; 0
   0067 00                  150 	.db #0x00	; 0
   0068 00                  151 	.db #0x00	; 0
   0069 00                  152 	.db #0x00	; 0
   006A 00                  153 	.db #0x00	; 0
   006B 00                  154 	.db #0x00	; 0
   006C 00                  155 	.db #0x00	; 0
   006D 00                  156 	.db #0x00	; 0
   006E 00                  157 	.db #0x00	; 0
   006F 25                  158 	.db #0x25	; 37
   0070 1A                  159 	.db #0x1a	; 26
   0071 30                  160 	.db #0x30	; 48	'0'
   0072 20                  161 	.db #0x20	; 32
   0073 00                  162 	.db #0x00	; 0
   0074 25                  163 	.db #0x25	; 37
   0075 0F                  164 	.db #0x0f	; 15
   0076 25                  165 	.db #0x25	; 37
   0077 0F                  166 	.db #0x0f	; 15
   0078 20                  167 	.db #0x20	; 32
   0079 10                  168 	.db #0x10	; 16
   007A 0F                  169 	.db #0x0f	; 15
   007B 0F                  170 	.db #0x0f	; 15
   007C 0F                  171 	.db #0x0f	; 15
   007D 0F                  172 	.db #0x0f	; 15
   007E 20                  173 	.db #0x20	; 32
   007F 10                  174 	.db #0x10	; 16
   0080 0F                  175 	.db #0x0f	; 15
   0081 20                  176 	.db #0x20	; 32
   0082 00                  177 	.db #0x00	; 0
   0083 00                  178 	.db #0x00	; 0
   0084 00                  179 	.db #0x00	; 0
   0085 00                  180 	.db #0x00	; 0
   0086 00                  181 	.db #0x00	; 0
   0087 00                  182 	.db #0x00	; 0
   0088 00                  183 	.db #0x00	; 0
   0089 00                  184 	.db #0x00	; 0
   008A 00                  185 	.db #0x00	; 0
   008B 00                  186 	.db #0x00	; 0
   008C 00                  187 	.db #0x00	; 0
   008D 25                  188 	.db #0x25	; 37
   008E 1A                  189 	.db #0x1a	; 26
   008F 00                  190 	.db #0x00	; 0
   0090 00                  191 	.db #0x00	; 0
   0091 00                  192 	.db #0x00	; 0
   0092 25                  193 	.db #0x25	; 37
   0093 1A                  194 	.db #0x1a	; 26
   0094 10                  195 	.db #0x10	; 16
   0095 0F                  196 	.db #0x0f	; 15
   0096 20                  197 	.db #0x20	; 32
   0097 10                  198 	.db #0x10	; 16
   0098 0F                  199 	.db #0x0f	; 15
   0099 0F                  200 	.db #0x0f	; 15
   009A 0F                  201 	.db #0x0f	; 15
   009B 0F                  202 	.db #0x0f	; 15
   009C 20                  203 	.db #0x20	; 32
   009D 10                  204 	.db #0x10	; 16
   009E 0F                  205 	.db #0x0f	; 15
   009F 30                  206 	.db #0x30	; 48	'0'
   00A0 20                  207 	.db #0x20	; 32
   00A1 00                  208 	.db #0x00	; 0
   00A2 00                  209 	.db #0x00	; 0
   00A3 00                  210 	.db #0x00	; 0
   00A4 00                  211 	.db #0x00	; 0
   00A5 00                  212 	.db #0x00	; 0
   00A6 00                  213 	.db #0x00	; 0
   00A7 00                  214 	.db #0x00	; 0
   00A8 00                  215 	.db #0x00	; 0
   00A9 00                  216 	.db #0x00	; 0
   00AA 00                  217 	.db #0x00	; 0
   00AB 25                  218 	.db #0x25	; 37
   00AC 1A                  219 	.db #0x1a	; 26
   00AD 00                  220 	.db #0x00	; 0
   00AE 00                  221 	.db #0x00	; 0
   00AF 00                  222 	.db #0x00	; 0
   00B0 25                  223 	.db #0x25	; 37
   00B1 1A                  224 	.db #0x1a	; 26
   00B2 30                  225 	.db #0x30	; 48	'0'
   00B3 0F                  226 	.db #0x0f	; 15
   00B4 20                  227 	.db #0x20	; 32
   00B5 10                  228 	.db #0x10	; 16
   00B6 0F                  229 	.db #0x0f	; 15
   00B7 25                  230 	.db #0x25	; 37
   00B8 1A                  231 	.db #0x1a	; 26
   00B9 0F                  232 	.db #0x0f	; 15
   00BA 20                  233 	.db #0x20	; 32
   00BB 10                  234 	.db #0x10	; 16
   00BC 0F                  235 	.db #0x0f	; 15
   00BD 0F                  236 	.db #0x0f	; 15
   00BE 20                  237 	.db #0x20	; 32
   00BF 00                  238 	.db #0x00	; 0
   00C0 00                  239 	.db #0x00	; 0
   00C1 00                  240 	.db #0x00	; 0
   00C2 00                  241 	.db #0x00	; 0
   00C3 00                  242 	.db #0x00	; 0
   00C4 00                  243 	.db #0x00	; 0
   00C5 00                  244 	.db #0x00	; 0
   00C6 00                  245 	.db #0x00	; 0
   00C7 00                  246 	.db #0x00	; 0
   00C8 00                  247 	.db #0x00	; 0
   00C9 25                  248 	.db #0x25	; 37
   00CA 1A                  249 	.db #0x1a	; 26
   00CB 05                  250 	.db #0x05	; 5
   00CC 1A                  251 	.db #0x1a	; 26
   00CD 00                  252 	.db #0x00	; 0
   00CE 25                  253 	.db #0x25	; 37
   00CF 0F                  254 	.db #0x0f	; 15
   00D0 0F                  255 	.db #0x0f	; 15
   00D1 0F                  256 	.db #0x0f	; 15
   00D2 20                  257 	.db #0x20	; 32
   00D3 10                  258 	.db #0x10	; 16
   00D4 0F                  259 	.db #0x0f	; 15
   00D5 30                  260 	.db #0x30	; 48	'0'
   00D6 30                  261 	.db #0x30	; 48	'0'
   00D7 0F                  262 	.db #0x0f	; 15
   00D8 20                  263 	.db #0x20	; 32
   00D9 10                  264 	.db #0x10	; 16
   00DA 0F                  265 	.db #0x0f	; 15
   00DB 30                  266 	.db #0x30	; 48	'0'
   00DC 20                  267 	.db #0x20	; 32
   00DD 00                  268 	.db #0x00	; 0
   00DE 00                  269 	.db #0x00	; 0
   00DF 00                  270 	.db #0x00	; 0
   00E0 00                  271 	.db #0x00	; 0
   00E1 00                  272 	.db #0x00	; 0
   00E2 00                  273 	.db #0x00	; 0
   00E3 00                  274 	.db #0x00	; 0
   00E4 00                  275 	.db #0x00	; 0
   00E5 00                  276 	.db #0x00	; 0
   00E6 00                  277 	.db #0x00	; 0
   00E7 25                  278 	.db #0x25	; 37
   00E8 1A                  279 	.db #0x1a	; 26
   00E9 30                  280 	.db #0x30	; 48	'0'
   00EA 1A                  281 	.db #0x1a	; 26
   00EB 00                  282 	.db #0x00	; 0
   00EC 25                  283 	.db #0x25	; 37
   00ED 0F                  284 	.db #0x0f	; 15
   00EE 0F                  285 	.db #0x0f	; 15
   00EF 0F                  286 	.db #0x0f	; 15
   00F0 20                  287 	.db #0x20	; 32
   00F1 10                  288 	.db #0x10	; 16
   00F2 0F                  289 	.db #0x0f	; 15
   00F3 20                  290 	.db #0x20	; 32
   00F4 10                  291 	.db #0x10	; 16
   00F5 0F                  292 	.db #0x0f	; 15
   00F6 20                  293 	.db #0x20	; 32
   00F7 10                  294 	.db #0x10	; 16
   00F8 0F                  295 	.db #0x0f	; 15
   00F9 20                  296 	.db #0x20	; 32
   00FA 00                  297 	.db #0x00	; 0
   00FB 00                  298 	.db #0x00	; 0
   00FC 00                  299 	.db #0x00	; 0
   00FD 00                  300 	.db #0x00	; 0
   00FE 00                  301 	.db #0x00	; 0
   00FF 00                  302 	.db #0x00	; 0
   0100 00                  303 	.db #0x00	; 0
   0101 00                  304 	.db #0x00	; 0
   0102 00                  305 	.db #0x00	; 0
   0103 00                  306 	.db #0x00	; 0
   0104 00                  307 	.db #0x00	; 0
   0105 25                  308 	.db #0x25	; 37
   0106 0F                  309 	.db #0x0f	; 15
   0107 0F                  310 	.db #0x0f	; 15
   0108 1A                  311 	.db #0x1a	; 26
   0109 00                  312 	.db #0x00	; 0
   010A 25                  313 	.db #0x25	; 37
   010B 1A                  314 	.db #0x1a	; 26
   010C 30                  315 	.db #0x30	; 48	'0'
   010D 0F                  316 	.db #0x0f	; 15
   010E 20                  317 	.db #0x20	; 32
   010F 10                  318 	.db #0x10	; 16
   0110 0F                  319 	.db #0x0f	; 15
   0111 20                  320 	.db #0x20	; 32
   0112 10                  321 	.db #0x10	; 16
   0113 0F                  322 	.db #0x0f	; 15
   0114 20                  323 	.db #0x20	; 32
   0115 10                  324 	.db #0x10	; 16
   0116 0F                  325 	.db #0x0f	; 15
   0117 30                  326 	.db #0x30	; 48	'0'
   0118 30                  327 	.db #0x30	; 48	'0'
   0119 00                  328 	.db #0x00	; 0
   011A 00                  329 	.db #0x00	; 0
   011B 00                  330 	.db #0x00	; 0
   011C 00                  331 	.db #0x00	; 0
   011D 00                  332 	.db #0x00	; 0
   011E 00                  333 	.db #0x00	; 0
   011F 00                  334 	.db #0x00	; 0
   0120 00                  335 	.db #0x00	; 0
   0121 00                  336 	.db #0x00	; 0
   0122 00                  337 	.db #0x00	; 0
   0123 30                  338 	.db #0x30	; 48	'0'
   0124 0F                  339 	.db #0x0f	; 15
   0125 0F                  340 	.db #0x0f	; 15
   0126 1A                  341 	.db #0x1a	; 26
   0127 00                  342 	.db #0x00	; 0
   0128 25                  343 	.db #0x25	; 37
   0129 1A                  344 	.db #0x1a	; 26
   012A 10                  345 	.db #0x10	; 16
   012B 0F                  346 	.db #0x0f	; 15
   012C 20                  347 	.db #0x20	; 32
   012D 10                  348 	.db #0x10	; 16
   012E 0F                  349 	.db #0x0f	; 15
   012F 20                  350 	.db #0x20	; 32
   0130 10                  351 	.db #0x10	; 16
   0131 0F                  352 	.db #0x0f	; 15
   0132 20                  353 	.db #0x20	; 32
   0133 10                  354 	.db #0x10	; 16
   0134 0F                  355 	.db #0x0f	; 15
   0135 0F                  356 	.db #0x0f	; 15
   0136 1A                  357 	.db #0x1a	; 26
   0137 00                  358 	.db #0x00	; 0
   0138 00                  359 	.db #0x00	; 0
   0139 00                  360 	.db #0x00	; 0
   013A 00                  361 	.db #0x00	; 0
   013B 00                  362 	.db #0x00	; 0
   013C 00                  363 	.db #0x00	; 0
   013D 00                  364 	.db #0x00	; 0
   013E 00                  365 	.db #0x00	; 0
   013F 00                  366 	.db #0x00	; 0
   0140 00                  367 	.db #0x00	; 0
   0141 10                  368 	.db #0x10	; 16
   0142 30                  369 	.db #0x30	; 48	'0'
   0143 30                  370 	.db #0x30	; 48	'0'
   0144 30                  371 	.db #0x30	; 48	'0'
   0145 00                  372 	.db #0x00	; 0
   0146 30                  373 	.db #0x30	; 48	'0'
   0147 30                  374 	.db #0x30	; 48	'0'
   0148 10                  375 	.db #0x10	; 16
   0149 30                  376 	.db #0x30	; 48	'0'
   014A 20                  377 	.db #0x20	; 32
   014B 10                  378 	.db #0x10	; 16
   014C 30                  379 	.db #0x30	; 48	'0'
   014D 20                  380 	.db #0x20	; 32
   014E 10                  381 	.db #0x10	; 16
   014F 30                  382 	.db #0x30	; 48	'0'
   0150 20                  383 	.db #0x20	; 32
   0151 10                  384 	.db #0x10	; 16
   0152 30                  385 	.db #0x30	; 48	'0'
   0153 30                  386 	.db #0x30	; 48	'0'
   0154 30                  387 	.db #0x30	; 48	'0'
   0155 00                  388 	.db #0x00	; 0
   0156 00                  389 	.db #0x00	; 0
   0157 00                  390 	.db #0x00	; 0
   0158 00                  391 	.db #0x00	; 0
   0159 00                  392 	.db #0x00	; 0
   015A 15                  393 	.db #0x15	; 21
   015B 3F                  394 	.db #0x3f	; 63
   015C 3F                  395 	.db #0x3f	; 63
   015D 3F                  396 	.db #0x3f	; 63
   015E 3F                  397 	.db #0x3f	; 63
   015F 3F                  398 	.db #0x3f	; 63
   0160 3F                  399 	.db #0x3f	; 63
   0161 3F                  400 	.db #0x3f	; 63
   0162 3F                  401 	.db #0x3f	; 63
   0163 3F                  402 	.db #0x3f	; 63
   0164 3F                  403 	.db #0x3f	; 63
   0165 3F                  404 	.db #0x3f	; 63
   0166 3F                  405 	.db #0x3f	; 63
   0167 3F                  406 	.db #0x3f	; 63
   0168 3F                  407 	.db #0x3f	; 63
   0169 3F                  408 	.db #0x3f	; 63
   016A 3F                  409 	.db #0x3f	; 63
   016B 3F                  410 	.db #0x3f	; 63
   016C 3F                  411 	.db #0x3f	; 63
   016D 3F                  412 	.db #0x3f	; 63
   016E 3F                  413 	.db #0x3f	; 63
   016F 3F                  414 	.db #0x3f	; 63
   0170 3F                  415 	.db #0x3f	; 63
   0171 3F                  416 	.db #0x3f	; 63
   0172 3F                  417 	.db #0x3f	; 63
   0173 3F                  418 	.db #0x3f	; 63
   0174 3F                  419 	.db #0x3f	; 63
   0175 3F                  420 	.db #0x3f	; 63
   0176 3F                  421 	.db #0x3f	; 63
   0177 3F                  422 	.db #0x3f	; 63
   0178 00                  423 	.db #0x00	; 0
   0179 00                  424 	.db #0x00	; 0
   017A 00                  425 	.db #0x00	; 0
   017B 00                  426 	.db #0x00	; 0
   017C 00                  427 	.db #0x00	; 0
   017D 00                  428 	.db #0x00	; 0
   017E 30                  429 	.db #0x30	; 48	'0'
   017F 30                  430 	.db #0x30	; 48	'0'
   0180 00                  431 	.db #0x00	; 0
   0181 00                  432 	.db #0x00	; 0
   0182 30                  433 	.db #0x30	; 48	'0'
   0183 30                  434 	.db #0x30	; 48	'0'
   0184 00                  435 	.db #0x00	; 0
   0185 10                  436 	.db #0x10	; 16
   0186 30                  437 	.db #0x30	; 48	'0'
   0187 20                  438 	.db #0x20	; 32
   0188 10                  439 	.db #0x10	; 16
   0189 30                  440 	.db #0x30	; 48	'0'
   018A 30                  441 	.db #0x30	; 48	'0'
   018B 30                  442 	.db #0x30	; 48	'0'
   018C 00                  443 	.db #0x00	; 0
   018D 10                  444 	.db #0x10	; 16
   018E 30                  445 	.db #0x30	; 48	'0'
   018F 30                  446 	.db #0x30	; 48	'0'
   0190 20                  447 	.db #0x20	; 32
   0191 00                  448 	.db #0x00	; 0
   0192 00                  449 	.db #0x00	; 0
   0193 00                  450 	.db #0x00	; 0
   0194 00                  451 	.db #0x00	; 0
   0195 00                  452 	.db #0x00	; 0
   0196 00                  453 	.db #0x00	; 0
   0197 00                  454 	.db #0x00	; 0
   0198 00                  455 	.db #0x00	; 0
   0199 00                  456 	.db #0x00	; 0
   019A 00                  457 	.db #0x00	; 0
   019B 10                  458 	.db #0x10	; 16
   019C 0F                  459 	.db #0x0f	; 15
   019D 0F                  460 	.db #0x0f	; 15
   019E 20                  461 	.db #0x20	; 32
   019F 00                  462 	.db #0x00	; 0
   01A0 25                  463 	.db #0x25	; 37
   01A1 1A                  464 	.db #0x1a	; 26
   01A2 00                  465 	.db #0x00	; 0
   01A3 10                  466 	.db #0x10	; 16
   01A4 0F                  467 	.db #0x0f	; 15
   01A5 20                  468 	.db #0x20	; 32
   01A6 10                  469 	.db #0x10	; 16
   01A7 0F                  470 	.db #0x0f	; 15
   01A8 0F                  471 	.db #0x0f	; 15
   01A9 1A                  472 	.db #0x1a	; 26
   01AA 00                  473 	.db #0x00	; 0
   01AB 10                  474 	.db #0x10	; 16
   01AC 0F                  475 	.db #0x0f	; 15
   01AD 0F                  476 	.db #0x0f	; 15
   01AE 1A                  477 	.db #0x1a	; 26
   01AF 00                  478 	.db #0x00	; 0
   01B0 00                  479 	.db #0x00	; 0
   01B1 00                  480 	.db #0x00	; 0
   01B2 00                  481 	.db #0x00	; 0
   01B3 00                  482 	.db #0x00	; 0
   01B4 00                  483 	.db #0x00	; 0
   01B5 00                  484 	.db #0x00	; 0
   01B6 00                  485 	.db #0x00	; 0
   01B7 00                  486 	.db #0x00	; 0
   01B8 00                  487 	.db #0x00	; 0
   01B9 25                  488 	.db #0x25	; 37
   01BA 0F                  489 	.db #0x0f	; 15
   01BB 0F                  490 	.db #0x0f	; 15
   01BC 1A                  491 	.db #0x1a	; 26
   01BD 00                  492 	.db #0x00	; 0
   01BE 25                  493 	.db #0x25	; 37
   01BF 0F                  494 	.db #0x0f	; 15
   01C0 20                  495 	.db #0x20	; 32
   01C1 25                  496 	.db #0x25	; 37
   01C2 0F                  497 	.db #0x0f	; 15
   01C3 20                  498 	.db #0x20	; 32
   01C4 10                  499 	.db #0x10	; 16
   01C5 0F                  500 	.db #0x0f	; 15
   01C6 30                  501 	.db #0x30	; 48	'0'
   01C7 30                  502 	.db #0x30	; 48	'0'
   01C8 00                  503 	.db #0x00	; 0
   01C9 10                  504 	.db #0x10	; 16
   01CA 0F                  505 	.db #0x0f	; 15
   01CB 0F                  506 	.db #0x0f	; 15
   01CC 0F                  507 	.db #0x0f	; 15
   01CD 20                  508 	.db #0x20	; 32
   01CE 00                  509 	.db #0x00	; 0
   01CF 00                  510 	.db #0x00	; 0
   01D0 00                  511 	.db #0x00	; 0
   01D1 00                  512 	.db #0x00	; 0
   01D2 00                  513 	.db #0x00	; 0
   01D3 00                  514 	.db #0x00	; 0
   01D4 00                  515 	.db #0x00	; 0
   01D5 00                  516 	.db #0x00	; 0
   01D6 00                  517 	.db #0x00	; 0
   01D7 25                  518 	.db #0x25	; 37
   01D8 0F                  519 	.db #0x0f	; 15
   01D9 0F                  520 	.db #0x0f	; 15
   01DA 1A                  521 	.db #0x1a	; 26
   01DB 00                  522 	.db #0x00	; 0
   01DC 10                  523 	.db #0x10	; 16
   01DD 0F                  524 	.db #0x0f	; 15
   01DE 20                  525 	.db #0x20	; 32
   01DF 25                  526 	.db #0x25	; 37
   01E0 1A                  527 	.db #0x1a	; 26
   01E1 00                  528 	.db #0x00	; 0
   01E2 10                  529 	.db #0x10	; 16
   01E3 0F                  530 	.db #0x0f	; 15
   01E4 20                  531 	.db #0x20	; 32
   01E5 00                  532 	.db #0x00	; 0
   01E6 00                  533 	.db #0x00	; 0
   01E7 10                  534 	.db #0x10	; 16
   01E8 0F                  535 	.db #0x0f	; 15
   01E9 10                  536 	.db #0x10	; 16
   01EA 0F                  537 	.db #0x0f	; 15
   01EB 20                  538 	.db #0x20	; 32
   01EC 00                  539 	.db #0x00	; 0
   01ED 00                  540 	.db #0x00	; 0
   01EE 00                  541 	.db #0x00	; 0
   01EF 00                  542 	.db #0x00	; 0
   01F0 00                  543 	.db #0x00	; 0
   01F1 00                  544 	.db #0x00	; 0
   01F2 00                  545 	.db #0x00	; 0
   01F3 00                  546 	.db #0x00	; 0
   01F4 00                  547 	.db #0x00	; 0
   01F5 25                  548 	.db #0x25	; 37
   01F6 1A                  549 	.db #0x1a	; 26
   01F7 25                  550 	.db #0x25	; 37
   01F8 1A                  551 	.db #0x1a	; 26
   01F9 00                  552 	.db #0x00	; 0
   01FA 10                  553 	.db #0x10	; 16
   01FB 0F                  554 	.db #0x0f	; 15
   01FC 20                  555 	.db #0x20	; 32
   01FD 25                  556 	.db #0x25	; 37
   01FE 1A                  557 	.db #0x1a	; 26
   01FF 00                  558 	.db #0x00	; 0
   0200 10                  559 	.db #0x10	; 16
   0201 0F                  560 	.db #0x0f	; 15
   0202 30                  561 	.db #0x30	; 48	'0'
   0203 20                  562 	.db #0x20	; 32
   0204 00                  563 	.db #0x00	; 0
   0205 10                  564 	.db #0x10	; 16
   0206 0F                  565 	.db #0x0f	; 15
   0207 10                  566 	.db #0x10	; 16
   0208 0F                  567 	.db #0x0f	; 15
   0209 20                  568 	.db #0x20	; 32
   020A 00                  569 	.db #0x00	; 0
   020B 00                  570 	.db #0x00	; 0
   020C 00                  571 	.db #0x00	; 0
   020D 00                  572 	.db #0x00	; 0
   020E 00                  573 	.db #0x00	; 0
   020F 00                  574 	.db #0x00	; 0
   0210 00                  575 	.db #0x00	; 0
   0211 00                  576 	.db #0x00	; 0
   0212 00                  577 	.db #0x00	; 0
   0213 25                  578 	.db #0x25	; 37
   0214 0A                  579 	.db #0x0a	; 10
   0215 05                  580 	.db #0x05	; 5
   0216 1A                  581 	.db #0x1a	; 26
   0217 00                  582 	.db #0x00	; 0
   0218 10                  583 	.db #0x10	; 16
   0219 0F                  584 	.db #0x0f	; 15
   021A 1A                  585 	.db #0x1a	; 26
   021B 0F                  586 	.db #0x0f	; 15
   021C 1A                  587 	.db #0x1a	; 26
   021D 00                  588 	.db #0x00	; 0
   021E 10                  589 	.db #0x10	; 16
   021F 0F                  590 	.db #0x0f	; 15
   0220 0F                  591 	.db #0x0f	; 15
   0221 20                  592 	.db #0x20	; 32
   0222 00                  593 	.db #0x00	; 0
   0223 10                  594 	.db #0x10	; 16
   0224 0F                  595 	.db #0x0f	; 15
   0225 0F                  596 	.db #0x0f	; 15
   0226 0F                  597 	.db #0x0f	; 15
   0227 20                  598 	.db #0x20	; 32
   0228 00                  599 	.db #0x00	; 0
   0229 00                  600 	.db #0x00	; 0
   022A 00                  601 	.db #0x00	; 0
   022B 00                  602 	.db #0x00	; 0
   022C 00                  603 	.db #0x00	; 0
   022D 00                  604 	.db #0x00	; 0
   022E 00                  605 	.db #0x00	; 0
   022F 00                  606 	.db #0x00	; 0
   0230 00                  607 	.db #0x00	; 0
   0231 25                  608 	.db #0x25	; 37
   0232 0A                  609 	.db #0x0a	; 10
   0233 05                  610 	.db #0x05	; 5
   0234 1A                  611 	.db #0x1a	; 26
   0235 00                  612 	.db #0x00	; 0
   0236 00                  613 	.db #0x00	; 0
   0237 25                  614 	.db #0x25	; 37
   0238 1A                  615 	.db #0x1a	; 26
   0239 0F                  616 	.db #0x0f	; 15
   023A 20                  617 	.db #0x20	; 32
   023B 00                  618 	.db #0x00	; 0
   023C 10                  619 	.db #0x10	; 16
   023D 0F                  620 	.db #0x0f	; 15
   023E 30                  621 	.db #0x30	; 48	'0'
   023F 20                  622 	.db #0x20	; 32
   0240 00                  623 	.db #0x00	; 0
   0241 10                  624 	.db #0x10	; 16
   0242 0F                  625 	.db #0x0f	; 15
   0243 1A                  626 	.db #0x1a	; 26
   0244 30                  627 	.db #0x30	; 48	'0'
   0245 00                  628 	.db #0x00	; 0
   0246 00                  629 	.db #0x00	; 0
   0247 00                  630 	.db #0x00	; 0
   0248 00                  631 	.db #0x00	; 0
   0249 00                  632 	.db #0x00	; 0
   024A 00                  633 	.db #0x00	; 0
   024B 00                  634 	.db #0x00	; 0
   024C 00                  635 	.db #0x00	; 0
   024D 00                  636 	.db #0x00	; 0
   024E 00                  637 	.db #0x00	; 0
   024F 25                  638 	.db #0x25	; 37
   0250 0A                  639 	.db #0x0a	; 10
   0251 05                  640 	.db #0x05	; 5
   0252 1A                  641 	.db #0x1a	; 26
   0253 00                  642 	.db #0x00	; 0
   0254 00                  643 	.db #0x00	; 0
   0255 25                  644 	.db #0x25	; 37
   0256 0F                  645 	.db #0x0f	; 15
   0257 0F                  646 	.db #0x0f	; 15
   0258 20                  647 	.db #0x20	; 32
   0259 00                  648 	.db #0x00	; 0
   025A 10                  649 	.db #0x10	; 16
   025B 0F                  650 	.db #0x0f	; 15
   025C 20                  651 	.db #0x20	; 32
   025D 00                  652 	.db #0x00	; 0
   025E 00                  653 	.db #0x00	; 0
   025F 10                  654 	.db #0x10	; 16
   0260 0F                  655 	.db #0x0f	; 15
   0261 0F                  656 	.db #0x0f	; 15
   0262 20                  657 	.db #0x20	; 32
   0263 00                  658 	.db #0x00	; 0
   0264 00                  659 	.db #0x00	; 0
   0265 00                  660 	.db #0x00	; 0
   0266 00                  661 	.db #0x00	; 0
   0267 00                  662 	.db #0x00	; 0
   0268 00                  663 	.db #0x00	; 0
   0269 00                  664 	.db #0x00	; 0
   026A 00                  665 	.db #0x00	; 0
   026B 00                  666 	.db #0x00	; 0
   026C 00                  667 	.db #0x00	; 0
   026D 25                  668 	.db #0x25	; 37
   026E 0F                  669 	.db #0x0f	; 15
   026F 0F                  670 	.db #0x0f	; 15
   0270 1A                  671 	.db #0x1a	; 26
   0271 00                  672 	.db #0x00	; 0
   0272 00                  673 	.db #0x00	; 0
   0273 25                  674 	.db #0x25	; 37
   0274 0F                  675 	.db #0x0f	; 15
   0275 0F                  676 	.db #0x0f	; 15
   0276 20                  677 	.db #0x20	; 32
   0277 00                  678 	.db #0x00	; 0
   0278 10                  679 	.db #0x10	; 16
   0279 0F                  680 	.db #0x0f	; 15
   027A 30                  681 	.db #0x30	; 48	'0'
   027B 30                  682 	.db #0x30	; 48	'0'
   027C 00                  683 	.db #0x00	; 0
   027D 10                  684 	.db #0x10	; 16
   027E 0F                  685 	.db #0x0f	; 15
   027F 25                  686 	.db #0x25	; 37
   0280 1A                  687 	.db #0x1a	; 26
   0281 00                  688 	.db #0x00	; 0
   0282 00                  689 	.db #0x00	; 0
   0283 00                  690 	.db #0x00	; 0
   0284 00                  691 	.db #0x00	; 0
   0285 00                  692 	.db #0x00	; 0
   0286 00                  693 	.db #0x00	; 0
   0287 00                  694 	.db #0x00	; 0
   0288 00                  695 	.db #0x00	; 0
   0289 00                  696 	.db #0x00	; 0
   028A 00                  697 	.db #0x00	; 0
   028B 10                  698 	.db #0x10	; 16
   028C 0F                  699 	.db #0x0f	; 15
   028D 0F                  700 	.db #0x0f	; 15
   028E 20                  701 	.db #0x20	; 32
   028F 00                  702 	.db #0x00	; 0
   0290 00                  703 	.db #0x00	; 0
   0291 10                  704 	.db #0x10	; 16
   0292 0F                  705 	.db #0x0f	; 15
   0293 1A                  706 	.db #0x1a	; 26
   0294 00                  707 	.db #0x00	; 0
   0295 00                  708 	.db #0x00	; 0
   0296 10                  709 	.db #0x10	; 16
   0297 0F                  710 	.db #0x0f	; 15
   0298 0F                  711 	.db #0x0f	; 15
   0299 1A                  712 	.db #0x1a	; 26
   029A 00                  713 	.db #0x00	; 0
   029B 10                  714 	.db #0x10	; 16
   029C 0F                  715 	.db #0x0f	; 15
   029D 10                  716 	.db #0x10	; 16
   029E 0F                  717 	.db #0x0f	; 15
   029F 20                  718 	.db #0x20	; 32
   02A0 00                  719 	.db #0x00	; 0
   02A1 00                  720 	.db #0x00	; 0
   02A2 00                  721 	.db #0x00	; 0
   02A3 00                  722 	.db #0x00	; 0
   02A4 00                  723 	.db #0x00	; 0
   02A5 00                  724 	.db #0x00	; 0
   02A6 00                  725 	.db #0x00	; 0
   02A7 00                  726 	.db #0x00	; 0
   02A8 00                  727 	.db #0x00	; 0
   02A9 00                  728 	.db #0x00	; 0
   02AA 30                  729 	.db #0x30	; 48	'0'
   02AB 30                  730 	.db #0x30	; 48	'0'
   02AC 00                  731 	.db #0x00	; 0
   02AD 00                  732 	.db #0x00	; 0
   02AE 00                  733 	.db #0x00	; 0
   02AF 10                  734 	.db #0x10	; 16
   02B0 30                  735 	.db #0x30	; 48	'0'
   02B1 30                  736 	.db #0x30	; 48	'0'
   02B2 00                  737 	.db #0x00	; 0
   02B3 00                  738 	.db #0x00	; 0
   02B4 10                  739 	.db #0x10	; 16
   02B5 30                  740 	.db #0x30	; 48	'0'
   02B6 30                  741 	.db #0x30	; 48	'0'
   02B7 30                  742 	.db #0x30	; 48	'0'
   02B8 00                  743 	.db #0x00	; 0
   02B9 10                  744 	.db #0x10	; 16
   02BA 30                  745 	.db #0x30	; 48	'0'
   02BB 00                  746 	.db #0x00	; 0
   02BC 30                  747 	.db #0x30	; 48	'0'
   02BD 20                  748 	.db #0x20	; 32
   02BE 00                  749 	.db #0x00	; 0
   02BF 00                  750 	.db #0x00	; 0
   02C0 00                  751 	.db #0x00	; 0
   02C1 00                  752 	.db #0x00	; 0
   02C2 00                  753 	.db #0x00	; 0
   02C3 00                  754 	.db #0x00	; 0
   02C4 00                  755 	.db #0x00	; 0
   02C5 00                  756 	.db #0x00	; 0
   02C6 00                  757 	.db #0x00	; 0
   02C7 00                  758 	.db #0x00	; 0
   02C8 00                  759 	.db #0x00	; 0
   02C9 00                  760 	.db #0x00	; 0
   02CA 00                  761 	.db #0x00	; 0
   02CB 00                  762 	.db #0x00	; 0
   02CC 00                  763 	.db #0x00	; 0
   02CD 00                  764 	.db #0x00	; 0
   02CE 00                  765 	.db #0x00	; 0
   02CF 00                  766 	.db #0x00	; 0
   02D0 00                  767 	.db #0x00	; 0
   02D1 00                  768 	.db #0x00	; 0
   02D2 00                  769 	.db #0x00	; 0
   02D3 00                  770 	.db #0x00	; 0
   02D4 00                  771 	.db #0x00	; 0
   02D5 00                  772 	.db #0x00	; 0
   02D6 00                  773 	.db #0x00	; 0
   02D7 00                  774 	.db #0x00	; 0
   02D8 00                  775 	.db #0x00	; 0
   02D9 00                  776 	.db #0x00	; 0
   02DA 00                  777 	.db #0x00	; 0
   02DB 00                  778 	.db #0x00	; 0
   02DC 00                  779 	.db #0x00	; 0
   02DD 00                  780 	.db #0x00	; 0
   02DE 00                  781 	.db #0x00	; 0
   02DF 00                  782 	.db #0x00	; 0
                            783 	.area _INITIALIZER
                            784 	.area _CABS (ABS)
