                              1 ;--------------------------------------------------------
                              2 ; File Created by SDCC : free open source ANSI-C Compiler
                              3 ; Version 3.6.8 #9946 (Mac OS X x86_64)
                              4 ;--------------------------------------------------------
                              5 	.module heror
                              6 	.optsdcc -mz80
                              7 	
                              8 ;--------------------------------------------------------
                              9 ; Public variables in this module
                             10 ;--------------------------------------------------------
                             11 	.globl _hero_sp_11
                             12 	.globl _hero_sp_10
                             13 	.globl _hero_sp_09
                             14 	.globl _hero_sp_08
                             15 	.globl _hero_sp_07
                             16 	.globl _hero_sp_06
                             17 	.globl _hero_sp_05
                             18 	.globl _hero_sp_04
                             19 	.globl _hero_sp_03
                             20 	.globl _hero_sp_02
                             21 	.globl _hero_sp_01
                             22 	.globl _hero_sp_00
                             23 	.globl _hero_pal
                             24 ;--------------------------------------------------------
                             25 ; special function registers
                             26 ;--------------------------------------------------------
                             27 ;--------------------------------------------------------
                             28 ; ram data
                             29 ;--------------------------------------------------------
                             30 	.area _DATA
                             31 ;--------------------------------------------------------
                             32 ; ram data
                             33 ;--------------------------------------------------------
                             34 	.area _INITIALIZED
                             35 ;--------------------------------------------------------
                             36 ; absolute external ram data
                             37 ;--------------------------------------------------------
                             38 	.area _DABS (ABS)
                             39 ;--------------------------------------------------------
                             40 ; global & static initialisations
                             41 ;--------------------------------------------------------
                             42 	.area _HOME
                             43 	.area _GSINIT
                             44 	.area _GSFINAL
                             45 	.area _GSINIT
                             46 ;--------------------------------------------------------
                             47 ; Home
                             48 ;--------------------------------------------------------
                             49 	.area _HOME
                             50 	.area _HOME
                             51 ;--------------------------------------------------------
                             52 ; code
                             53 ;--------------------------------------------------------
                             54 	.area _CODE
                             55 	.area _CODE
   0000                      56 _hero_pal:
   0000 54                   57 	.db #0x54	; 84	'T'
   0001 44                   58 	.db #0x44	; 68	'D'
   0002 55                   59 	.db #0x55	; 85	'U'
   0003 5C                   60 	.db #0x5c	; 92
   0004 58                   61 	.db #0x58	; 88	'X'
   0005 5D                   62 	.db #0x5d	; 93
   0006 4C                   63 	.db #0x4c	; 76	'L'
   0007 45                   64 	.db #0x45	; 69	'E'
   0008 4D                   65 	.db #0x4d	; 77	'M'
   0009 5E                   66 	.db #0x5e	; 94
   000A 40                   67 	.db #0x40	; 64
   000B 5F                   68 	.db #0x5f	; 95
   000C 4E                   69 	.db #0x4e	; 78	'N'
   000D 47                   70 	.db #0x47	; 71	'G'
   000E 4F                   71 	.db #0x4f	; 79	'O'
   000F 53                   72 	.db #0x53	; 83	'S'
   0010                      73 _hero_sp_00:
   0010 05                   74 	.db #0x05	; 5
   0011 0F                   75 	.db #0x0f	; 15
   0012 0F                   76 	.db #0x0f	; 15
   0013 0F                   77 	.db #0x0f	; 15
   0014 0A                   78 	.db #0x0a	; 10
   0015 00                   79 	.db #0x00	; 0
   0016 05                   80 	.db #0x05	; 5
   0017 C0                   81 	.db #0xc0	; 192
   0018 C0                   82 	.db #0xc0	; 192
   0019 80                   83 	.db #0x80	; 128
   001A 00                   84 	.db #0x00	; 0
   001B 00                   85 	.db #0x00	; 0
   001C 4A                   86 	.db #0x4a	; 74	'J'
   001D 90                   87 	.db #0x90	; 144
   001E C0                   88 	.db #0xc0	; 192
   001F 20                   89 	.db #0x20	; 32
   0020 00                   90 	.db #0x00	; 0
   0021 00                   91 	.db #0x00	; 0
   0022 05                   92 	.db #0x05	; 5
   0023 85                   93 	.db #0x85	; 133
   0024 0F                   94 	.db #0x0f	; 15
   0025 0A                   95 	.db #0x0a	; 10
   0026 00                   96 	.db #0x00	; 0
   0027 00                   97 	.db #0x00	; 0
   0028 00                   98 	.db #0x00	; 0
   0029 0F                   99 	.db #0x0f	; 15
   002A C0                  100 	.db #0xc0	; 192
   002B 0A                  101 	.db #0x0a	; 10
   002C 00                  102 	.db #0x00	; 0
   002D 00                  103 	.db #0x00	; 0
   002E 00                  104 	.db #0x00	; 0
   002F 05                  105 	.db #0x05	; 5
   0030 0F                  106 	.db #0x0f	; 15
   0031 00                  107 	.db #0x00	; 0
   0032 00                  108 	.db #0x00	; 0
   0033 00                  109 	.db #0x00	; 0
   0034 40                  110 	.db #0x40	; 64
   0035 30                  111 	.db #0x30	; 48	'0'
   0036 C0                  112 	.db #0xc0	; 192
   0037 30                  113 	.db #0x30	; 48	'0'
   0038 00                  114 	.db #0x00	; 0
   0039 00                  115 	.db #0x00	; 0
   003A C0                  116 	.db #0xc0	; 192
   003B 30                  117 	.db #0x30	; 48	'0'
   003C CF                  118 	.db #0xcf	; 207
   003D 90                  119 	.db #0x90	; 144
   003E CF                  120 	.db #0xcf	; 207
   003F 00                  121 	.db #0x00	; 0
   0040 90                  122 	.db #0x90	; 144
   0041 65                  123 	.db #0x65	; 101	'e'
   0042 CF                  124 	.db #0xcf	; 207
   0043 CF                  125 	.db #0xcf	; 207
   0044 CF                  126 	.db #0xcf	; 207
   0045 8A                  127 	.db #0x8a	; 138
   0046 90                  128 	.db #0x90	; 144
   0047 CF                  129 	.db #0xcf	; 207
   0048 CF                  130 	.db #0xcf	; 207
   0049 CF                  131 	.db #0xcf	; 207
   004A CF                  132 	.db #0xcf	; 207
   004B CF                  133 	.db #0xcf	; 207
   004C C0                  134 	.db #0xc0	; 192
   004D 3F                  135 	.db #0x3f	; 63
   004E 30                  136 	.db #0x30	; 48	'0'
   004F 6F                  137 	.db #0x6f	; 111	'o'
   0050 2A                  138 	.db #0x2a	; 42
   0051 00                  139 	.db #0x00	; 0
   0052 40                  140 	.db #0x40	; 64
   0053 30                  141 	.db #0x30	; 48	'0'
   0054 C0                  142 	.db #0xc0	; 192
   0055 30                  143 	.db #0x30	; 48	'0'
   0056 00                  144 	.db #0x00	; 0
   0057 00                  145 	.db #0x00	; 0
   0058 40                  146 	.db #0x40	; 64
   0059 30                  147 	.db #0x30	; 48	'0'
   005A 40                  148 	.db #0x40	; 64
   005B 30                  149 	.db #0x30	; 48	'0'
   005C 00                  150 	.db #0x00	; 0
   005D 00                  151 	.db #0x00	; 0
   005E 40                  152 	.db #0x40	; 64
   005F 20                  153 	.db #0x20	; 32
   0060 00                  154 	.db #0x00	; 0
   0061 90                  155 	.db #0x90	; 144
   0062 00                  156 	.db #0x00	; 0
   0063 00                  157 	.db #0x00	; 0
   0064 11                  158 	.db #0x11	; 17
   0065 22                  159 	.db #0x22	; 34
   0066 00                  160 	.db #0x00	; 0
   0067 33                  161 	.db #0x33	; 51	'3'
   0068 00                  162 	.db #0x00	; 0
   0069 00                  163 	.db #0x00	; 0
   006A 11                  164 	.db #0x11	; 17
   006B 33                  165 	.db #0x33	; 51	'3'
   006C 00                  166 	.db #0x00	; 0
   006D 33                  167 	.db #0x33	; 51	'3'
   006E 22                  168 	.db #0x22	; 34
   006F 00                  169 	.db #0x00	; 0
   0070                     170 _hero_sp_01:
   0070 05                  171 	.db #0x05	; 5
   0071 0F                  172 	.db #0x0f	; 15
   0072 0F                  173 	.db #0x0f	; 15
   0073 0F                  174 	.db #0x0f	; 15
   0074 0A                  175 	.db #0x0a	; 10
   0075 00                  176 	.db #0x00	; 0
   0076 05                  177 	.db #0x05	; 5
   0077 C0                  178 	.db #0xc0	; 192
   0078 C0                  179 	.db #0xc0	; 192
   0079 80                  180 	.db #0x80	; 128
   007A 00                  181 	.db #0x00	; 0
   007B 00                  182 	.db #0x00	; 0
   007C 4A                  183 	.db #0x4a	; 74	'J'
   007D 90                  184 	.db #0x90	; 144
   007E C0                  185 	.db #0xc0	; 192
   007F 20                  186 	.db #0x20	; 32
   0080 00                  187 	.db #0x00	; 0
   0081 00                  188 	.db #0x00	; 0
   0082 05                  189 	.db #0x05	; 5
   0083 85                  190 	.db #0x85	; 133
   0084 0F                  191 	.db #0x0f	; 15
   0085 0A                  192 	.db #0x0a	; 10
   0086 00                  193 	.db #0x00	; 0
   0087 00                  194 	.db #0x00	; 0
   0088 00                  195 	.db #0x00	; 0
   0089 0F                  196 	.db #0x0f	; 15
   008A C0                  197 	.db #0xc0	; 192
   008B 0A                  198 	.db #0x0a	; 10
   008C 00                  199 	.db #0x00	; 0
   008D 00                  200 	.db #0x00	; 0
   008E 00                  201 	.db #0x00	; 0
   008F 05                  202 	.db #0x05	; 5
   0090 0F                  203 	.db #0x0f	; 15
   0091 00                  204 	.db #0x00	; 0
   0092 00                  205 	.db #0x00	; 0
   0093 00                  206 	.db #0x00	; 0
   0094 40                  207 	.db #0x40	; 64
   0095 30                  208 	.db #0x30	; 48	'0'
   0096 C0                  209 	.db #0xc0	; 192
   0097 30                  210 	.db #0x30	; 48	'0'
   0098 00                  211 	.db #0x00	; 0
   0099 00                  212 	.db #0x00	; 0
   009A C0                  213 	.db #0xc0	; 192
   009B 30                  214 	.db #0x30	; 48	'0'
   009C CF                  215 	.db #0xcf	; 207
   009D 90                  216 	.db #0x90	; 144
   009E CF                  217 	.db #0xcf	; 207
   009F 00                  218 	.db #0x00	; 0
   00A0 90                  219 	.db #0x90	; 144
   00A1 65                  220 	.db #0x65	; 101	'e'
   00A2 CF                  221 	.db #0xcf	; 207
   00A3 CF                  222 	.db #0xcf	; 207
   00A4 CF                  223 	.db #0xcf	; 207
   00A5 8A                  224 	.db #0x8a	; 138
   00A6 90                  225 	.db #0x90	; 144
   00A7 CF                  226 	.db #0xcf	; 207
   00A8 CF                  227 	.db #0xcf	; 207
   00A9 CF                  228 	.db #0xcf	; 207
   00AA CF                  229 	.db #0xcf	; 207
   00AB CF                  230 	.db #0xcf	; 207
   00AC C0                  231 	.db #0xc0	; 192
   00AD 3F                  232 	.db #0x3f	; 63
   00AE 30                  233 	.db #0x30	; 48	'0'
   00AF 6F                  234 	.db #0x6f	; 111	'o'
   00B0 2A                  235 	.db #0x2a	; 42
   00B1 00                  236 	.db #0x00	; 0
   00B2 40                  237 	.db #0x40	; 64
   00B3 30                  238 	.db #0x30	; 48	'0'
   00B4 C0                  239 	.db #0xc0	; 192
   00B5 30                  240 	.db #0x30	; 48	'0'
   00B6 30                  241 	.db #0x30	; 48	'0'
   00B7 00                  242 	.db #0x00	; 0
   00B8 40                  243 	.db #0x40	; 64
   00B9 30                  244 	.db #0x30	; 48	'0'
   00BA 40                  245 	.db #0x40	; 64
   00BB 30                  246 	.db #0x30	; 48	'0'
   00BC 30                  247 	.db #0x30	; 48	'0'
   00BD 00                  248 	.db #0x00	; 0
   00BE 40                  249 	.db #0x40	; 64
   00BF 20                  250 	.db #0x20	; 32
   00C0 00                  251 	.db #0x00	; 0
   00C1 00                  252 	.db #0x00	; 0
   00C2 33                  253 	.db #0x33	; 51	'3'
   00C3 00                  254 	.db #0x00	; 0
   00C4 11                  255 	.db #0x11	; 17
   00C5 22                  256 	.db #0x22	; 34
   00C6 00                  257 	.db #0x00	; 0
   00C7 00                  258 	.db #0x00	; 0
   00C8 33                  259 	.db #0x33	; 51	'3'
   00C9 22                  260 	.db #0x22	; 34
   00CA 11                  261 	.db #0x11	; 17
   00CB 33                  262 	.db #0x33	; 51	'3'
   00CC 00                  263 	.db #0x00	; 0
   00CD 00                  264 	.db #0x00	; 0
   00CE 00                  265 	.db #0x00	; 0
   00CF 00                  266 	.db #0x00	; 0
   00D0                     267 _hero_sp_02:
   00D0 05                  268 	.db #0x05	; 5
   00D1 0F                  269 	.db #0x0f	; 15
   00D2 0F                  270 	.db #0x0f	; 15
   00D3 0F                  271 	.db #0x0f	; 15
   00D4 0A                  272 	.db #0x0a	; 10
   00D5 00                  273 	.db #0x00	; 0
   00D6 05                  274 	.db #0x05	; 5
   00D7 C0                  275 	.db #0xc0	; 192
   00D8 C0                  276 	.db #0xc0	; 192
   00D9 80                  277 	.db #0x80	; 128
   00DA 00                  278 	.db #0x00	; 0
   00DB 00                  279 	.db #0x00	; 0
   00DC 4A                  280 	.db #0x4a	; 74	'J'
   00DD 90                  281 	.db #0x90	; 144
   00DE C0                  282 	.db #0xc0	; 192
   00DF 20                  283 	.db #0x20	; 32
   00E0 00                  284 	.db #0x00	; 0
   00E1 00                  285 	.db #0x00	; 0
   00E2 05                  286 	.db #0x05	; 5
   00E3 85                  287 	.db #0x85	; 133
   00E4 0F                  288 	.db #0x0f	; 15
   00E5 0A                  289 	.db #0x0a	; 10
   00E6 00                  290 	.db #0x00	; 0
   00E7 00                  291 	.db #0x00	; 0
   00E8 00                  292 	.db #0x00	; 0
   00E9 0F                  293 	.db #0x0f	; 15
   00EA C0                  294 	.db #0xc0	; 192
   00EB 0A                  295 	.db #0x0a	; 10
   00EC 00                  296 	.db #0x00	; 0
   00ED 00                  297 	.db #0x00	; 0
   00EE 00                  298 	.db #0x00	; 0
   00EF 05                  299 	.db #0x05	; 5
   00F0 0F                  300 	.db #0x0f	; 15
   00F1 00                  301 	.db #0x00	; 0
   00F2 00                  302 	.db #0x00	; 0
   00F3 00                  303 	.db #0x00	; 0
   00F4 40                  304 	.db #0x40	; 64
   00F5 30                  305 	.db #0x30	; 48	'0'
   00F6 C0                  306 	.db #0xc0	; 192
   00F7 30                  307 	.db #0x30	; 48	'0'
   00F8 00                  308 	.db #0x00	; 0
   00F9 00                  309 	.db #0x00	; 0
   00FA C0                  310 	.db #0xc0	; 192
   00FB 30                  311 	.db #0x30	; 48	'0'
   00FC CF                  312 	.db #0xcf	; 207
   00FD 90                  313 	.db #0x90	; 144
   00FE CF                  314 	.db #0xcf	; 207
   00FF 00                  315 	.db #0x00	; 0
   0100 90                  316 	.db #0x90	; 144
   0101 65                  317 	.db #0x65	; 101	'e'
   0102 CF                  318 	.db #0xcf	; 207
   0103 CF                  319 	.db #0xcf	; 207
   0104 CF                  320 	.db #0xcf	; 207
   0105 8A                  321 	.db #0x8a	; 138
   0106 90                  322 	.db #0x90	; 144
   0107 CF                  323 	.db #0xcf	; 207
   0108 CF                  324 	.db #0xcf	; 207
   0109 CF                  325 	.db #0xcf	; 207
   010A CF                  326 	.db #0xcf	; 207
   010B CF                  327 	.db #0xcf	; 207
   010C C0                  328 	.db #0xc0	; 192
   010D 3F                  329 	.db #0x3f	; 63
   010E 30                  330 	.db #0x30	; 48	'0'
   010F 6F                  331 	.db #0x6f	; 111	'o'
   0110 2A                  332 	.db #0x2a	; 42
   0111 00                  333 	.db #0x00	; 0
   0112 40                  334 	.db #0x40	; 64
   0113 30                  335 	.db #0x30	; 48	'0'
   0114 C0                  336 	.db #0xc0	; 192
   0115 30                  337 	.db #0x30	; 48	'0'
   0116 00                  338 	.db #0x00	; 0
   0117 00                  339 	.db #0x00	; 0
   0118 40                  340 	.db #0x40	; 64
   0119 30                  341 	.db #0x30	; 48	'0'
   011A 40                  342 	.db #0x40	; 64
   011B 30                  343 	.db #0x30	; 48	'0'
   011C 00                  344 	.db #0x00	; 0
   011D 00                  345 	.db #0x00	; 0
   011E 33                  346 	.db #0x33	; 51	'3'
   011F 20                  347 	.db #0x20	; 32
   0120 00                  348 	.db #0x00	; 0
   0121 90                  349 	.db #0x90	; 144
   0122 00                  350 	.db #0x00	; 0
   0123 00                  351 	.db #0x00	; 0
   0124 33                  352 	.db #0x33	; 51	'3'
   0125 00                  353 	.db #0x00	; 0
   0126 00                  354 	.db #0x00	; 0
   0127 33                  355 	.db #0x33	; 51	'3'
   0128 00                  356 	.db #0x00	; 0
   0129 00                  357 	.db #0x00	; 0
   012A 22                  358 	.db #0x22	; 34
   012B 00                  359 	.db #0x00	; 0
   012C 00                  360 	.db #0x00	; 0
   012D 33                  361 	.db #0x33	; 51	'3'
   012E 22                  362 	.db #0x22	; 34
   012F 00                  363 	.db #0x00	; 0
   0130                     364 _hero_sp_03:
   0130 05                  365 	.db #0x05	; 5
   0131 0F                  366 	.db #0x0f	; 15
   0132 0F                  367 	.db #0x0f	; 15
   0133 0F                  368 	.db #0x0f	; 15
   0134 0A                  369 	.db #0x0a	; 10
   0135 00                  370 	.db #0x00	; 0
   0136 05                  371 	.db #0x05	; 5
   0137 C0                  372 	.db #0xc0	; 192
   0138 C0                  373 	.db #0xc0	; 192
   0139 80                  374 	.db #0x80	; 128
   013A 00                  375 	.db #0x00	; 0
   013B 00                  376 	.db #0x00	; 0
   013C 4A                  377 	.db #0x4a	; 74	'J'
   013D 90                  378 	.db #0x90	; 144
   013E C0                  379 	.db #0xc0	; 192
   013F 20                  380 	.db #0x20	; 32
   0140 00                  381 	.db #0x00	; 0
   0141 00                  382 	.db #0x00	; 0
   0142 05                  383 	.db #0x05	; 5
   0143 85                  384 	.db #0x85	; 133
   0144 0F                  385 	.db #0x0f	; 15
   0145 0A                  386 	.db #0x0a	; 10
   0146 00                  387 	.db #0x00	; 0
   0147 00                  388 	.db #0x00	; 0
   0148 00                  389 	.db #0x00	; 0
   0149 0F                  390 	.db #0x0f	; 15
   014A C0                  391 	.db #0xc0	; 192
   014B 0A                  392 	.db #0x0a	; 10
   014C 00                  393 	.db #0x00	; 0
   014D 00                  394 	.db #0x00	; 0
   014E 00                  395 	.db #0x00	; 0
   014F 05                  396 	.db #0x05	; 5
   0150 0F                  397 	.db #0x0f	; 15
   0151 00                  398 	.db #0x00	; 0
   0152 00                  399 	.db #0x00	; 0
   0153 00                  400 	.db #0x00	; 0
   0154 40                  401 	.db #0x40	; 64
   0155 30                  402 	.db #0x30	; 48	'0'
   0156 C0                  403 	.db #0xc0	; 192
   0157 30                  404 	.db #0x30	; 48	'0'
   0158 00                  405 	.db #0x00	; 0
   0159 00                  406 	.db #0x00	; 0
   015A C0                  407 	.db #0xc0	; 192
   015B 30                  408 	.db #0x30	; 48	'0'
   015C CF                  409 	.db #0xcf	; 207
   015D 90                  410 	.db #0x90	; 144
   015E CF                  411 	.db #0xcf	; 207
   015F 00                  412 	.db #0x00	; 0
   0160 90                  413 	.db #0x90	; 144
   0161 65                  414 	.db #0x65	; 101	'e'
   0162 CF                  415 	.db #0xcf	; 207
   0163 CF                  416 	.db #0xcf	; 207
   0164 CF                  417 	.db #0xcf	; 207
   0165 8A                  418 	.db #0x8a	; 138
   0166 90                  419 	.db #0x90	; 144
   0167 CF                  420 	.db #0xcf	; 207
   0168 CF                  421 	.db #0xcf	; 207
   0169 CF                  422 	.db #0xcf	; 207
   016A CF                  423 	.db #0xcf	; 207
   016B CF                  424 	.db #0xcf	; 207
   016C C0                  425 	.db #0xc0	; 192
   016D 3F                  426 	.db #0x3f	; 63
   016E 30                  427 	.db #0x30	; 48	'0'
   016F 6F                  428 	.db #0x6f	; 111	'o'
   0170 2A                  429 	.db #0x2a	; 42
   0171 00                  430 	.db #0x00	; 0
   0172 40                  431 	.db #0x40	; 64
   0173 30                  432 	.db #0x30	; 48	'0'
   0174 30                  433 	.db #0x30	; 48	'0'
   0175 90                  434 	.db #0x90	; 144
   0176 00                  435 	.db #0x00	; 0
   0177 00                  436 	.db #0x00	; 0
   0178 40                  437 	.db #0x40	; 64
   0179 30                  438 	.db #0x30	; 48	'0'
   017A 33                  439 	.db #0x33	; 51	'3'
   017B 90                  440 	.db #0x90	; 144
   017C 00                  441 	.db #0x00	; 0
   017D 00                  442 	.db #0x00	; 0
   017E 00                  443 	.db #0x00	; 0
   017F 00                  444 	.db #0x00	; 0
   0180 33                  445 	.db #0x33	; 51	'3'
   0181 32                  446 	.db #0x32	; 50	'2'
   0182 00                  447 	.db #0x00	; 0
   0183 00                  448 	.db #0x00	; 0
   0184 00                  449 	.db #0x00	; 0
   0185 00                  450 	.db #0x00	; 0
   0186 00                  451 	.db #0x00	; 0
   0187 33                  452 	.db #0x33	; 51	'3'
   0188 00                  453 	.db #0x00	; 0
   0189 00                  454 	.db #0x00	; 0
   018A 00                  455 	.db #0x00	; 0
   018B 00                  456 	.db #0x00	; 0
   018C 00                  457 	.db #0x00	; 0
   018D 33                  458 	.db #0x33	; 51	'3'
   018E 22                  459 	.db #0x22	; 34
   018F 00                  460 	.db #0x00	; 0
   0190                     461 _hero_sp_04:
   0190 05                  462 	.db #0x05	; 5
   0191 0F                  463 	.db #0x0f	; 15
   0192 0F                  464 	.db #0x0f	; 15
   0193 0F                  465 	.db #0x0f	; 15
   0194 0A                  466 	.db #0x0a	; 10
   0195 00                  467 	.db #0x00	; 0
   0196 05                  468 	.db #0x05	; 5
   0197 C0                  469 	.db #0xc0	; 192
   0198 C0                  470 	.db #0xc0	; 192
   0199 80                  471 	.db #0x80	; 128
   019A 00                  472 	.db #0x00	; 0
   019B 00                  473 	.db #0x00	; 0
   019C 4A                  474 	.db #0x4a	; 74	'J'
   019D 90                  475 	.db #0x90	; 144
   019E C0                  476 	.db #0xc0	; 192
   019F 20                  477 	.db #0x20	; 32
   01A0 00                  478 	.db #0x00	; 0
   01A1 00                  479 	.db #0x00	; 0
   01A2 05                  480 	.db #0x05	; 5
   01A3 85                  481 	.db #0x85	; 133
   01A4 0F                  482 	.db #0x0f	; 15
   01A5 0A                  483 	.db #0x0a	; 10
   01A6 00                  484 	.db #0x00	; 0
   01A7 00                  485 	.db #0x00	; 0
   01A8 00                  486 	.db #0x00	; 0
   01A9 0F                  487 	.db #0x0f	; 15
   01AA C0                  488 	.db #0xc0	; 192
   01AB 0A                  489 	.db #0x0a	; 10
   01AC 00                  490 	.db #0x00	; 0
   01AD 00                  491 	.db #0x00	; 0
   01AE 00                  492 	.db #0x00	; 0
   01AF 05                  493 	.db #0x05	; 5
   01B0 0F                  494 	.db #0x0f	; 15
   01B1 00                  495 	.db #0x00	; 0
   01B2 00                  496 	.db #0x00	; 0
   01B3 00                  497 	.db #0x00	; 0
   01B4 40                  498 	.db #0x40	; 64
   01B5 30                  499 	.db #0x30	; 48	'0'
   01B6 C0                  500 	.db #0xc0	; 192
   01B7 30                  501 	.db #0x30	; 48	'0'
   01B8 00                  502 	.db #0x00	; 0
   01B9 00                  503 	.db #0x00	; 0
   01BA C0                  504 	.db #0xc0	; 192
   01BB 30                  505 	.db #0x30	; 48	'0'
   01BC CF                  506 	.db #0xcf	; 207
   01BD 90                  507 	.db #0x90	; 144
   01BE CF                  508 	.db #0xcf	; 207
   01BF 00                  509 	.db #0x00	; 0
   01C0 90                  510 	.db #0x90	; 144
   01C1 65                  511 	.db #0x65	; 101	'e'
   01C2 CF                  512 	.db #0xcf	; 207
   01C3 CF                  513 	.db #0xcf	; 207
   01C4 CF                  514 	.db #0xcf	; 207
   01C5 8A                  515 	.db #0x8a	; 138
   01C6 90                  516 	.db #0x90	; 144
   01C7 CF                  517 	.db #0xcf	; 207
   01C8 CF                  518 	.db #0xcf	; 207
   01C9 CF                  519 	.db #0xcf	; 207
   01CA CF                  520 	.db #0xcf	; 207
   01CB CF                  521 	.db #0xcf	; 207
   01CC C0                  522 	.db #0xc0	; 192
   01CD 3F                  523 	.db #0x3f	; 63
   01CE 30                  524 	.db #0x30	; 48	'0'
   01CF 6F                  525 	.db #0x6f	; 111	'o'
   01D0 2A                  526 	.db #0x2a	; 42
   01D1 00                  527 	.db #0x00	; 0
   01D2 40                  528 	.db #0x40	; 64
   01D3 30                  529 	.db #0x30	; 48	'0'
   01D4 90                  530 	.db #0x90	; 144
   01D5 30                  531 	.db #0x30	; 48	'0'
   01D6 00                  532 	.db #0x00	; 0
   01D7 00                  533 	.db #0x00	; 0
   01D8 40                  534 	.db #0x40	; 64
   01D9 30                  535 	.db #0x30	; 48	'0'
   01DA 90                  536 	.db #0x90	; 144
   01DB 60                  537 	.db #0x60	; 96
   01DC 00                  538 	.db #0x00	; 0
   01DD 00                  539 	.db #0x00	; 0
   01DE 40                  540 	.db #0x40	; 64
   01DF 30                  541 	.db #0x30	; 48	'0'
   01E0 C0                  542 	.db #0xc0	; 192
   01E1 80                  543 	.db #0x80	; 128
   01E2 00                  544 	.db #0x00	; 0
   01E3 00                  545 	.db #0x00	; 0
   01E4 00                  546 	.db #0x00	; 0
   01E5 33                  547 	.db #0x33	; 51	'3'
   01E6 00                  548 	.db #0x00	; 0
   01E7 00                  549 	.db #0x00	; 0
   01E8 00                  550 	.db #0x00	; 0
   01E9 00                  551 	.db #0x00	; 0
   01EA 00                  552 	.db #0x00	; 0
   01EB 33                  553 	.db #0x33	; 51	'3'
   01EC 22                  554 	.db #0x22	; 34
   01ED 00                  555 	.db #0x00	; 0
   01EE 00                  556 	.db #0x00	; 0
   01EF 00                  557 	.db #0x00	; 0
   01F0                     558 _hero_sp_05:
   01F0 05                  559 	.db #0x05	; 5
   01F1 0F                  560 	.db #0x0f	; 15
   01F2 0F                  561 	.db #0x0f	; 15
   01F3 0F                  562 	.db #0x0f	; 15
   01F4 0A                  563 	.db #0x0a	; 10
   01F5 00                  564 	.db #0x00	; 0
   01F6 05                  565 	.db #0x05	; 5
   01F7 C0                  566 	.db #0xc0	; 192
   01F8 C0                  567 	.db #0xc0	; 192
   01F9 80                  568 	.db #0x80	; 128
   01FA 00                  569 	.db #0x00	; 0
   01FB 00                  570 	.db #0x00	; 0
   01FC 4A                  571 	.db #0x4a	; 74	'J'
   01FD 90                  572 	.db #0x90	; 144
   01FE C0                  573 	.db #0xc0	; 192
   01FF 20                  574 	.db #0x20	; 32
   0200 00                  575 	.db #0x00	; 0
   0201 00                  576 	.db #0x00	; 0
   0202 05                  577 	.db #0x05	; 5
   0203 85                  578 	.db #0x85	; 133
   0204 0F                  579 	.db #0x0f	; 15
   0205 0A                  580 	.db #0x0a	; 10
   0206 00                  581 	.db #0x00	; 0
   0207 00                  582 	.db #0x00	; 0
   0208 00                  583 	.db #0x00	; 0
   0209 0F                  584 	.db #0x0f	; 15
   020A C0                  585 	.db #0xc0	; 192
   020B 0A                  586 	.db #0x0a	; 10
   020C 00                  587 	.db #0x00	; 0
   020D 00                  588 	.db #0x00	; 0
   020E 00                  589 	.db #0x00	; 0
   020F 05                  590 	.db #0x05	; 5
   0210 0F                  591 	.db #0x0f	; 15
   0211 00                  592 	.db #0x00	; 0
   0212 00                  593 	.db #0x00	; 0
   0213 00                  594 	.db #0x00	; 0
   0214 40                  595 	.db #0x40	; 64
   0215 30                  596 	.db #0x30	; 48	'0'
   0216 C0                  597 	.db #0xc0	; 192
   0217 30                  598 	.db #0x30	; 48	'0'
   0218 00                  599 	.db #0x00	; 0
   0219 00                  600 	.db #0x00	; 0
   021A C0                  601 	.db #0xc0	; 192
   021B 30                  602 	.db #0x30	; 48	'0'
   021C CF                  603 	.db #0xcf	; 207
   021D 90                  604 	.db #0x90	; 144
   021E CF                  605 	.db #0xcf	; 207
   021F 00                  606 	.db #0x00	; 0
   0220 90                  607 	.db #0x90	; 144
   0221 65                  608 	.db #0x65	; 101	'e'
   0222 CF                  609 	.db #0xcf	; 207
   0223 CF                  610 	.db #0xcf	; 207
   0224 CF                  611 	.db #0xcf	; 207
   0225 8A                  612 	.db #0x8a	; 138
   0226 90                  613 	.db #0x90	; 144
   0227 CF                  614 	.db #0xcf	; 207
   0228 CF                  615 	.db #0xcf	; 207
   0229 CF                  616 	.db #0xcf	; 207
   022A CF                  617 	.db #0xcf	; 207
   022B CF                  618 	.db #0xcf	; 207
   022C C0                  619 	.db #0xc0	; 192
   022D 3F                  620 	.db #0x3f	; 63
   022E 30                  621 	.db #0x30	; 48	'0'
   022F 6F                  622 	.db #0x6f	; 111	'o'
   0230 2A                  623 	.db #0x2a	; 42
   0231 00                  624 	.db #0x00	; 0
   0232 40                  625 	.db #0x40	; 64
   0233 30                  626 	.db #0x30	; 48	'0'
   0234 C0                  627 	.db #0xc0	; 192
   0235 30                  628 	.db #0x30	; 48	'0'
   0236 00                  629 	.db #0x00	; 0
   0237 00                  630 	.db #0x00	; 0
   0238 40                  631 	.db #0x40	; 64
   0239 30                  632 	.db #0x30	; 48	'0'
   023A 40                  633 	.db #0x40	; 64
   023B 30                  634 	.db #0x30	; 48	'0'
   023C 00                  635 	.db #0x00	; 0
   023D 00                  636 	.db #0x00	; 0
   023E 33                  637 	.db #0x33	; 51	'3'
   023F 20                  638 	.db #0x20	; 32
   0240 11                  639 	.db #0x11	; 17
   0241 32                  640 	.db #0x32	; 50	'2'
   0242 00                  641 	.db #0x00	; 0
   0243 00                  642 	.db #0x00	; 0
   0244 33                  643 	.db #0x33	; 51	'3'
   0245 00                  644 	.db #0x00	; 0
   0246 11                  645 	.db #0x11	; 17
   0247 22                  646 	.db #0x22	; 34
   0248 00                  647 	.db #0x00	; 0
   0249 00                  648 	.db #0x00	; 0
   024A 22                  649 	.db #0x22	; 34
   024B 00                  650 	.db #0x00	; 0
   024C 11                  651 	.db #0x11	; 17
   024D 00                  652 	.db #0x00	; 0
   024E 00                  653 	.db #0x00	; 0
   024F 00                  654 	.db #0x00	; 0
   0250                     655 _hero_sp_06:
   0250 00                  656 	.db #0x00	; 0
   0251 05                  657 	.db #0x05	; 5
   0252 0F                  658 	.db #0x0f	; 15
   0253 0F                  659 	.db #0x0f	; 15
   0254 0F                  660 	.db #0x0f	; 15
   0255 0A                  661 	.db #0x0a	; 10
   0256 00                  662 	.db #0x00	; 0
   0257 00                  663 	.db #0x00	; 0
   0258 40                  664 	.db #0x40	; 64
   0259 C0                  665 	.db #0xc0	; 192
   025A C0                  666 	.db #0xc0	; 192
   025B 0A                  667 	.db #0x0a	; 10
   025C 00                  668 	.db #0x00	; 0
   025D 00                  669 	.db #0x00	; 0
   025E 10                  670 	.db #0x10	; 16
   025F C0                  671 	.db #0xc0	; 192
   0260 60                  672 	.db #0x60	; 96
   0261 85                  673 	.db #0x85	; 133
   0262 00                  674 	.db #0x00	; 0
   0263 00                  675 	.db #0x00	; 0
   0264 05                  676 	.db #0x05	; 5
   0265 0F                  677 	.db #0x0f	; 15
   0266 4A                  678 	.db #0x4a	; 74	'J'
   0267 0A                  679 	.db #0x0a	; 10
   0268 00                  680 	.db #0x00	; 0
   0269 00                  681 	.db #0x00	; 0
   026A 05                  682 	.db #0x05	; 5
   026B C0                  683 	.db #0xc0	; 192
   026C 0F                  684 	.db #0x0f	; 15
   026D 00                  685 	.db #0x00	; 0
   026E 00                  686 	.db #0x00	; 0
   026F 00                  687 	.db #0x00	; 0
   0270 00                  688 	.db #0x00	; 0
   0271 0F                  689 	.db #0x0f	; 15
   0272 0A                  690 	.db #0x0a	; 10
   0273 00                  691 	.db #0x00	; 0
   0274 00                  692 	.db #0x00	; 0
   0275 00                  693 	.db #0x00	; 0
   0276 30                  694 	.db #0x30	; 48	'0'
   0277 C0                  695 	.db #0xc0	; 192
   0278 30                  696 	.db #0x30	; 48	'0'
   0279 80                  697 	.db #0x80	; 128
   027A 00                  698 	.db #0x00	; 0
   027B CF                  699 	.db #0xcf	; 207
   027C 60                  700 	.db #0x60	; 96
   027D CF                  701 	.db #0xcf	; 207
   027E 30                  702 	.db #0x30	; 48	'0'
   027F C0                  703 	.db #0xc0	; 192
   0280 45                  704 	.db #0x45	; 69	'E'
   0281 CF                  705 	.db #0xcf	; 207
   0282 CF                  706 	.db #0xcf	; 207
   0283 CF                  707 	.db #0xcf	; 207
   0284 9A                  708 	.db #0x9a	; 154
   0285 60                  709 	.db #0x60	; 96
   0286 CF                  710 	.db #0xcf	; 207
   0287 CF                  711 	.db #0xcf	; 207
   0288 CF                  712 	.db #0xcf	; 207
   0289 CF                  713 	.db #0xcf	; 207
   028A CF                  714 	.db #0xcf	; 207
   028B 60                  715 	.db #0x60	; 96
   028C 00                  716 	.db #0x00	; 0
   028D 15                  717 	.db #0x15	; 21
   028E 9F                  718 	.db #0x9f	; 159
   028F 30                  719 	.db #0x30	; 48	'0'
   0290 3F                  720 	.db #0x3f	; 63
   0291 C0                  721 	.db #0xc0	; 192
   0292 00                  722 	.db #0x00	; 0
   0293 00                  723 	.db #0x00	; 0
   0294 30                  724 	.db #0x30	; 48	'0'
   0295 C0                  725 	.db #0xc0	; 192
   0296 30                  726 	.db #0x30	; 48	'0'
   0297 80                  727 	.db #0x80	; 128
   0298 00                  728 	.db #0x00	; 0
   0299 00                  729 	.db #0x00	; 0
   029A 30                  730 	.db #0x30	; 48	'0'
   029B 80                  731 	.db #0x80	; 128
   029C 30                  732 	.db #0x30	; 48	'0'
   029D 80                  733 	.db #0x80	; 128
   029E 00                  734 	.db #0x00	; 0
   029F 00                  735 	.db #0x00	; 0
   02A0 60                  736 	.db #0x60	; 96
   02A1 00                  737 	.db #0x00	; 0
   02A2 10                  738 	.db #0x10	; 16
   02A3 80                  739 	.db #0x80	; 128
   02A4 00                  740 	.db #0x00	; 0
   02A5 00                  741 	.db #0x00	; 0
   02A6 33                  742 	.db #0x33	; 51	'3'
   02A7 00                  743 	.db #0x00	; 0
   02A8 11                  744 	.db #0x11	; 17
   02A9 22                  745 	.db #0x22	; 34
   02AA 00                  746 	.db #0x00	; 0
   02AB 11                  747 	.db #0x11	; 17
   02AC 33                  748 	.db #0x33	; 51	'3'
   02AD 00                  749 	.db #0x00	; 0
   02AE 33                  750 	.db #0x33	; 51	'3'
   02AF 22                  751 	.db #0x22	; 34
   02B0                     752 _hero_sp_07:
   02B0 00                  753 	.db #0x00	; 0
   02B1 05                  754 	.db #0x05	; 5
   02B2 0F                  755 	.db #0x0f	; 15
   02B3 0F                  756 	.db #0x0f	; 15
   02B4 0F                  757 	.db #0x0f	; 15
   02B5 0A                  758 	.db #0x0a	; 10
   02B6 00                  759 	.db #0x00	; 0
   02B7 00                  760 	.db #0x00	; 0
   02B8 40                  761 	.db #0x40	; 64
   02B9 C0                  762 	.db #0xc0	; 192
   02BA C0                  763 	.db #0xc0	; 192
   02BB 0A                  764 	.db #0x0a	; 10
   02BC 00                  765 	.db #0x00	; 0
   02BD 00                  766 	.db #0x00	; 0
   02BE 10                  767 	.db #0x10	; 16
   02BF C0                  768 	.db #0xc0	; 192
   02C0 60                  769 	.db #0x60	; 96
   02C1 85                  770 	.db #0x85	; 133
   02C2 00                  771 	.db #0x00	; 0
   02C3 00                  772 	.db #0x00	; 0
   02C4 05                  773 	.db #0x05	; 5
   02C5 0F                  774 	.db #0x0f	; 15
   02C6 4A                  775 	.db #0x4a	; 74	'J'
   02C7 0A                  776 	.db #0x0a	; 10
   02C8 00                  777 	.db #0x00	; 0
   02C9 00                  778 	.db #0x00	; 0
   02CA 05                  779 	.db #0x05	; 5
   02CB C0                  780 	.db #0xc0	; 192
   02CC 0F                  781 	.db #0x0f	; 15
   02CD 00                  782 	.db #0x00	; 0
   02CE 00                  783 	.db #0x00	; 0
   02CF 00                  784 	.db #0x00	; 0
   02D0 00                  785 	.db #0x00	; 0
   02D1 0F                  786 	.db #0x0f	; 15
   02D2 0A                  787 	.db #0x0a	; 10
   02D3 00                  788 	.db #0x00	; 0
   02D4 00                  789 	.db #0x00	; 0
   02D5 00                  790 	.db #0x00	; 0
   02D6 30                  791 	.db #0x30	; 48	'0'
   02D7 C0                  792 	.db #0xc0	; 192
   02D8 30                  793 	.db #0x30	; 48	'0'
   02D9 80                  794 	.db #0x80	; 128
   02DA 00                  795 	.db #0x00	; 0
   02DB CF                  796 	.db #0xcf	; 207
   02DC 60                  797 	.db #0x60	; 96
   02DD CF                  798 	.db #0xcf	; 207
   02DE 30                  799 	.db #0x30	; 48	'0'
   02DF C0                  800 	.db #0xc0	; 192
   02E0 45                  801 	.db #0x45	; 69	'E'
   02E1 CF                  802 	.db #0xcf	; 207
   02E2 CF                  803 	.db #0xcf	; 207
   02E3 CF                  804 	.db #0xcf	; 207
   02E4 9A                  805 	.db #0x9a	; 154
   02E5 60                  806 	.db #0x60	; 96
   02E6 CF                  807 	.db #0xcf	; 207
   02E7 CF                  808 	.db #0xcf	; 207
   02E8 CF                  809 	.db #0xcf	; 207
   02E9 CF                  810 	.db #0xcf	; 207
   02EA CF                  811 	.db #0xcf	; 207
   02EB 60                  812 	.db #0x60	; 96
   02EC 00                  813 	.db #0x00	; 0
   02ED 15                  814 	.db #0x15	; 21
   02EE 9F                  815 	.db #0x9f	; 159
   02EF 30                  816 	.db #0x30	; 48	'0'
   02F0 3F                  817 	.db #0x3f	; 63
   02F1 C0                  818 	.db #0xc0	; 192
   02F2 00                  819 	.db #0x00	; 0
   02F3 30                  820 	.db #0x30	; 48	'0'
   02F4 30                  821 	.db #0x30	; 48	'0'
   02F5 C0                  822 	.db #0xc0	; 192
   02F6 30                  823 	.db #0x30	; 48	'0'
   02F7 80                  824 	.db #0x80	; 128
   02F8 00                  825 	.db #0x00	; 0
   02F9 30                  826 	.db #0x30	; 48	'0'
   02FA 30                  827 	.db #0x30	; 48	'0'
   02FB 80                  828 	.db #0x80	; 128
   02FC 30                  829 	.db #0x30	; 48	'0'
   02FD 80                  830 	.db #0x80	; 128
   02FE 00                  831 	.db #0x00	; 0
   02FF 33                  832 	.db #0x33	; 51	'3'
   0300 00                  833 	.db #0x00	; 0
   0301 00                  834 	.db #0x00	; 0
   0302 10                  835 	.db #0x10	; 16
   0303 80                  836 	.db #0x80	; 128
   0304 11                  837 	.db #0x11	; 17
   0305 33                  838 	.db #0x33	; 51	'3'
   0306 00                  839 	.db #0x00	; 0
   0307 00                  840 	.db #0x00	; 0
   0308 11                  841 	.db #0x11	; 17
   0309 22                  842 	.db #0x22	; 34
   030A 00                  843 	.db #0x00	; 0
   030B 00                  844 	.db #0x00	; 0
   030C 00                  845 	.db #0x00	; 0
   030D 00                  846 	.db #0x00	; 0
   030E 33                  847 	.db #0x33	; 51	'3'
   030F 22                  848 	.db #0x22	; 34
   0310                     849 _hero_sp_08:
   0310 00                  850 	.db #0x00	; 0
   0311 05                  851 	.db #0x05	; 5
   0312 0F                  852 	.db #0x0f	; 15
   0313 0F                  853 	.db #0x0f	; 15
   0314 0F                  854 	.db #0x0f	; 15
   0315 0A                  855 	.db #0x0a	; 10
   0316 00                  856 	.db #0x00	; 0
   0317 00                  857 	.db #0x00	; 0
   0318 40                  858 	.db #0x40	; 64
   0319 C0                  859 	.db #0xc0	; 192
   031A C0                  860 	.db #0xc0	; 192
   031B 0A                  861 	.db #0x0a	; 10
   031C 00                  862 	.db #0x00	; 0
   031D 00                  863 	.db #0x00	; 0
   031E 10                  864 	.db #0x10	; 16
   031F C0                  865 	.db #0xc0	; 192
   0320 60                  866 	.db #0x60	; 96
   0321 85                  867 	.db #0x85	; 133
   0322 00                  868 	.db #0x00	; 0
   0323 00                  869 	.db #0x00	; 0
   0324 05                  870 	.db #0x05	; 5
   0325 0F                  871 	.db #0x0f	; 15
   0326 4A                  872 	.db #0x4a	; 74	'J'
   0327 0A                  873 	.db #0x0a	; 10
   0328 00                  874 	.db #0x00	; 0
   0329 00                  875 	.db #0x00	; 0
   032A 05                  876 	.db #0x05	; 5
   032B C0                  877 	.db #0xc0	; 192
   032C 0F                  878 	.db #0x0f	; 15
   032D 00                  879 	.db #0x00	; 0
   032E 00                  880 	.db #0x00	; 0
   032F 00                  881 	.db #0x00	; 0
   0330 00                  882 	.db #0x00	; 0
   0331 0F                  883 	.db #0x0f	; 15
   0332 0A                  884 	.db #0x0a	; 10
   0333 00                  885 	.db #0x00	; 0
   0334 00                  886 	.db #0x00	; 0
   0335 00                  887 	.db #0x00	; 0
   0336 30                  888 	.db #0x30	; 48	'0'
   0337 C0                  889 	.db #0xc0	; 192
   0338 30                  890 	.db #0x30	; 48	'0'
   0339 80                  891 	.db #0x80	; 128
   033A 00                  892 	.db #0x00	; 0
   033B CF                  893 	.db #0xcf	; 207
   033C 60                  894 	.db #0x60	; 96
   033D CF                  895 	.db #0xcf	; 207
   033E 30                  896 	.db #0x30	; 48	'0'
   033F C0                  897 	.db #0xc0	; 192
   0340 45                  898 	.db #0x45	; 69	'E'
   0341 CF                  899 	.db #0xcf	; 207
   0342 CF                  900 	.db #0xcf	; 207
   0343 CF                  901 	.db #0xcf	; 207
   0344 9A                  902 	.db #0x9a	; 154
   0345 60                  903 	.db #0x60	; 96
   0346 CF                  904 	.db #0xcf	; 207
   0347 CF                  905 	.db #0xcf	; 207
   0348 CF                  906 	.db #0xcf	; 207
   0349 CF                  907 	.db #0xcf	; 207
   034A CF                  908 	.db #0xcf	; 207
   034B 60                  909 	.db #0x60	; 96
   034C 00                  910 	.db #0x00	; 0
   034D 15                  911 	.db #0x15	; 21
   034E 9F                  912 	.db #0x9f	; 159
   034F 30                  913 	.db #0x30	; 48	'0'
   0350 3F                  914 	.db #0x3f	; 63
   0351 C0                  915 	.db #0xc0	; 192
   0352 00                  916 	.db #0x00	; 0
   0353 00                  917 	.db #0x00	; 0
   0354 30                  918 	.db #0x30	; 48	'0'
   0355 C0                  919 	.db #0xc0	; 192
   0356 30                  920 	.db #0x30	; 48	'0'
   0357 80                  921 	.db #0x80	; 128
   0358 00                  922 	.db #0x00	; 0
   0359 00                  923 	.db #0x00	; 0
   035A 30                  924 	.db #0x30	; 48	'0'
   035B 80                  925 	.db #0x80	; 128
   035C 30                  926 	.db #0x30	; 48	'0'
   035D 80                  927 	.db #0x80	; 128
   035E 00                  928 	.db #0x00	; 0
   035F 00                  929 	.db #0x00	; 0
   0360 60                  930 	.db #0x60	; 96
   0361 00                  931 	.db #0x00	; 0
   0362 10                  932 	.db #0x10	; 16
   0363 33                  933 	.db #0x33	; 51	'3'
   0364 00                  934 	.db #0x00	; 0
   0365 00                  935 	.db #0x00	; 0
   0366 33                  936 	.db #0x33	; 51	'3'
   0367 00                  937 	.db #0x00	; 0
   0368 00                  938 	.db #0x00	; 0
   0369 33                  939 	.db #0x33	; 51	'3'
   036A 00                  940 	.db #0x00	; 0
   036B 11                  941 	.db #0x11	; 17
   036C 33                  942 	.db #0x33	; 51	'3'
   036D 00                  943 	.db #0x00	; 0
   036E 00                  944 	.db #0x00	; 0
   036F 11                  945 	.db #0x11	; 17
   0370                     946 _hero_sp_09:
   0370 00                  947 	.db #0x00	; 0
   0371 05                  948 	.db #0x05	; 5
   0372 0F                  949 	.db #0x0f	; 15
   0373 0F                  950 	.db #0x0f	; 15
   0374 0F                  951 	.db #0x0f	; 15
   0375 0A                  952 	.db #0x0a	; 10
   0376 00                  953 	.db #0x00	; 0
   0377 00                  954 	.db #0x00	; 0
   0378 40                  955 	.db #0x40	; 64
   0379 C0                  956 	.db #0xc0	; 192
   037A C0                  957 	.db #0xc0	; 192
   037B 0A                  958 	.db #0x0a	; 10
   037C 00                  959 	.db #0x00	; 0
   037D 00                  960 	.db #0x00	; 0
   037E 10                  961 	.db #0x10	; 16
   037F C0                  962 	.db #0xc0	; 192
   0380 60                  963 	.db #0x60	; 96
   0381 85                  964 	.db #0x85	; 133
   0382 00                  965 	.db #0x00	; 0
   0383 00                  966 	.db #0x00	; 0
   0384 05                  967 	.db #0x05	; 5
   0385 0F                  968 	.db #0x0f	; 15
   0386 4A                  969 	.db #0x4a	; 74	'J'
   0387 0A                  970 	.db #0x0a	; 10
   0388 00                  971 	.db #0x00	; 0
   0389 00                  972 	.db #0x00	; 0
   038A 05                  973 	.db #0x05	; 5
   038B C0                  974 	.db #0xc0	; 192
   038C 0F                  975 	.db #0x0f	; 15
   038D 00                  976 	.db #0x00	; 0
   038E 00                  977 	.db #0x00	; 0
   038F 00                  978 	.db #0x00	; 0
   0390 00                  979 	.db #0x00	; 0
   0391 0F                  980 	.db #0x0f	; 15
   0392 0A                  981 	.db #0x0a	; 10
   0393 00                  982 	.db #0x00	; 0
   0394 00                  983 	.db #0x00	; 0
   0395 00                  984 	.db #0x00	; 0
   0396 30                  985 	.db #0x30	; 48	'0'
   0397 C0                  986 	.db #0xc0	; 192
   0398 30                  987 	.db #0x30	; 48	'0'
   0399 80                  988 	.db #0x80	; 128
   039A 00                  989 	.db #0x00	; 0
   039B CF                  990 	.db #0xcf	; 207
   039C 60                  991 	.db #0x60	; 96
   039D CF                  992 	.db #0xcf	; 207
   039E 30                  993 	.db #0x30	; 48	'0'
   039F C0                  994 	.db #0xc0	; 192
   03A0 45                  995 	.db #0x45	; 69	'E'
   03A1 CF                  996 	.db #0xcf	; 207
   03A2 CF                  997 	.db #0xcf	; 207
   03A3 CF                  998 	.db #0xcf	; 207
   03A4 9A                  999 	.db #0x9a	; 154
   03A5 60                 1000 	.db #0x60	; 96
   03A6 CF                 1001 	.db #0xcf	; 207
   03A7 CF                 1002 	.db #0xcf	; 207
   03A8 CF                 1003 	.db #0xcf	; 207
   03A9 CF                 1004 	.db #0xcf	; 207
   03AA CF                 1005 	.db #0xcf	; 207
   03AB 60                 1006 	.db #0x60	; 96
   03AC 00                 1007 	.db #0x00	; 0
   03AD 15                 1008 	.db #0x15	; 21
   03AE 9F                 1009 	.db #0x9f	; 159
   03AF 30                 1010 	.db #0x30	; 48	'0'
   03B0 3F                 1011 	.db #0x3f	; 63
   03B1 C0                 1012 	.db #0xc0	; 192
   03B2 00                 1013 	.db #0x00	; 0
   03B3 00                 1014 	.db #0x00	; 0
   03B4 60                 1015 	.db #0x60	; 96
   03B5 30                 1016 	.db #0x30	; 48	'0'
   03B6 30                 1017 	.db #0x30	; 48	'0'
   03B7 80                 1018 	.db #0x80	; 128
   03B8 00                 1019 	.db #0x00	; 0
   03B9 00                 1020 	.db #0x00	; 0
   03BA 60                 1021 	.db #0x60	; 96
   03BB 33                 1022 	.db #0x33	; 51	'3'
   03BC 30                 1023 	.db #0x30	; 48	'0'
   03BD 80                 1024 	.db #0x80	; 128
   03BE 00                 1025 	.db #0x00	; 0
   03BF 00                 1026 	.db #0x00	; 0
   03C0 31                 1027 	.db #0x31	; 49	'1'
   03C1 33                 1028 	.db #0x33	; 51	'3'
   03C2 00                 1029 	.db #0x00	; 0
   03C3 00                 1030 	.db #0x00	; 0
   03C4 00                 1031 	.db #0x00	; 0
   03C5 00                 1032 	.db #0x00	; 0
   03C6 33                 1033 	.db #0x33	; 51	'3'
   03C7 00                 1034 	.db #0x00	; 0
   03C8 00                 1035 	.db #0x00	; 0
   03C9 00                 1036 	.db #0x00	; 0
   03CA 00                 1037 	.db #0x00	; 0
   03CB 11                 1038 	.db #0x11	; 17
   03CC 33                 1039 	.db #0x33	; 51	'3'
   03CD 00                 1040 	.db #0x00	; 0
   03CE 00                 1041 	.db #0x00	; 0
   03CF 00                 1042 	.db #0x00	; 0
   03D0                    1043 _hero_sp_10:
   03D0 00                 1044 	.db #0x00	; 0
   03D1 05                 1045 	.db #0x05	; 5
   03D2 0F                 1046 	.db #0x0f	; 15
   03D3 0F                 1047 	.db #0x0f	; 15
   03D4 0F                 1048 	.db #0x0f	; 15
   03D5 0A                 1049 	.db #0x0a	; 10
   03D6 00                 1050 	.db #0x00	; 0
   03D7 00                 1051 	.db #0x00	; 0
   03D8 40                 1052 	.db #0x40	; 64
   03D9 C0                 1053 	.db #0xc0	; 192
   03DA C0                 1054 	.db #0xc0	; 192
   03DB 0A                 1055 	.db #0x0a	; 10
   03DC 00                 1056 	.db #0x00	; 0
   03DD 00                 1057 	.db #0x00	; 0
   03DE 10                 1058 	.db #0x10	; 16
   03DF C0                 1059 	.db #0xc0	; 192
   03E0 60                 1060 	.db #0x60	; 96
   03E1 85                 1061 	.db #0x85	; 133
   03E2 00                 1062 	.db #0x00	; 0
   03E3 00                 1063 	.db #0x00	; 0
   03E4 05                 1064 	.db #0x05	; 5
   03E5 0F                 1065 	.db #0x0f	; 15
   03E6 4A                 1066 	.db #0x4a	; 74	'J'
   03E7 0A                 1067 	.db #0x0a	; 10
   03E8 00                 1068 	.db #0x00	; 0
   03E9 00                 1069 	.db #0x00	; 0
   03EA 05                 1070 	.db #0x05	; 5
   03EB C0                 1071 	.db #0xc0	; 192
   03EC 0F                 1072 	.db #0x0f	; 15
   03ED 00                 1073 	.db #0x00	; 0
   03EE 00                 1074 	.db #0x00	; 0
   03EF 00                 1075 	.db #0x00	; 0
   03F0 00                 1076 	.db #0x00	; 0
   03F1 0F                 1077 	.db #0x0f	; 15
   03F2 0A                 1078 	.db #0x0a	; 10
   03F3 00                 1079 	.db #0x00	; 0
   03F4 00                 1080 	.db #0x00	; 0
   03F5 00                 1081 	.db #0x00	; 0
   03F6 30                 1082 	.db #0x30	; 48	'0'
   03F7 C0                 1083 	.db #0xc0	; 192
   03F8 30                 1084 	.db #0x30	; 48	'0'
   03F9 80                 1085 	.db #0x80	; 128
   03FA 00                 1086 	.db #0x00	; 0
   03FB CF                 1087 	.db #0xcf	; 207
   03FC 60                 1088 	.db #0x60	; 96
   03FD CF                 1089 	.db #0xcf	; 207
   03FE 30                 1090 	.db #0x30	; 48	'0'
   03FF C0                 1091 	.db #0xc0	; 192
   0400 45                 1092 	.db #0x45	; 69	'E'
   0401 CF                 1093 	.db #0xcf	; 207
   0402 CF                 1094 	.db #0xcf	; 207
   0403 CF                 1095 	.db #0xcf	; 207
   0404 9A                 1096 	.db #0x9a	; 154
   0405 60                 1097 	.db #0x60	; 96
   0406 CF                 1098 	.db #0xcf	; 207
   0407 CF                 1099 	.db #0xcf	; 207
   0408 CF                 1100 	.db #0xcf	; 207
   0409 CF                 1101 	.db #0xcf	; 207
   040A CF                 1102 	.db #0xcf	; 207
   040B 60                 1103 	.db #0x60	; 96
   040C 00                 1104 	.db #0x00	; 0
   040D 15                 1105 	.db #0x15	; 21
   040E 9F                 1106 	.db #0x9f	; 159
   040F 30                 1107 	.db #0x30	; 48	'0'
   0410 3F                 1108 	.db #0x3f	; 63
   0411 C0                 1109 	.db #0xc0	; 192
   0412 00                 1110 	.db #0x00	; 0
   0413 00                 1111 	.db #0x00	; 0
   0414 30                 1112 	.db #0x30	; 48	'0'
   0415 60                 1113 	.db #0x60	; 96
   0416 30                 1114 	.db #0x30	; 48	'0'
   0417 80                 1115 	.db #0x80	; 128
   0418 00                 1116 	.db #0x00	; 0
   0419 00                 1117 	.db #0x00	; 0
   041A 90                 1118 	.db #0x90	; 144
   041B 60                 1119 	.db #0x60	; 96
   041C 30                 1120 	.db #0x30	; 48	'0'
   041D 80                 1121 	.db #0x80	; 128
   041E 00                 1122 	.db #0x00	; 0
   041F 00                 1123 	.db #0x00	; 0
   0420 40                 1124 	.db #0x40	; 64
   0421 C0                 1125 	.db #0xc0	; 192
   0422 30                 1126 	.db #0x30	; 48	'0'
   0423 80                 1127 	.db #0x80	; 128
   0424 00                 1128 	.db #0x00	; 0
   0425 00                 1129 	.db #0x00	; 0
   0426 00                 1130 	.db #0x00	; 0
   0427 00                 1131 	.db #0x00	; 0
   0428 33                 1132 	.db #0x33	; 51	'3'
   0429 00                 1133 	.db #0x00	; 0
   042A 00                 1134 	.db #0x00	; 0
   042B 00                 1135 	.db #0x00	; 0
   042C 00                 1136 	.db #0x00	; 0
   042D 11                 1137 	.db #0x11	; 17
   042E 33                 1138 	.db #0x33	; 51	'3'
   042F 00                 1139 	.db #0x00	; 0
   0430                    1140 _hero_sp_11:
   0430 00                 1141 	.db #0x00	; 0
   0431 05                 1142 	.db #0x05	; 5
   0432 0F                 1143 	.db #0x0f	; 15
   0433 0F                 1144 	.db #0x0f	; 15
   0434 0F                 1145 	.db #0x0f	; 15
   0435 0A                 1146 	.db #0x0a	; 10
   0436 00                 1147 	.db #0x00	; 0
   0437 00                 1148 	.db #0x00	; 0
   0438 40                 1149 	.db #0x40	; 64
   0439 C0                 1150 	.db #0xc0	; 192
   043A C0                 1151 	.db #0xc0	; 192
   043B 0A                 1152 	.db #0x0a	; 10
   043C 00                 1153 	.db #0x00	; 0
   043D 00                 1154 	.db #0x00	; 0
   043E 10                 1155 	.db #0x10	; 16
   043F C0                 1156 	.db #0xc0	; 192
   0440 60                 1157 	.db #0x60	; 96
   0441 85                 1158 	.db #0x85	; 133
   0442 00                 1159 	.db #0x00	; 0
   0443 00                 1160 	.db #0x00	; 0
   0444 05                 1161 	.db #0x05	; 5
   0445 0F                 1162 	.db #0x0f	; 15
   0446 4A                 1163 	.db #0x4a	; 74	'J'
   0447 0A                 1164 	.db #0x0a	; 10
   0448 00                 1165 	.db #0x00	; 0
   0449 00                 1166 	.db #0x00	; 0
   044A 05                 1167 	.db #0x05	; 5
   044B C0                 1168 	.db #0xc0	; 192
   044C 0F                 1169 	.db #0x0f	; 15
   044D 00                 1170 	.db #0x00	; 0
   044E 00                 1171 	.db #0x00	; 0
   044F 00                 1172 	.db #0x00	; 0
   0450 00                 1173 	.db #0x00	; 0
   0451 0F                 1174 	.db #0x0f	; 15
   0452 0A                 1175 	.db #0x0a	; 10
   0453 00                 1176 	.db #0x00	; 0
   0454 00                 1177 	.db #0x00	; 0
   0455 00                 1178 	.db #0x00	; 0
   0456 30                 1179 	.db #0x30	; 48	'0'
   0457 C0                 1180 	.db #0xc0	; 192
   0458 30                 1181 	.db #0x30	; 48	'0'
   0459 80                 1182 	.db #0x80	; 128
   045A 00                 1183 	.db #0x00	; 0
   045B CF                 1184 	.db #0xcf	; 207
   045C 60                 1185 	.db #0x60	; 96
   045D CF                 1186 	.db #0xcf	; 207
   045E 30                 1187 	.db #0x30	; 48	'0'
   045F C0                 1188 	.db #0xc0	; 192
   0460 45                 1189 	.db #0x45	; 69	'E'
   0461 CF                 1190 	.db #0xcf	; 207
   0462 CF                 1191 	.db #0xcf	; 207
   0463 CF                 1192 	.db #0xcf	; 207
   0464 9A                 1193 	.db #0x9a	; 154
   0465 60                 1194 	.db #0x60	; 96
   0466 CF                 1195 	.db #0xcf	; 207
   0467 CF                 1196 	.db #0xcf	; 207
   0468 CF                 1197 	.db #0xcf	; 207
   0469 CF                 1198 	.db #0xcf	; 207
   046A CF                 1199 	.db #0xcf	; 207
   046B 60                 1200 	.db #0x60	; 96
   046C 00                 1201 	.db #0x00	; 0
   046D 15                 1202 	.db #0x15	; 21
   046E 9F                 1203 	.db #0x9f	; 159
   046F 30                 1204 	.db #0x30	; 48	'0'
   0470 3F                 1205 	.db #0x3f	; 63
   0471 C0                 1206 	.db #0xc0	; 192
   0472 00                 1207 	.db #0x00	; 0
   0473 00                 1208 	.db #0x00	; 0
   0474 30                 1209 	.db #0x30	; 48	'0'
   0475 C0                 1210 	.db #0xc0	; 192
   0476 30                 1211 	.db #0x30	; 48	'0'
   0477 80                 1212 	.db #0x80	; 128
   0478 00                 1213 	.db #0x00	; 0
   0479 00                 1214 	.db #0x00	; 0
   047A 30                 1215 	.db #0x30	; 48	'0'
   047B 80                 1216 	.db #0x80	; 128
   047C 30                 1217 	.db #0x30	; 48	'0'
   047D 80                 1218 	.db #0x80	; 128
   047E 00                 1219 	.db #0x00	; 0
   047F 00                 1220 	.db #0x00	; 0
   0480 31                 1221 	.db #0x31	; 49	'1'
   0481 22                 1222 	.db #0x22	; 34
   0482 10                 1223 	.db #0x10	; 16
   0483 33                 1224 	.db #0x33	; 51	'3'
   0484 00                 1225 	.db #0x00	; 0
   0485 00                 1226 	.db #0x00	; 0
   0486 11                 1227 	.db #0x11	; 17
   0487 22                 1228 	.db #0x22	; 34
   0488 00                 1229 	.db #0x00	; 0
   0489 33                 1230 	.db #0x33	; 51	'3'
   048A 00                 1231 	.db #0x00	; 0
   048B 00                 1232 	.db #0x00	; 0
   048C 00                 1233 	.db #0x00	; 0
   048D 22                 1234 	.db #0x22	; 34
   048E 00                 1235 	.db #0x00	; 0
   048F 11                 1236 	.db #0x11	; 17
                           1237 	.area _INITIALIZER
                           1238 	.area _CABS (ABS)
