                              1 ;--------------------------------------------------------
                              2 ; File Created by SDCC : free open source ANSI-C Compiler
                              3 ; Version 3.6.8 #9946 (Mac OS X x86_64)
                              4 ;--------------------------------------------------------
                              5 	.module life
                              6 	.optsdcc -mz80
                              7 	
                              8 ;--------------------------------------------------------
                              9 ; Public variables in this module
                             10 ;--------------------------------------------------------
                             11 	.globl _life_sp
                             12 	.globl _life_pal
                             13 ;--------------------------------------------------------
                             14 ; special function registers
                             15 ;--------------------------------------------------------
                             16 ;--------------------------------------------------------
                             17 ; ram data
                             18 ;--------------------------------------------------------
                             19 	.area _DATA
                             20 ;--------------------------------------------------------
                             21 ; ram data
                             22 ;--------------------------------------------------------
                             23 	.area _INITIALIZED
                             24 ;--------------------------------------------------------
                             25 ; absolute external ram data
                             26 ;--------------------------------------------------------
                             27 	.area _DABS (ABS)
                             28 ;--------------------------------------------------------
                             29 ; global & static initialisations
                             30 ;--------------------------------------------------------
                             31 	.area _HOME
                             32 	.area _GSINIT
                             33 	.area _GSFINAL
                             34 	.area _GSINIT
                             35 ;--------------------------------------------------------
                             36 ; Home
                             37 ;--------------------------------------------------------
                             38 	.area _HOME
                             39 	.area _HOME
                             40 ;--------------------------------------------------------
                             41 ; code
                             42 ;--------------------------------------------------------
                             43 	.area _CODE
                             44 	.area _CODE
   0000                      45 _life_pal:
   0000 54                   46 	.db #0x54	; 84	'T'
   0001 44                   47 	.db #0x44	; 68	'D'
   0002 55                   48 	.db #0x55	; 85	'U'
   0003 5C                   49 	.db #0x5c	; 92
   0004 58                   50 	.db #0x58	; 88	'X'
   0005 5D                   51 	.db #0x5d	; 93
   0006 4C                   52 	.db #0x4c	; 76	'L'
   0007 45                   53 	.db #0x45	; 69	'E'
   0008 4D                   54 	.db #0x4d	; 77	'M'
   0009 5E                   55 	.db #0x5e	; 94
   000A 40                   56 	.db #0x40	; 64
   000B 5F                   57 	.db #0x5f	; 95
   000C 4E                   58 	.db #0x4e	; 78	'N'
   000D 47                   59 	.db #0x47	; 71	'G'
   000E 4F                   60 	.db #0x4f	; 79	'O'
   000F 53                   61 	.db #0x53	; 83	'S'
   0010                      62 _life_sp:
   0010 44                   63 	.db #0x44	; 68	'D'
   0011 88                   64 	.db #0x88	; 136
   0012 CC                   65 	.db #0xcc	; 204
   0013 00                   66 	.db #0x00	; 0
   0014 9C                   67 	.db #0x9c	; 156
   0015 6C                   68 	.db #0x6c	; 108	'l'
   0016 3C                   69 	.db #0x3c	; 60
   0017 88                   70 	.db #0x88	; 136
   0018 9C                   71 	.db #0x9c	; 156
   0019 3C                   72 	.db #0x3c	; 60
   001A 3C                   73 	.db #0x3c	; 60
   001B 88                   74 	.db #0x88	; 136
   001C 9C                   75 	.db #0x9c	; 156
   001D 3C                   76 	.db #0x3c	; 60
   001E 3C                   77 	.db #0x3c	; 60
   001F 88                   78 	.db #0x88	; 136
   0020 44                   79 	.db #0x44	; 68	'D'
   0021 3C                   80 	.db #0x3c	; 60
   0022 6C                   81 	.db #0x6c	; 108	'l'
   0023 00                   82 	.db #0x00	; 0
   0024 00                   83 	.db #0x00	; 0
   0025 9C                   84 	.db #0x9c	; 156
   0026 88                   85 	.db #0x88	; 136
   0027 00                   86 	.db #0x00	; 0
   0028 00                   87 	.db #0x00	; 0
   0029 44                   88 	.db #0x44	; 68	'D'
   002A 00                   89 	.db #0x00	; 0
   002B 00                   90 	.db #0x00	; 0
   002C 00                   91 	.db #0x00	; 0
   002D 00                   92 	.db #0x00	; 0
   002E 00                   93 	.db #0x00	; 0
   002F 00                   94 	.db #0x00	; 0
                             95 	.area _INITIALIZER
                             96 	.area _CABS (ABS)
