                              1 ;--------------------------------------------------------
                              2 ; File Created by SDCC : free open source ANSI-C Compiler
                              3 ; Version 3.6.8 #9946 (Mac OS X x86_64)
                              4 ;--------------------------------------------------------
                              5 	.module llave
                              6 	.optsdcc -mz80
                              7 	
                              8 ;--------------------------------------------------------
                              9 ; Public variables in this module
                             10 ;--------------------------------------------------------
                             11 	.globl _llave_sp
                             12 	.globl _llave_pal
                             13 ;--------------------------------------------------------
                             14 ; special function registers
                             15 ;--------------------------------------------------------
                             16 ;--------------------------------------------------------
                             17 ; ram data
                             18 ;--------------------------------------------------------
                             19 	.area _DATA
                             20 ;--------------------------------------------------------
                             21 ; ram data
                             22 ;--------------------------------------------------------
                             23 	.area _INITIALIZED
                             24 ;--------------------------------------------------------
                             25 ; absolute external ram data
                             26 ;--------------------------------------------------------
                             27 	.area _DABS (ABS)
                             28 ;--------------------------------------------------------
                             29 ; global & static initialisations
                             30 ;--------------------------------------------------------
                             31 	.area _HOME
                             32 	.area _GSINIT
                             33 	.area _GSFINAL
                             34 	.area _GSINIT
                             35 ;--------------------------------------------------------
                             36 ; Home
                             37 ;--------------------------------------------------------
                             38 	.area _HOME
                             39 	.area _HOME
                             40 ;--------------------------------------------------------
                             41 ; code
                             42 ;--------------------------------------------------------
                             43 	.area _CODE
                             44 	.area _CODE
   0000                      45 _llave_pal:
   0000 54                   46 	.db #0x54	; 84	'T'
   0001 44                   47 	.db #0x44	; 68	'D'
   0002 55                   48 	.db #0x55	; 85	'U'
   0003 5C                   49 	.db #0x5c	; 92
   0004 58                   50 	.db #0x58	; 88	'X'
   0005 5D                   51 	.db #0x5d	; 93
   0006 4C                   52 	.db #0x4c	; 76	'L'
   0007 45                   53 	.db #0x45	; 69	'E'
   0008 4D                   54 	.db #0x4d	; 77	'M'
   0009 5E                   55 	.db #0x5e	; 94
   000A 40                   56 	.db #0x40	; 64
   000B 5F                   57 	.db #0x5f	; 95
   000C 4E                   58 	.db #0x4e	; 78	'N'
   000D 47                   59 	.db #0x47	; 71	'G'
   000E 4F                   60 	.db #0x4f	; 79	'O'
   000F 53                   61 	.db #0x53	; 83	'S'
   0010                      62 _llave_sp:
   0010 00                   63 	.db #0x00	; 0
   0011 11                   64 	.db #0x11	; 17
   0012 33                   65 	.db #0x33	; 51	'3'
   0013 00                   66 	.db #0x00	; 0
   0014 00                   67 	.db #0x00	; 0
   0015 00                   68 	.db #0x00	; 0
   0016 33                   69 	.db #0x33	; 51	'3'
   0017 33                   70 	.db #0x33	; 51	'3'
   0018 22                   71 	.db #0x22	; 34
   0019 00                   72 	.db #0x00	; 0
   001A 11                   73 	.db #0x11	; 17
   001B 33                   74 	.db #0x33	; 51	'3'
   001C 11                   75 	.db #0x11	; 17
   001D 33                   76 	.db #0x33	; 51	'3'
   001E 00                   77 	.db #0x00	; 0
   001F 11                   78 	.db #0x11	; 17
   0020 22                   79 	.db #0x22	; 34
   0021 00                   80 	.db #0x00	; 0
   0022 33                   81 	.db #0x33	; 51	'3'
   0023 00                   82 	.db #0x00	; 0
   0024 11                   83 	.db #0x11	; 17
   0025 33                   84 	.db #0x33	; 51	'3'
   0026 11                   85 	.db #0x11	; 17
   0027 33                   86 	.db #0x33	; 51	'3'
   0028 00                   87 	.db #0x00	; 0
   0029 00                   88 	.db #0x00	; 0
   002A 33                   89 	.db #0x33	; 51	'3'
   002B 33                   90 	.db #0x33	; 51	'3'
   002C 22                   91 	.db #0x22	; 34
   002D 00                   92 	.db #0x00	; 0
   002E 00                   93 	.db #0x00	; 0
   002F 11                   94 	.db #0x11	; 17
   0030 33                   95 	.db #0x33	; 51	'3'
   0031 00                   96 	.db #0x00	; 0
   0032 00                   97 	.db #0x00	; 0
   0033 00                   98 	.db #0x00	; 0
   0034 00                   99 	.db #0x00	; 0
   0035 22                  100 	.db #0x22	; 34
   0036 00                  101 	.db #0x00	; 0
   0037 00                  102 	.db #0x00	; 0
   0038 00                  103 	.db #0x00	; 0
   0039 00                  104 	.db #0x00	; 0
   003A 33                  105 	.db #0x33	; 51	'3'
   003B 22                  106 	.db #0x22	; 34
   003C 00                  107 	.db #0x00	; 0
   003D 00                  108 	.db #0x00	; 0
   003E 00                  109 	.db #0x00	; 0
   003F 33                  110 	.db #0x33	; 51	'3'
   0040 22                  111 	.db #0x22	; 34
   0041 00                  112 	.db #0x00	; 0
   0042 00                  113 	.db #0x00	; 0
   0043 00                  114 	.db #0x00	; 0
   0044 22                  115 	.db #0x22	; 34
   0045 00                  116 	.db #0x00	; 0
   0046 00                  117 	.db #0x00	; 0
   0047 00                  118 	.db #0x00	; 0
   0048 00                  119 	.db #0x00	; 0
   0049 22                  120 	.db #0x22	; 34
   004A 00                  121 	.db #0x00	; 0
   004B 00                  122 	.db #0x00	; 0
   004C 00                  123 	.db #0x00	; 0
   004D 00                  124 	.db #0x00	; 0
   004E 22                  125 	.db #0x22	; 34
   004F 00                  126 	.db #0x00	; 0
   0050 00                  127 	.db #0x00	; 0
   0051 00                  128 	.db #0x00	; 0
   0052 00                  129 	.db #0x00	; 0
   0053 33                  130 	.db #0x33	; 51	'3'
   0054 33                  131 	.db #0x33	; 51	'3'
   0055 00                  132 	.db #0x00	; 0
   0056 00                  133 	.db #0x00	; 0
   0057 00                  134 	.db #0x00	; 0
   0058 33                  135 	.db #0x33	; 51	'3'
   0059 33                  136 	.db #0x33	; 51	'3'
   005A 00                  137 	.db #0x00	; 0
   005B 00                  138 	.db #0x00	; 0
   005C 00                  139 	.db #0x00	; 0
   005D 00                  140 	.db #0x00	; 0
   005E 00                  141 	.db #0x00	; 0
   005F 00                  142 	.db #0x00	; 0
                            143 	.area _INITIALIZER
                            144 	.area _CABS (ABS)
