                              1 ;--------------------------------------------------------
                              2 ; File Created by SDCC : free open source ANSI-C Compiler
                              3 ; Version 3.6.8 #9946 (Mac OS X x86_64)
                              4 ;--------------------------------------------------------
                              5 	.module numbers
                              6 	.optsdcc -mz80
                              7 	
                              8 ;--------------------------------------------------------
                              9 ; Public variables in this module
                             10 ;--------------------------------------------------------
                             11 	.globl _numbers_sp_09
                             12 	.globl _numbers_sp_08
                             13 	.globl _numbers_sp_07
                             14 	.globl _numbers_sp_06
                             15 	.globl _numbers_sp_05
                             16 	.globl _numbers_sp_04
                             17 	.globl _numbers_sp_03
                             18 	.globl _numbers_sp_02
                             19 	.globl _numbers_sp_01
                             20 	.globl _numbers_sp_00
                             21 	.globl _numbers_pal
                             22 ;--------------------------------------------------------
                             23 ; special function registers
                             24 ;--------------------------------------------------------
                             25 ;--------------------------------------------------------
                             26 ; ram data
                             27 ;--------------------------------------------------------
                             28 	.area _DATA
                             29 ;--------------------------------------------------------
                             30 ; ram data
                             31 ;--------------------------------------------------------
                             32 	.area _INITIALIZED
                             33 ;--------------------------------------------------------
                             34 ; absolute external ram data
                             35 ;--------------------------------------------------------
                             36 	.area _DABS (ABS)
                             37 ;--------------------------------------------------------
                             38 ; global & static initialisations
                             39 ;--------------------------------------------------------
                             40 	.area _HOME
                             41 	.area _GSINIT
                             42 	.area _GSFINAL
                             43 	.area _GSINIT
                             44 ;--------------------------------------------------------
                             45 ; Home
                             46 ;--------------------------------------------------------
                             47 	.area _HOME
                             48 	.area _HOME
                             49 ;--------------------------------------------------------
                             50 ; code
                             51 ;--------------------------------------------------------
                             52 	.area _CODE
                             53 	.area _CODE
   0000                      54 _numbers_pal:
   0000 54                   55 	.db #0x54	; 84	'T'
   0001 44                   56 	.db #0x44	; 68	'D'
   0002 55                   57 	.db #0x55	; 85	'U'
   0003 5C                   58 	.db #0x5c	; 92
   0004 58                   59 	.db #0x58	; 88	'X'
   0005 5D                   60 	.db #0x5d	; 93
   0006 4C                   61 	.db #0x4c	; 76	'L'
   0007 45                   62 	.db #0x45	; 69	'E'
   0008 4D                   63 	.db #0x4d	; 77	'M'
   0009 5E                   64 	.db #0x5e	; 94
   000A 40                   65 	.db #0x40	; 64
   000B 5F                   66 	.db #0x5f	; 95
   000C 4E                   67 	.db #0x4e	; 78	'N'
   000D 47                   68 	.db #0x47	; 71	'G'
   000E 4F                   69 	.db #0x4f	; 79	'O'
   000F 53                   70 	.db #0x53	; 83	'S'
   0010                      71 _numbers_sp_00:
   0010 00                   72 	.db #0x00	; 0
   0011 3C                   73 	.db #0x3c	; 60
   0012 3C                   74 	.db #0x3c	; 60
   0013 00                   75 	.db #0x00	; 0
   0014 00                   76 	.db #0x00	; 0
   0015 3C                   77 	.db #0x3c	; 60
   0016 3C                   78 	.db #0x3c	; 60
   0017 00                   79 	.db #0x00	; 0
   0018 00                   80 	.db #0x00	; 0
   0019 28                   81 	.db #0x28	; 40
   001A 14                   82 	.db #0x14	; 20
   001B 00                   83 	.db #0x00	; 0
   001C 00                   84 	.db #0x00	; 0
   001D 28                   85 	.db #0x28	; 40
   001E 14                   86 	.db #0x14	; 20
   001F 00                   87 	.db #0x00	; 0
   0020 00                   88 	.db #0x00	; 0
   0021 28                   89 	.db #0x28	; 40
   0022 14                   90 	.db #0x14	; 20
   0023 00                   91 	.db #0x00	; 0
   0024 00                   92 	.db #0x00	; 0
   0025 28                   93 	.db #0x28	; 40
   0026 14                   94 	.db #0x14	; 20
   0027 00                   95 	.db #0x00	; 0
   0028 00                   96 	.db #0x00	; 0
   0029 3C                   97 	.db #0x3c	; 60
   002A 3C                   98 	.db #0x3c	; 60
   002B 00                   99 	.db #0x00	; 0
   002C 00                  100 	.db #0x00	; 0
   002D 3C                  101 	.db #0x3c	; 60
   002E 3C                  102 	.db #0x3c	; 60
   002F 00                  103 	.db #0x00	; 0
   0030                     104 _numbers_sp_01:
   0030 00                  105 	.db #0x00	; 0
   0031 3C                  106 	.db #0x3c	; 60
   0032 28                  107 	.db #0x28	; 40
   0033 00                  108 	.db #0x00	; 0
   0034 00                  109 	.db #0x00	; 0
   0035 3C                  110 	.db #0x3c	; 60
   0036 28                  111 	.db #0x28	; 40
   0037 00                  112 	.db #0x00	; 0
   0038 00                  113 	.db #0x00	; 0
   0039 3C                  114 	.db #0x3c	; 60
   003A 28                  115 	.db #0x28	; 40
   003B 00                  116 	.db #0x00	; 0
   003C 00                  117 	.db #0x00	; 0
   003D 14                  118 	.db #0x14	; 20
   003E 28                  119 	.db #0x28	; 40
   003F 00                  120 	.db #0x00	; 0
   0040 00                  121 	.db #0x00	; 0
   0041 14                  122 	.db #0x14	; 20
   0042 28                  123 	.db #0x28	; 40
   0043 00                  124 	.db #0x00	; 0
   0044 00                  125 	.db #0x00	; 0
   0045 14                  126 	.db #0x14	; 20
   0046 28                  127 	.db #0x28	; 40
   0047 00                  128 	.db #0x00	; 0
   0048 00                  129 	.db #0x00	; 0
   0049 14                  130 	.db #0x14	; 20
   004A 28                  131 	.db #0x28	; 40
   004B 00                  132 	.db #0x00	; 0
   004C 00                  133 	.db #0x00	; 0
   004D 14                  134 	.db #0x14	; 20
   004E 28                  135 	.db #0x28	; 40
   004F 00                  136 	.db #0x00	; 0
   0050                     137 _numbers_sp_02:
   0050 00                  138 	.db #0x00	; 0
   0051 3C                  139 	.db #0x3c	; 60
   0052 3C                  140 	.db #0x3c	; 60
   0053 00                  141 	.db #0x00	; 0
   0054 00                  142 	.db #0x00	; 0
   0055 3C                  143 	.db #0x3c	; 60
   0056 3C                  144 	.db #0x3c	; 60
   0057 00                  145 	.db #0x00	; 0
   0058 00                  146 	.db #0x00	; 0
   0059 00                  147 	.db #0x00	; 0
   005A 14                  148 	.db #0x14	; 20
   005B 00                  149 	.db #0x00	; 0
   005C 00                  150 	.db #0x00	; 0
   005D 3C                  151 	.db #0x3c	; 60
   005E 3C                  152 	.db #0x3c	; 60
   005F 00                  153 	.db #0x00	; 0
   0060 00                  154 	.db #0x00	; 0
   0061 3C                  155 	.db #0x3c	; 60
   0062 3C                  156 	.db #0x3c	; 60
   0063 00                  157 	.db #0x00	; 0
   0064 00                  158 	.db #0x00	; 0
   0065 28                  159 	.db #0x28	; 40
   0066 00                  160 	.db #0x00	; 0
   0067 00                  161 	.db #0x00	; 0
   0068 00                  162 	.db #0x00	; 0
   0069 3C                  163 	.db #0x3c	; 60
   006A 3C                  164 	.db #0x3c	; 60
   006B 00                  165 	.db #0x00	; 0
   006C 00                  166 	.db #0x00	; 0
   006D 3C                  167 	.db #0x3c	; 60
   006E 3C                  168 	.db #0x3c	; 60
   006F 00                  169 	.db #0x00	; 0
   0070                     170 _numbers_sp_03:
   0070 00                  171 	.db #0x00	; 0
   0071 3C                  172 	.db #0x3c	; 60
   0072 3C                  173 	.db #0x3c	; 60
   0073 00                  174 	.db #0x00	; 0
   0074 00                  175 	.db #0x00	; 0
   0075 3C                  176 	.db #0x3c	; 60
   0076 3C                  177 	.db #0x3c	; 60
   0077 00                  178 	.db #0x00	; 0
   0078 00                  179 	.db #0x00	; 0
   0079 00                  180 	.db #0x00	; 0
   007A 14                  181 	.db #0x14	; 20
   007B 00                  182 	.db #0x00	; 0
   007C 00                  183 	.db #0x00	; 0
   007D 3C                  184 	.db #0x3c	; 60
   007E 3C                  185 	.db #0x3c	; 60
   007F 00                  186 	.db #0x00	; 0
   0080 00                  187 	.db #0x00	; 0
   0081 3C                  188 	.db #0x3c	; 60
   0082 3C                  189 	.db #0x3c	; 60
   0083 00                  190 	.db #0x00	; 0
   0084 00                  191 	.db #0x00	; 0
   0085 00                  192 	.db #0x00	; 0
   0086 14                  193 	.db #0x14	; 20
   0087 00                  194 	.db #0x00	; 0
   0088 00                  195 	.db #0x00	; 0
   0089 3C                  196 	.db #0x3c	; 60
   008A 3C                  197 	.db #0x3c	; 60
   008B 00                  198 	.db #0x00	; 0
   008C 00                  199 	.db #0x00	; 0
   008D 3C                  200 	.db #0x3c	; 60
   008E 3C                  201 	.db #0x3c	; 60
   008F 00                  202 	.db #0x00	; 0
   0090                     203 _numbers_sp_04:
   0090 00                  204 	.db #0x00	; 0
   0091 28                  205 	.db #0x28	; 40
   0092 00                  206 	.db #0x00	; 0
   0093 00                  207 	.db #0x00	; 0
   0094 00                  208 	.db #0x00	; 0
   0095 28                  209 	.db #0x28	; 40
   0096 00                  210 	.db #0x00	; 0
   0097 00                  211 	.db #0x00	; 0
   0098 00                  212 	.db #0x00	; 0
   0099 28                  213 	.db #0x28	; 40
   009A 28                  214 	.db #0x28	; 40
   009B 00                  215 	.db #0x00	; 0
   009C 00                  216 	.db #0x00	; 0
   009D 3C                  217 	.db #0x3c	; 60
   009E 3C                  218 	.db #0x3c	; 60
   009F 00                  219 	.db #0x00	; 0
   00A0 00                  220 	.db #0x00	; 0
   00A1 3C                  221 	.db #0x3c	; 60
   00A2 3C                  222 	.db #0x3c	; 60
   00A3 00                  223 	.db #0x00	; 0
   00A4 00                  224 	.db #0x00	; 0
   00A5 00                  225 	.db #0x00	; 0
   00A6 28                  226 	.db #0x28	; 40
   00A7 00                  227 	.db #0x00	; 0
   00A8 00                  228 	.db #0x00	; 0
   00A9 00                  229 	.db #0x00	; 0
   00AA 28                  230 	.db #0x28	; 40
   00AB 00                  231 	.db #0x00	; 0
   00AC 00                  232 	.db #0x00	; 0
   00AD 00                  233 	.db #0x00	; 0
   00AE 28                  234 	.db #0x28	; 40
   00AF 00                  235 	.db #0x00	; 0
   00B0                     236 _numbers_sp_05:
   00B0 00                  237 	.db #0x00	; 0
   00B1 3C                  238 	.db #0x3c	; 60
   00B2 3C                  239 	.db #0x3c	; 60
   00B3 00                  240 	.db #0x00	; 0
   00B4 00                  241 	.db #0x00	; 0
   00B5 3C                  242 	.db #0x3c	; 60
   00B6 3C                  243 	.db #0x3c	; 60
   00B7 00                  244 	.db #0x00	; 0
   00B8 00                  245 	.db #0x00	; 0
   00B9 28                  246 	.db #0x28	; 40
   00BA 00                  247 	.db #0x00	; 0
   00BB 00                  248 	.db #0x00	; 0
   00BC 00                  249 	.db #0x00	; 0
   00BD 3C                  250 	.db #0x3c	; 60
   00BE 3C                  251 	.db #0x3c	; 60
   00BF 00                  252 	.db #0x00	; 0
   00C0 00                  253 	.db #0x00	; 0
   00C1 3C                  254 	.db #0x3c	; 60
   00C2 3C                  255 	.db #0x3c	; 60
   00C3 00                  256 	.db #0x00	; 0
   00C4 00                  257 	.db #0x00	; 0
   00C5 00                  258 	.db #0x00	; 0
   00C6 14                  259 	.db #0x14	; 20
   00C7 00                  260 	.db #0x00	; 0
   00C8 00                  261 	.db #0x00	; 0
   00C9 3C                  262 	.db #0x3c	; 60
   00CA 3C                  263 	.db #0x3c	; 60
   00CB 00                  264 	.db #0x00	; 0
   00CC 00                  265 	.db #0x00	; 0
   00CD 3C                  266 	.db #0x3c	; 60
   00CE 3C                  267 	.db #0x3c	; 60
   00CF 00                  268 	.db #0x00	; 0
   00D0                     269 _numbers_sp_06:
   00D0 00                  270 	.db #0x00	; 0
   00D1 3C                  271 	.db #0x3c	; 60
   00D2 3C                  272 	.db #0x3c	; 60
   00D3 00                  273 	.db #0x00	; 0
   00D4 00                  274 	.db #0x00	; 0
   00D5 3C                  275 	.db #0x3c	; 60
   00D6 3C                  276 	.db #0x3c	; 60
   00D7 00                  277 	.db #0x00	; 0
   00D8 00                  278 	.db #0x00	; 0
   00D9 28                  279 	.db #0x28	; 40
   00DA 00                  280 	.db #0x00	; 0
   00DB 00                  281 	.db #0x00	; 0
   00DC 00                  282 	.db #0x00	; 0
   00DD 3C                  283 	.db #0x3c	; 60
   00DE 3C                  284 	.db #0x3c	; 60
   00DF 00                  285 	.db #0x00	; 0
   00E0 00                  286 	.db #0x00	; 0
   00E1 3C                  287 	.db #0x3c	; 60
   00E2 3C                  288 	.db #0x3c	; 60
   00E3 00                  289 	.db #0x00	; 0
   00E4 00                  290 	.db #0x00	; 0
   00E5 28                  291 	.db #0x28	; 40
   00E6 14                  292 	.db #0x14	; 20
   00E7 00                  293 	.db #0x00	; 0
   00E8 00                  294 	.db #0x00	; 0
   00E9 3C                  295 	.db #0x3c	; 60
   00EA 3C                  296 	.db #0x3c	; 60
   00EB 00                  297 	.db #0x00	; 0
   00EC 00                  298 	.db #0x00	; 0
   00ED 3C                  299 	.db #0x3c	; 60
   00EE 3C                  300 	.db #0x3c	; 60
   00EF 00                  301 	.db #0x00	; 0
   00F0                     302 _numbers_sp_07:
   00F0 00                  303 	.db #0x00	; 0
   00F1 3C                  304 	.db #0x3c	; 60
   00F2 3C                  305 	.db #0x3c	; 60
   00F3 00                  306 	.db #0x00	; 0
   00F4 00                  307 	.db #0x00	; 0
   00F5 3C                  308 	.db #0x3c	; 60
   00F6 3C                  309 	.db #0x3c	; 60
   00F7 00                  310 	.db #0x00	; 0
   00F8 00                  311 	.db #0x00	; 0
   00F9 00                  312 	.db #0x00	; 0
   00FA 14                  313 	.db #0x14	; 20
   00FB 00                  314 	.db #0x00	; 0
   00FC 00                  315 	.db #0x00	; 0
   00FD 00                  316 	.db #0x00	; 0
   00FE 14                  317 	.db #0x14	; 20
   00FF 00                  318 	.db #0x00	; 0
   0100 00                  319 	.db #0x00	; 0
   0101 00                  320 	.db #0x00	; 0
   0102 14                  321 	.db #0x14	; 20
   0103 00                  322 	.db #0x00	; 0
   0104 00                  323 	.db #0x00	; 0
   0105 00                  324 	.db #0x00	; 0
   0106 14                  325 	.db #0x14	; 20
   0107 00                  326 	.db #0x00	; 0
   0108 00                  327 	.db #0x00	; 0
   0109 00                  328 	.db #0x00	; 0
   010A 14                  329 	.db #0x14	; 20
   010B 00                  330 	.db #0x00	; 0
   010C 00                  331 	.db #0x00	; 0
   010D 00                  332 	.db #0x00	; 0
   010E 14                  333 	.db #0x14	; 20
   010F 00                  334 	.db #0x00	; 0
   0110                     335 _numbers_sp_08:
   0110 00                  336 	.db #0x00	; 0
   0111 3C                  337 	.db #0x3c	; 60
   0112 3C                  338 	.db #0x3c	; 60
   0113 00                  339 	.db #0x00	; 0
   0114 00                  340 	.db #0x00	; 0
   0115 3C                  341 	.db #0x3c	; 60
   0116 3C                  342 	.db #0x3c	; 60
   0117 00                  343 	.db #0x00	; 0
   0118 00                  344 	.db #0x00	; 0
   0119 28                  345 	.db #0x28	; 40
   011A 14                  346 	.db #0x14	; 20
   011B 00                  347 	.db #0x00	; 0
   011C 00                  348 	.db #0x00	; 0
   011D 3C                  349 	.db #0x3c	; 60
   011E 3C                  350 	.db #0x3c	; 60
   011F 00                  351 	.db #0x00	; 0
   0120 00                  352 	.db #0x00	; 0
   0121 3C                  353 	.db #0x3c	; 60
   0122 3C                  354 	.db #0x3c	; 60
   0123 00                  355 	.db #0x00	; 0
   0124 00                  356 	.db #0x00	; 0
   0125 28                  357 	.db #0x28	; 40
   0126 14                  358 	.db #0x14	; 20
   0127 00                  359 	.db #0x00	; 0
   0128 00                  360 	.db #0x00	; 0
   0129 3C                  361 	.db #0x3c	; 60
   012A 3C                  362 	.db #0x3c	; 60
   012B 00                  363 	.db #0x00	; 0
   012C 00                  364 	.db #0x00	; 0
   012D 3C                  365 	.db #0x3c	; 60
   012E 3C                  366 	.db #0x3c	; 60
   012F 00                  367 	.db #0x00	; 0
   0130                     368 _numbers_sp_09:
   0130 00                  369 	.db #0x00	; 0
   0131 3C                  370 	.db #0x3c	; 60
   0132 3C                  371 	.db #0x3c	; 60
   0133 00                  372 	.db #0x00	; 0
   0134 00                  373 	.db #0x00	; 0
   0135 3C                  374 	.db #0x3c	; 60
   0136 3C                  375 	.db #0x3c	; 60
   0137 00                  376 	.db #0x00	; 0
   0138 00                  377 	.db #0x00	; 0
   0139 28                  378 	.db #0x28	; 40
   013A 14                  379 	.db #0x14	; 20
   013B 00                  380 	.db #0x00	; 0
   013C 00                  381 	.db #0x00	; 0
   013D 3C                  382 	.db #0x3c	; 60
   013E 3C                  383 	.db #0x3c	; 60
   013F 00                  384 	.db #0x00	; 0
   0140 00                  385 	.db #0x00	; 0
   0141 3C                  386 	.db #0x3c	; 60
   0142 3C                  387 	.db #0x3c	; 60
   0143 00                  388 	.db #0x00	; 0
   0144 00                  389 	.db #0x00	; 0
   0145 00                  390 	.db #0x00	; 0
   0146 14                  391 	.db #0x14	; 20
   0147 00                  392 	.db #0x00	; 0
   0148 00                  393 	.db #0x00	; 0
   0149 00                  394 	.db #0x00	; 0
   014A 14                  395 	.db #0x14	; 20
   014B 00                  396 	.db #0x00	; 0
   014C 00                  397 	.db #0x00	; 0
   014D 00                  398 	.db #0x00	; 0
   014E 14                  399 	.db #0x14	; 20
   014F 00                  400 	.db #0x00	; 0
                            401 	.area _INITIALIZER
                            402 	.area _CABS (ABS)
