                              1 ;--------------------------------------------------------
                              2 ; File Created by SDCC : free open source ANSI-C Compiler
                              3 ; Version 3.6.8 #9946 (Mac OS X x86_64)
                              4 ;--------------------------------------------------------
                              5 	.module puerta
                              6 	.optsdcc -mz80
                              7 	
                              8 ;--------------------------------------------------------
                              9 ; Public variables in this module
                             10 ;--------------------------------------------------------
                             11 	.globl _puerta_sp
                             12 	.globl _puerta_pal
                             13 ;--------------------------------------------------------
                             14 ; special function registers
                             15 ;--------------------------------------------------------
                             16 ;--------------------------------------------------------
                             17 ; ram data
                             18 ;--------------------------------------------------------
                             19 	.area _DATA
                             20 ;--------------------------------------------------------
                             21 ; ram data
                             22 ;--------------------------------------------------------
                             23 	.area _INITIALIZED
                             24 ;--------------------------------------------------------
                             25 ; absolute external ram data
                             26 ;--------------------------------------------------------
                             27 	.area _DABS (ABS)
                             28 ;--------------------------------------------------------
                             29 ; global & static initialisations
                             30 ;--------------------------------------------------------
                             31 	.area _HOME
                             32 	.area _GSINIT
                             33 	.area _GSFINAL
                             34 	.area _GSINIT
                             35 ;--------------------------------------------------------
                             36 ; Home
                             37 ;--------------------------------------------------------
                             38 	.area _HOME
                             39 	.area _HOME
                             40 ;--------------------------------------------------------
                             41 ; code
                             42 ;--------------------------------------------------------
                             43 	.area _CODE
                             44 	.area _CODE
   0000                      45 _puerta_pal:
   0000 54                   46 	.db #0x54	; 84	'T'
   0001 44                   47 	.db #0x44	; 68	'D'
   0002 55                   48 	.db #0x55	; 85	'U'
   0003 5C                   49 	.db #0x5c	; 92
   0004 58                   50 	.db #0x58	; 88	'X'
   0005 5D                   51 	.db #0x5d	; 93
   0006 4C                   52 	.db #0x4c	; 76	'L'
   0007 45                   53 	.db #0x45	; 69	'E'
   0008 4D                   54 	.db #0x4d	; 77	'M'
   0009 5E                   55 	.db #0x5e	; 94
   000A 40                   56 	.db #0x40	; 64
   000B 5F                   57 	.db #0x5f	; 95
   000C 4E                   58 	.db #0x4e	; 78	'N'
   000D 47                   59 	.db #0x47	; 71	'G'
   000E 4F                   60 	.db #0x4f	; 79	'O'
   000F 53                   61 	.db #0x53	; 83	'S'
   0010                      62 _puerta_sp:
   0010 00                   63 	.db #0x00	; 0
   0011 00                   64 	.db #0x00	; 0
   0012 05                   65 	.db #0x05	; 5
   0013 0F                   66 	.db #0x0f	; 15
   0014 0F                   67 	.db #0x0f	; 15
   0015 0A                   68 	.db #0x0a	; 10
   0016 00                   69 	.db #0x00	; 0
   0017 00                   70 	.db #0x00	; 0
   0018 00                   71 	.db #0x00	; 0
   0019 05                   72 	.db #0x05	; 5
   001A 4E                   73 	.db #0x4e	; 78	'N'
   001B 33                   74 	.db #0x33	; 51	'3'
   001C 99                   75 	.db #0x99	; 153
   001D 27                   76 	.db #0x27	; 39
   001E 0A                   77 	.db #0x0a	; 10
   001F 00                   78 	.db #0x00	; 0
   0020 00                   79 	.db #0x00	; 0
   0021 1B                   80 	.db #0x1b	; 27
   0022 66                   81 	.db #0x66	; 102	'f'
   0023 33                   82 	.db #0x33	; 51	'3'
   0024 99                   83 	.db #0x99	; 153
   0025 66                   84 	.db #0x66	; 102	'f'
   0026 27                   85 	.db #0x27	; 39
   0027 00                   86 	.db #0x00	; 0
   0028 05                   87 	.db #0x05	; 5
   0029 99                   88 	.db #0x99	; 153
   002A 66                   89 	.db #0x66	; 102	'f'
   002B 33                   90 	.db #0x33	; 51	'3'
   002C 99                   91 	.db #0x99	; 153
   002D 66                   92 	.db #0x66	; 102	'f'
   002E 33                   93 	.db #0x33	; 51	'3'
   002F 0A                   94 	.db #0x0a	; 10
   0030 05                   95 	.db #0x05	; 5
   0031 99                   96 	.db #0x99	; 153
   0032 66                   97 	.db #0x66	; 102	'f'
   0033 33                   98 	.db #0x33	; 51	'3'
   0034 99                   99 	.db #0x99	; 153
   0035 66                  100 	.db #0x66	; 102	'f'
   0036 33                  101 	.db #0x33	; 51	'3'
   0037 0A                  102 	.db #0x0a	; 10
   0038 1B                  103 	.db #0x1b	; 27
   0039 99                  104 	.db #0x99	; 153
   003A 66                  105 	.db #0x66	; 102	'f'
   003B 33                  106 	.db #0x33	; 51	'3'
   003C 99                  107 	.db #0x99	; 153
   003D 66                  108 	.db #0x66	; 102	'f'
   003E 33                  109 	.db #0x33	; 51	'3'
   003F 8D                  110 	.db #0x8d	; 141
   0040 1B                  111 	.db #0x1b	; 27
   0041 99                  112 	.db #0x99	; 153
   0042 66                  113 	.db #0x66	; 102	'f'
   0043 33                  114 	.db #0x33	; 51	'3'
   0044 99                  115 	.db #0x99	; 153
   0045 66                  116 	.db #0x66	; 102	'f'
   0046 33                  117 	.db #0x33	; 51	'3'
   0047 8D                  118 	.db #0x8d	; 141
   0048 1B                  119 	.db #0x1b	; 27
   0049 99                  120 	.db #0x99	; 153
   004A 66                  121 	.db #0x66	; 102	'f'
   004B 33                  122 	.db #0x33	; 51	'3'
   004C 99                  123 	.db #0x99	; 153
   004D 66                  124 	.db #0x66	; 102	'f'
   004E 33                  125 	.db #0x33	; 51	'3'
   004F 8D                  126 	.db #0x8d	; 141
   0050 1B                  127 	.db #0x1b	; 27
   0051 33                  128 	.db #0x33	; 51	'3'
   0052 66                  129 	.db #0x66	; 102	'f'
   0053 33                  130 	.db #0x33	; 51	'3'
   0054 99                  131 	.db #0x99	; 153
   0055 66                  132 	.db #0x66	; 102	'f'
   0056 33                  133 	.db #0x33	; 51	'3'
   0057 8D                  134 	.db #0x8d	; 141
   0058 1B                  135 	.db #0x1b	; 27
   0059 33                  136 	.db #0x33	; 51	'3'
   005A 66                  137 	.db #0x66	; 102	'f'
   005B 33                  138 	.db #0x33	; 51	'3'
   005C 99                  139 	.db #0x99	; 153
   005D 66                  140 	.db #0x66	; 102	'f'
   005E 33                  141 	.db #0x33	; 51	'3'
   005F 8D                  142 	.db #0x8d	; 141
   0060 1B                  143 	.db #0x1b	; 27
   0061 33                  144 	.db #0x33	; 51	'3'
   0062 66                  145 	.db #0x66	; 102	'f'
   0063 33                  146 	.db #0x33	; 51	'3'
   0064 99                  147 	.db #0x99	; 153
   0065 66                  148 	.db #0x66	; 102	'f'
   0066 33                  149 	.db #0x33	; 51	'3'
   0067 8D                  150 	.db #0x8d	; 141
   0068 1B                  151 	.db #0x1b	; 27
   0069 99                  152 	.db #0x99	; 153
   006A 66                  153 	.db #0x66	; 102	'f'
   006B 33                  154 	.db #0x33	; 51	'3'
   006C 99                  155 	.db #0x99	; 153
   006D 66                  156 	.db #0x66	; 102	'f'
   006E 33                  157 	.db #0x33	; 51	'3'
   006F 8D                  158 	.db #0x8d	; 141
   0070 1B                  159 	.db #0x1b	; 27
   0071 99                  160 	.db #0x99	; 153
   0072 66                  161 	.db #0x66	; 102	'f'
   0073 33                  162 	.db #0x33	; 51	'3'
   0074 99                  163 	.db #0x99	; 153
   0075 66                  164 	.db #0x66	; 102	'f'
   0076 33                  165 	.db #0x33	; 51	'3'
   0077 8D                  166 	.db #0x8d	; 141
   0078 1B                  167 	.db #0x1b	; 27
   0079 99                  168 	.db #0x99	; 153
   007A 66                  169 	.db #0x66	; 102	'f'
   007B 33                  170 	.db #0x33	; 51	'3'
   007C 99                  171 	.db #0x99	; 153
   007D 66                  172 	.db #0x66	; 102	'f'
   007E 33                  173 	.db #0x33	; 51	'3'
   007F 8D                  174 	.db #0x8d	; 141
   0080 1B                  175 	.db #0x1b	; 27
   0081 99                  176 	.db #0x99	; 153
   0082 66                  177 	.db #0x66	; 102	'f'
   0083 33                  178 	.db #0x33	; 51	'3'
   0084 99                  179 	.db #0x99	; 153
   0085 66                  180 	.db #0x66	; 102	'f'
   0086 33                  181 	.db #0x33	; 51	'3'
   0087 8D                  182 	.db #0x8d	; 141
   0088 1B                  183 	.db #0x1b	; 27
   0089 99                  184 	.db #0x99	; 153
   008A 66                  185 	.db #0x66	; 102	'f'
   008B 33                  186 	.db #0x33	; 51	'3'
   008C 99                  187 	.db #0x99	; 153
   008D 66                  188 	.db #0x66	; 102	'f'
   008E 33                  189 	.db #0x33	; 51	'3'
   008F 8D                  190 	.db #0x8d	; 141
                            191 	.area _INITIALIZER
                            192 	.area _CABS (ABS)
