                              1 ;--------------------------------------------------------
                              2 ; File Created by SDCC : free open source ANSI-C Compiler
                              3 ; Version 3.6.8 #9946 (Mac OS X x86_64)
                              4 ;--------------------------------------------------------
                              5 	.module robotr
                              6 	.optsdcc -mz80
                              7 	
                              8 ;--------------------------------------------------------
                              9 ; Public variables in this module
                             10 ;--------------------------------------------------------
                             11 	.globl _robot_sp_1
                             12 	.globl _robot_sp_0
                             13 	.globl _robot_pal
                             14 ;--------------------------------------------------------
                             15 ; special function registers
                             16 ;--------------------------------------------------------
                             17 ;--------------------------------------------------------
                             18 ; ram data
                             19 ;--------------------------------------------------------
                             20 	.area _DATA
                             21 ;--------------------------------------------------------
                             22 ; ram data
                             23 ;--------------------------------------------------------
                             24 	.area _INITIALIZED
                             25 ;--------------------------------------------------------
                             26 ; absolute external ram data
                             27 ;--------------------------------------------------------
                             28 	.area _DABS (ABS)
                             29 ;--------------------------------------------------------
                             30 ; global & static initialisations
                             31 ;--------------------------------------------------------
                             32 	.area _HOME
                             33 	.area _GSINIT
                             34 	.area _GSFINAL
                             35 	.area _GSINIT
                             36 ;--------------------------------------------------------
                             37 ; Home
                             38 ;--------------------------------------------------------
                             39 	.area _HOME
                             40 	.area _HOME
                             41 ;--------------------------------------------------------
                             42 ; code
                             43 ;--------------------------------------------------------
                             44 	.area _CODE
                             45 	.area _CODE
   0000                      46 _robot_pal:
   0000 54                   47 	.db #0x54	; 84	'T'
   0001 44                   48 	.db #0x44	; 68	'D'
   0002 55                   49 	.db #0x55	; 85	'U'
   0003 5C                   50 	.db #0x5c	; 92
   0004 58                   51 	.db #0x58	; 88	'X'
   0005 5D                   52 	.db #0x5d	; 93
   0006 4C                   53 	.db #0x4c	; 76	'L'
   0007 45                   54 	.db #0x45	; 69	'E'
   0008 4D                   55 	.db #0x4d	; 77	'M'
   0009 5E                   56 	.db #0x5e	; 94
   000A 40                   57 	.db #0x40	; 64
   000B 5F                   58 	.db #0x5f	; 95
   000C 4E                   59 	.db #0x4e	; 78	'N'
   000D 47                   60 	.db #0x47	; 71	'G'
   000E 4F                   61 	.db #0x4f	; 79	'O'
   000F 53                   62 	.db #0x53	; 83	'S'
   0010                      63 _robot_sp_0:
   0010 00                   64 	.db #0x00	; 0
   0011 00                   65 	.db #0x00	; 0
   0012 30                   66 	.db #0x30	; 48	'0'
   0013 A0                   67 	.db #0xa0	; 160
   0014 00                   68 	.db #0x00	; 0
   0015 00                   69 	.db #0x00	; 0
   0016 00                   70 	.db #0x00	; 0
   0017 00                   71 	.db #0x00	; 0
   0018 75                   72 	.db #0x75	; 117	'u'
   0019 A0                   73 	.db #0xa0	; 160
   001A 00                   74 	.db #0x00	; 0
   001B 00                   75 	.db #0x00	; 0
   001C 00                   76 	.db #0x00	; 0
   001D 00                   77 	.db #0x00	; 0
   001E 75                   78 	.db #0x75	; 117	'u'
   001F A0                   79 	.db #0xa0	; 160
   0020 00                   80 	.db #0x00	; 0
   0021 00                   81 	.db #0x00	; 0
   0022 00                   82 	.db #0x00	; 0
   0023 00                   83 	.db #0x00	; 0
   0024 30                   84 	.db #0x30	; 48	'0'
   0025 A0                   85 	.db #0xa0	; 160
   0026 00                   86 	.db #0x00	; 0
   0027 00                   87 	.db #0x00	; 0
   0028 00                   88 	.db #0x00	; 0
   0029 00                   89 	.db #0x00	; 0
   002A 05                   90 	.db #0x05	; 5
   002B 00                   91 	.db #0x00	; 0
   002C 00                   92 	.db #0x00	; 0
   002D 00                   93 	.db #0x00	; 0
   002E 00                   94 	.db #0x00	; 0
   002F 00                   95 	.db #0x00	; 0
   0030 30                   96 	.db #0x30	; 48	'0'
   0031 20                   97 	.db #0x20	; 32
   0032 00                   98 	.db #0x00	; 0
   0033 00                   99 	.db #0x00	; 0
   0034 00                  100 	.db #0x00	; 0
   0035 00                  101 	.db #0x00	; 0
   0036 70                  102 	.db #0x70	; 112	'p'
   0037 F0                  103 	.db #0xf0	; 240
   0038 F0                  104 	.db #0xf0	; 240
   0039 F0                  105 	.db #0xf0	; 240
   003A 00                  106 	.db #0x00	; 0
   003B 10                  107 	.db #0x10	; 16
   003C F0                  108 	.db #0xf0	; 240
   003D F0                  109 	.db #0xf0	; 240
   003E F0                  110 	.db #0xf0	; 240
   003F F0                  111 	.db #0xf0	; 240
   0040 00                  112 	.db #0x00	; 0
   0041 10                  113 	.db #0x10	; 16
   0042 F0                  114 	.db #0xf0	; 240
   0043 B0                  115 	.db #0xb0	; 176
   0044 30                  116 	.db #0x30	; 48	'0'
   0045 30                  117 	.db #0x30	; 48	'0'
   0046 00                  118 	.db #0x00	; 0
   0047 70                  119 	.db #0x70	; 112	'p'
   0048 F0                  120 	.db #0xf0	; 240
   0049 B0                  121 	.db #0xb0	; 176
   004A 00                  122 	.db #0x00	; 0
   004B 00                  123 	.db #0x00	; 0
   004C 00                  124 	.db #0x00	; 0
   004D 70                  125 	.db #0x70	; 112	'p'
   004E F0                  126 	.db #0xf0	; 240
   004F F0                  127 	.db #0xf0	; 240
   0050 20                  128 	.db #0x20	; 32
   0051 00                  129 	.db #0x00	; 0
   0052 00                  130 	.db #0x00	; 0
   0053 30                  131 	.db #0x30	; 48	'0'
   0054 70                  132 	.db #0x70	; 112	'p'
   0055 F0                  133 	.db #0xf0	; 240
   0056 B0                  134 	.db #0xb0	; 176
   0057 00                  135 	.db #0x00	; 0
   0058 05                  136 	.db #0x05	; 5
   0059 0F                  137 	.db #0x0f	; 15
   005A 0F                  138 	.db #0x0f	; 15
   005B 0F                  139 	.db #0x0f	; 15
   005C 0F                  140 	.db #0x0f	; 15
   005D 0A                  141 	.db #0x0a	; 10
   005E 5A                  142 	.db #0x5a	; 90	'Z'
   005F 70                  143 	.db #0x70	; 112	'p'
   0060 70                  144 	.db #0x70	; 112	'p'
   0061 70                  145 	.db #0x70	; 112	'p'
   0062 70                  146 	.db #0x70	; 112	'p'
   0063 25                  147 	.db #0x25	; 37
   0064 1A                  148 	.db #0x1a	; 26
   0065 B0                  149 	.db #0xb0	; 176
   0066 B0                  150 	.db #0xb0	; 176
   0067 B0                  151 	.db #0xb0	; 176
   0068 B0                  152 	.db #0xb0	; 176
   0069 A5                  153 	.db #0xa5	; 165
   006A 05                  154 	.db #0x05	; 5
   006B 0F                  155 	.db #0x0f	; 15
   006C 0F                  156 	.db #0x0f	; 15
   006D 0F                  157 	.db #0x0f	; 15
   006E 0F                  158 	.db #0x0f	; 15
   006F 5F                  159 	.db #0x5f	; 95
   0070                     160 _robot_sp_1:
   0070 00                  161 	.db #0x00	; 0
   0071 00                  162 	.db #0x00	; 0
   0072 50                  163 	.db #0x50	; 80	'P'
   0073 30                  164 	.db #0x30	; 48	'0'
   0074 00                  165 	.db #0x00	; 0
   0075 00                  166 	.db #0x00	; 0
   0076 00                  167 	.db #0x00	; 0
   0077 00                  168 	.db #0x00	; 0
   0078 50                  169 	.db #0x50	; 80	'P'
   0079 BA                  170 	.db #0xba	; 186
   007A 00                  171 	.db #0x00	; 0
   007B 00                  172 	.db #0x00	; 0
   007C 00                  173 	.db #0x00	; 0
   007D 00                  174 	.db #0x00	; 0
   007E 50                  175 	.db #0x50	; 80	'P'
   007F BA                  176 	.db #0xba	; 186
   0080 00                  177 	.db #0x00	; 0
   0081 00                  178 	.db #0x00	; 0
   0082 00                  179 	.db #0x00	; 0
   0083 00                  180 	.db #0x00	; 0
   0084 50                  181 	.db #0x50	; 80	'P'
   0085 30                  182 	.db #0x30	; 48	'0'
   0086 00                  183 	.db #0x00	; 0
   0087 00                  184 	.db #0x00	; 0
   0088 00                  185 	.db #0x00	; 0
   0089 00                  186 	.db #0x00	; 0
   008A 00                  187 	.db #0x00	; 0
   008B 0A                  188 	.db #0x0a	; 10
   008C 00                  189 	.db #0x00	; 0
   008D 00                  190 	.db #0x00	; 0
   008E 00                  191 	.db #0x00	; 0
   008F 00                  192 	.db #0x00	; 0
   0090 10                  193 	.db #0x10	; 16
   0091 30                  194 	.db #0x30	; 48	'0'
   0092 00                  195 	.db #0x00	; 0
   0093 00                  196 	.db #0x00	; 0
   0094 F0                  197 	.db #0xf0	; 240
   0095 F0                  198 	.db #0xf0	; 240
   0096 F0                  199 	.db #0xf0	; 240
   0097 B0                  200 	.db #0xb0	; 176
   0098 00                  201 	.db #0x00	; 0
   0099 00                  202 	.db #0x00	; 0
   009A F0                  203 	.db #0xf0	; 240
   009B F0                  204 	.db #0xf0	; 240
   009C F0                  205 	.db #0xf0	; 240
   009D F0                  206 	.db #0xf0	; 240
   009E 20                  207 	.db #0x20	; 32
   009F 00                  208 	.db #0x00	; 0
   00A0 30                  209 	.db #0x30	; 48	'0'
   00A1 30                  210 	.db #0x30	; 48	'0'
   00A2 70                  211 	.db #0x70	; 112	'p'
   00A3 F0                  212 	.db #0xf0	; 240
   00A4 20                  213 	.db #0x20	; 32
   00A5 00                  214 	.db #0x00	; 0
   00A6 00                  215 	.db #0x00	; 0
   00A7 00                  216 	.db #0x00	; 0
   00A8 70                  217 	.db #0x70	; 112	'p'
   00A9 F0                  218 	.db #0xf0	; 240
   00AA B0                  219 	.db #0xb0	; 176
   00AB 00                  220 	.db #0x00	; 0
   00AC 00                  221 	.db #0x00	; 0
   00AD 10                  222 	.db #0x10	; 16
   00AE F0                  223 	.db #0xf0	; 240
   00AF F0                  224 	.db #0xf0	; 240
   00B0 B0                  225 	.db #0xb0	; 176
   00B1 00                  226 	.db #0x00	; 0
   00B2 00                  227 	.db #0x00	; 0
   00B3 70                  228 	.db #0x70	; 112	'p'
   00B4 F0                  229 	.db #0xf0	; 240
   00B5 B0                  230 	.db #0xb0	; 176
   00B6 30                  231 	.db #0x30	; 48	'0'
   00B7 00                  232 	.db #0x00	; 0
   00B8 05                  233 	.db #0x05	; 5
   00B9 0F                  234 	.db #0x0f	; 15
   00BA 0F                  235 	.db #0x0f	; 15
   00BB 0F                  236 	.db #0x0f	; 15
   00BC 0F                  237 	.db #0x0f	; 15
   00BD 0A                  238 	.db #0x0a	; 10
   00BE 1A                  239 	.db #0x1a	; 26
   00BF B0                  240 	.db #0xb0	; 176
   00C0 B0                  241 	.db #0xb0	; 176
   00C1 B0                  242 	.db #0xb0	; 176
   00C2 B0                  243 	.db #0xb0	; 176
   00C3 A5                  244 	.db #0xa5	; 165
   00C4 5A                  245 	.db #0x5a	; 90	'Z'
   00C5 70                  246 	.db #0x70	; 112	'p'
   00C6 70                  247 	.db #0x70	; 112	'p'
   00C7 70                  248 	.db #0x70	; 112	'p'
   00C8 70                  249 	.db #0x70	; 112	'p'
   00C9 25                  250 	.db #0x25	; 37
   00CA AF                  251 	.db #0xaf	; 175
   00CB 0F                  252 	.db #0x0f	; 15
   00CC 0F                  253 	.db #0x0f	; 15
   00CD 0F                  254 	.db #0x0f	; 15
   00CE 0F                  255 	.db #0x0f	; 15
   00CF 5F                  256 	.db #0x5f	; 95
                            257 	.area _INITIALIZER
                            258 	.area _CABS (ABS)
