                              1 ;--------------------------------------------------------
                              2 ; File Created by SDCC : free open source ANSI-C Compiler
                              3 ; Version 3.6.8 #9946 (Mac OS X x86_64)
                              4 ;--------------------------------------------------------
                              5 	.module tiles
                              6 	.optsdcc -mz80
                              7 	
                              8 ;--------------------------------------------------------
                              9 ; Public variables in this module
                             10 ;--------------------------------------------------------
                             11 	.globl _g_tiles_17
                             12 	.globl _g_tiles_16
                             13 	.globl _g_tiles_15
                             14 	.globl _g_tiles_14
                             15 	.globl _g_tiles_13
                             16 	.globl _g_tiles_12
                             17 	.globl _g_tiles_11
                             18 	.globl _g_tiles_10
                             19 	.globl _g_tiles_09
                             20 	.globl _g_tiles_08
                             21 	.globl _g_tiles_07
                             22 	.globl _g_tiles_06
                             23 	.globl _g_tiles_05
                             24 	.globl _g_tiles_04
                             25 	.globl _g_tiles_03
                             26 	.globl _g_tiles_02
                             27 	.globl _g_tiles_01
                             28 	.globl _g_tiles_00
                             29 	.globl _g_tileset
                             30 ;--------------------------------------------------------
                             31 ; special function registers
                             32 ;--------------------------------------------------------
                             33 ;--------------------------------------------------------
                             34 ; ram data
                             35 ;--------------------------------------------------------
                             36 	.area _DATA
                             37 ;--------------------------------------------------------
                             38 ; ram data
                             39 ;--------------------------------------------------------
                             40 	.area _INITIALIZED
                             41 ;--------------------------------------------------------
                             42 ; absolute external ram data
                             43 ;--------------------------------------------------------
                             44 	.area _DABS (ABS)
                             45 ;--------------------------------------------------------
                             46 ; global & static initialisations
                             47 ;--------------------------------------------------------
                             48 	.area _HOME
                             49 	.area _GSINIT
                             50 	.area _GSFINAL
                             51 	.area _GSINIT
                             52 ;--------------------------------------------------------
                             53 ; Home
                             54 ;--------------------------------------------------------
                             55 	.area _HOME
                             56 	.area _HOME
                             57 ;--------------------------------------------------------
                             58 ; code
                             59 ;--------------------------------------------------------
                             60 	.area _CODE
                             61 	.area _CODE
   0000                      62 _g_tileset:
   0000r24r00                63 	.dw _g_tiles_00
   0002r2Cr00                64 	.dw _g_tiles_01
   0004r34r00                65 	.dw _g_tiles_02
   0006r3Cr00                66 	.dw _g_tiles_03
   0008r44r00                67 	.dw _g_tiles_04
   000Ar4Cr00                68 	.dw _g_tiles_05
   000Cr54r00                69 	.dw _g_tiles_06
   000Er5Cr00                70 	.dw _g_tiles_07
   0010r64r00                71 	.dw _g_tiles_08
   0012r6Cr00                72 	.dw _g_tiles_09
   0014r74r00                73 	.dw _g_tiles_10
   0016r7Cr00                74 	.dw _g_tiles_11
   0018r84r00                75 	.dw _g_tiles_12
   001Ar8Cr00                76 	.dw _g_tiles_13
   001Cr94r00                77 	.dw _g_tiles_14
   001Er9Cr00                78 	.dw _g_tiles_15
   0020rA4r00                79 	.dw _g_tiles_16
   0022rACr00                80 	.dw _g_tiles_17
   0024                      81 _g_tiles_00:
   0024 FF                   82 	.db #0xff	; 255
   0025 FF                   83 	.db #0xff	; 255
   0026 FF                   84 	.db #0xff	; 255
   0027 FF                   85 	.db #0xff	; 255
   0028 FF                   86 	.db #0xff	; 255
   0029 FF                   87 	.db #0xff	; 255
   002A FF                   88 	.db #0xff	; 255
   002B FF                   89 	.db #0xff	; 255
   002C                      90 _g_tiles_01:
   002C 33                   91 	.db #0x33	; 51	'3'
   002D 33                   92 	.db #0x33	; 51	'3'
   002E 27                   93 	.db #0x27	; 39
   002F 0F                   94 	.db #0x0f	; 15
   0030 27                   95 	.db #0x27	; 39
   0031 0F                   96 	.db #0x0f	; 15
   0032 27                   97 	.db #0x27	; 39
   0033 0F                   98 	.db #0x0f	; 15
   0034                      99 _g_tiles_02:
   0034 33                  100 	.db #0x33	; 51	'3'
   0035 33                  101 	.db #0x33	; 51	'3'
   0036 0F                  102 	.db #0x0f	; 15
   0037 1B                  103 	.db #0x1b	; 27
   0038 0F                  104 	.db #0x0f	; 15
   0039 1B                  105 	.db #0x1b	; 27
   003A 0F                  106 	.db #0x0f	; 15
   003B 1B                  107 	.db #0x1b	; 27
   003C                     108 _g_tiles_03:
   003C 0F                  109 	.db #0x0f	; 15
   003D 1B                  110 	.db #0x1b	; 27
   003E 0F                  111 	.db #0x0f	; 15
   003F 1B                  112 	.db #0x1b	; 27
   0040 0F                  113 	.db #0x0f	; 15
   0041 1B                  114 	.db #0x1b	; 27
   0042 33                  115 	.db #0x33	; 51	'3'
   0043 33                  116 	.db #0x33	; 51	'3'
   0044                     117 _g_tiles_04:
   0044 27                  118 	.db #0x27	; 39
   0045 0F                  119 	.db #0x0f	; 15
   0046 27                  120 	.db #0x27	; 39
   0047 0F                  121 	.db #0x0f	; 15
   0048 27                  122 	.db #0x27	; 39
   0049 0F                  123 	.db #0x0f	; 15
   004A 33                  124 	.db #0x33	; 51	'3'
   004B 33                  125 	.db #0x33	; 51	'3'
   004C                     126 _g_tiles_05:
   004C 0F                  127 	.db #0x0f	; 15
   004D 0F                  128 	.db #0x0f	; 15
   004E 0F                  129 	.db #0x0f	; 15
   004F 0F                  130 	.db #0x0f	; 15
   0050 0F                  131 	.db #0x0f	; 15
   0051 0F                  132 	.db #0x0f	; 15
   0052 0F                  133 	.db #0x0f	; 15
   0053 0F                  134 	.db #0x0f	; 15
   0054                     135 _g_tiles_06:
   0054 00                  136 	.db #0x00	; 0
   0055 00                  137 	.db #0x00	; 0
   0056 00                  138 	.db #0x00	; 0
   0057 00                  139 	.db #0x00	; 0
   0058 00                  140 	.db #0x00	; 0
   0059 00                  141 	.db #0x00	; 0
   005A 00                  142 	.db #0x00	; 0
   005B 00                  143 	.db #0x00	; 0
   005C                     144 _g_tiles_07:
   005C 3C                  145 	.db #0x3c	; 60
   005D 3C                  146 	.db #0x3c	; 60
   005E 3C                  147 	.db #0x3c	; 60
   005F 3C                  148 	.db #0x3c	; 60
   0060 3C                  149 	.db #0x3c	; 60
   0061 3C                  150 	.db #0x3c	; 60
   0062 3C                  151 	.db #0x3c	; 60
   0063 3C                  152 	.db #0x3c	; 60
   0064                     153 _g_tiles_08:
   0064 0F                  154 	.db #0x0f	; 15
   0065 0F                  155 	.db #0x0f	; 15
   0066 0F                  156 	.db #0x0f	; 15
   0067 0F                  157 	.db #0x0f	; 15
   0068 0F                  158 	.db #0x0f	; 15
   0069 0F                  159 	.db #0x0f	; 15
   006A 33                  160 	.db #0x33	; 51	'3'
   006B 33                  161 	.db #0x33	; 51	'3'
   006C                     162 _g_tiles_09:
   006C 33                  163 	.db #0x33	; 51	'3'
   006D 33                  164 	.db #0x33	; 51	'3'
   006E 0F                  165 	.db #0x0f	; 15
   006F 0F                  166 	.db #0x0f	; 15
   0070 0F                  167 	.db #0x0f	; 15
   0071 0F                  168 	.db #0x0f	; 15
   0072 0F                  169 	.db #0x0f	; 15
   0073 0F                  170 	.db #0x0f	; 15
   0074                     171 _g_tiles_10:
   0074 27                  172 	.db #0x27	; 39
   0075 0F                  173 	.db #0x0f	; 15
   0076 27                  174 	.db #0x27	; 39
   0077 0F                  175 	.db #0x0f	; 15
   0078 27                  176 	.db #0x27	; 39
   0079 0F                  177 	.db #0x0f	; 15
   007A 27                  178 	.db #0x27	; 39
   007B 0F                  179 	.db #0x0f	; 15
   007C                     180 _g_tiles_11:
   007C 3F                  181 	.db #0x3f	; 63
   007D 3F                  182 	.db #0x3f	; 63
   007E 3F                  183 	.db #0x3f	; 63
   007F 3F                  184 	.db #0x3f	; 63
   0080 3F                  185 	.db #0x3f	; 63
   0081 3F                  186 	.db #0x3f	; 63
   0082 3F                  187 	.db #0x3f	; 63
   0083 3F                  188 	.db #0x3f	; 63
   0084                     189 _g_tiles_12:
   0084 30                  190 	.db #0x30	; 48	'0'
   0085 30                  191 	.db #0x30	; 48	'0'
   0086 30                  192 	.db #0x30	; 48	'0'
   0087 30                  193 	.db #0x30	; 48	'0'
   0088 30                  194 	.db #0x30	; 48	'0'
   0089 30                  195 	.db #0x30	; 48	'0'
   008A 30                  196 	.db #0x30	; 48	'0'
   008B 30                  197 	.db #0x30	; 48	'0'
   008C                     198 _g_tiles_13:
   008C 30                  199 	.db #0x30	; 48	'0'
   008D 30                  200 	.db #0x30	; 48	'0'
   008E 30                  201 	.db #0x30	; 48	'0'
   008F 30                  202 	.db #0x30	; 48	'0'
   0090 30                  203 	.db #0x30	; 48	'0'
   0091 30                  204 	.db #0x30	; 48	'0'
   0092 30                  205 	.db #0x30	; 48	'0'
   0093 30                  206 	.db #0x30	; 48	'0'
   0094                     207 _g_tiles_14:
   0094 FC                  208 	.db #0xfc	; 252
   0095 FC                  209 	.db #0xfc	; 252
   0096 FC                  210 	.db #0xfc	; 252
   0097 FC                  211 	.db #0xfc	; 252
   0098 FC                  212 	.db #0xfc	; 252
   0099 FC                  213 	.db #0xfc	; 252
   009A FC                  214 	.db #0xfc	; 252
   009B FC                  215 	.db #0xfc	; 252
   009C                     216 _g_tiles_15:
   009C 0F                  217 	.db #0x0f	; 15
   009D 0F                  218 	.db #0x0f	; 15
   009E 0F                  219 	.db #0x0f	; 15
   009F 0F                  220 	.db #0x0f	; 15
   00A0 0F                  221 	.db #0x0f	; 15
   00A1 0F                  222 	.db #0x0f	; 15
   00A2 0F                  223 	.db #0x0f	; 15
   00A3 0F                  224 	.db #0x0f	; 15
   00A4                     225 _g_tiles_16:
   00A4 0F                  226 	.db #0x0f	; 15
   00A5 1B                  227 	.db #0x1b	; 27
   00A6 0F                  228 	.db #0x0f	; 15
   00A7 1B                  229 	.db #0x1b	; 27
   00A8 0F                  230 	.db #0x0f	; 15
   00A9 1B                  231 	.db #0x1b	; 27
   00AA 0F                  232 	.db #0x0f	; 15
   00AB 1B                  233 	.db #0x1b	; 27
   00AC                     234 _g_tiles_17:
   00AC 33                  235 	.db #0x33	; 51	'3'
   00AD 33                  236 	.db #0x33	; 51	'3'
   00AE 33                  237 	.db #0x33	; 51	'3'
   00AF 33                  238 	.db #0x33	; 51	'3'
   00B0 33                  239 	.db #0x33	; 51	'3'
   00B1 33                  240 	.db #0x33	; 51	'3'
   00B2 33                  241 	.db #0x33	; 51	'3'
   00B3 33                  242 	.db #0x33	; 51	'3'
                            243 	.area _INITIALIZER
                            244 	.area _CABS (ABS)
