                              1 ;--------------------------------------------------------
                              2 ; File Created by SDCC : free open source ANSI-C Compiler
                              3 ; Version 3.5.5 #9498 (Linux)
                              4 ;--------------------------------------------------------
                              5 	.module map3
                              6 	.optsdcc -mz80
                              7 	
                              8 ;--------------------------------------------------------
                              9 ; Public variables in this module
                             10 ;--------------------------------------------------------
                             11 	.globl _g_map3
                             12 ;--------------------------------------------------------
                             13 ; special function registers
                             14 ;--------------------------------------------------------
                             15 ;--------------------------------------------------------
                             16 ; ram data
                             17 ;--------------------------------------------------------
                             18 	.area _DATA
                             19 ;--------------------------------------------------------
                             20 ; ram data
                             21 ;--------------------------------------------------------
                             22 	.area _INITIALIZED
                             23 ;--------------------------------------------------------
                             24 ; absolute external ram data
                             25 ;--------------------------------------------------------
                             26 	.area _DABS (ABS)
                             27 ;--------------------------------------------------------
                             28 ; global & static initialisations
                             29 ;--------------------------------------------------------
                             30 	.area _HOME
                             31 	.area _GSINIT
                             32 	.area _GSFINAL
                             33 	.area _GSINIT
                             34 ;--------------------------------------------------------
                             35 ; Home
                             36 ;--------------------------------------------------------
                             37 	.area _HOME
                             38 	.area _HOME
                             39 ;--------------------------------------------------------
                             40 ; code
                             41 ;--------------------------------------------------------
                             42 	.area _CODE
                             43 	.area _CODE
   0000                      44 _g_map3:
   0000 0E                   45 	.db #0x0E	; 14
   0001 0E                   46 	.db #0x0E	; 14
   0002 0E                   47 	.db #0x0E	; 14
   0003 0E                   48 	.db #0x0E	; 14
   0004 0E                   49 	.db #0x0E	; 14
   0005 0E                   50 	.db #0x0E	; 14
   0006 0E                   51 	.db #0x0E	; 14
   0007 0E                   52 	.db #0x0E	; 14
   0008 0E                   53 	.db #0x0E	; 14
   0009 0E                   54 	.db #0x0E	; 14
   000A 0E                   55 	.db #0x0E	; 14
   000B 0E                   56 	.db #0x0E	; 14
   000C 0E                   57 	.db #0x0E	; 14
   000D 0E                   58 	.db #0x0E	; 14
   000E 0E                   59 	.db #0x0E	; 14
   000F 0E                   60 	.db #0x0E	; 14
   0010 0E                   61 	.db #0x0E	; 14
   0011 0E                   62 	.db #0x0E	; 14
   0012 0E                   63 	.db #0x0E	; 14
   0013 0E                   64 	.db #0x0E	; 14
   0014 0E                   65 	.db #0x0E	; 14
   0015 0E                   66 	.db #0x0E	; 14
   0016 0E                   67 	.db #0x0E	; 14
   0017 0E                   68 	.db #0x0E	; 14
   0018 0E                   69 	.db #0x0E	; 14
   0019 0E                   70 	.db #0x0E	; 14
   001A 0E                   71 	.db #0x0E	; 14
   001B 0E                   72 	.db #0x0E	; 14
   001C 0E                   73 	.db #0x0E	; 14
   001D 0E                   74 	.db #0x0E	; 14
   001E 0E                   75 	.db #0x0E	; 14
   001F 0E                   76 	.db #0x0E	; 14
   0020 0E                   77 	.db #0x0E	; 14
   0021 0E                   78 	.db #0x0E	; 14
   0022 0E                   79 	.db #0x0E	; 14
   0023 0E                   80 	.db #0x0E	; 14
   0024 0E                   81 	.db #0x0E	; 14
   0025 0E                   82 	.db #0x0E	; 14
   0026 0E                   83 	.db #0x0E	; 14
   0027 0E                   84 	.db #0x0E	; 14
   0028 0E                   85 	.db #0x0E	; 14
   0029 0E                   86 	.db #0x0E	; 14
   002A 0E                   87 	.db #0x0E	; 14
   002B 0E                   88 	.db #0x0E	; 14
   002C 0E                   89 	.db #0x0E	; 14
   002D 0E                   90 	.db #0x0E	; 14
   002E 0E                   91 	.db #0x0E	; 14
   002F 0E                   92 	.db #0x0E	; 14
   0030 0E                   93 	.db #0x0E	; 14
   0031 0E                   94 	.db #0x0E	; 14
   0032 0E                   95 	.db #0x0E	; 14
   0033 0E                   96 	.db #0x0E	; 14
   0034 0E                   97 	.db #0x0E	; 14
   0035 0E                   98 	.db #0x0E	; 14
   0036 0E                   99 	.db #0x0E	; 14
   0037 0E                  100 	.db #0x0E	; 14
   0038 0E                  101 	.db #0x0E	; 14
   0039 0E                  102 	.db #0x0E	; 14
   003A 0E                  103 	.db #0x0E	; 14
   003B 0E                  104 	.db #0x0E	; 14
   003C 0E                  105 	.db #0x0E	; 14
   003D 0E                  106 	.db #0x0E	; 14
   003E 0E                  107 	.db #0x0E	; 14
   003F 0E                  108 	.db #0x0E	; 14
   0040 0E                  109 	.db #0x0E	; 14
   0041 0E                  110 	.db #0x0E	; 14
   0042 0E                  111 	.db #0x0E	; 14
   0043 0E                  112 	.db #0x0E	; 14
   0044 0E                  113 	.db #0x0E	; 14
   0045 0E                  114 	.db #0x0E	; 14
   0046 0E                  115 	.db #0x0E	; 14
   0047 0E                  116 	.db #0x0E	; 14
   0048 0E                  117 	.db #0x0E	; 14
   0049 0E                  118 	.db #0x0E	; 14
   004A 0E                  119 	.db #0x0E	; 14
   004B 0E                  120 	.db #0x0E	; 14
   004C 0E                  121 	.db #0x0E	; 14
   004D 0E                  122 	.db #0x0E	; 14
   004E 0E                  123 	.db #0x0E	; 14
   004F 0E                  124 	.db #0x0E	; 14
   0050 09                  125 	.db #0x09	; 9
   0051 0E                  126 	.db #0x0E	; 14
   0052 0E                  127 	.db #0x0E	; 14
   0053 0E                  128 	.db #0x0E	; 14
   0054 09                  129 	.db #0x09	; 9
   0055 0E                  130 	.db #0x0E	; 14
   0056 0E                  131 	.db #0x0E	; 14
   0057 0E                  132 	.db #0x0E	; 14
   0058 09                  133 	.db #0x09	; 9
   0059 0E                  134 	.db #0x0E	; 14
   005A 0E                  135 	.db #0x0E	; 14
   005B 0E                  136 	.db #0x0E	; 14
   005C 09                  137 	.db #0x09	; 9
   005D 0E                  138 	.db #0x0E	; 14
   005E 0E                  139 	.db #0x0E	; 14
   005F 0E                  140 	.db #0x0E	; 14
   0060 09                  141 	.db #0x09	; 9
   0061 0E                  142 	.db #0x0E	; 14
   0062 0E                  143 	.db #0x0E	; 14
   0063 0E                  144 	.db #0x0E	; 14
   0064 09                  145 	.db #0x09	; 9
   0065 0E                  146 	.db #0x0E	; 14
   0066 0E                  147 	.db #0x0E	; 14
   0067 0E                  148 	.db #0x0E	; 14
   0068 09                  149 	.db #0x09	; 9
   0069 0E                  150 	.db #0x0E	; 14
   006A 0E                  151 	.db #0x0E	; 14
   006B 0E                  152 	.db #0x0E	; 14
   006C 09                  153 	.db #0x09	; 9
   006D 0E                  154 	.db #0x0E	; 14
   006E 0E                  155 	.db #0x0E	; 14
   006F 0E                  156 	.db #0x0E	; 14
   0070 09                  157 	.db #0x09	; 9
   0071 0E                  158 	.db #0x0E	; 14
   0072 0E                  159 	.db #0x0E	; 14
   0073 0E                  160 	.db #0x0E	; 14
   0074 09                  161 	.db #0x09	; 9
   0075 0E                  162 	.db #0x0E	; 14
   0076 0E                  163 	.db #0x0E	; 14
   0077 0E                  164 	.db #0x0E	; 14
   0078 0E                  165 	.db #0x0E	; 14
   0079 09                  166 	.db #0x09	; 9
   007A 0E                  167 	.db #0x0E	; 14
   007B 09                  168 	.db #0x09	; 9
   007C 0E                  169 	.db #0x0E	; 14
   007D 09                  170 	.db #0x09	; 9
   007E 0E                  171 	.db #0x0E	; 14
   007F 09                  172 	.db #0x09	; 9
   0080 0E                  173 	.db #0x0E	; 14
   0081 09                  174 	.db #0x09	; 9
   0082 0E                  175 	.db #0x0E	; 14
   0083 09                  176 	.db #0x09	; 9
   0084 0E                  177 	.db #0x0E	; 14
   0085 09                  178 	.db #0x09	; 9
   0086 0E                  179 	.db #0x0E	; 14
   0087 09                  180 	.db #0x09	; 9
   0088 0E                  181 	.db #0x0E	; 14
   0089 09                  182 	.db #0x09	; 9
   008A 0E                  183 	.db #0x0E	; 14
   008B 09                  184 	.db #0x09	; 9
   008C 0E                  185 	.db #0x0E	; 14
   008D 09                  186 	.db #0x09	; 9
   008E 0E                  187 	.db #0x0E	; 14
   008F 09                  188 	.db #0x09	; 9
   0090 0E                  189 	.db #0x0E	; 14
   0091 09                  190 	.db #0x09	; 9
   0092 0E                  191 	.db #0x0E	; 14
   0093 09                  192 	.db #0x09	; 9
   0094 0E                  193 	.db #0x0E	; 14
   0095 09                  194 	.db #0x09	; 9
   0096 0E                  195 	.db #0x0E	; 14
   0097 09                  196 	.db #0x09	; 9
   0098 0E                  197 	.db #0x0E	; 14
   0099 09                  198 	.db #0x09	; 9
   009A 0E                  199 	.db #0x0E	; 14
   009B 09                  200 	.db #0x09	; 9
   009C 0E                  201 	.db #0x0E	; 14
   009D 09                  202 	.db #0x09	; 9
   009E 0E                  203 	.db #0x0E	; 14
   009F 09                  204 	.db #0x09	; 9
   00A0 09                  205 	.db #0x09	; 9
   00A1 09                  206 	.db #0x09	; 9
   00A2 09                  207 	.db #0x09	; 9
   00A3 09                  208 	.db #0x09	; 9
   00A4 09                  209 	.db #0x09	; 9
   00A5 09                  210 	.db #0x09	; 9
   00A6 09                  211 	.db #0x09	; 9
   00A7 09                  212 	.db #0x09	; 9
   00A8 09                  213 	.db #0x09	; 9
   00A9 09                  214 	.db #0x09	; 9
   00AA 09                  215 	.db #0x09	; 9
   00AB 09                  216 	.db #0x09	; 9
   00AC 09                  217 	.db #0x09	; 9
   00AD 09                  218 	.db #0x09	; 9
   00AE 09                  219 	.db #0x09	; 9
   00AF 09                  220 	.db #0x09	; 9
   00B0 09                  221 	.db #0x09	; 9
   00B1 09                  222 	.db #0x09	; 9
   00B2 09                  223 	.db #0x09	; 9
   00B3 09                  224 	.db #0x09	; 9
   00B4 09                  225 	.db #0x09	; 9
   00B5 09                  226 	.db #0x09	; 9
   00B6 09                  227 	.db #0x09	; 9
   00B7 09                  228 	.db #0x09	; 9
   00B8 09                  229 	.db #0x09	; 9
   00B9 09                  230 	.db #0x09	; 9
   00BA 09                  231 	.db #0x09	; 9
   00BB 09                  232 	.db #0x09	; 9
   00BC 09                  233 	.db #0x09	; 9
   00BD 09                  234 	.db #0x09	; 9
   00BE 09                  235 	.db #0x09	; 9
   00BF 09                  236 	.db #0x09	; 9
   00C0 09                  237 	.db #0x09	; 9
   00C1 09                  238 	.db #0x09	; 9
   00C2 09                  239 	.db #0x09	; 9
   00C3 09                  240 	.db #0x09	; 9
   00C4 09                  241 	.db #0x09	; 9
   00C5 09                  242 	.db #0x09	; 9
   00C6 09                  243 	.db #0x09	; 9
   00C7 09                  244 	.db #0x09	; 9
   00C8 09                  245 	.db #0x09	; 9
   00C9 09                  246 	.db #0x09	; 9
   00CA 09                  247 	.db #0x09	; 9
   00CB 09                  248 	.db #0x09	; 9
   00CC 09                  249 	.db #0x09	; 9
   00CD 09                  250 	.db #0x09	; 9
   00CE 09                  251 	.db #0x09	; 9
   00CF 09                  252 	.db #0x09	; 9
   00D0 09                  253 	.db #0x09	; 9
   00D1 09                  254 	.db #0x09	; 9
   00D2 09                  255 	.db #0x09	; 9
   00D3 09                  256 	.db #0x09	; 9
   00D4 09                  257 	.db #0x09	; 9
   00D5 09                  258 	.db #0x09	; 9
   00D6 09                  259 	.db #0x09	; 9
   00D7 09                  260 	.db #0x09	; 9
   00D8 09                  261 	.db #0x09	; 9
   00D9 09                  262 	.db #0x09	; 9
   00DA 09                  263 	.db #0x09	; 9
   00DB 09                  264 	.db #0x09	; 9
   00DC 09                  265 	.db #0x09	; 9
   00DD 09                  266 	.db #0x09	; 9
   00DE 09                  267 	.db #0x09	; 9
   00DF 09                  268 	.db #0x09	; 9
   00E0 09                  269 	.db #0x09	; 9
   00E1 09                  270 	.db #0x09	; 9
   00E2 09                  271 	.db #0x09	; 9
   00E3 09                  272 	.db #0x09	; 9
   00E4 09                  273 	.db #0x09	; 9
   00E5 09                  274 	.db #0x09	; 9
   00E6 09                  275 	.db #0x09	; 9
   00E7 09                  276 	.db #0x09	; 9
   00E8 09                  277 	.db #0x09	; 9
   00E9 09                  278 	.db #0x09	; 9
   00EA 09                  279 	.db #0x09	; 9
   00EB 09                  280 	.db #0x09	; 9
   00EC 09                  281 	.db #0x09	; 9
   00ED 09                  282 	.db #0x09	; 9
   00EE 09                  283 	.db #0x09	; 9
   00EF 09                  284 	.db #0x09	; 9
   00F0 09                  285 	.db #0x09	; 9
   00F1 09                  286 	.db #0x09	; 9
   00F2 09                  287 	.db #0x09	; 9
   00F3 04                  288 	.db #0x04	; 4
   00F4 09                  289 	.db #0x09	; 9
   00F5 09                  290 	.db #0x09	; 9
   00F6 09                  291 	.db #0x09	; 9
   00F7 04                  292 	.db #0x04	; 4
   00F8 09                  293 	.db #0x09	; 9
   00F9 09                  294 	.db #0x09	; 9
   00FA 09                  295 	.db #0x09	; 9
   00FB 04                  296 	.db #0x04	; 4
   00FC 09                  297 	.db #0x09	; 9
   00FD 09                  298 	.db #0x09	; 9
   00FE 09                  299 	.db #0x09	; 9
   00FF 04                  300 	.db #0x04	; 4
   0100 09                  301 	.db #0x09	; 9
   0101 09                  302 	.db #0x09	; 9
   0102 09                  303 	.db #0x09	; 9
   0103 04                  304 	.db #0x04	; 4
   0104 09                  305 	.db #0x09	; 9
   0105 09                  306 	.db #0x09	; 9
   0106 09                  307 	.db #0x09	; 9
   0107 04                  308 	.db #0x04	; 4
   0108 09                  309 	.db #0x09	; 9
   0109 09                  310 	.db #0x09	; 9
   010A 09                  311 	.db #0x09	; 9
   010B 04                  312 	.db #0x04	; 4
   010C 09                  313 	.db #0x09	; 9
   010D 09                  314 	.db #0x09	; 9
   010E 09                  315 	.db #0x09	; 9
   010F 04                  316 	.db #0x04	; 4
   0110 09                  317 	.db #0x09	; 9
   0111 09                  318 	.db #0x09	; 9
   0112 09                  319 	.db #0x09	; 9
   0113 04                  320 	.db #0x04	; 4
   0114 09                  321 	.db #0x09	; 9
   0115 09                  322 	.db #0x09	; 9
   0116 09                  323 	.db #0x09	; 9
   0117 04                  324 	.db #0x04	; 4
   0118 04                  325 	.db #0x04	; 4
   0119 09                  326 	.db #0x09	; 9
   011A 04                  327 	.db #0x04	; 4
   011B 09                  328 	.db #0x09	; 9
   011C 04                  329 	.db #0x04	; 4
   011D 09                  330 	.db #0x09	; 9
   011E 04                  331 	.db #0x04	; 4
   011F 09                  332 	.db #0x09	; 9
   0120 04                  333 	.db #0x04	; 4
   0121 09                  334 	.db #0x09	; 9
   0122 04                  335 	.db #0x04	; 4
   0123 09                  336 	.db #0x09	; 9
   0124 04                  337 	.db #0x04	; 4
   0125 09                  338 	.db #0x09	; 9
   0126 04                  339 	.db #0x04	; 4
   0127 09                  340 	.db #0x09	; 9
   0128 04                  341 	.db #0x04	; 4
   0129 09                  342 	.db #0x09	; 9
   012A 04                  343 	.db #0x04	; 4
   012B 09                  344 	.db #0x09	; 9
   012C 04                  345 	.db #0x04	; 4
   012D 09                  346 	.db #0x09	; 9
   012E 04                  347 	.db #0x04	; 4
   012F 09                  348 	.db #0x09	; 9
   0130 04                  349 	.db #0x04	; 4
   0131 09                  350 	.db #0x09	; 9
   0132 04                  351 	.db #0x04	; 4
   0133 09                  352 	.db #0x09	; 9
   0134 04                  353 	.db #0x04	; 4
   0135 09                  354 	.db #0x09	; 9
   0136 04                  355 	.db #0x04	; 4
   0137 09                  356 	.db #0x09	; 9
   0138 04                  357 	.db #0x04	; 4
   0139 09                  358 	.db #0x09	; 9
   013A 04                  359 	.db #0x04	; 4
   013B 09                  360 	.db #0x09	; 9
   013C 04                  361 	.db #0x04	; 4
   013D 09                  362 	.db #0x09	; 9
   013E 04                  363 	.db #0x04	; 4
   013F 09                  364 	.db #0x09	; 9
   0140 04                  365 	.db #0x04	; 4
   0141 04                  366 	.db #0x04	; 4
   0142 04                  367 	.db #0x04	; 4
   0143 04                  368 	.db #0x04	; 4
   0144 04                  369 	.db #0x04	; 4
   0145 04                  370 	.db #0x04	; 4
   0146 04                  371 	.db #0x04	; 4
   0147 04                  372 	.db #0x04	; 4
   0148 04                  373 	.db #0x04	; 4
   0149 04                  374 	.db #0x04	; 4
   014A 04                  375 	.db #0x04	; 4
   014B 04                  376 	.db #0x04	; 4
   014C 04                  377 	.db #0x04	; 4
   014D 04                  378 	.db #0x04	; 4
   014E 04                  379 	.db #0x04	; 4
   014F 04                  380 	.db #0x04	; 4
   0150 04                  381 	.db #0x04	; 4
   0151 04                  382 	.db #0x04	; 4
   0152 04                  383 	.db #0x04	; 4
   0153 04                  384 	.db #0x04	; 4
   0154 04                  385 	.db #0x04	; 4
   0155 04                  386 	.db #0x04	; 4
   0156 04                  387 	.db #0x04	; 4
   0157 04                  388 	.db #0x04	; 4
   0158 04                  389 	.db #0x04	; 4
   0159 04                  390 	.db #0x04	; 4
   015A 04                  391 	.db #0x04	; 4
   015B 04                  392 	.db #0x04	; 4
   015C 04                  393 	.db #0x04	; 4
   015D 04                  394 	.db #0x04	; 4
   015E 04                  395 	.db #0x04	; 4
   015F 04                  396 	.db #0x04	; 4
   0160 04                  397 	.db #0x04	; 4
   0161 04                  398 	.db #0x04	; 4
   0162 04                  399 	.db #0x04	; 4
   0163 04                  400 	.db #0x04	; 4
   0164 04                  401 	.db #0x04	; 4
   0165 04                  402 	.db #0x04	; 4
   0166 04                  403 	.db #0x04	; 4
   0167 04                  404 	.db #0x04	; 4
   0168 04                  405 	.db #0x04	; 4
   0169 04                  406 	.db #0x04	; 4
   016A 04                  407 	.db #0x04	; 4
   016B 04                  408 	.db #0x04	; 4
   016C 04                  409 	.db #0x04	; 4
   016D 04                  410 	.db #0x04	; 4
   016E 04                  411 	.db #0x04	; 4
   016F 04                  412 	.db #0x04	; 4
   0170 04                  413 	.db #0x04	; 4
   0171 04                  414 	.db #0x04	; 4
   0172 04                  415 	.db #0x04	; 4
   0173 04                  416 	.db #0x04	; 4
   0174 04                  417 	.db #0x04	; 4
   0175 04                  418 	.db #0x04	; 4
   0176 04                  419 	.db #0x04	; 4
   0177 04                  420 	.db #0x04	; 4
   0178 04                  421 	.db #0x04	; 4
   0179 04                  422 	.db #0x04	; 4
   017A 04                  423 	.db #0x04	; 4
   017B 04                  424 	.db #0x04	; 4
   017C 04                  425 	.db #0x04	; 4
   017D 04                  426 	.db #0x04	; 4
   017E 04                  427 	.db #0x04	; 4
   017F 04                  428 	.db #0x04	; 4
   0180 04                  429 	.db #0x04	; 4
   0181 04                  430 	.db #0x04	; 4
   0182 04                  431 	.db #0x04	; 4
   0183 04                  432 	.db #0x04	; 4
   0184 04                  433 	.db #0x04	; 4
   0185 04                  434 	.db #0x04	; 4
   0186 04                  435 	.db #0x04	; 4
   0187 04                  436 	.db #0x04	; 4
   0188 04                  437 	.db #0x04	; 4
   0189 04                  438 	.db #0x04	; 4
   018A 04                  439 	.db #0x04	; 4
   018B 04                  440 	.db #0x04	; 4
   018C 04                  441 	.db #0x04	; 4
   018D 04                  442 	.db #0x04	; 4
   018E 04                  443 	.db #0x04	; 4
   018F 04                  444 	.db #0x04	; 4
   0190 04                  445 	.db #0x04	; 4
   0191 04                  446 	.db #0x04	; 4
   0192 04                  447 	.db #0x04	; 4
   0193 04                  448 	.db #0x04	; 4
   0194 04                  449 	.db #0x04	; 4
   0195 04                  450 	.db #0x04	; 4
   0196 04                  451 	.db #0x04	; 4
   0197 04                  452 	.db #0x04	; 4
   0198 04                  453 	.db #0x04	; 4
   0199 00                  454 	.db #0x00	; 0
   019A 01                  455 	.db #0x01	; 1
   019B 02                  456 	.db #0x02	; 2
   019C 02                  457 	.db #0x02	; 2
   019D 03                  458 	.db #0x03	; 3
   019E 01                  459 	.db #0x01	; 1
   019F 02                  460 	.db #0x02	; 2
   01A0 09                  461 	.db #0x09	; 9
   01A1 09                  462 	.db #0x09	; 9
   01A2 09                  463 	.db #0x09	; 9
   01A3 09                  464 	.db #0x09	; 9
   01A4 09                  465 	.db #0x09	; 9
   01A5 09                  466 	.db #0x09	; 9
   01A6 03                  467 	.db #0x03	; 3
   01A7 02                  468 	.db #0x02	; 2
   01A8 03                  469 	.db #0x03	; 3
   01A9 02                  470 	.db #0x02	; 2
   01AA 03                  471 	.db #0x03	; 3
   01AB 02                  472 	.db #0x02	; 2
   01AC 03                  473 	.db #0x03	; 3
   01AD 04                  474 	.db #0x04	; 4
   01AE 04                  475 	.db #0x04	; 4
   01AF 04                  476 	.db #0x04	; 4
   01B0 04                  477 	.db #0x04	; 4
   01B1 04                  478 	.db #0x04	; 4
   01B2 04                  479 	.db #0x04	; 4
   01B3 04                  480 	.db #0x04	; 4
   01B4 04                  481 	.db #0x04	; 4
   01B5 04                  482 	.db #0x04	; 4
   01B6 04                  483 	.db #0x04	; 4
   01B7 04                  484 	.db #0x04	; 4
   01B8 04                  485 	.db #0x04	; 4
   01B9 04                  486 	.db #0x04	; 4
   01BA 04                  487 	.db #0x04	; 4
   01BB 04                  488 	.db #0x04	; 4
   01BC 04                  489 	.db #0x04	; 4
   01BD 04                  490 	.db #0x04	; 4
   01BE 04                  491 	.db #0x04	; 4
   01BF 04                  492 	.db #0x04	; 4
   01C0 04                  493 	.db #0x04	; 4
   01C1 05                  494 	.db #0x05	; 5
   01C2 06                  495 	.db #0x06	; 6
   01C3 07                  496 	.db #0x07	; 7
   01C4 07                  497 	.db #0x07	; 7
   01C5 08                  498 	.db #0x08	; 8
   01C6 06                  499 	.db #0x06	; 6
   01C7 07                  500 	.db #0x07	; 7
   01C8 09                  501 	.db #0x09	; 9
   01C9 09                  502 	.db #0x09	; 9
   01CA 09                  503 	.db #0x09	; 9
   01CB 0E                  504 	.db #0x0E	; 14
   01CC 09                  505 	.db #0x09	; 9
   01CD 09                  506 	.db #0x09	; 9
   01CE 08                  507 	.db #0x08	; 8
   01CF 07                  508 	.db #0x07	; 7
   01D0 08                  509 	.db #0x08	; 8
   01D1 07                  510 	.db #0x07	; 7
   01D2 08                  511 	.db #0x08	; 8
   01D3 07                  512 	.db #0x07	; 7
   01D4 08                  513 	.db #0x08	; 8
   01D5 04                  514 	.db #0x04	; 4
   01D6 04                  515 	.db #0x04	; 4
   01D7 04                  516 	.db #0x04	; 4
   01D8 04                  517 	.db #0x04	; 4
   01D9 04                  518 	.db #0x04	; 4
   01DA 04                  519 	.db #0x04	; 4
   01DB 04                  520 	.db #0x04	; 4
   01DC 04                  521 	.db #0x04	; 4
   01DD 04                  522 	.db #0x04	; 4
   01DE 04                  523 	.db #0x04	; 4
   01DF 04                  524 	.db #0x04	; 4
   01E0 04                  525 	.db #0x04	; 4
   01E1 04                  526 	.db #0x04	; 4
   01E2 04                  527 	.db #0x04	; 4
   01E3 04                  528 	.db #0x04	; 4
   01E4 04                  529 	.db #0x04	; 4
   01E5 04                  530 	.db #0x04	; 4
   01E6 04                  531 	.db #0x04	; 4
   01E7 04                  532 	.db #0x04	; 4
   01E8 04                  533 	.db #0x04	; 4
   01E9 0A                  534 	.db #0x0A	; 10
   01EA 0B                  535 	.db #0x0B	; 11
   01EB 0C                  536 	.db #0x0C	; 12
   01EC 0D                  537 	.db #0x0D	; 13
   01ED 0A                  538 	.db #0x0A	; 10
   01EE 0B                  539 	.db #0x0B	; 11
   01EF 0C                  540 	.db #0x0C	; 12
   01F0 09                  541 	.db #0x09	; 9
   01F1 0E                  542 	.db #0x0E	; 14
   01F2 09                  543 	.db #0x09	; 9
   01F3 09                  544 	.db #0x09	; 9
   01F4 09                  545 	.db #0x09	; 9
   01F5 09                  546 	.db #0x09	; 9
   01F6 0B                  547 	.db #0x0B	; 11
   01F7 0C                  548 	.db #0x0C	; 12
   01F8 0D                  549 	.db #0x0D	; 13
   01F9 0A                  550 	.db #0x0A	; 10
   01FA 0B                  551 	.db #0x0B	; 11
   01FB 0C                  552 	.db #0x0C	; 12
   01FC 0D                  553 	.db #0x0D	; 13
   01FD 04                  554 	.db #0x04	; 4
   01FE 04                  555 	.db #0x04	; 4
   01FF 04                  556 	.db #0x04	; 4
   0200 04                  557 	.db #0x04	; 4
   0201 04                  558 	.db #0x04	; 4
   0202 04                  559 	.db #0x04	; 4
   0203 04                  560 	.db #0x04	; 4
   0204 04                  561 	.db #0x04	; 4
   0205 04                  562 	.db #0x04	; 4
   0206 04                  563 	.db #0x04	; 4
   0207 04                  564 	.db #0x04	; 4
   0208 04                  565 	.db #0x04	; 4
   0209 04                  566 	.db #0x04	; 4
   020A 04                  567 	.db #0x04	; 4
   020B 04                  568 	.db #0x04	; 4
   020C 04                  569 	.db #0x04	; 4
   020D 04                  570 	.db #0x04	; 4
   020E 04                  571 	.db #0x04	; 4
   020F 04                  572 	.db #0x04	; 4
   0210 04                  573 	.db #0x04	; 4
   0211 0F                  574 	.db #0x0F	; 15
   0212 10                  575 	.db #0x10	; 16
   0213 11                  576 	.db #0x11	; 17
   0214 12                  577 	.db #0x12	; 18
   0215 0F                  578 	.db #0x0F	; 15
   0216 10                  579 	.db #0x10	; 16
   0217 11                  580 	.db #0x11	; 17
   0218 09                  581 	.db #0x09	; 9
   0219 09                  582 	.db #0x09	; 9
   021A 09                  583 	.db #0x09	; 9
   021B 09                  584 	.db #0x09	; 9
   021C 0E                  585 	.db #0x0E	; 14
   021D 09                  586 	.db #0x09	; 9
   021E 10                  587 	.db #0x10	; 16
   021F 11                  588 	.db #0x11	; 17
   0220 12                  589 	.db #0x12	; 18
   0221 0F                  590 	.db #0x0F	; 15
   0222 10                  591 	.db #0x10	; 16
   0223 11                  592 	.db #0x11	; 17
   0224 12                  593 	.db #0x12	; 18
   0225 04                  594 	.db #0x04	; 4
   0226 04                  595 	.db #0x04	; 4
   0227 04                  596 	.db #0x04	; 4
   0228 04                  597 	.db #0x04	; 4
   0229 04                  598 	.db #0x04	; 4
   022A 04                  599 	.db #0x04	; 4
   022B 04                  600 	.db #0x04	; 4
   022C 04                  601 	.db #0x04	; 4
   022D 04                  602 	.db #0x04	; 4
   022E 04                  603 	.db #0x04	; 4
   022F 04                  604 	.db #0x04	; 4
   0230 04                  605 	.db #0x04	; 4
   0231 04                  606 	.db #0x04	; 4
   0232 04                  607 	.db #0x04	; 4
   0233 04                  608 	.db #0x04	; 4
   0234 04                  609 	.db #0x04	; 4
   0235 04                  610 	.db #0x04	; 4
   0236 04                  611 	.db #0x04	; 4
   0237 04                  612 	.db #0x04	; 4
   0238 04                  613 	.db #0x04	; 4
   0239 0A                  614 	.db #0x0A	; 10
   023A 0B                  615 	.db #0x0B	; 11
   023B 0C                  616 	.db #0x0C	; 12
   023C 0D                  617 	.db #0x0D	; 13
   023D 0A                  618 	.db #0x0A	; 10
   023E 0B                  619 	.db #0x0B	; 11
   023F 0C                  620 	.db #0x0C	; 12
   0240 09                  621 	.db #0x09	; 9
   0241 09                  622 	.db #0x09	; 9
   0242 0E                  623 	.db #0x0E	; 14
   0243 09                  624 	.db #0x09	; 9
   0244 09                  625 	.db #0x09	; 9
   0245 09                  626 	.db #0x09	; 9
   0246 0B                  627 	.db #0x0B	; 11
   0247 0C                  628 	.db #0x0C	; 12
   0248 0D                  629 	.db #0x0D	; 13
   0249 0A                  630 	.db #0x0A	; 10
   024A 0B                  631 	.db #0x0B	; 11
   024B 0C                  632 	.db #0x0C	; 12
   024C 0D                  633 	.db #0x0D	; 13
   024D 04                  634 	.db #0x04	; 4
   024E 04                  635 	.db #0x04	; 4
   024F 04                  636 	.db #0x04	; 4
   0250 04                  637 	.db #0x04	; 4
   0251 04                  638 	.db #0x04	; 4
   0252 04                  639 	.db #0x04	; 4
   0253 04                  640 	.db #0x04	; 4
   0254 04                  641 	.db #0x04	; 4
   0255 04                  642 	.db #0x04	; 4
   0256 04                  643 	.db #0x04	; 4
   0257 04                  644 	.db #0x04	; 4
   0258 04                  645 	.db #0x04	; 4
   0259 04                  646 	.db #0x04	; 4
   025A 04                  647 	.db #0x04	; 4
   025B 04                  648 	.db #0x04	; 4
   025C 04                  649 	.db #0x04	; 4
   025D 04                  650 	.db #0x04	; 4
   025E 04                  651 	.db #0x04	; 4
   025F 04                  652 	.db #0x04	; 4
   0260 04                  653 	.db #0x04	; 4
   0261 0F                  654 	.db #0x0F	; 15
   0262 10                  655 	.db #0x10	; 16
   0263 11                  656 	.db #0x11	; 17
   0264 12                  657 	.db #0x12	; 18
   0265 0F                  658 	.db #0x0F	; 15
   0266 10                  659 	.db #0x10	; 16
   0267 11                  660 	.db #0x11	; 17
   0268 09                  661 	.db #0x09	; 9
   0269 09                  662 	.db #0x09	; 9
   026A 0E                  663 	.db #0x0E	; 14
   026B 09                  664 	.db #0x09	; 9
   026C 09                  665 	.db #0x09	; 9
   026D 09                  666 	.db #0x09	; 9
   026E 10                  667 	.db #0x10	; 16
   026F 11                  668 	.db #0x11	; 17
   0270 12                  669 	.db #0x12	; 18
   0271 0F                  670 	.db #0x0F	; 15
   0272 10                  671 	.db #0x10	; 16
   0273 11                  672 	.db #0x11	; 17
   0274 12                  673 	.db #0x12	; 18
   0275 04                  674 	.db #0x04	; 4
   0276 04                  675 	.db #0x04	; 4
   0277 04                  676 	.db #0x04	; 4
   0278 04                  677 	.db #0x04	; 4
   0279 04                  678 	.db #0x04	; 4
   027A 04                  679 	.db #0x04	; 4
   027B 04                  680 	.db #0x04	; 4
   027C 04                  681 	.db #0x04	; 4
   027D 04                  682 	.db #0x04	; 4
   027E 04                  683 	.db #0x04	; 4
   027F 04                  684 	.db #0x04	; 4
   0280 04                  685 	.db #0x04	; 4
   0281 04                  686 	.db #0x04	; 4
   0282 04                  687 	.db #0x04	; 4
   0283 04                  688 	.db #0x04	; 4
   0284 04                  689 	.db #0x04	; 4
   0285 04                  690 	.db #0x04	; 4
   0286 04                  691 	.db #0x04	; 4
   0287 04                  692 	.db #0x04	; 4
   0288 04                  693 	.db #0x04	; 4
   0289 0A                  694 	.db #0x0A	; 10
   028A 0B                  695 	.db #0x0B	; 11
   028B 0C                  696 	.db #0x0C	; 12
   028C 0D                  697 	.db #0x0D	; 13
   028D 0A                  698 	.db #0x0A	; 10
   028E 0B                  699 	.db #0x0B	; 11
   028F 0C                  700 	.db #0x0C	; 12
   0290 09                  701 	.db #0x09	; 9
   0291 09                  702 	.db #0x09	; 9
   0292 09                  703 	.db #0x09	; 9
   0293 09                  704 	.db #0x09	; 9
   0294 0E                  705 	.db #0x0E	; 14
   0295 09                  706 	.db #0x09	; 9
   0296 0B                  707 	.db #0x0B	; 11
   0297 0C                  708 	.db #0x0C	; 12
   0298 0D                  709 	.db #0x0D	; 13
   0299 0A                  710 	.db #0x0A	; 10
   029A 0B                  711 	.db #0x0B	; 11
   029B 0C                  712 	.db #0x0C	; 12
   029C 0D                  713 	.db #0x0D	; 13
   029D 00                  714 	.db #0x00	; 0
   029E 01                  715 	.db #0x01	; 1
   029F 00                  716 	.db #0x00	; 0
   02A0 01                  717 	.db #0x01	; 1
   02A1 00                  718 	.db #0x00	; 0
   02A2 01                  719 	.db #0x01	; 1
   02A3 00                  720 	.db #0x00	; 0
   02A4 01                  721 	.db #0x01	; 1
   02A5 00                  722 	.db #0x00	; 0
   02A6 01                  723 	.db #0x01	; 1
   02A7 00                  724 	.db #0x00	; 0
   02A8 04                  725 	.db #0x04	; 4
   02A9 04                  726 	.db #0x04	; 4
   02AA 04                  727 	.db #0x04	; 4
   02AB 04                  728 	.db #0x04	; 4
   02AC 04                  729 	.db #0x04	; 4
   02AD 04                  730 	.db #0x04	; 4
   02AE 04                  731 	.db #0x04	; 4
   02AF 04                  732 	.db #0x04	; 4
   02B0 04                  733 	.db #0x04	; 4
   02B1 0F                  734 	.db #0x0F	; 15
   02B2 10                  735 	.db #0x10	; 16
   02B3 11                  736 	.db #0x11	; 17
   02B4 12                  737 	.db #0x12	; 18
   02B5 0F                  738 	.db #0x0F	; 15
   02B6 10                  739 	.db #0x10	; 16
   02B7 11                  740 	.db #0x11	; 17
   02B8 09                  741 	.db #0x09	; 9
   02B9 09                  742 	.db #0x09	; 9
   02BA 0E                  743 	.db #0x0E	; 14
   02BB 09                  744 	.db #0x09	; 9
   02BC 0E                  745 	.db #0x0E	; 14
   02BD 09                  746 	.db #0x09	; 9
   02BE 10                  747 	.db #0x10	; 16
   02BF 11                  748 	.db #0x11	; 17
   02C0 12                  749 	.db #0x12	; 18
   02C1 0F                  750 	.db #0x0F	; 15
   02C2 10                  751 	.db #0x10	; 16
   02C3 11                  752 	.db #0x11	; 17
   02C4 12                  753 	.db #0x12	; 18
   02C5 05                  754 	.db #0x05	; 5
   02C6 06                  755 	.db #0x06	; 6
   02C7 05                  756 	.db #0x05	; 5
   02C8 06                  757 	.db #0x06	; 6
   02C9 05                  758 	.db #0x05	; 5
   02CA 06                  759 	.db #0x06	; 6
   02CB 05                  760 	.db #0x05	; 5
   02CC 06                  761 	.db #0x06	; 6
   02CD 05                  762 	.db #0x05	; 5
   02CE 06                  763 	.db #0x06	; 6
   02CF 05                  764 	.db #0x05	; 5
   02D0 04                  765 	.db #0x04	; 4
   02D1 04                  766 	.db #0x04	; 4
   02D2 04                  767 	.db #0x04	; 4
   02D3 04                  768 	.db #0x04	; 4
   02D4 04                  769 	.db #0x04	; 4
   02D5 04                  770 	.db #0x04	; 4
   02D6 04                  771 	.db #0x04	; 4
   02D7 04                  772 	.db #0x04	; 4
   02D8 04                  773 	.db #0x04	; 4
   02D9 0A                  774 	.db #0x0A	; 10
   02DA 0B                  775 	.db #0x0B	; 11
   02DB 0C                  776 	.db #0x0C	; 12
   02DC 0D                  777 	.db #0x0D	; 13
   02DD 0A                  778 	.db #0x0A	; 10
   02DE 0B                  779 	.db #0x0B	; 11
   02DF 0C                  780 	.db #0x0C	; 12
   02E0 09                  781 	.db #0x09	; 9
   02E1 09                  782 	.db #0x09	; 9
   02E2 09                  783 	.db #0x09	; 9
   02E3 09                  784 	.db #0x09	; 9
   02E4 09                  785 	.db #0x09	; 9
   02E5 09                  786 	.db #0x09	; 9
   02E6 0B                  787 	.db #0x0B	; 11
   02E7 0C                  788 	.db #0x0C	; 12
   02E8 0D                  789 	.db #0x0D	; 13
   02E9 0A                  790 	.db #0x0A	; 10
   02EA 0B                  791 	.db #0x0B	; 11
   02EB 0C                  792 	.db #0x0C	; 12
   02EC 0D                  793 	.db #0x0D	; 13
   02ED 0C                  794 	.db #0x0C	; 12
   02EE 0D                  795 	.db #0x0D	; 13
   02EF 0C                  796 	.db #0x0C	; 12
   02F0 0D                  797 	.db #0x0D	; 13
   02F1 0C                  798 	.db #0x0C	; 12
   02F2 0D                  799 	.db #0x0D	; 13
   02F3 0C                  800 	.db #0x0C	; 12
   02F4 0D                  801 	.db #0x0D	; 13
   02F5 0C                  802 	.db #0x0C	; 12
   02F6 0D                  803 	.db #0x0D	; 13
   02F7 0A                  804 	.db #0x0A	; 10
   02F8 04                  805 	.db #0x04	; 4
   02F9 04                  806 	.db #0x04	; 4
   02FA 04                  807 	.db #0x04	; 4
   02FB 04                  808 	.db #0x04	; 4
   02FC 04                  809 	.db #0x04	; 4
   02FD 04                  810 	.db #0x04	; 4
   02FE 04                  811 	.db #0x04	; 4
   02FF 04                  812 	.db #0x04	; 4
   0300 04                  813 	.db #0x04	; 4
   0301 0F                  814 	.db #0x0F	; 15
   0302 10                  815 	.db #0x10	; 16
   0303 11                  816 	.db #0x11	; 17
   0304 12                  817 	.db #0x12	; 18
   0305 0F                  818 	.db #0x0F	; 15
   0306 10                  819 	.db #0x10	; 16
   0307 11                  820 	.db #0x11	; 17
   0308 09                  821 	.db #0x09	; 9
   0309 09                  822 	.db #0x09	; 9
   030A 09                  823 	.db #0x09	; 9
   030B 0E                  824 	.db #0x0E	; 14
   030C 09                  825 	.db #0x09	; 9
   030D 09                  826 	.db #0x09	; 9
   030E 10                  827 	.db #0x10	; 16
   030F 11                  828 	.db #0x11	; 17
   0310 12                  829 	.db #0x12	; 18
   0311 0F                  830 	.db #0x0F	; 15
   0312 10                  831 	.db #0x10	; 16
   0313 11                  832 	.db #0x11	; 17
   0314 12                  833 	.db #0x12	; 18
   0315 11                  834 	.db #0x11	; 17
   0316 12                  835 	.db #0x12	; 18
   0317 11                  836 	.db #0x11	; 17
   0318 12                  837 	.db #0x12	; 18
   0319 11                  838 	.db #0x11	; 17
   031A 12                  839 	.db #0x12	; 18
   031B 11                  840 	.db #0x11	; 17
   031C 12                  841 	.db #0x12	; 18
   031D 11                  842 	.db #0x11	; 17
   031E 12                  843 	.db #0x12	; 18
   031F 0F                  844 	.db #0x0F	; 15
   0320 04                  845 	.db #0x04	; 4
   0321 04                  846 	.db #0x04	; 4
   0322 04                  847 	.db #0x04	; 4
   0323 04                  848 	.db #0x04	; 4
   0324 04                  849 	.db #0x04	; 4
   0325 04                  850 	.db #0x04	; 4
   0326 04                  851 	.db #0x04	; 4
   0327 04                  852 	.db #0x04	; 4
   0328 04                  853 	.db #0x04	; 4
   0329 0A                  854 	.db #0x0A	; 10
   032A 0B                  855 	.db #0x0B	; 11
   032B 0C                  856 	.db #0x0C	; 12
   032C 0D                  857 	.db #0x0D	; 13
   032D 0A                  858 	.db #0x0A	; 10
   032E 0B                  859 	.db #0x0B	; 11
   032F 0C                  860 	.db #0x0C	; 12
   0330 09                  861 	.db #0x09	; 9
   0331 0E                  862 	.db #0x0E	; 14
   0332 09                  863 	.db #0x09	; 9
   0333 09                  864 	.db #0x09	; 9
   0334 09                  865 	.db #0x09	; 9
   0335 09                  866 	.db #0x09	; 9
   0336 0B                  867 	.db #0x0B	; 11
   0337 0C                  868 	.db #0x0C	; 12
   0338 0D                  869 	.db #0x0D	; 13
   0339 0A                  870 	.db #0x0A	; 10
   033A 0B                  871 	.db #0x0B	; 11
   033B 0C                  872 	.db #0x0C	; 12
   033C 0D                  873 	.db #0x0D	; 13
   033D 0A                  874 	.db #0x0A	; 10
   033E 0B                  875 	.db #0x0B	; 11
   033F 0A                  876 	.db #0x0A	; 10
   0340 0B                  877 	.db #0x0B	; 11
   0341 0A                  878 	.db #0x0A	; 10
   0342 0B                  879 	.db #0x0B	; 11
   0343 0A                  880 	.db #0x0A	; 10
   0344 0B                  881 	.db #0x0B	; 11
   0345 0A                  882 	.db #0x0A	; 10
   0346 0B                  883 	.db #0x0B	; 11
   0347 0A                  884 	.db #0x0A	; 10
   0348 04                  885 	.db #0x04	; 4
   0349 04                  886 	.db #0x04	; 4
   034A 04                  887 	.db #0x04	; 4
   034B 04                  888 	.db #0x04	; 4
   034C 04                  889 	.db #0x04	; 4
   034D 04                  890 	.db #0x04	; 4
   034E 04                  891 	.db #0x04	; 4
   034F 04                  892 	.db #0x04	; 4
   0350 04                  893 	.db #0x04	; 4
   0351 0F                  894 	.db #0x0F	; 15
   0352 10                  895 	.db #0x10	; 16
   0353 11                  896 	.db #0x11	; 17
   0354 12                  897 	.db #0x12	; 18
   0355 0F                  898 	.db #0x0F	; 15
   0356 10                  899 	.db #0x10	; 16
   0357 11                  900 	.db #0x11	; 17
   0358 09                  901 	.db #0x09	; 9
   0359 0E                  902 	.db #0x0E	; 14
   035A 09                  903 	.db #0x09	; 9
   035B 09                  904 	.db #0x09	; 9
   035C 0E                  905 	.db #0x0E	; 14
   035D 09                  906 	.db #0x09	; 9
   035E 10                  907 	.db #0x10	; 16
   035F 11                  908 	.db #0x11	; 17
   0360 12                  909 	.db #0x12	; 18
   0361 0F                  910 	.db #0x0F	; 15
   0362 10                  911 	.db #0x10	; 16
   0363 11                  912 	.db #0x11	; 17
   0364 12                  913 	.db #0x12	; 18
   0365 0F                  914 	.db #0x0F	; 15
   0366 10                  915 	.db #0x10	; 16
   0367 0F                  916 	.db #0x0F	; 15
   0368 10                  917 	.db #0x10	; 16
   0369 0F                  918 	.db #0x0F	; 15
   036A 10                  919 	.db #0x10	; 16
   036B 0F                  920 	.db #0x0F	; 15
   036C 10                  921 	.db #0x10	; 16
   036D 0F                  922 	.db #0x0F	; 15
   036E 10                  923 	.db #0x10	; 16
   036F 0F                  924 	.db #0x0F	; 15
   0370 04                  925 	.db #0x04	; 4
   0371 04                  926 	.db #0x04	; 4
   0372 04                  927 	.db #0x04	; 4
   0373 04                  928 	.db #0x04	; 4
   0374 04                  929 	.db #0x04	; 4
   0375 04                  930 	.db #0x04	; 4
   0376 04                  931 	.db #0x04	; 4
   0377 04                  932 	.db #0x04	; 4
   0378 04                  933 	.db #0x04	; 4
   0379 04                  934 	.db #0x04	; 4
   037A 04                  935 	.db #0x04	; 4
   037B 04                  936 	.db #0x04	; 4
   037C 04                  937 	.db #0x04	; 4
   037D 04                  938 	.db #0x04	; 4
   037E 04                  939 	.db #0x04	; 4
   037F 04                  940 	.db #0x04	; 4
   0380 09                  941 	.db #0x09	; 9
   0381 09                  942 	.db #0x09	; 9
   0382 09                  943 	.db #0x09	; 9
   0383 09                  944 	.db #0x09	; 9
   0384 0E                  945 	.db #0x0E	; 14
   0385 09                  946 	.db #0x09	; 9
   0386 04                  947 	.db #0x04	; 4
   0387 04                  948 	.db #0x04	; 4
   0388 04                  949 	.db #0x04	; 4
   0389 04                  950 	.db #0x04	; 4
   038A 04                  951 	.db #0x04	; 4
   038B 04                  952 	.db #0x04	; 4
   038C 04                  953 	.db #0x04	; 4
   038D 04                  954 	.db #0x04	; 4
   038E 04                  955 	.db #0x04	; 4
   038F 04                  956 	.db #0x04	; 4
   0390 04                  957 	.db #0x04	; 4
   0391 04                  958 	.db #0x04	; 4
   0392 04                  959 	.db #0x04	; 4
   0393 04                  960 	.db #0x04	; 4
   0394 04                  961 	.db #0x04	; 4
   0395 04                  962 	.db #0x04	; 4
   0396 04                  963 	.db #0x04	; 4
   0397 04                  964 	.db #0x04	; 4
   0398 04                  965 	.db #0x04	; 4
   0399 04                  966 	.db #0x04	; 4
   039A 04                  967 	.db #0x04	; 4
   039B 04                  968 	.db #0x04	; 4
   039C 04                  969 	.db #0x04	; 4
   039D 04                  970 	.db #0x04	; 4
   039E 04                  971 	.db #0x04	; 4
   039F 04                  972 	.db #0x04	; 4
   03A0 04                  973 	.db #0x04	; 4
   03A1 04                  974 	.db #0x04	; 4
   03A2 04                  975 	.db #0x04	; 4
   03A3 04                  976 	.db #0x04	; 4
   03A4 04                  977 	.db #0x04	; 4
   03A5 04                  978 	.db #0x04	; 4
   03A6 04                  979 	.db #0x04	; 4
   03A7 04                  980 	.db #0x04	; 4
   03A8 09                  981 	.db #0x09	; 9
   03A9 0E                  982 	.db #0x0E	; 14
   03AA 09                  983 	.db #0x09	; 9
   03AB 09                  984 	.db #0x09	; 9
   03AC 09                  985 	.db #0x09	; 9
   03AD 09                  986 	.db #0x09	; 9
   03AE 04                  987 	.db #0x04	; 4
   03AF 04                  988 	.db #0x04	; 4
   03B0 04                  989 	.db #0x04	; 4
   03B1 04                  990 	.db #0x04	; 4
   03B2 04                  991 	.db #0x04	; 4
   03B3 04                  992 	.db #0x04	; 4
   03B4 04                  993 	.db #0x04	; 4
   03B5 04                  994 	.db #0x04	; 4
   03B6 04                  995 	.db #0x04	; 4
   03B7 04                  996 	.db #0x04	; 4
   03B8 04                  997 	.db #0x04	; 4
   03B9 04                  998 	.db #0x04	; 4
   03BA 04                  999 	.db #0x04	; 4
   03BB 04                 1000 	.db #0x04	; 4
   03BC 04                 1001 	.db #0x04	; 4
   03BD 04                 1002 	.db #0x04	; 4
   03BE 04                 1003 	.db #0x04	; 4
   03BF 04                 1004 	.db #0x04	; 4
   03C0 04                 1005 	.db #0x04	; 4
   03C1 04                 1006 	.db #0x04	; 4
   03C2 04                 1007 	.db #0x04	; 4
   03C3 04                 1008 	.db #0x04	; 4
   03C4 04                 1009 	.db #0x04	; 4
   03C5 04                 1010 	.db #0x04	; 4
   03C6 04                 1011 	.db #0x04	; 4
   03C7 04                 1012 	.db #0x04	; 4
   03C8 04                 1013 	.db #0x04	; 4
   03C9 04                 1014 	.db #0x04	; 4
   03CA 04                 1015 	.db #0x04	; 4
   03CB 04                 1016 	.db #0x04	; 4
   03CC 04                 1017 	.db #0x04	; 4
   03CD 04                 1018 	.db #0x04	; 4
   03CE 04                 1019 	.db #0x04	; 4
   03CF 04                 1020 	.db #0x04	; 4
   03D0 09                 1021 	.db #0x09	; 9
   03D1 09                 1022 	.db #0x09	; 9
   03D2 09                 1023 	.db #0x09	; 9
   03D3 09                 1024 	.db #0x09	; 9
   03D4 0E                 1025 	.db #0x0E	; 14
   03D5 09                 1026 	.db #0x09	; 9
   03D6 04                 1027 	.db #0x04	; 4
   03D7 04                 1028 	.db #0x04	; 4
   03D8 04                 1029 	.db #0x04	; 4
   03D9 04                 1030 	.db #0x04	; 4
   03DA 04                 1031 	.db #0x04	; 4
   03DB 04                 1032 	.db #0x04	; 4
   03DC 04                 1033 	.db #0x04	; 4
   03DD 04                 1034 	.db #0x04	; 4
   03DE 04                 1035 	.db #0x04	; 4
   03DF 04                 1036 	.db #0x04	; 4
   03E0 04                 1037 	.db #0x04	; 4
   03E1 04                 1038 	.db #0x04	; 4
   03E2 04                 1039 	.db #0x04	; 4
   03E3 04                 1040 	.db #0x04	; 4
   03E4 04                 1041 	.db #0x04	; 4
   03E5 04                 1042 	.db #0x04	; 4
   03E6 04                 1043 	.db #0x04	; 4
   03E7 04                 1044 	.db #0x04	; 4
   03E8 04                 1045 	.db #0x04	; 4
   03E9 04                 1046 	.db #0x04	; 4
   03EA 04                 1047 	.db #0x04	; 4
   03EB 04                 1048 	.db #0x04	; 4
   03EC 04                 1049 	.db #0x04	; 4
   03ED 04                 1050 	.db #0x04	; 4
   03EE 04                 1051 	.db #0x04	; 4
   03EF 04                 1052 	.db #0x04	; 4
   03F0 04                 1053 	.db #0x04	; 4
   03F1 04                 1054 	.db #0x04	; 4
   03F2 04                 1055 	.db #0x04	; 4
   03F3 04                 1056 	.db #0x04	; 4
   03F4 04                 1057 	.db #0x04	; 4
   03F5 04                 1058 	.db #0x04	; 4
   03F6 04                 1059 	.db #0x04	; 4
   03F7 04                 1060 	.db #0x04	; 4
   03F8 09                 1061 	.db #0x09	; 9
   03F9 09                 1062 	.db #0x09	; 9
   03FA 0E                 1063 	.db #0x0E	; 14
   03FB 09                 1064 	.db #0x09	; 9
   03FC 09                 1065 	.db #0x09	; 9
   03FD 09                 1066 	.db #0x09	; 9
   03FE 04                 1067 	.db #0x04	; 4
   03FF 04                 1068 	.db #0x04	; 4
   0400 04                 1069 	.db #0x04	; 4
   0401 04                 1070 	.db #0x04	; 4
   0402 04                 1071 	.db #0x04	; 4
   0403 04                 1072 	.db #0x04	; 4
   0404 04                 1073 	.db #0x04	; 4
   0405 04                 1074 	.db #0x04	; 4
   0406 04                 1075 	.db #0x04	; 4
   0407 04                 1076 	.db #0x04	; 4
   0408 04                 1077 	.db #0x04	; 4
   0409 04                 1078 	.db #0x04	; 4
   040A 04                 1079 	.db #0x04	; 4
   040B 04                 1080 	.db #0x04	; 4
   040C 04                 1081 	.db #0x04	; 4
   040D 04                 1082 	.db #0x04	; 4
   040E 04                 1083 	.db #0x04	; 4
   040F 04                 1084 	.db #0x04	; 4
   0410 04                 1085 	.db #0x04	; 4
   0411 04                 1086 	.db #0x04	; 4
   0412 04                 1087 	.db #0x04	; 4
   0413 04                 1088 	.db #0x04	; 4
   0414 04                 1089 	.db #0x04	; 4
   0415 04                 1090 	.db #0x04	; 4
   0416 04                 1091 	.db #0x04	; 4
   0417 04                 1092 	.db #0x04	; 4
   0418 04                 1093 	.db #0x04	; 4
   0419 04                 1094 	.db #0x04	; 4
   041A 04                 1095 	.db #0x04	; 4
   041B 04                 1096 	.db #0x04	; 4
   041C 04                 1097 	.db #0x04	; 4
   041D 04                 1098 	.db #0x04	; 4
   041E 04                 1099 	.db #0x04	; 4
   041F 04                 1100 	.db #0x04	; 4
   0420 09                 1101 	.db #0x09	; 9
   0421 09                 1102 	.db #0x09	; 9
   0422 0E                 1103 	.db #0x0E	; 14
   0423 09                 1104 	.db #0x09	; 9
   0424 09                 1105 	.db #0x09	; 9
   0425 0E                 1106 	.db #0x0E	; 14
   0426 04                 1107 	.db #0x04	; 4
   0427 04                 1108 	.db #0x04	; 4
   0428 04                 1109 	.db #0x04	; 4
   0429 04                 1110 	.db #0x04	; 4
   042A 04                 1111 	.db #0x04	; 4
   042B 04                 1112 	.db #0x04	; 4
   042C 04                 1113 	.db #0x04	; 4
   042D 04                 1114 	.db #0x04	; 4
   042E 04                 1115 	.db #0x04	; 4
   042F 04                 1116 	.db #0x04	; 4
   0430 04                 1117 	.db #0x04	; 4
   0431 04                 1118 	.db #0x04	; 4
   0432 04                 1119 	.db #0x04	; 4
   0433 04                 1120 	.db #0x04	; 4
   0434 04                 1121 	.db #0x04	; 4
   0435 04                 1122 	.db #0x04	; 4
   0436 04                 1123 	.db #0x04	; 4
   0437 04                 1124 	.db #0x04	; 4
   0438 04                 1125 	.db #0x04	; 4
   0439 04                 1126 	.db #0x04	; 4
   043A 04                 1127 	.db #0x04	; 4
   043B 04                 1128 	.db #0x04	; 4
   043C 04                 1129 	.db #0x04	; 4
   043D 04                 1130 	.db #0x04	; 4
   043E 04                 1131 	.db #0x04	; 4
   043F 04                 1132 	.db #0x04	; 4
   0440 04                 1133 	.db #0x04	; 4
   0441 04                 1134 	.db #0x04	; 4
   0442 04                 1135 	.db #0x04	; 4
   0443 04                 1136 	.db #0x04	; 4
   0444 04                 1137 	.db #0x04	; 4
   0445 04                 1138 	.db #0x04	; 4
   0446 04                 1139 	.db #0x04	; 4
   0447 04                 1140 	.db #0x04	; 4
   0448 09                 1141 	.db #0x09	; 9
   0449 09                 1142 	.db #0x09	; 9
   044A 09                 1143 	.db #0x09	; 9
   044B 0E                 1144 	.db #0x0E	; 14
   044C 09                 1145 	.db #0x09	; 9
   044D 09                 1146 	.db #0x09	; 9
   044E 04                 1147 	.db #0x04	; 4
   044F 04                 1148 	.db #0x04	; 4
   0450 04                 1149 	.db #0x04	; 4
   0451 04                 1150 	.db #0x04	; 4
   0452 04                 1151 	.db #0x04	; 4
   0453 04                 1152 	.db #0x04	; 4
   0454 04                 1153 	.db #0x04	; 4
   0455 04                 1154 	.db #0x04	; 4
   0456 04                 1155 	.db #0x04	; 4
   0457 04                 1156 	.db #0x04	; 4
   0458 04                 1157 	.db #0x04	; 4
   0459 04                 1158 	.db #0x04	; 4
   045A 04                 1159 	.db #0x04	; 4
   045B 04                 1160 	.db #0x04	; 4
   045C 04                 1161 	.db #0x04	; 4
   045D 04                 1162 	.db #0x04	; 4
   045E 04                 1163 	.db #0x04	; 4
   045F 04                 1164 	.db #0x04	; 4
   0460 04                 1165 	.db #0x04	; 4
   0461 04                 1166 	.db #0x04	; 4
   0462 04                 1167 	.db #0x04	; 4
   0463 04                 1168 	.db #0x04	; 4
   0464 04                 1169 	.db #0x04	; 4
   0465 04                 1170 	.db #0x04	; 4
   0466 04                 1171 	.db #0x04	; 4
   0467 04                 1172 	.db #0x04	; 4
   0468 04                 1173 	.db #0x04	; 4
   0469 04                 1174 	.db #0x04	; 4
   046A 04                 1175 	.db #0x04	; 4
   046B 04                 1176 	.db #0x04	; 4
   046C 04                 1177 	.db #0x04	; 4
   046D 04                 1178 	.db #0x04	; 4
   046E 04                 1179 	.db #0x04	; 4
   046F 04                 1180 	.db #0x04	; 4
   0470 09                 1181 	.db #0x09	; 9
   0471 0E                 1182 	.db #0x0E	; 14
   0472 09                 1183 	.db #0x09	; 9
   0473 09                 1184 	.db #0x09	; 9
   0474 09                 1185 	.db #0x09	; 9
   0475 09                 1186 	.db #0x09	; 9
   0476 04                 1187 	.db #0x04	; 4
   0477 04                 1188 	.db #0x04	; 4
   0478 04                 1189 	.db #0x04	; 4
   0479 04                 1190 	.db #0x04	; 4
   047A 04                 1191 	.db #0x04	; 4
   047B 04                 1192 	.db #0x04	; 4
   047C 04                 1193 	.db #0x04	; 4
   047D 04                 1194 	.db #0x04	; 4
   047E 04                 1195 	.db #0x04	; 4
   047F 04                 1196 	.db #0x04	; 4
   0480 04                 1197 	.db #0x04	; 4
   0481 04                 1198 	.db #0x04	; 4
   0482 04                 1199 	.db #0x04	; 4
   0483 04                 1200 	.db #0x04	; 4
   0484 04                 1201 	.db #0x04	; 4
   0485 04                 1202 	.db #0x04	; 4
   0486 04                 1203 	.db #0x04	; 4
   0487 04                 1204 	.db #0x04	; 4
   0488 00                 1205 	.db #0x00	; 0
   0489 01                 1206 	.db #0x01	; 1
   048A 02                 1207 	.db #0x02	; 2
   048B 03                 1208 	.db #0x03	; 3
   048C 00                 1209 	.db #0x00	; 0
   048D 01                 1210 	.db #0x01	; 1
   048E 02                 1211 	.db #0x02	; 2
   048F 03                 1212 	.db #0x03	; 3
   0490 00                 1213 	.db #0x00	; 0
   0491 01                 1214 	.db #0x01	; 1
   0492 02                 1215 	.db #0x02	; 2
   0493 03                 1216 	.db #0x03	; 3
   0494 00                 1217 	.db #0x00	; 0
   0495 01                 1218 	.db #0x01	; 1
   0496 02                 1219 	.db #0x02	; 2
   0497 03                 1220 	.db #0x03	; 3
   0498 00                 1221 	.db #0x00	; 0
   0499 01                 1222 	.db #0x01	; 1
   049A 02                 1223 	.db #0x02	; 2
   049B 03                 1224 	.db #0x03	; 3
   049C 00                 1225 	.db #0x00	; 0
   049D 01                 1226 	.db #0x01	; 1
   049E 02                 1227 	.db #0x02	; 2
   049F 03                 1228 	.db #0x03	; 3
   04A0 00                 1229 	.db #0x00	; 0
   04A1 01                 1230 	.db #0x01	; 1
   04A2 02                 1231 	.db #0x02	; 2
   04A3 03                 1232 	.db #0x03	; 3
   04A4 00                 1233 	.db #0x00	; 0
   04A5 01                 1234 	.db #0x01	; 1
   04A6 02                 1235 	.db #0x02	; 2
   04A7 03                 1236 	.db #0x03	; 3
   04A8 00                 1237 	.db #0x00	; 0
   04A9 01                 1238 	.db #0x01	; 1
   04AA 02                 1239 	.db #0x02	; 2
   04AB 03                 1240 	.db #0x03	; 3
   04AC 00                 1241 	.db #0x00	; 0
   04AD 01                 1242 	.db #0x01	; 1
   04AE 02                 1243 	.db #0x02	; 2
   04AF 03                 1244 	.db #0x03	; 3
   04B0 05                 1245 	.db #0x05	; 5
   04B1 06                 1246 	.db #0x06	; 6
   04B2 07                 1247 	.db #0x07	; 7
   04B3 08                 1248 	.db #0x08	; 8
   04B4 05                 1249 	.db #0x05	; 5
   04B5 06                 1250 	.db #0x06	; 6
   04B6 07                 1251 	.db #0x07	; 7
   04B7 08                 1252 	.db #0x08	; 8
   04B8 05                 1253 	.db #0x05	; 5
   04B9 06                 1254 	.db #0x06	; 6
   04BA 07                 1255 	.db #0x07	; 7
   04BB 08                 1256 	.db #0x08	; 8
   04BC 05                 1257 	.db #0x05	; 5
   04BD 06                 1258 	.db #0x06	; 6
   04BE 07                 1259 	.db #0x07	; 7
   04BF 08                 1260 	.db #0x08	; 8
   04C0 09                 1261 	.db #0x09	; 9
   04C1 0E                 1262 	.db #0x0E	; 14
   04C2 09                 1263 	.db #0x09	; 9
   04C3 0E                 1264 	.db #0x0E	; 14
   04C4 09                 1265 	.db #0x09	; 9
   04C5 0E                 1266 	.db #0x0E	; 14
   04C6 09                 1267 	.db #0x09	; 9
   04C7 0E                 1268 	.db #0x0E	; 14
   04C8 0E                 1269 	.db #0x0E	; 14
   04C9 0E                 1270 	.db #0x0E	; 14
   04CA 09                 1271 	.db #0x09	; 9
   04CB 0E                 1272 	.db #0x0E	; 14
   04CC 0E                 1273 	.db #0x0E	; 14
   04CD 09                 1274 	.db #0x09	; 9
   04CE 09                 1275 	.db #0x09	; 9
   04CF 09                 1276 	.db #0x09	; 9
   04D0 0E                 1277 	.db #0x0E	; 14
   04D1 0E                 1278 	.db #0x0E	; 14
   04D2 0E                 1279 	.db #0x0E	; 14
   04D3 0E                 1280 	.db #0x0E	; 14
   04D4 0E                 1281 	.db #0x0E	; 14
   04D5 09                 1282 	.db #0x09	; 9
   04D6 0E                 1283 	.db #0x0E	; 14
   04D7 0E                 1284 	.db #0x0E	; 14
   04D8 0A                 1285 	.db #0x0A	; 10
   04D9 0B                 1286 	.db #0x0B	; 11
   04DA 0C                 1287 	.db #0x0C	; 12
   04DB 0D                 1288 	.db #0x0D	; 13
   04DC 0A                 1289 	.db #0x0A	; 10
   04DD 0B                 1290 	.db #0x0B	; 11
   04DE 0C                 1291 	.db #0x0C	; 12
   04DF 0D                 1292 	.db #0x0D	; 13
   04E0 0A                 1293 	.db #0x0A	; 10
   04E1 0B                 1294 	.db #0x0B	; 11
   04E2 0C                 1295 	.db #0x0C	; 12
   04E3 0D                 1296 	.db #0x0D	; 13
   04E4 0A                 1297 	.db #0x0A	; 10
   04E5 0B                 1298 	.db #0x0B	; 11
   04E6 0C                 1299 	.db #0x0C	; 12
   04E7 0D                 1300 	.db #0x0D	; 13
   04E8 0E                 1301 	.db #0x0E	; 14
   04E9 09                 1302 	.db #0x09	; 9
   04EA 09                 1303 	.db #0x09	; 9
   04EB 09                 1304 	.db #0x09	; 9
   04EC 09                 1305 	.db #0x09	; 9
   04ED 0E                 1306 	.db #0x0E	; 14
   04EE 0E                 1307 	.db #0x0E	; 14
   04EF 09                 1308 	.db #0x09	; 9
   04F0 0E                 1309 	.db #0x0E	; 14
   04F1 0E                 1310 	.db #0x0E	; 14
   04F2 0E                 1311 	.db #0x0E	; 14
   04F3 0E                 1312 	.db #0x0E	; 14
   04F4 0E                 1313 	.db #0x0E	; 14
   04F5 0E                 1314 	.db #0x0E	; 14
   04F6 0E                 1315 	.db #0x0E	; 14
   04F7 0E                 1316 	.db #0x0E	; 14
   04F8 0E                 1317 	.db #0x0E	; 14
   04F9 0E                 1318 	.db #0x0E	; 14
   04FA 09                 1319 	.db #0x09	; 9
   04FB 0E                 1320 	.db #0x0E	; 14
   04FC 0E                 1321 	.db #0x0E	; 14
   04FD 0E                 1322 	.db #0x0E	; 14
   04FE 0E                 1323 	.db #0x0E	; 14
   04FF 0E                 1324 	.db #0x0E	; 14
   0500 0F                 1325 	.db #0x0F	; 15
   0501 10                 1326 	.db #0x10	; 16
   0502 11                 1327 	.db #0x11	; 17
   0503 12                 1328 	.db #0x12	; 18
   0504 0F                 1329 	.db #0x0F	; 15
   0505 10                 1330 	.db #0x10	; 16
   0506 11                 1331 	.db #0x11	; 17
   0507 12                 1332 	.db #0x12	; 18
   0508 0F                 1333 	.db #0x0F	; 15
   0509 10                 1334 	.db #0x10	; 16
   050A 11                 1335 	.db #0x11	; 17
   050B 12                 1336 	.db #0x12	; 18
   050C 0F                 1337 	.db #0x0F	; 15
   050D 10                 1338 	.db #0x10	; 16
   050E 11                 1339 	.db #0x11	; 17
   050F 12                 1340 	.db #0x12	; 18
   0510 09                 1341 	.db #0x09	; 9
   0511 0E                 1342 	.db #0x0E	; 14
   0512 09                 1343 	.db #0x09	; 9
   0513 0E                 1344 	.db #0x0E	; 14
   0514 0E                 1345 	.db #0x0E	; 14
   0515 09                 1346 	.db #0x09	; 9
   0516 0E                 1347 	.db #0x0E	; 14
   0517 0E                 1348 	.db #0x0E	; 14
   0518 0E                 1349 	.db #0x0E	; 14
   0519 0E                 1350 	.db #0x0E	; 14
   051A 09                 1351 	.db #0x09	; 9
   051B 09                 1352 	.db #0x09	; 9
   051C 0E                 1353 	.db #0x0E	; 14
   051D 0E                 1354 	.db #0x0E	; 14
   051E 0E                 1355 	.db #0x0E	; 14
   051F 09                 1356 	.db #0x09	; 9
   0520 0E                 1357 	.db #0x0E	; 14
   0521 0E                 1358 	.db #0x0E	; 14
   0522 0E                 1359 	.db #0x0E	; 14
   0523 0E                 1360 	.db #0x0E	; 14
   0524 0E                 1361 	.db #0x0E	; 14
   0525 09                 1362 	.db #0x09	; 9
   0526 09                 1363 	.db #0x09	; 9
   0527 0E                 1364 	.db #0x0E	; 14
                           1365 	.area _INITIALIZER
                           1366 	.area _CABS (ABS)
