                              1 ;--------------------------------------------------------
                              2 ; File Created by SDCC : free open source ANSI-C Compiler
                              3 ; Version 3.5.5 #9498 (Linux)
                              4 ;--------------------------------------------------------
                              5 	.module tiles
                              6 	.optsdcc -mz80
                              7 	
                              8 ;--------------------------------------------------------
                              9 ; Public variables in this module
                             10 ;--------------------------------------------------------
                             11 	.globl _g_tiles_19
                             12 	.globl _g_tiles_18
                             13 	.globl _g_tiles_17
                             14 	.globl _g_tiles_16
                             15 	.globl _g_tiles_15
                             16 	.globl _g_tiles_14
                             17 	.globl _g_tiles_13
                             18 	.globl _g_tiles_12
                             19 	.globl _g_tiles_11
                             20 	.globl _g_tiles_10
                             21 	.globl _g_tiles_09
                             22 	.globl _g_tiles_08
                             23 	.globl _g_tiles_07
                             24 	.globl _g_tiles_06
                             25 	.globl _g_tiles_05
                             26 	.globl _g_tiles_04
                             27 	.globl _g_tiles_03
                             28 	.globl _g_tiles_02
                             29 	.globl _g_tiles_01
                             30 	.globl _g_tiles_00
                             31 	.globl _g_tileset
                             32 	.globl _g_palette
                             33 ;--------------------------------------------------------
                             34 ; special function registers
                             35 ;--------------------------------------------------------
                             36 ;--------------------------------------------------------
                             37 ; ram data
                             38 ;--------------------------------------------------------
                             39 	.area _DATA
                             40 ;--------------------------------------------------------
                             41 ; ram data
                             42 ;--------------------------------------------------------
                             43 	.area _INITIALIZED
                             44 ;--------------------------------------------------------
                             45 ; absolute external ram data
                             46 ;--------------------------------------------------------
                             47 	.area _DABS (ABS)
                             48 ;--------------------------------------------------------
                             49 ; global & static initialisations
                             50 ;--------------------------------------------------------
                             51 	.area _HOME
                             52 	.area _GSINIT
                             53 	.area _GSFINAL
                             54 	.area _GSINIT
                             55 ;--------------------------------------------------------
                             56 ; Home
                             57 ;--------------------------------------------------------
                             58 	.area _HOME
                             59 	.area _HOME
                             60 ;--------------------------------------------------------
                             61 ; code
                             62 ;--------------------------------------------------------
                             63 	.area _CODE
                             64 	.area _CODE
   0000                      65 _g_palette:
   0000 54                   66 	.db #0x54	; 84	'T'
   0001 44                   67 	.db #0x44	; 68	'D'
   0002 55                   68 	.db #0x55	; 85	'U'
   0003 5C                   69 	.db #0x5C	; 92
   0004 4C                   70 	.db #0x4C	; 76	'L'
   0005 56                   71 	.db #0x56	; 86	'V'
   0006 57                   72 	.db #0x57	; 87	'W'
   0007 5E                   73 	.db #0x5E	; 94
   0008 40                   74 	.db #0x40	; 64
   0009 4E                   75 	.db #0x4E	; 78	'N'
   000A 47                   76 	.db #0x47	; 71	'G'
   000B 52                   77 	.db #0x52	; 82	'R'
   000C 53                   78 	.db #0x53	; 83	'S'
   000D 4A                   79 	.db #0x4A	; 74	'J'
   000E 43                   80 	.db #0x43	; 67	'C'
   000F 4B                   81 	.db #0x4B	; 75	'K'
   0010                      82 _g_tileset:
   0010r38r00                83 	.dw _g_tiles_00
   0012r40r00                84 	.dw _g_tiles_01
   0014r48r00                85 	.dw _g_tiles_02
   0016r50r00                86 	.dw _g_tiles_03
   0018r58r00                87 	.dw _g_tiles_04
   001Ar60r00                88 	.dw _g_tiles_05
   001Cr68r00                89 	.dw _g_tiles_06
   001Er70r00                90 	.dw _g_tiles_07
   0020r78r00                91 	.dw _g_tiles_08
   0022r80r00                92 	.dw _g_tiles_09
   0024r88r00                93 	.dw _g_tiles_10
   0026r90r00                94 	.dw _g_tiles_11
   0028r98r00                95 	.dw _g_tiles_12
   002ArA0r00                96 	.dw _g_tiles_13
   002CrA8r00                97 	.dw _g_tiles_14
   002ErB0r00                98 	.dw _g_tiles_15
   0030rB8r00                99 	.dw _g_tiles_16
   0032rC0r00               100 	.dw _g_tiles_17
   0034rC8r00               101 	.dw _g_tiles_18
   0036rD0r00               102 	.dw _g_tiles_19
   0038                     103 _g_tiles_00:
   0038 F0                  104 	.db #0xF0	; 240
   0039 F0                  105 	.db #0xF0	; 240
   003A F0                  106 	.db #0xF0	; 240
   003B F0                  107 	.db #0xF0	; 240
   003C F0                  108 	.db #0xF0	; 240
   003D F0                  109 	.db #0xF0	; 240
   003E F0                  110 	.db #0xF0	; 240
   003F F0                  111 	.db #0xF0	; 240
   0040                     112 _g_tiles_01:
   0040 F0                  113 	.db #0xF0	; 240
   0041 F0                  114 	.db #0xF0	; 240
   0042 F0                  115 	.db #0xF0	; 240
   0043 F0                  116 	.db #0xF0	; 240
   0044 F0                  117 	.db #0xF0	; 240
   0045 F0                  118 	.db #0xF0	; 240
   0046 F0                  119 	.db #0xF0	; 240
   0047 F0                  120 	.db #0xF0	; 240
   0048                     121 _g_tiles_02:
   0048 F0                  122 	.db #0xF0	; 240
   0049 F0                  123 	.db #0xF0	; 240
   004A F0                  124 	.db #0xF0	; 240
   004B F0                  125 	.db #0xF0	; 240
   004C F0                  126 	.db #0xF0	; 240
   004D F0                  127 	.db #0xF0	; 240
   004E F0                  128 	.db #0xF0	; 240
   004F F0                  129 	.db #0xF0	; 240
   0050                     130 _g_tiles_03:
   0050 F0                  131 	.db #0xF0	; 240
   0051 F0                  132 	.db #0xF0	; 240
   0052 F0                  133 	.db #0xF0	; 240
   0053 F0                  134 	.db #0xF0	; 240
   0054 F0                  135 	.db #0xF0	; 240
   0055 F0                  136 	.db #0xF0	; 240
   0056 F0                  137 	.db #0xF0	; 240
   0057 F0                  138 	.db #0xF0	; 240
   0058                     139 _g_tiles_04:
   0058 3C                  140 	.db #0x3C	; 60
   0059 3C                  141 	.db #0x3C	; 60
   005A 3C                  142 	.db #0x3C	; 60
   005B 3C                  143 	.db #0x3C	; 60
   005C 3C                  144 	.db #0x3C	; 60
   005D 3C                  145 	.db #0x3C	; 60
   005E 3C                  146 	.db #0x3C	; 60
   005F 3C                  147 	.db #0x3C	; 60
   0060                     148 _g_tiles_05:
   0060 F0                  149 	.db #0xF0	; 240
   0061 F0                  150 	.db #0xF0	; 240
   0062 F0                  151 	.db #0xF0	; 240
   0063 F0                  152 	.db #0xF0	; 240
   0064 CC                  153 	.db #0xCC	; 204
   0065 F0                  154 	.db #0xF0	; 240
   0066 CC                  155 	.db #0xCC	; 204
   0067 D8                  156 	.db #0xD8	; 216
   0068                     157 _g_tiles_06:
   0068 F0                  158 	.db #0xF0	; 240
   0069 F0                  159 	.db #0xF0	; 240
   006A F0                  160 	.db #0xF0	; 240
   006B F0                  161 	.db #0xF0	; 240
   006C F0                  162 	.db #0xF0	; 240
   006D F0                  163 	.db #0xF0	; 240
   006E 52                  164 	.db #0x52	; 82	'R'
   006F E4                  165 	.db #0xE4	; 228
   0070                     166 _g_tiles_07:
   0070 F0                  167 	.db #0xF0	; 240
   0071 F0                  168 	.db #0xF0	; 240
   0072 D8                  169 	.db #0xD8	; 216
   0073 F0                  170 	.db #0xF0	; 240
   0074 CC                  171 	.db #0xCC	; 204
   0075 F0                  172 	.db #0xF0	; 240
   0076 56                  173 	.db #0x56	; 86	'V'
   0077 E4                  174 	.db #0xE4	; 228
   0078                     175 _g_tiles_08:
   0078 F0                  176 	.db #0xF0	; 240
   0079 F0                  177 	.db #0xF0	; 240
   007A F0                  178 	.db #0xF0	; 240
   007B E4                  179 	.db #0xE4	; 228
   007C F8                  180 	.db #0xF8	; 248
   007D CC                  181 	.db #0xCC	; 204
   007E 03                  182 	.db #0x03	; 3
   007F CC                  183 	.db #0xCC	; 204
   0080                     184 _g_tiles_09:
   0080 0C                  185 	.db #0x0C	; 12
   0081 0C                  186 	.db #0x0C	; 12
   0082 0C                  187 	.db #0x0C	; 12
   0083 0C                  188 	.db #0x0C	; 12
   0084 0C                  189 	.db #0x0C	; 12
   0085 0C                  190 	.db #0x0C	; 12
   0086 0C                  191 	.db #0x0C	; 12
   0087 0C                  192 	.db #0x0C	; 12
   0088                     193 _g_tiles_10:
   0088 CC                  194 	.db #0xCC	; 204
   0089 CC                  195 	.db #0xCC	; 204
   008A CC                  196 	.db #0xCC	; 204
   008B FC                  197 	.db #0xFC	; 252
   008C CC                  198 	.db #0xCC	; 204
   008D FC                  199 	.db #0xFC	; 252
   008E CC                  200 	.db #0xCC	; 204
   008F FC                  201 	.db #0xFC	; 252
   0090                     202 _g_tiles_11:
   0090 CC                  203 	.db #0xCC	; 204
   0091 89                  204 	.db #0x89	; 137
   0092 CC                  205 	.db #0xCC	; 204
   0093 CC                  206 	.db #0xCC	; 204
   0094 A9                  207 	.db #0xA9	; 169
   0095 CC                  208 	.db #0xCC	; 204
   0096 FC                  209 	.db #0xFC	; 252
   0097 46                  210 	.db #0x46	; 70	'F'
   0098                     211 _g_tiles_12:
   0098 FC                  212 	.db #0xFC	; 252
   0099 CC                  213 	.db #0xCC	; 204
   009A CC                  214 	.db #0xCC	; 204
   009B CC                  215 	.db #0xCC	; 204
   009C CC                  216 	.db #0xCC	; 204
   009D 56                  217 	.db #0x56	; 86	'V'
   009E CC                  218 	.db #0xCC	; 204
   009F FC                  219 	.db #0xFC	; 252
   00A0                     220 _g_tiles_13:
   00A0 CC                  221 	.db #0xCC	; 204
   00A1 CC                  222 	.db #0xCC	; 204
   00A2 CC                  223 	.db #0xCC	; 204
   00A3 CC                  224 	.db #0xCC	; 204
   00A4 46                  225 	.db #0x46	; 70	'F'
   00A5 CC                  226 	.db #0xCC	; 204
   00A6 EC                  227 	.db #0xEC	; 236
   00A7 CC                  228 	.db #0xCC	; 204
   00A8                     229 _g_tiles_14:
   00A8 C0                  230 	.db #0xC0	; 192
   00A9 C0                  231 	.db #0xC0	; 192
   00AA C0                  232 	.db #0xC0	; 192
   00AB C0                  233 	.db #0xC0	; 192
   00AC C0                  234 	.db #0xC0	; 192
   00AD C0                  235 	.db #0xC0	; 192
   00AE C0                  236 	.db #0xC0	; 192
   00AF C0                  237 	.db #0xC0	; 192
   00B0                     238 _g_tiles_15:
   00B0 CC                  239 	.db #0xCC	; 204
   00B1 56                  240 	.db #0x56	; 86	'V'
   00B2 CC                  241 	.db #0xCC	; 204
   00B3 CC                  242 	.db #0xCC	; 204
   00B4 CC                  243 	.db #0xCC	; 204
   00B5 CC                  244 	.db #0xCC	; 204
   00B6 CC                  245 	.db #0xCC	; 204
   00B7 CC                  246 	.db #0xCC	; 204
   00B8                     247 _g_tiles_16:
   00B8 FC                  248 	.db #0xFC	; 252
   00B9 EC                  249 	.db #0xEC	; 236
   00BA 56                  250 	.db #0x56	; 86	'V'
   00BB 46                  251 	.db #0x46	; 70	'F'
   00BC CC                  252 	.db #0xCC	; 204
   00BD CC                  253 	.db #0xCC	; 204
   00BE CC                  254 	.db #0xCC	; 204
   00BF CC                  255 	.db #0xCC	; 204
   00C0                     256 _g_tiles_17:
   00C0 89                  257 	.db #0x89	; 137
   00C1 FC                  258 	.db #0xFC	; 252
   00C2 CC                  259 	.db #0xCC	; 204
   00C3 56                  260 	.db #0x56	; 86	'V'
   00C4 CC                  261 	.db #0xCC	; 204
   00C5 89                  262 	.db #0x89	; 137
   00C6 CC                  263 	.db #0xCC	; 204
   00C7 CC                  264 	.db #0xCC	; 204
   00C8                     265 _g_tiles_18:
   00C8 A9                  266 	.db #0xA9	; 169
   00C9 CC                  267 	.db #0xCC	; 204
   00CA FC                  268 	.db #0xFC	; 252
   00CB CC                  269 	.db #0xCC	; 204
   00CC FC                  270 	.db #0xFC	; 252
   00CD CC                  271 	.db #0xCC	; 204
   00CE CC                  272 	.db #0xCC	; 204
   00CF CC                  273 	.db #0xCC	; 204
   00D0                     274 _g_tiles_19:
   00D0 00                  275 	.db #0x00	; 0
   00D1 00                  276 	.db #0x00	; 0
   00D2 00                  277 	.db #0x00	; 0
   00D3 00                  278 	.db #0x00	; 0
   00D4 00                  279 	.db #0x00	; 0
   00D5 00                  280 	.db #0x00	; 0
   00D6 00                  281 	.db #0x00	; 0
   00D7 00                  282 	.db #0x00	; 0
                            283 	.area _INITIALIZER
                            284 	.area _CABS (ABS)
