                              1 ;--------------------------------------------------------
                              2 ; File Created by SDCC : free open source ANSI-C Compiler
                              3 ; Version 3.6.8 #9946 (Linux)
                              4 ;--------------------------------------------------------
                              5 	.module palette
                              6 	.optsdcc -mz80
                              7 	
                              8 ;--------------------------------------------------------
                              9 ; Public variables in this module
                             10 ;--------------------------------------------------------
                             11 	.globl _palette
                             12 ;--------------------------------------------------------
                             13 ; special function registers
                             14 ;--------------------------------------------------------
                             15 ;--------------------------------------------------------
                             16 ; ram data
                             17 ;--------------------------------------------------------
                             18 	.area _DATA
                             19 ;--------------------------------------------------------
                             20 ; ram data
                             21 ;--------------------------------------------------------
                             22 	.area _INITIALIZED
                             23 ;--------------------------------------------------------
                             24 ; absolute external ram data
                             25 ;--------------------------------------------------------
                             26 	.area _DABS (ABS)
                             27 ;--------------------------------------------------------
                             28 ; global & static initialisations
                             29 ;--------------------------------------------------------
                             30 	.area _HOME
                             31 	.area _GSINIT
                             32 	.area _GSFINAL
                             33 	.area _GSINIT
                             34 ;--------------------------------------------------------
                             35 ; Home
                             36 ;--------------------------------------------------------
                             37 	.area _HOME
                             38 	.area _HOME
                             39 ;--------------------------------------------------------
                             40 ; code
                             41 ;--------------------------------------------------------
                             42 	.area _CODE
                             43 	.area _CODE
   0000                      44 _palette:
   0000 14                   45 	.db #0x14	; 20
   0001 04                   46 	.db #0x04	; 4
   0002 15                   47 	.db #0x15	; 21
   0003 1C                   48 	.db #0x1c	; 28
   0004 0C                   49 	.db #0x0c	; 12
   0005 16                   50 	.db #0x16	; 22
   0006 17                   51 	.db #0x17	; 23
   0007 1E                   52 	.db #0x1e	; 30
   0008 00                   53 	.db #0x00	; 0
   0009 0E                   54 	.db #0x0e	; 14
   000A 07                   55 	.db #0x07	; 7
   000B 12                   56 	.db #0x12	; 18
   000C 13                   57 	.db #0x13	; 19
   000D 0A                   58 	.db #0x0a	; 10
   000E 03                   59 	.db #0x03	; 3
   000F 0B                   60 	.db #0x0b	; 11
                             61 	.area _INITIALIZER
                             62 	.area _CABS (ABS)
