ASxxxx Assembler V02.00 + NoICE + SDCC mods  (Zilog Z80 / Hitachi HD64180), page 1.
Hexadecimal [16-Bits]



                              1 ;; File src/Start_2px_pack.s generated using cpct_pack
                              2 ;; Compresor used: zx7b
                              3 ;; Files compressed: [ src/Start_2px.bin src/tiles.bin ]
                              4 ;; Uncompressed:     126528 bytes
                              5 ;; Compressed:       2391 bytes
                              6 ;; Space saved:      124137 bytes
                              7 ;;
                              8 ;; Data array definition
   0000                       9 _Start_2px_pack::
   0000 AC AA 0F 8B 0F 6E    10    .db  0xac, 0xaa, 0x0f, 0x8b, 0x0f, 0x6e, 0x4f, 0x51, 0x1f, 0xa9, 0x10, 0x81, 0x07, 0x40, 0x41, 0x2b
        4F 51 1F A9 10 81
        07 40 41 2B
   0010 42 43 44 45 46 47    11    .db  0x42, 0x43, 0x44, 0x45, 0x46, 0x47, 0x48, 0x49, 0x00, 0x4a, 0x4b, 0x4c, 0x4d, 0x4e, 0x4f, 0x2e
        48 49 00 4A 4B 4C
        4D 4E 4F 2E
   0020 C0 5B 3F 42 10 52    12    .db  0xc0, 0x5b, 0x3f, 0x42, 0x10, 0x52, 0x25, 0x1f, 0x98, 0x10, 0x18, 0x07, 0xb8, 0x10, 0x11, 0x12
        25 1F 98 10 18 07
        B8 10 11 12
   0030 13 14 15 02 16 17    13    .db  0x13, 0x14, 0x15, 0x02, 0x16, 0x17, 0x18, 0x19, 0x1a, 0x1b, 0x1c, 0x1d, 0x00, 0x1e, 0x1f, 0xb0
        18 19 1A 1B 1C 1D
        00 1E 1F B0
   0040 02 0F C8 C0 55 17    14    .db  0x02, 0x0f, 0xc8, 0xc0, 0x55, 0x17, 0x2b, 0xc1, 0xc2, 0xc3, 0xc4, 0xc5, 0xc6, 0x02, 0xc7, 0xc8
        2B C1 C2 C3 C4 C5
        C6 02 C7 C8
   0050 C9 CA CB CC CD CE    15    .db  0xc9, 0xca, 0xcb, 0xcc, 0xcd, 0xce, 0x00, 0x00, 0x09, 0xcf, 0xb1, 0x4d, 0xfb, 0xb2, 0xbf, 0x08
        00 00 09 CF B1 4D
        FB B2 BF 08
   0060 05 4D AF C7 45 D0    16    .db  0x05, 0x4d, 0xaf, 0xc7, 0x45, 0xd0, 0xc1, 0x4d, 0x1e, 0xaf, 0x17, 0x41, 0xc1, 0xfb, 0x8f, 0xaf
        C1 4D 1E AF 17 41
        C1 FB 8F AF
   0070 C6 45 90 81 8F BE    17    .db  0xc6, 0x45, 0x90, 0x81, 0x8f, 0xbe, 0xaf, 0x71, 0x11, 0x81, 0xa4, 0x8f, 0x6f, 0xaf, 0x5c, 0x04
        AF 71 11 81 A4 8F
        6F AF 5C 04
   0080 4B 51 8F B9 DB 4F    18    .db  0x4b, 0x51, 0x8f, 0xb9, 0xdb, 0x4f, 0x0d, 0x82, 0x1b, 0x4b, 0x21, 0x8f, 0xb8, 0xab, 0x4f, 0x0d
        0D 82 1B 4B 21 8F
        B8 AB 4F 0D
   0090 82 EB 4B F1 8F B8    19    .db  0x82, 0xeb, 0x4b, 0xf1, 0x8f, 0xb8, 0x7b, 0x4f, 0x25, 0xff, 0xe2, 0xaa, 0x4b, 0xc1, 0xd2, 0xaf
        7B 4F 25 FF E2 AA
        4B C1 D2 AF
   00A0 1B 4F 1B 04 8B 4B    20    .db  0x1b, 0x4f, 0x1b, 0x04, 0x8b, 0x4b, 0x91, 0xd1, 0xaf, 0xeb, 0x4f, 0x1b, 0x04, 0x5b, 0x4b, 0x61
        91 D1 AF EB 4F 1B
        04 5B 4B 61
   00B0 A1 ED BB 4F 1B 04    21    .db  0xa1, 0xed, 0xbb, 0x4f, 0x1b, 0x04, 0x2b, 0x4b, 0x31, 0x51, 0x9f, 0xff, 0x77, 0x0b, 0x9a, 0x4b
        2B 4B 31 51 9F FF
        77 0B 9A 4B
   00C0 18 FF 62 88 4B 01    22    .db  0x18, 0xff, 0x62, 0x88, 0x4b, 0x01, 0x52, 0x9f, 0xff, 0x77, 0x07, 0x9a, 0x00, 0xb8, 0x38, 0xff
        52 9F FF 77 07 9A
        00 B8 38 FF
   00D0 30 44 4B D1 9F A9    23    .db  0x30, 0x44, 0x4b, 0xd1, 0x9f, 0xa9, 0xff, 0x7b, 0x11, 0x1b, 0xa1, 0xa4, 0x9f, 0xff, 0xee, 0x45
        FF 7B 11 1B A1 A4
        9F FF EE 45
   00E0 EB 71 90 9F BA FF    24    .db  0xeb, 0x71, 0x90, 0x9f, 0xba, 0xff, 0x17, 0xbb, 0x41, 0x51, 0x9f, 0xea, 0xff, 0x5e, 0x04, 0x8b
        17 BB 41 51 9F EA
        FF 5E 04 8B
   00F0 21 9F A9 FF 7B 11    25    .db  0x21, 0x9f, 0xa9, 0xff, 0x7b, 0x11, 0x5b, 0xf1, 0xa4, 0x9f, 0xff, 0xee, 0x45, 0x2b, 0xc1, 0x90
ASxxxx Assembler V02.00 + NoICE + SDCC mods  (Zilog Z80 / Hitachi HD64180), page 2.
Hexadecimal [16-Bits]



        5B F1 A4 9F FF EE
        45 2B C1 90
   0100 9F BA FF 17 FB 41    26    .db  0x9f, 0xba, 0xff, 0x17, 0xfb, 0x41, 0x91, 0x9f, 0xea, 0xff, 0x5e, 0x04, 0xcb, 0x61, 0xcd, 0xa1
        91 9F EA FF 5E 04
        CB 61 CD A1
   0110 FF 7B 11 9B 31 84    27    .db  0xff, 0x7b, 0x11, 0x9b, 0x31, 0x84, 0xcd, 0xff, 0xee, 0x45, 0x6b, 0x01, 0x90, 0xed, 0xfb, 0x5a
        CD FF EE 45 6B 01
        90 ED FB 5A
   0120 FF 27 82 3B D1 ED    28    .db  0xff, 0x27, 0x82, 0x3b, 0xd1, 0xed, 0xd4, 0xcb, 0xff, 0x3a, 0x11, 0x0b, 0xa1, 0xa4, 0xed, 0x9b
        D4 CB FF 3A 11 0B
        A1 A4 ED 9B
   0130 D6 FF 89 DB 71 20    29    .db  0xd6, 0xff, 0x89, 0xdb, 0x71, 0x20, 0xed, 0x6b, 0xb5, 0xff, 0x4e, 0x04, 0xab, 0xd1, 0xed, 0xa9
        ED 6B B5 FF 4E 04
        AB D1 ED A9
   0140 3B FF 75 22 7B A1    30    .db  0x3b, 0xff, 0x75, 0x22, 0x7b, 0xa1, 0x48, 0xed, 0x0b, 0xad, 0xff, 0x13, 0xc1, 0xc1, 0xb8, 0xed
        48 ED 0B AD FF 13
        C1 C1 B8 ED
   0150 DB D6 FF 89 20 9F    31    .db  0xdb, 0xd6, 0xff, 0x89, 0x20, 0x9f, 0x5c, 0xed, 0xab, 0xff, 0xeb, 0x44, 0x10, 0x9f, 0xed, 0xae
        5C ED AB FF EB 44
        10 9F ED AE
   0160 7B FF 75 22 B0 C8    32    .db  0x7b, 0xff, 0x75, 0x22, 0xb0, 0xc8, 0xcf, 0x1b, 0x53, 0xff, 0x27, 0x82, 0x51, 0xed, 0xd7, 0xeb
        CF 1B 53 FF 27 82
        51 ED D7 EB
   0170 FF 3A 11 51 7C AF    33    .db  0xff, 0x3a, 0x11, 0x51, 0x7c, 0xaf, 0xaf, 0xc6, 0x44, 0xab, 0x51, 0xd0, 0xaf, 0x8b, 0x4f, 0xb3
        AF C6 44 AB 51 D0
        AF 8B 4F B3
   0180 44 51 F0 AF 5B 4F    34    .db  0x44, 0x51, 0xf0, 0xaf, 0x5b, 0x4f, 0x59, 0x22, 0x51, 0xf8, 0xaf, 0x2b, 0x4f, 0x2c, 0x11, 0x51
        59 22 51 F8 AF 2B
        4F 2C 11 51
   0190 7C AF FB 4F 96 08    35    .db  0x7c, 0xaf, 0xfb, 0x4f, 0x96, 0x08, 0x60, 0xcf, 0xf2, 0xcb, 0x4f, 0x94, 0x08, 0xe1, 0xde, 0xdf
        60 CF F2 CB 4F 94
        08 E1 DE DF
   01A0 9B 4F B2 44 F0 E1    36    .db  0x9b, 0x4f, 0xb2, 0x44, 0xf0, 0xe1, 0xdf, 0x96, 0x6b, 0x4f, 0x25, 0x82, 0xe1, 0xb7, 0xdf, 0x3b
        DF 96 6B 4F 25 82
        E1 B7 DF 3B
   01B0 4F 2C 11 E1 BC DF    37    .db  0x4f, 0x2c, 0x11, 0xe1, 0xbc, 0xdf, 0x0b, 0x65, 0xcf, 0x1e, 0x0a, 0xdf, 0xca, 0xdb, 0xef, 0x7e
        0B 65 CF 1E 0A DF
        CA DB EF 7E
   01C0 11 81 24 DF AB EF    38    .db  0x11, 0x81, 0x24, 0xdf, 0xab, 0xef, 0xfb, 0x45, 0xd0, 0xcf, 0x7b, 0xd3, 0xef, 0x2f, 0x82, 0x21
        FB 45 D0 CF 7B D3
        EF 2F 82 21
   01D0 BF 1B 6C EF BF 08    39    .db  0xbf, 0x1b, 0x6c, 0xef, 0xbf, 0x08, 0xf1, 0xbf, 0xb2, 0xeb, 0xef, 0xfd, 0x22, 0xc1, 0xc8, 0xbf
        F1 BF B2 EB EF FD
        22 C1 C8 BF
   01E0 BB F6 EF 8B 91 20    40    .db  0xbb, 0xf6, 0xef, 0x8b, 0x91, 0x20, 0xbf, 0x8b, 0xdb, 0xef, 0x2f, 0x82, 0x61, 0xbf, 0x6c, 0xff
        BF 8B DB EF 2F 82
        61 BF 6C FF
   01F0 4C 04 FB CF F9 BF    41    .db  0x4c, 0x04, 0xfb, 0xcf, 0xf9, 0xbf, 0x36, 0xff, 0x26, 0x82, 0xcb, 0xcf, 0x7c, 0xbf, 0x1b, 0xff
        36 FF 26 82 CB CF
        7C BF 1B FF
   0200 13 9B 41 1B D1 BF    42    .db  0x13, 0x9b, 0x41, 0x1b, 0xd1, 0xbf, 0xd8, 0xff, 0x98, 0x08, 0x6b, 0xeb, 0xa1, 0xc2, 0xbf, 0xff
        D8 FF 98 08 6B EB
        A1 C2 BF FF
   0210 C6 44 3B BB 71 10    43    .db  0xc6, 0x44, 0x3b, 0xbb, 0x71, 0x10, 0xbf, 0x36, 0xff, 0x26, 0x82, 0x0b, 0x8b, 0xb1, 0xbf, 0xb0
        BF 36 FF 26 82 0B
ASxxxx Assembler V02.00 + NoICE + SDCC mods  (Zilog Z80 / Hitachi HD64180), page 3.
Hexadecimal [16-Bits]



        8B B1 BF B0
   0220 FF 31 11 DB 5B 81    44    .db  0xff, 0x31, 0x11, 0xdb, 0x5b, 0x81, 0x04, 0xff, 0x86, 0x82, 0x4b, 0x2b, 0x51, 0xed, 0xa8, 0xdb
        04 FF 86 82 4B 2B
        51 ED A8 DB
   0230 4F 25 82 FB 21 ED    45    .db  0x4f, 0x25, 0x82, 0xfb, 0x21, 0xed, 0xd4, 0xab, 0x4f, 0x12, 0xcb, 0x41, 0xf1, 0xff, 0x7b, 0x7a
        D4 AB 4F 12 CB 41
        F1 FF 7B 7A
   0240 4F 89 9B C1 20 FF    46    .db  0x4f, 0x89, 0x9b, 0xc1, 0x20, 0xff, 0x3d, 0xff, 0x2e, 0x82, 0x6b, 0x91, 0xff, 0xf4, 0xff, 0xb8
        3D FF 2E 82 6B 91
        FF F4 FF B8
   0250 08 3B 61 D2 FF EB    47    .db  0x08, 0x3b, 0x61, 0xd2, 0xff, 0xeb, 0x4f, 0x4b, 0x04, 0x0b, 0x31, 0xff, 0xe9, 0xbb, 0x4f, 0x25
        4F 4B 04 0B 31 FF
        E9 BB 4F 25
   0260 82 DB 01 FF F4 8B    48    .db  0x82, 0xdb, 0x01, 0xff, 0xf4, 0x8b, 0x4f, 0x12, 0xab, 0x41, 0xd1, 0xff, 0x5b, 0x7a, 0x4f, 0x89
        4F 12 AB 41 D1 FF
        5B 7A 4F 89
   0270 7B A1 20 FF 2B 4F    49    .db  0x7b, 0xa1, 0x20, 0xff, 0x2b, 0x4f, 0xbd, 0x44, 0x70, 0x71, 0xa0, 0x10, 0xa1, 0xfb, 0x4f, 0x24
        BD 44 70 71 A0 10
        A1 FB 4F 24
   0280 82 91 4F F7 CB 4F    50    .db  0x82, 0x91, 0x4f, 0xf7, 0xcb, 0x4f, 0x12, 0xc1, 0x91, 0x4f, 0x9b, 0x7b, 0xaf, 0xb3, 0x08, 0x21
        12 C1 91 4F 9B 7B
        AF B3 08 21
   0290 4F 6B DA FF 24 82    51    .db  0x4f, 0x6b, 0xda, 0xff, 0x24, 0x82, 0x4b, 0xf1, 0x4f, 0x3b, 0x6c, 0xff, 0x12, 0x4b, 0x41, 0xc1
        4B F1 4F 3B 6C FF
        12 4B 41 C1
   02A0 4F 0B 36 FF 89 4B    52    .db  0x4f, 0x0b, 0x36, 0xff, 0x89, 0x4b, 0x91, 0x20, 0x4f, 0xdb, 0xff, 0x9b, 0x44, 0x4b, 0x61, 0x10
        91 20 4F DB FF 9B
        44 4B 61 10
   02B0 DF AB D9 FF 24 82    53    .db  0xdf, 0xab, 0xd9, 0xff, 0x24, 0x82, 0x4b, 0x31, 0xb1, 0xb1, 0x7b, 0x60, 0xff, 0x12, 0x4b, 0x41
        4B 31 B1 B1 7B 60
        FF 12 4B 41
   02C0 01 B1 81 4B 4F 90    54    .db  0x01, 0xb1, 0x81, 0x4b, 0x4f, 0x90, 0x08, 0x4b, 0xd1, 0xb1, 0x51, 0x1b, 0x4f, 0x82, 0x41, 0x4b
        08 4B D1 B1 51 1B
        4F 82 41 4B
   02D0 1B A1 10 B1 21 EB    55    .db  0x1b, 0xa1, 0x10, 0xb1, 0x21, 0xeb, 0x4f, 0x18, 0x04, 0x1b, 0xeb, 0x71, 0xb1, 0xf1, 0xbb, 0x4f
        4F 18 04 1B EB 71
        B1 F1 BB 4F
   02E0 81 41 EB BB B1 10    56    .db  0x81, 0x41, 0xeb, 0xbb, 0xb1, 0x10, 0xb0, 0xb1, 0x8b, 0x4f, 0x18, 0x04, 0xbb, 0x8b, 0x81, 0x80
        B0 B1 8B 4F 18 04
        BB 8B 81 80
   02F0 81 5B 4F 81 41 8B    57    .db  0x81, 0x5b, 0x4f, 0x81, 0x41, 0x8b, 0x5b, 0x51, 0x10, 0x50, 0x51, 0x2b, 0x4f, 0x18, 0x04, 0x5b
        5B 51 10 50 51 2B
        4F 18 04 5B
   0300 2B 21 20 21 FB 4F    58    .db  0x2b, 0x21, 0x20, 0x21, 0xfb, 0x4f, 0x81, 0x41, 0x2b, 0xfb, 0xf1, 0x10, 0xf0, 0xf1, 0xcb, 0x4f
        81 41 2B FB F1 10
        F0 F1 CB 4F
   0310 18 04 FB CB C1 21    59    .db  0x18, 0x04, 0xfb, 0xcb, 0xc1, 0x21, 0xdf, 0x9b, 0x4f, 0x1b, 0x04, 0xcb, 0x9b, 0x91, 0x90, 0x91
        DF 9B 4F 1B 04 CB
        9B 91 90 91
   0320 6B 4F 81 41 9B 6B    60    .db  0x6b, 0x4f, 0x81, 0x41, 0x9b, 0x6b, 0x61, 0x10, 0x60, 0x61, 0x3b, 0x4f, 0x18, 0x04, 0x6b, 0x3b
        61 10 60 61 3B 4F
        18 04 6B 3B
   0330 31 30 31 0B 4F 81    61    .db  0x31, 0x30, 0x31, 0x0b, 0x4f, 0x81, 0x41, 0x3b, 0x0b, 0x01, 0x10, 0x00, 0x01, 0xdb, 0x4f, 0x18
        41 3B 0B 01 10 00
        01 DB 4F 18
ASxxxx Assembler V02.00 + NoICE + SDCC mods  (Zilog Z80 / Hitachi HD64180), page 4.
Hexadecimal [16-Bits]



   0340 04 0B DB D1 D0 D1    62    .db  0x04, 0x0b, 0xdb, 0xd1, 0xd0, 0xd1, 0xab, 0x00, 0x81, 0x40, 0xd7, 0xdb, 0xab, 0x10, 0xa1, 0x4f
        AB 00 81 40 D7 DB
        AB 10 A1 4F
   0350 52 00 43 CF 14 35    63    .db  0x52, 0x00, 0x43, 0xcf, 0x14, 0x35, 0x56, 0xb8, 0x47, 0x8e, 0xab, 0x7b, 0x71, 0x1d, 0x62, 0x40
        56 B8 47 8E AB 7B
        71 1D 62 40
   0360 15 E0 84 C0 C1 10    64    .db  0x15, 0xe0, 0x84, 0xc0, 0xc1, 0x10, 0x12, 0xc2, 0xc3, 0x20, 0xc4, 0xc5, 0xc6, 0xc7, 0xc8, 0xc9
        12 C2 C3 20 C4 C5
        C6 C7 C8 C9
   0370 CA CB 00 CC CD CE    65    .db  0xca, 0xcb, 0x00, 0xcc, 0xcd, 0xce, 0x00, 0x58, 0xcf, 0xb0, 0xc1, 0x7b, 0x4e, 0x4f, 0x3f, 0x88
        00 58 CF B0 C1 7B
        4E 4F 3F 88
   0380 0D D5 21 D1 07 D4    66    .db  0x0d, 0xd5, 0x21, 0xd1, 0x07, 0xd4, 0x0a, 0x35, 0x10, 0x11, 0x12, 0x11, 0x13, 0x14, 0x15, 0x16
        0A 35 10 11 12 11
        13 14 15 16
   0390 17 18 19 1A 00 1B    67    .db  0x17, 0x18, 0x19, 0x1a, 0x00, 0x1b, 0x1c, 0x1d, 0x1e, 0x1f, 0x00, 0x60, 0x15, 0xac, 0xc4, 0x30
        1C 1D 1E 1F 00 60
        15 AC C4 30
   03A0 53 0C 1C 0D 74 41    68    .db  0x53, 0x0c, 0x1c, 0x0d, 0x74, 0x41, 0x42, 0x43, 0x14, 0x44, 0x45, 0x46, 0x47, 0x48, 0x49, 0x4a
        42 43 14 44 45 46
        47 48 49 4A
   03B0 4B 00 4C 4D 4E 4C    69    .db  0x4b, 0x00, 0x4c, 0x4d, 0x4e, 0x4c, 0xc8, 0xdf, 0x4b, 0x05, 0xa7, 0xdf, 0x5d, 0x2a, 0x77, 0xe8
        C8 DF 4B 05 A7 DF
        5D 2A 77 E8
   03C0 DF 52 47 41 DF 97    70    .db  0xdf, 0x52, 0x47, 0x41, 0xdf, 0x97, 0x0a, 0x17, 0xdf, 0xba, 0x54, 0xe7, 0xd0, 0xdf, 0xa5, 0x82
        0A 17 DF BA 54 E7
        D0 DF A5 82
   03D0 B7 DF 2E 15 87 74    71    .db  0xb7, 0xdf, 0x2e, 0x15, 0x87, 0x74, 0xdf, 0xa9, 0x57, 0xa0, 0xdf, 0x4b, 0x05, 0x27, 0xdf, 0x5d
        DF A9 57 A0 DF 4B
        05 27 DF 5D
   03E0 2A F7 E8 DF 52 C7    72    .db  0x2a, 0xf7, 0xe8, 0xdf, 0x52, 0xc7, 0x41, 0xdf, 0x97, 0x0a, 0x97, 0xdf, 0xba, 0x54, 0x67, 0x10
        41 DF 97 0A 97 DF
        BA 54 67 10
   03F0 AF A6 82 A7 AF 30    73    .db  0xaf, 0xa6, 0x82, 0xa7, 0xaf, 0x30, 0x15, 0x77, 0x84, 0xaf, 0xa9, 0x47, 0x20, 0xaf, 0x4c, 0x05
        15 77 84 AF A9 47
        20 AF 4C 05
   0400 17 AF 61 2A E7 08    74    .db  0x17, 0xaf, 0x61, 0x2a, 0xe7, 0x08, 0xaf, 0x53, 0xb7, 0x41, 0xaf, 0x98, 0x0a, 0x87, 0xaf, 0xc2
        AF 53 B7 41 AF 98
        0A 87 AF C2
   0410 54 57 10 AF A6 82    75    .db  0x54, 0x57, 0x10, 0xaf, 0xa6, 0x82, 0x27, 0xaf, 0x30, 0x15, 0xf7, 0x84, 0xaf, 0xa9, 0xc7, 0x20
        27 AF 30 15 F7 84
        AF A9 C7 20
   0420 AF 4C 05 97 AF 61    76    .db  0xaf, 0x4c, 0x05, 0x97, 0xaf, 0x61, 0x2a, 0x67, 0x08, 0xaf, 0x53, 0xd7, 0x41, 0xaf, 0x98, 0x0a
        2A 67 08 AF 53 D7
        41 AF 98 0A
   0430 A7 AF C2 50 90 8F    77    .db  0xa7, 0xaf, 0xc2, 0x50, 0x90, 0x8f, 0x53, 0xd7, 0x41, 0x8f, 0x9c, 0x0a, 0xa7, 0x8f, 0xe2, 0x54
        53 D7 41 8F 9C 0A
        A7 8F E2 54
   0440 77 10 CF A5 82 47    78    .db  0x77, 0x10, 0xcf, 0xa5, 0x82, 0x47, 0xcf, 0x28, 0x15, 0x17, 0x44, 0xcf, 0xa9, 0xe7, 0x20, 0xcf
        CF 28 15 17 44 CF
        A9 E7 20 CF
   0450 4A 05 B7 CF 51 2A    79    .db  0x4a, 0x05, 0xb7, 0xcf, 0x51, 0x2a, 0x87, 0x88, 0xcf, 0x52, 0x57, 0x41, 0xcf, 0x94, 0x0a, 0x27
        87 88 CF 52 57 41
        CF 94 0A 27
   0460 CF A2 54 F7 10 CF    80    .db  0xcf, 0xa2, 0x54, 0xf7, 0x10, 0xcf, 0xa5, 0x82, 0xc7, 0xbf, 0x2c, 0x15, 0x97, 0x64, 0xbf, 0xa3
ASxxxx Assembler V02.00 + NoICE + SDCC mods  (Zilog Z80 / Hitachi HD64180), page 5.
Hexadecimal [16-Bits]



        A5 82 C7 BF 2C 15
        97 64 BF A3
   0470 A0 E2 87 AC EF 4A    81    .db  0xa0, 0xe2, 0x87, 0xac, 0xef, 0x4a, 0x05, 0x57, 0xef, 0x55, 0x2a, 0x27, 0xa8, 0xef, 0x52, 0xf7
        05 57 EF 55 2A 27
        A8 EF 52 F7
   0480 41 EF 95 0A C7 EF    82    .db  0x41, 0xef, 0x95, 0x0a, 0xc7, 0xef, 0xaa, 0x54, 0x97, 0x50, 0xef, 0xa5, 0x82, 0x67, 0xef, 0x2a
        AA 54 97 50 EF A5
        82 67 EF 2A
   0490 15 77 54 EF 8B 80    83    .db  0x15, 0x77, 0x54, 0xef, 0x8b, 0x80, 0x07, 0xef, 0xaa, 0x54, 0xd7, 0x50, 0xef, 0xa5, 0x82, 0xa7
        07 EF AA 54 D7 50
        EF A5 82 A7
   04A0 EF 2A 15 77 54 EF    84    .db  0xef, 0x2a, 0x15, 0x77, 0x54, 0xef, 0xa9, 0x47, 0xa0, 0xef, 0x4a, 0x05, 0x17, 0xef, 0x55, 0x2a
        A9 47 A0 EF 4A 05
        17 EF 55 2A
   04B0 E7 A8 EF 52 B7 41    85    .db  0xe7, 0xa8, 0xef, 0x52, 0xb7, 0x41, 0xff, 0x9d, 0x0a, 0x87, 0x9f, 0xaa, 0x54, 0x57, 0x50, 0x9f
        FF 9D 0A 87 9F AA
        54 57 50 9F
   04C0 A5 82 27 9F 2A 15    86    .db  0xa5, 0x82, 0x27, 0x9f, 0x2a, 0x15, 0xf7, 0x54, 0x9f, 0xa9, 0xc7, 0xa0, 0x9f, 0x4a, 0x05, 0x97
        F7 54 9F A9 C7 A0
        9F 4A 05 97
   04D0 9F 55 2A 07 A8 9F    87    .db  0x9f, 0x55, 0x2a, 0x07, 0xa8, 0x9f, 0x52, 0xd7, 0x41, 0x9f, 0x95, 0x0a, 0xa7, 0x9f, 0xaa, 0x54
        52 D7 41 9F 95 0A
        A7 9F AA 54
   04E0 77 50 9F A5 82 47    88    .db  0x77, 0x50, 0x9f, 0xa5, 0x82, 0x47, 0xdf, 0x2e, 0x15, 0x17, 0x74, 0xdf, 0xa9, 0x07, 0xa0, 0xdf
        DF 2E 15 17 74 DF
        A9 07 A0 DF
   04F0 4B 05 D7 DF 5D 2A    89    .db  0x4b, 0x05, 0xd7, 0xdf, 0x5d, 0x2a, 0xa7, 0xe8, 0xdf, 0x52, 0x77, 0x41, 0xdf, 0x97, 0x0a, 0x47
        A7 E8 DF 52 77 41
        DF 97 0A 47
   0500 DF BA 54 17 D0 DF    90    .db  0xdf, 0xba, 0x54, 0x17, 0xd0, 0xdf, 0xa5, 0x82, 0xe7, 0xdf, 0x2e, 0x15, 0x07, 0x74, 0xdc, 0x00
        A5 82 E7 DF 2E 15
        07 74 DC 00
   0510 99 08 02 D7 00 AE    91    .db  0x99, 0x08, 0x02, 0xd7, 0x00, 0xae, 0x44, 0x02, 0x70, 0xa7, 0x00, 0x25, 0x82, 0x02, 0x77, 0x00
        44 02 70 A7 00 25
        82 02 77 00
   0520 2B 11 02 47 5C 00    92    .db  0x2b, 0x11, 0x02, 0x47, 0x5c, 0x00, 0x89, 0x02, 0xe0, 0x17, 0x00, 0x4a, 0x04, 0x02, 0xe7, 0x00
        89 02 E0 17 00 4A
        04 02 E7 00
   0530 57 22 02 B8 B7 00    93    .db  0x57, 0x22, 0x02, 0xb8, 0xb7, 0x00, 0x12, 0x02, 0xc1, 0x87, 0x00, 0x95, 0x08, 0x02, 0x57, 0x00
        12 02 C1 87 00 95
        08 02 57 00
   0540 AE 44 02 70 27 00    94    .db  0xae, 0x44, 0x02, 0x70, 0x27, 0x00, 0x25, 0x82, 0x02, 0xf7, 0x00, 0x2b, 0x11, 0x02, 0xc7, 0x5c
        25 82 02 F7 00 2B
        11 02 C7 5C
   0550 00 89 02 E0 97 9C    95    .db  0x00, 0x89, 0x02, 0xe0, 0x97, 0x9c, 0x82, 0x45, 0x67, 0x4f, 0xd0, 0x41, 0x25, 0x42, 0x08, 0x0a
        82 45 67 4F D0 41
        25 42 08 0A
   0560 C3 0C C0 10 42 43    96    .db  0xc3, 0x0c, 0xc0, 0x10, 0x42, 0x43, 0x44, 0x45, 0x46, 0x04, 0x47, 0x48, 0x49, 0x4a, 0x4b, 0x4c
        44 45 46 04 47 48
        49 4A 4B 4C
   0570 4D 4E 00 00 81 00    97    .db  0x4d, 0x4e, 0x00, 0x00, 0x81, 0x00, 0x20, 0xdf, 0xde, 0xde, 0x37, 0xe2, 0xce, 0x8d, 0x00, 0x0e
        20 DF DE DE 37 E2
        CE 8D 00 0E
   0580 2A 80 00 00 0D C6    98    .db  0x2a, 0x80, 0x00, 0x00, 0x0d, 0xc6, 0xd1, 0xcb, 0x4b, 0xf4, 0xb0, 0x46, 0x1e, 0xbf, 0xdd, 0x00
        D1 CB 4B F4 B0 46
ASxxxx Assembler V02.00 + NoICE + SDCC mods  (Zilog Z80 / Hitachi HD64180), page 6.
Hexadecimal [16-Bits]



        1E BF DD 00
   0590 02 0D 38 12 13 14    99    .db  0x02, 0x0d, 0x38, 0x12, 0x13, 0x14, 0x15, 0x0a, 0x16, 0x17, 0x18, 0x19, 0x1a, 0x1b, 0x1c, 0x1d
        15 0A 16 17 18 19
        1A 1B 1C 1D
   05A0 00 1E 00 1F 00 D2   100    .db  0x00, 0x1e, 0x00, 0x1f, 0x00, 0xd2, 0xaa, 0x08, 0x8a, 0x00, 0x86, 0x70, 0xc5, 0xf9, 0x5b, 0x41
        AA 08 8A 00 86 70
        C5 F9 5B 41
   05B0 00 5E 57 26 4D 1E   101    .db  0x00, 0x5e, 0x57, 0x26, 0x4d, 0x1e, 0x30, 0x06, 0x34, 0x0a, 0x4d, 0xad, 0xbc, 0xbf, 0xbc, 0x44
        30 06 34 0A 4D AD
        BC BF BC 44
   05C0 04 A3 A4 A5 10 11   102    .db  0x04, 0xa3, 0xa4, 0xa5, 0x10, 0x11, 0x83, 0x09, 0xa6, 0xa7, 0x2b, 0xa8, 0xa9, 0xaa, 0xab, 0xac
        83 09 A6 A7 2B A8
        A9 AA AB AC
   05D0 AD AE AF 00 00 0B   103    .db  0xad, 0xae, 0xaf, 0x00, 0x00, 0x0b, 0xa2, 0xa2, 0xbf, 0x4f, 0x6d, 0x02, 0xbb, 0x4f, 0x5a, 0x04
        A2 A2 BF 4F 6D 02
        BB 4F 5A 04
   05E0 00 A5 41 4F EA AA   104    .db  0x00, 0xa5, 0x41, 0x4f, 0xea, 0xaa, 0xa3, 0xd6, 0x4f, 0x60, 0x0a, 0x00, 0xb8, 0x01, 0x4f, 0x61
        A3 D6 4F 60 0A 00
        B8 01 4F 61
   05F0 0A 29 A6 3A F8 56   105    .db  0x0a, 0x29, 0xa6, 0x3a, 0xf8, 0x56, 0xeb, 0x4f, 0xea, 0xaa, 0x03, 0x00, 0xe9, 0x04, 0xbb, 0x9e
        EB 4F EA AA 03 00
        E9 04 BB 9E
   0600 85 4B 00 7D 02 44   106    .db  0x85, 0x4b, 0x00, 0x7d, 0x02, 0x44, 0x7c, 0x4b, 0x0d, 0x9f, 0x21, 0x44, 0x8c, 0x4e, 0x1d, 0xbf
        7C 4B 0D 9F 21 44
        8C 4E 1D BF
   0610 A9 00 55 04 EF 4F   107    .db  0xa9, 0x00, 0x55, 0x04, 0xef, 0x4f, 0x98, 0xa0, 0x8c, 0x8c, 0x9f, 0xc0, 0x8a, 0xef, 0xb0, 0x4f
        98 A0 8C 8C 9F C0
        8A EF B0 4F
   0620 A9 1D B8 8C 01 4F   108    .db  0xa9, 0x1d, 0xb8, 0x8c, 0x01, 0x4f, 0xd2, 0x05, 0x00, 0x1d, 0x01, 0x13, 0x50, 0x13, 0x9f, 0x46
        D2 05 00 1D 01 13
        50 13 9F 46
   0630 44 01 37 52 4F DD   109    .db  0x44, 0x01, 0x37, 0x52, 0x4f, 0xdd, 0x51, 0x9f, 0x61, 0x07, 0x51, 0xdd, 0x44, 0x74, 0x55, 0x56
        51 9F 61 07 51 DD
        44 74 55 56
   0640 C3 46 30 4F 5C 00   110    .db  0xc3, 0x46, 0x30, 0x4f, 0x5c, 0x00, 0x4f, 0x73, 0x47, 0xd4, 0x05, 0x00, 0xf5, 0x01, 0x4d, 0x45
        4F 73 47 D4 05 00
        F5 01 4D 45
   0650 0A 4D 6D 03 BA 4B   111    .db  0x0a, 0x4d, 0x6d, 0x03, 0xba, 0x4b, 0x01, 0xb9, 0x04, 0x4f, 0x63, 0xa8, 0x00, 0xc9, 0x00, 0x2b
        01 B9 04 4F 63 A8
        00 C9 00 2B
   0660 00 03 BB 00 45 0C   112    .db  0x00, 0x03, 0xbb, 0x00, 0x45, 0x0c, 0x45, 0x03, 0x5b, 0x06, 0xba, 0x00, 0x00, 0x89, 0x00, 0x06
        45 03 5B 06 BA 00
        00 89 00 06
   0670 96 00 0D BB 9F C1   113    .db  0x96, 0x00, 0x0d, 0xbb, 0x9f, 0xc1, 0x22, 0x00, 0xba, 0x0c, 0x86, 0x0f, 0xa6, 0x2f, 0x21, 0x22
        22 00 BA 0C 86 0F
        A6 2F 21 22
   0680 23 24 25 02 26 27   114    .db  0x23, 0x24, 0x25, 0x02, 0x26, 0x27, 0x28, 0x29, 0x2a, 0x2b, 0x2c, 0x2d, 0x00, 0x2e, 0x2f, 0x00
        28 29 2A 2B 2C 2D
        00 2E 2F 00
   0690 A4 00 02 4F 3E AD   115    .db  0xa4, 0x00, 0x02, 0x4f, 0x3e, 0xad, 0x00, 0x39, 0x08, 0x11, 0x6e, 0xbf, 0x8c, 0x4f, 0xae, 0xba
        00 39 08 11 6E BF
        8C 4F AE BA
   06A0 4F AA 55 BA 4F 50   116    .db  0x4f, 0xaa, 0x55, 0xba, 0x4f, 0x50, 0x0e, 0xe8, 0x2a, 0x9f, 0x24, 0xf8, 0x0e, 0xaa, 0x05, 0xba
        0E E8 2A 9F 24 F8
        0E AA 05 BA
ASxxxx Assembler V02.00 + NoICE + SDCC mods  (Zilog Z80 / Hitachi HD64180), page 7.
Hexadecimal [16-Bits]



   06B0 45 4F ED 88 00 86   117    .db  0x45, 0x4f, 0xed, 0x88, 0x00, 0x86, 0xef, 0xb0, 0x08, 0xea, 0x4f, 0x9b, 0x8a, 0x4d, 0x0b, 0x9b
        EF B0 08 EA 4F 9B
        8A 4D 0B 9B
   06C0 4F 1B 08 03 00 EE   118    .db  0x4f, 0x1b, 0x08, 0x03, 0x00, 0xee, 0x4f, 0xab, 0x04, 0x4f, 0x9b, 0xa2, 0x49, 0x1b, 0x63, 0x4f
        4F AB 04 4F 9B A2
        49 1B 63 4F
   06D0 E0 5A 8E 4F 51 EB   119    .db  0xe0, 0x5a, 0x8e, 0x4f, 0x51, 0xeb, 0x28, 0x00, 0x8e, 0xe7, 0x0e, 0x00, 0x36, 0xf8, 0x0e, 0xb4
        28 00 8E E7 0E 00
        36 F8 0E B4
   06E0 04 01 9B 07 00 E3   120    .db  0x04, 0x01, 0x9b, 0x07, 0x00, 0xe3, 0xba, 0x00, 0x06, 0x05, 0x9f, 0xac, 0x00, 0x75, 0x55, 0xbf
        BA 00 06 05 9F AC
        00 75 55 BF
   06F0 63 55 AE 03 11 9F   121    .db  0x63, 0x55, 0xae, 0x03, 0x11, 0x9f, 0x52, 0xf5, 0xcc, 0x42, 0x4f, 0x74, 0x11, 0x00, 0x43, 0xdf
        52 F5 CC 42 4F 74
        11 00 43 DF
   0700 95 4F 75 15 C4 F5   122    .db  0x95, 0x4f, 0x75, 0x15, 0xc4, 0xf5, 0xc8, 0x16, 0xbf, 0x8d, 0x51, 0x11, 0x47, 0xcc, 0xbc, 0x55
        C8 16 BF 8D 51 11
        47 CC BC 55
   0710 9F 61 1D D5 3F 75   123    .db  0x9f, 0x61, 0x1d, 0xd5, 0x3f, 0x75, 0x5f, 0x5d, 0x5e, 0xd3, 0xbf, 0x08, 0x4f, 0x75, 0xfa, 0x2b
        5F 5D 5E D3 BF 08
        4F 75 FA 2B
   0720 12 35 4F 70 02 D5   124    .db  0x12, 0x35, 0x4f, 0x70, 0x02, 0xd5, 0x4f, 0x43, 0x00, 0x4f, 0xdc, 0x50, 0xbd, 0x48, 0x4f, 0x57
        4F 43 00 4F DC 50
        BD 48 4F 57
   0730 01 4F DD 04 49 47   125    .db  0x01, 0x4f, 0xdd, 0x04, 0x49, 0x47, 0xda, 0x0a, 0x80, 0x95, 0xf4, 0x86, 0x42, 0x36, 0x31, 0xc7
        DA 0A 80 95 F4 86
        42 36 31 C7
   0740 D5 9A 4F D6 01 00   126    .db  0xd5, 0x9a, 0x4f, 0xd6, 0x01, 0x00, 0x89, 0x47, 0x08, 0x7b, 0xe0, 0xa1, 0x11, 0x89, 0xdb, 0xb3
        89 47 08 7B E0 A1
        11 89 DB B3
   0750 99 C6 06 8E B7 37   127    .db  0x99, 0xc6, 0x06, 0x8e, 0xb7, 0x37, 0x00, 0x98, 0xaa, 0x0a, 0xba, 0x4f, 0x8e, 0x9d, 0xb2, 0xe0
        00 98 AA 0A BA 4F
        8E 9D B2 E0
   0760 FF AC 2A DE AD 00   128    .db  0xff, 0xac, 0x2a, 0xde, 0xad, 0x00, 0xea, 0x4f, 0x2e, 0x1a, 0xbf, 0xab, 0x4b, 0x9a, 0x0a, 0x9f
        EA 4F 2E 1A BF AB
        4B 9A 0A 9F
   0770 A1 38 BA 51 9A A0   129    .db  0xa1, 0x38, 0xba, 0x51, 0x9a, 0xa0, 0x04, 0x0e, 0x6b, 0x36, 0xea, 0x4d, 0x9a, 0xa0, 0x9f, 0x90
        04 0E 6B 36 EA 4D
        9A A0 9F 90
   0780 55 9A 4F 8E 0E E8   130    .db  0x55, 0x9a, 0x4f, 0x8e, 0x0e, 0xe8, 0x0a, 0x9f, 0xab, 0x4f, 0x60, 0x03, 0xe8, 0x4f, 0x26, 0x0c
        0A 9F AB 4F 60 03
        E8 4F 26 0C
   0790 6A 10 BA 52 AE 03   131    .db  0x6a, 0x10, 0xba, 0x52, 0xae, 0x03, 0x51, 0xbb, 0xa0, 0x87, 0x09, 0x06, 0x00, 0x05, 0xc3, 0x00
        51 BB A0 87 09 06
        00 05 C3 00
   07A0 05 D4 00 87 00 6E   132    .db  0x05, 0xd4, 0x00, 0x87, 0x00, 0x6e, 0x05, 0x44, 0xff, 0x37, 0x00, 0x40, 0x1d, 0x57, 0x57, 0x1f
        05 44 FF 37 00 40
        1D 57 57 1F
   07B0 E3 EF AE 1F AE 13   133    .db  0xe3, 0xef, 0xae, 0x1f, 0xae, 0x13, 0xe0, 0x00, 0x3a, 0x1f, 0x3a, 0x07, 0xae, 0x13, 0xbb, 0xff
        E0 00 3A 1F 3A 07
        AE 13 BB FF
   07C0 AB 82 A0 EF BB 00   134    .db  0xab, 0x82, 0xa0, 0xef, 0xbb, 0x00, 0x3a, 0xaa, 0x07, 0x81, 0xe7, 0xee, 0xff, 0x6e, 0x08, 0x80
        3A AA 07 81 E7 EE
        FF 6E 08 80
   07D0 00 A6 AA 00 00 52   135    .db  0x00, 0xa6, 0xaa, 0x00, 0x00, 0x52, 0xcc, 0x55, 0x00, 0xa9, 0xfc, 0x00, 0xaa, 0x54, 0x0f, 0x55
ASxxxx Assembler V02.00 + NoICE + SDCC mods  (Zilog Z80 / Hitachi HD64180), page 8.
Hexadecimal [16-Bits]



        CC 55 00 A9 FC 00
        AA 54 0F 55
   07E0 FF AF AA 00 A9 2F   136    .db  0xff, 0xaf, 0xaa, 0x00, 0xa9, 0x2f, 0xea, 0x07, 0x57, 0x00, 0xab, 0x0f, 0x1f, 0x77, 0x57, 0x03
        EA 07 57 00 AB 0F
        1F 77 57 03
   07F0 1F 94 51 00 57 1F   137    .db  0x1f, 0x94, 0x51, 0x00, 0x57, 0x1f, 0x47, 0x00, 0x07, 0x1f, 0x05, 0xab, 0x0f, 0xdc, 0x80, 0xab
        47 00 07 1F 05 AB
        0F DC 80 AB
   0800 FF FF 00 08 00 D0   138    .db  0xff, 0xff, 0x00, 0x08, 0x00, 0xd0, 0xff, 0x4d, 0x55, 0x41, 0x00, 0x31, 0x55, 0x3f, 0x55, 0xff
        FF 4D 55 41 00 31
        55 3F 55 FF
   0810 AE AA 00 18 00 B8   139    .db  0xae, 0xaa, 0x00, 0x18, 0x00, 0xb8, 0xff, 0xa9, 0xaa, 0x28, 0x00, 0xa6, 0xaa, 0x0f, 0xff, 0x76
        FF A9 AA 28 00 A6
        AA 0F FF 76
   0820 55 05 00 D0 55 75   140    .db  0x55, 0x05, 0x00, 0xd0, 0x55, 0x75, 0xff, 0x57, 0x55, 0x00, 0x34, 0x55, 0xfc, 0xb5, 0xff, 0xab
        FF 57 55 00 34 55
        FC B5 FF AB
   0830 2A 22 00 A6 AA FF   141    .db  0x2a, 0x22, 0x00, 0xa6, 0xaa, 0xff, 0xff, 0x60, 0x55, 0x00, 0x4d, 0x55, 0xc3, 0xff, 0xed, 0xaa
        FF 60 55 00 4D 55
        C3 FF ED AA
   0840 0A A0 00 A9 33 AA   142    .db  0x0a, 0xa0, 0x00, 0xa9, 0x33, 0xaa, 0xff, 0x5d, 0x55, 0x00, 0xd1, 0x55, 0x75, 0xff, 0x57, 0x55
        FF 5D 55 00 D1 55
        75 FF 57 55
   0850 04 00 4D 55 3F FF   143    .db  0x04, 0x00, 0x4d, 0x55, 0x3f, 0xff, 0xed, 0x00, 0x80, 0x20, 0x00, 0x98, 0xaa, 0xba, 0xff, 0xa9
        ED 00 80 20 00 98
        AA BA FF A9
   0860 AA 00 AB EA FF 06   144    .db  0xaa, 0x00, 0xab, 0xea, 0xff, 0x06, 0x00, 0xa0, 0x1d, 0x46, 0x1f, 0xab, 0x71, 0xef, 0x57, 0x1f
        00 A0 1D 46 1F AB
        71 EF 57 1F
   0870 13 CC 91 AF 2E 1F   145    .db  0x13, 0xcc, 0x91, 0xaf, 0x2e, 0x1f, 0xb8, 0x14, 0xae, 0xff, 0xbb, 0x2a, 0x08, 0xba, 0xef, 0xab
        B8 14 AE FF BB 2A
        08 BA EF AB
   0880 00 A1 07 9A E8 E7   146    .db  0x00, 0xa1, 0x07, 0x9a, 0xe8, 0xe7, 0xae, 0x00, 0xa9, 0x2a, 0x03, 0x00, 0xa0, 0x54, 0xc0, 0x55
        AE 00 A9 2A 03 00
        A0 54 C0 55
   0890 FF AC AA 00 A9 CC   147    .db  0xff, 0xac, 0xaa, 0x00, 0xa9, 0xcc, 0x2a, 0x8f, 0x5e, 0x71, 0xf7, 0x1f, 0xd7, 0x55, 0xef, 0x77
        2A 8F 5E 71 F7 1F
        D7 55 EF 77
   08A0 00 D1 8F E5 15 F7   148    .db  0x00, 0xd1, 0x8f, 0xe5, 0x15, 0xf7, 0x77, 0x00, 0x4d, 0x55, 0x03, 0x41, 0xff, 0x1b, 0x00, 0x88
        77 00 4D 55 03 41
        FF 1B 00 88
   08B0 1D 42 1F AB 71 EF   149    .db  0x1d, 0x42, 0x1f, 0xab, 0x71, 0xef, 0x57, 0x1f, 0x57, 0x00, 0x07, 0xdd, 0x1e, 0x75, 0xcf, 0x77
        57 1F 57 00 07 DD
        1E 75 CF 77
   08C0 02 0F F5 07 1D 93   150    .db  0x02, 0x0f, 0xf5, 0x07, 0x1d, 0x93, 0x61, 0xff, 0x37, 0x40, 0x1d, 0x70, 0x46, 0x1f, 0x35, 0xef
        61 FF 37 40 1D 70
        46 1F 35 EF
   08D0 EE 1F EA 0A 13 AE   151    .db  0xee, 0x1f, 0xea, 0x0a, 0x13, 0xae, 0x00, 0xa1, 0x1f, 0x89, 0x14, 0xeb, 0xff, 0xae, 0x0a, 0x2a
        00 A1 1F 89 14 EB
        FF AE 0A 2A
   08E0 EF EE 00 EA A8 07   152    .db  0xef, 0xee, 0x00, 0xea, 0xa8, 0x07, 0x06, 0xba, 0xe7, 0xbb, 0xff, 0x21, 0x82, 0xef, 0xbb, 0x00
        06 BA E7 BB FF 21
        82 EF BB 00
   08F0 1A AA 07 89 04 E6   153    .db  0x1a, 0xaa, 0x07, 0x89, 0x04, 0xe6, 0xff, 0x86, 0x00, 0xa2, 0xff, 0xae, 0xaa, 0x07, 0x60, 0x42
        FF 86 00 A2 FF AE
ASxxxx Assembler V02.00 + NoICE + SDCC mods  (Zilog Z80 / Hitachi HD64180), page 9.
Hexadecimal [16-Bits]



        AA 07 60 42
   0900 00 A0 0F 1F 77 42   154    .db  0x00, 0xa0, 0x0f, 0x1f, 0x77, 0x42, 0x03, 0x1f, 0x94, 0x45, 0xaf, 0x7d, 0x00, 0xd5, 0x07, 0x07
        03 1F 94 45 AF 7D
        00 D5 07 07
   0910 05 81 0F 97 8F 9E   155    .db  0x05, 0x81, 0x0f, 0x97, 0x8f, 0x9e, 0x81, 0xaa, 0x81, 0xff, 0xc7, 0x55, 0x07, 0x35, 0x46, 0x15
        81 AA 81 FF C7 55
        07 35 46 15
   0920 D0 46 60 4A 46 03   156    .db  0xd0, 0x46, 0x60, 0x4a, 0x46, 0x03, 0x1f, 0x25, 0x00, 0xd4, 0x1f, 0xd5, 0xcc, 0x54, 0x07, 0x89
        1F 25 00 D4 1F D5
        CC 54 07 89
   0930 04 0F 39 00 E0 CC   157    .db  0x04, 0x0f, 0x39, 0x00, 0xe0, 0xcc, 0x03, 0xff, 0x6c, 0xaa, 0xaa, 0x88, 0xff, 0xb6, 0xaa, 0x00
        03 FF 6C AA AA 88
        FF B6 AA 00
   0940 62 AA 00 AA FF 58   158    .db  0x62, 0xaa, 0x00, 0xaa, 0xff, 0x58, 0x55, 0x00, 0x53, 0x00, 0x55, 0x00, 0xa9, 0xc0, 0x00, 0xaa
        55 00 53 00 55 00
        A9 C0 00 AA
   0950 54 55 03 00 A5 AA   159    .db  0x54, 0x55, 0x03, 0x00, 0xa5, 0xaa, 0xff
        FF
